août 11, 2015 2:42:38 AM hudson.model.AsyncPeriodicWork$1 run
INFO: Started Fingerprint cleanup
août 11, 2015 2:42:38 AM hudson.model.AsyncPeriodicWork$1 run
INFO: Finished Fingerprint cleanup. 1 ms
août 11, 2015 6:03:54 AM hudson.model.AsyncPeriodicWork$1 run
INFO: Started Download metadata
août 11, 2015 6:03:54 AM hudson.model.AsyncPeriodicWork$1 run
INFO: Finished Download metadata. 2 ms
août 11, 2015 10:22:44 AM org.apache.catalina.loader.WebappClassLoader clearReferencesJdbc
SEVERE: The web application [/CrudApp] registered the JDBC driver [com.microsoft.sqlserver.jdbc.SQLServerDriver] but failed to unregister it when the web application was stopped. To prevent a memory leak, the JDBC Driver has been forcibly unregistered.
août 11, 2015 10:22:44 AM org.apache.catalina.loader.WebappClassLoader clearReferencesThreads
SEVERE: The web application [/CrudApp] appears to have started a thread named [Thread-49] but has failed to stop it. This is very likely to create a memory leak.
août 11, 2015 10:22:44 AM org.apache.catalina.loader.WebappClassLoader clearReferencesThreads
SEVERE: The web application [/CrudApp] appears to have started a thread named [Thread-51] but has failed to stop it. This is very likely to create a memory leak.
août 11, 2015 10:22:44 AM org.apache.catalina.loader.WebappClassLoader checkThreadLocalMapForLeaks
SEVERE: The web application [/CrudApp] created a ThreadLocal with key of type [com.microsoft.sqlserver.jdbc.ActivityCorrelator$1] (value [com.microsoft.sqlserver.jdbc.ActivityCorrelator$1@780ab614]) and a value of type [com.microsoft.sqlserver.jdbc.ActivityId] (value [3faa95fb-87b5-410e-a5b0-f1b8e89bfc67-1]) but failed to remove it when the web application was stopped. Threads are going to be renewed over time to try and avoid a probable memory leak.
août 11, 2015 10:22:45 AM org.apache.catalina.startup.HostConfig undeploy
INFO: Undeploying context [/CrudApp]
août 11, 2015 1:43:50 PM org.apache.catalina.startup.HostConfig deployDescriptor
INFO: Deploying configuration descriptor C:\apache-tomcat-7.0.62\conf\Catalina\localhost\CrudApp.xml
août 11, 2015 1:43:50 PM org.apache.catalina.startup.TldConfig execute
INFO: At least one JAR was scanned for TLDs yet contained no TLDs. Enable debug logging for this logger for a complete list of JARs that were scanned but no TLDs were found in them. Skipping unneeded JARs during scanning can improve startup time and JSP compilation time.
août 11, 2015 1:43:50 PM org.apache.catalina.startup.HostConfig deployDescriptor
INFO: Deployment of configuration descriptor C:\apache-tomcat-7.0.62\conf\Catalina\localhost\CrudApp.xml has finished in 410 ms
août 11, 2015 1:43:50 PM org.apache.catalina.util.LifecycleBase start
INFO: The start() method was called on component [StandardEngine[Catalina].StandardHost[localhost].StandardContext[/CrudApp]] after start() had already been called. The second call will be ignored.
août 11, 2015 1:51:55 PM dao.JobDao save_latest_builds
SEVERE: null
java.io.FileNotFoundException: https://jenkins.vistaprint.net/view/+Default/view/Fulfill Demand/view/FDQE/job//VP.ShippingSystem.IntegrationTestsOnTst/api/xml
	at sun.net.www.protocol.http.HttpURLConnection.getInputStream(HttpURLConnection.java:1625)
	at sun.net.www.protocol.https.HttpsURLConnectionImpl.getInputStream(HttpsURLConnectionImpl.java:254)
	at java.net.URL.openStream(URL.java:1037)
	at dao.JobDao.save_latest_builds(JobDao.java:53)
	at controller.JobController.doGet(JobController.java:50)
	at javax.servlet.http.HttpServlet.service(HttpServlet.java:624)
	at javax.servlet.http.HttpServlet.service(HttpServlet.java:731)
	at org.apache.catalina.core.ApplicationFilterChain.internalDoFilter(ApplicationFilterChain.java:303)
	at org.apache.catalina.core.ApplicationFilterChain.doFilter(ApplicationFilterChain.java:208)
	at org.apache.tomcat.websocket.server.WsFilter.doFilter(WsFilter.java:52)
	at org.apache.catalina.core.ApplicationFilterChain.internalDoFilter(ApplicationFilterChain.java:241)
	at org.apache.catalina.core.ApplicationFilterChain.doFilter(ApplicationFilterChain.java:208)
	at org.apache.catalina.core.StandardWrapperValve.invoke(StandardWrapperValve.java:220)
	at org.apache.catalina.core.StandardContextValve.invoke(StandardContextValve.java:122)
	at org.apache.catalina.authenticator.AuthenticatorBase.invoke(AuthenticatorBase.java:505)
	at org.apache.catalina.core.StandardHostValve.invoke(StandardHostValve.java:170)
	at org.apache.catalina.valves.ErrorReportValve.invoke(ErrorReportValve.java:103)
	at org.apache.catalina.valves.AccessLogValve.invoke(AccessLogValve.java:957)
	at org.apache.catalina.core.StandardEngineValve.invoke(StandardEngineValve.java:116)
	at org.apache.catalina.connector.CoyoteAdapter.service(CoyoteAdapter.java:423)
	at org.apache.coyote.http11.AbstractHttp11Processor.process(AbstractHttp11Processor.java:1079)
	at org.apache.coyote.AbstractProtocol$AbstractConnectionHandler.process(AbstractProtocol.java:620)
	at org.apache.tomcat.util.net.JIoEndpoint$SocketProcessor.run(JIoEndpoint.java:318)
	at java.util.concurrent.ThreadPoolExecutor.runWorker(ThreadPoolExecutor.java:1145)
	at java.util.concurrent.ThreadPoolExecutor$Worker.run(ThreadPoolExecutor.java:615)
	at org.apache.tomcat.util.threads.TaskThread$WrappingRunnable.run(TaskThread.java:61)
	at java.lang.Thread.run(Thread.java:745)

août 11, 2015 2:32:30 PM dao.JobDao save_latest_builds
SEVERE: null
java.io.FileNotFoundException: https://jenkins.vistaprint.net/view/+Default/view/Fulfill Demand/view/FDQE/job//VP.ShippingSystem.IntegrationTestsOnTst/api/xml
	at sun.net.www.protocol.http.HttpURLConnection.getInputStream(HttpURLConnection.java:1625)
	at sun.net.www.protocol.https.HttpsURLConnectionImpl.getInputStream(HttpsURLConnectionImpl.java:254)
	at java.net.URL.openStream(URL.java:1037)
	at dao.JobDao.save_latest_builds(JobDao.java:53)
	at controller.JobController.doGet(JobController.java:50)
	at javax.servlet.http.HttpServlet.service(HttpServlet.java:624)
	at javax.servlet.http.HttpServlet.service(HttpServlet.java:731)
	at org.apache.catalina.core.ApplicationFilterChain.internalDoFilter(ApplicationFilterChain.java:303)
	at org.apache.catalina.core.ApplicationFilterChain.doFilter(ApplicationFilterChain.java:208)
	at org.apache.tomcat.websocket.server.WsFilter.doFilter(WsFilter.java:52)
	at org.apache.catalina.core.ApplicationFilterChain.internalDoFilter(ApplicationFilterChain.java:241)
	at org.apache.catalina.core.ApplicationFilterChain.doFilter(ApplicationFilterChain.java:208)
	at org.apache.catalina.core.StandardWrapperValve.invoke(StandardWrapperValve.java:220)
	at org.apache.catalina.core.StandardContextValve.invoke(StandardContextValve.java:122)
	at org.apache.catalina.authenticator.AuthenticatorBase.invoke(AuthenticatorBase.java:505)
	at org.apache.catalina.core.StandardHostValve.invoke(StandardHostValve.java:170)
	at org.apache.catalina.valves.ErrorReportValve.invoke(ErrorReportValve.java:103)
	at org.apache.catalina.valves.AccessLogValve.invoke(AccessLogValve.java:957)
	at org.apache.catalina.core.StandardEngineValve.invoke(StandardEngineValve.java:116)
	at org.apache.catalina.connector.CoyoteAdapter.service(CoyoteAdapter.java:423)
	at org.apache.coyote.http11.AbstractHttp11Processor.process(AbstractHttp11Processor.java:1079)
	at org.apache.coyote.AbstractProtocol$AbstractConnectionHandler.process(AbstractProtocol.java:620)
	at org.apache.tomcat.util.net.JIoEndpoint$SocketProcessor.run(JIoEndpoint.java:318)
	at java.util.concurrent.ThreadPoolExecutor.runWorker(ThreadPoolExecutor.java:1145)
	at java.util.concurrent.ThreadPoolExecutor$Worker.run(ThreadPoolExecutor.java:615)
	at org.apache.tomcat.util.threads.TaskThread$WrappingRunnable.run(TaskThread.java:61)
	at java.lang.Thread.run(Thread.java:745)

août 11, 2015 2:50:31 PM org.apache.catalina.core.StandardContext reload
INFO: Reloading Context with name [/CrudApp] has started
août 11, 2015 2:50:31 PM org.apache.catalina.loader.WebappClassLoader clearReferencesJdbc
SEVERE: The web application [/CrudApp] registered the JDBC driver [com.microsoft.sqlserver.jdbc.SQLServerDriver] but failed to unregister it when the web application was stopped. To prevent a memory leak, the JDBC Driver has been forcibly unregistered.
août 11, 2015 2:50:31 PM org.apache.catalina.loader.WebappClassLoader checkThreadLocalMapForLeaks
SEVERE: The web application [/CrudApp] created a ThreadLocal with key of type [com.microsoft.sqlserver.jdbc.ActivityCorrelator$1] (value [com.microsoft.sqlserver.jdbc.ActivityCorrelator$1@4f694133]) and a value of type [com.microsoft.sqlserver.jdbc.ActivityId] (value [dfa4d490-d333-41af-b4f4-16e4496798de-1]) but failed to remove it when the web application was stopped. Threads are going to be renewed over time to try and avoid a probable memory leak.
août 11, 2015 2:50:31 PM org.apache.catalina.startup.TldConfig execute
INFO: At least one JAR was scanned for TLDs yet contained no TLDs. Enable debug logging for this logger for a complete list of JARs that were scanned but no TLDs were found in them. Skipping unneeded JARs during scanning can improve startup time and JSP compilation time.
août 11, 2015 2:50:31 PM org.apache.catalina.core.StandardContext reload
INFO: Reloading Context with name [/CrudApp] is completed
août 11, 2015 2:55:57 PM org.apache.catalina.core.StandardContext reload
INFO: Reloading Context with name [/CrudApp] has started
août 11, 2015 2:55:57 PM org.apache.catalina.loader.WebappClassLoader clearReferencesJdbc
SEVERE: The web application [/CrudApp] registered the JDBC driver [com.microsoft.sqlserver.jdbc.SQLServerDriver] but failed to unregister it when the web application was stopped. To prevent a memory leak, the JDBC Driver has been forcibly unregistered.
août 11, 2015 2:55:58 PM org.apache.catalina.startup.TldConfig execute
INFO: At least one JAR was scanned for TLDs yet contained no TLDs. Enable debug logging for this logger for a complete list of JARs that were scanned but no TLDs were found in them. Skipping unneeded JARs during scanning can improve startup time and JSP compilation time.
août 11, 2015 2:55:58 PM org.apache.catalina.core.StandardContext reload
INFO: Reloading Context with name [/CrudApp] is completed
août 11, 2015 3:00:20 PM org.apache.catalina.core.StandardContext reload
INFO: Reloading Context with name [/CrudApp] has started
août 11, 2015 3:00:20 PM org.apache.catalina.startup.TldConfig execute
INFO: At least one JAR was scanned for TLDs yet contained no TLDs. Enable debug logging for this logger for a complete list of JARs that were scanned but no TLDs were found in them. Skipping unneeded JARs during scanning can improve startup time and JSP compilation time.
août 11, 2015 3:00:20 PM org.apache.catalina.core.StandardContext reload
INFO: Reloading Context with name [/CrudApp] is completed
août 11, 2015 3:00:34 PM org.apache.catalina.core.StandardContext reload
INFO: Reloading Context with name [/CrudApp] has started
août 11, 2015 3:00:34 PM org.apache.catalina.startup.TldConfig execute
INFO: At least one JAR was scanned for TLDs yet contained no TLDs. Enable debug logging for this logger for a complete list of JARs that were scanned but no TLDs were found in them. Skipping unneeded JARs during scanning can improve startup time and JSP compilation time.
août 11, 2015 3:00:34 PM org.apache.catalina.core.StandardContext reload
INFO: Reloading Context with name [/CrudApp] is completed
août 11, 2015 3:00:37 PM org.apache.catalina.core.StandardContext reload
INFO: Reloading Context with name [/CrudApp] has started
août 11, 2015 3:00:37 PM org.apache.catalina.startup.TldConfig execute
INFO: At least one JAR was scanned for TLDs yet contained no TLDs. Enable debug logging for this logger for a complete list of JARs that were scanned but no TLDs were found in them. Skipping unneeded JARs during scanning can improve startup time and JSP compilation time.
août 11, 2015 3:00:37 PM org.apache.catalina.core.StandardContext reload
INFO: Reloading Context with name [/CrudApp] is completed
août 11, 2015 3:01:08 PM org.apache.catalina.core.StandardContext reload
INFO: Reloading Context with name [/CrudApp] has started
août 11, 2015 3:01:08 PM org.apache.catalina.startup.TldConfig execute
INFO: At least one JAR was scanned for TLDs yet contained no TLDs. Enable debug logging for this logger for a complete list of JARs that were scanned but no TLDs were found in them. Skipping unneeded JARs during scanning can improve startup time and JSP compilation time.
août 11, 2015 3:01:08 PM org.apache.catalina.core.StandardContext reload
INFO: Reloading Context with name [/CrudApp] is completed
août 11, 2015 3:04:06 PM org.apache.catalina.core.StandardContext reload
INFO: Reloading Context with name [/CrudApp] has started
août 11, 2015 3:04:06 PM org.apache.catalina.loader.WebappClassLoader clearReferencesJdbc
SEVERE: The web application [/CrudApp] registered the JDBC driver [com.microsoft.sqlserver.jdbc.SQLServerDriver] but failed to unregister it when the web application was stopped. To prevent a memory leak, the JDBC Driver has been forcibly unregistered.
août 11, 2015 3:04:06 PM org.apache.catalina.loader.WebappClassLoader checkThreadLocalMapForLeaks
SEVERE: The web application [/CrudApp] created a ThreadLocal with key of type [com.microsoft.sqlserver.jdbc.ActivityCorrelator$1] (value [com.microsoft.sqlserver.jdbc.ActivityCorrelator$1@2e7b4cad]) and a value of type [com.microsoft.sqlserver.jdbc.ActivityId] (value [c7c8a8e6-7314-4912-9163-6fc48900d5df-1]) but failed to remove it when the web application was stopped. Threads are going to be renewed over time to try and avoid a probable memory leak.
août 11, 2015 3:04:07 PM org.apache.catalina.startup.TldConfig execute
INFO: At least one JAR was scanned for TLDs yet contained no TLDs. Enable debug logging for this logger for a complete list of JARs that were scanned but no TLDs were found in them. Skipping unneeded JARs during scanning can improve startup time and JSP compilation time.
août 11, 2015 3:04:07 PM org.apache.catalina.core.StandardContext reload
INFO: Reloading Context with name [/CrudApp] is completed
août 11, 2015 3:04:29 PM org.apache.catalina.core.StandardContext reload
INFO: Reloading Context with name [/CrudApp] has started
août 11, 2015 3:04:30 PM org.apache.catalina.startup.TldConfig execute
INFO: At least one JAR was scanned for TLDs yet contained no TLDs. Enable debug logging for this logger for a complete list of JARs that were scanned but no TLDs were found in them. Skipping unneeded JARs during scanning can improve startup time and JSP compilation time.
août 11, 2015 3:04:30 PM org.apache.catalina.core.StandardContext reload
INFO: Reloading Context with name [/CrudApp] is completed
août 11, 2015 3:04:50 PM org.apache.catalina.core.StandardContext reload
INFO: Reloading Context with name [/CrudApp] has started
août 11, 2015 3:04:51 PM org.apache.catalina.startup.TldConfig execute
INFO: At least one JAR was scanned for TLDs yet contained no TLDs. Enable debug logging for this logger for a complete list of JARs that were scanned but no TLDs were found in them. Skipping unneeded JARs during scanning can improve startup time and JSP compilation time.
août 11, 2015 3:04:51 PM org.apache.catalina.core.StandardContext reload
INFO: Reloading Context with name [/CrudApp] is completed
août 11, 2015 3:05:29 PM org.apache.catalina.core.StandardContext reload
INFO: Reloading Context with name [/CrudApp] has started
août 11, 2015 3:05:29 PM org.apache.catalina.startup.TldConfig execute
INFO: At least one JAR was scanned for TLDs yet contained no TLDs. Enable debug logging for this logger for a complete list of JARs that were scanned but no TLDs were found in them. Skipping unneeded JARs during scanning can improve startup time and JSP compilation time.
août 11, 2015 3:05:29 PM org.apache.catalina.core.StandardContext reload
INFO: Reloading Context with name [/CrudApp] is completed
août 11, 2015 3:08:19 PM org.apache.catalina.core.StandardContext reload
INFO: Reloading Context with name [/CrudApp] has started
août 11, 2015 3:08:20 PM org.apache.catalina.startup.TldConfig execute
INFO: At least one JAR was scanned for TLDs yet contained no TLDs. Enable debug logging for this logger for a complete list of JARs that were scanned but no TLDs were found in them. Skipping unneeded JARs during scanning can improve startup time and JSP compilation time.
août 11, 2015 3:08:20 PM org.apache.catalina.core.StandardContext reload
INFO: Reloading Context with name [/CrudApp] is completed
août 11, 2015 3:08:28 PM org.apache.catalina.core.StandardContext reload
INFO: Reloading Context with name [/CrudApp] has started
août 11, 2015 3:08:28 PM org.apache.catalina.startup.TldConfig execute
INFO: At least one JAR was scanned for TLDs yet contained no TLDs. Enable debug logging for this logger for a complete list of JARs that were scanned but no TLDs were found in them. Skipping unneeded JARs during scanning can improve startup time and JSP compilation time.
août 11, 2015 3:08:28 PM org.apache.catalina.core.StandardContext reload
INFO: Reloading Context with name [/CrudApp] is completed
août 11, 2015 3:12:12 PM org.apache.catalina.core.StandardContext reload
INFO: Reloading Context with name [/CrudApp] has started
août 11, 2015 3:12:13 PM org.apache.catalina.startup.TldConfig execute
INFO: At least one JAR was scanned for TLDs yet contained no TLDs. Enable debug logging for this logger for a complete list of JARs that were scanned but no TLDs were found in them. Skipping unneeded JARs during scanning can improve startup time and JSP compilation time.
août 11, 2015 3:12:13 PM org.apache.catalina.core.StandardContext reload
INFO: Reloading Context with name [/CrudApp] is completed
août 11, 2015 3:15:47 PM org.apache.catalina.core.StandardContext reload
INFO: Reloading Context with name [/CrudApp] has started
août 11, 2015 3:15:47 PM org.apache.catalina.loader.WebappClassLoader clearReferencesJdbc
SEVERE: The web application [/CrudApp] registered the JDBC driver [com.microsoft.sqlserver.jdbc.SQLServerDriver] but failed to unregister it when the web application was stopped. To prevent a memory leak, the JDBC Driver has been forcibly unregistered.
août 11, 2015 3:15:47 PM org.apache.catalina.startup.TldConfig execute
INFO: At least one JAR was scanned for TLDs yet contained no TLDs. Enable debug logging for this logger for a complete list of JARs that were scanned but no TLDs were found in them. Skipping unneeded JARs during scanning can improve startup time and JSP compilation time.
août 11, 2015 3:15:47 PM org.apache.catalina.core.StandardContext reload
INFO: Reloading Context with name [/CrudApp] is completed
août 11, 2015 3:16:21 PM org.apache.catalina.core.StandardContext reload
INFO: Reloading Context with name [/CrudApp] has started
août 11, 2015 3:16:21 PM org.apache.catalina.startup.TldConfig execute
INFO: At least one JAR was scanned for TLDs yet contained no TLDs. Enable debug logging for this logger for a complete list of JARs that were scanned but no TLDs were found in them. Skipping unneeded JARs during scanning can improve startup time and JSP compilation time.
août 11, 2015 3:16:21 PM org.apache.catalina.core.StandardContext reload
INFO: Reloading Context with name [/CrudApp] is completed
août 11, 2015 3:16:29 PM org.apache.catalina.core.StandardContext reload
INFO: Reloading Context with name [/CrudApp] has started
août 11, 2015 3:16:29 PM org.apache.catalina.startup.TldConfig execute
INFO: At least one JAR was scanned for TLDs yet contained no TLDs. Enable debug logging for this logger for a complete list of JARs that were scanned but no TLDs were found in them. Skipping unneeded JARs during scanning can improve startup time and JSP compilation time.
août 11, 2015 3:16:29 PM org.apache.catalina.core.StandardContext reload
INFO: Reloading Context with name [/CrudApp] is completed
août 11, 2015 3:17:08 PM org.apache.catalina.core.StandardContext reload
INFO: Reloading Context with name [/CrudApp] has started
août 11, 2015 3:17:08 PM org.apache.catalina.startup.TldConfig execute
INFO: At least one JAR was scanned for TLDs yet contained no TLDs. Enable debug logging for this logger for a complete list of JARs that were scanned but no TLDs were found in them. Skipping unneeded JARs during scanning can improve startup time and JSP compilation time.
août 11, 2015 3:17:08 PM org.apache.catalina.core.StandardContext reload
INFO: Reloading Context with name [/CrudApp] is completed
août 11, 2015 3:17:30 PM org.apache.catalina.core.StandardContext reload
INFO: Reloading Context with name [/CrudApp] has started
août 11, 2015 3:17:30 PM org.apache.catalina.startup.TldConfig execute
INFO: At least one JAR was scanned for TLDs yet contained no TLDs. Enable debug logging for this logger for a complete list of JARs that were scanned but no TLDs were found in them. Skipping unneeded JARs during scanning can improve startup time and JSP compilation time.
août 11, 2015 3:17:30 PM org.apache.catalina.core.StandardContext reload
INFO: Reloading Context with name [/CrudApp] is completed
août 11, 2015 3:25:07 PM org.apache.catalina.core.StandardContext reload
INFO: Reloading Context with name [/CrudApp] has started
août 11, 2015 3:25:07 PM org.apache.catalina.loader.WebappClassLoader clearReferencesJdbc
SEVERE: The web application [/CrudApp] registered the JDBC driver [com.microsoft.sqlserver.jdbc.SQLServerDriver] but failed to unregister it when the web application was stopped. To prevent a memory leak, the JDBC Driver has been forcibly unregistered.
août 11, 2015 3:25:07 PM org.apache.catalina.loader.WebappClassLoader checkThreadLocalMapForLeaks
SEVERE: The web application [/CrudApp] created a ThreadLocal with key of type [com.microsoft.sqlserver.jdbc.ActivityCorrelator$1] (value [com.microsoft.sqlserver.jdbc.ActivityCorrelator$1@59d6fa6f]) and a value of type [com.microsoft.sqlserver.jdbc.ActivityId] (value [490f52f9-e7f6-4411-957d-ea86b02f510c-1]) but failed to remove it when the web application was stopped. Threads are going to be renewed over time to try and avoid a probable memory leak.
août 11, 2015 3:25:07 PM org.apache.catalina.startup.TldConfig execute
INFO: At least one JAR was scanned for TLDs yet contained no TLDs. Enable debug logging for this logger for a complete list of JARs that were scanned but no TLDs were found in them. Skipping unneeded JARs during scanning can improve startup time and JSP compilation time.
août 11, 2015 3:25:07 PM org.apache.catalina.core.StandardContext reload
INFO: Reloading Context with name [/CrudApp] is completed
août 11, 2015 3:29:40 PM org.apache.catalina.loader.WebappClassLoader clearReferencesJdbc
SEVERE: The web application [/CrudApp] registered the JDBC driver [com.microsoft.sqlserver.jdbc.SQLServerDriver] but failed to unregister it when the web application was stopped. To prevent a memory leak, the JDBC Driver has been forcibly unregistered.
août 11, 2015 3:29:40 PM org.apache.catalina.loader.WebappClassLoader clearReferencesThreads
SEVERE: The web application [/CrudApp] appears to have started a thread named [Thread-67] but has failed to stop it. This is very likely to create a memory leak.
août 11, 2015 3:29:40 PM org.apache.catalina.loader.WebappClassLoader checkThreadLocalMapForLeaks
SEVERE: The web application [/CrudApp] created a ThreadLocal with key of type [com.microsoft.sqlserver.jdbc.ActivityCorrelator$1] (value [com.microsoft.sqlserver.jdbc.ActivityCorrelator$1@4a66b69f]) and a value of type [com.microsoft.sqlserver.jdbc.ActivityId] (value [dfecbbf0-5e5d-4ec8-944b-935d162a908c-1]) but failed to remove it when the web application was stopped. Threads are going to be renewed over time to try and avoid a probable memory leak.
août 11, 2015 3:29:41 PM org.apache.catalina.startup.HostConfig undeploy
INFO: Undeploying context [/CrudApp]
août 11, 2015 8:29:31 PM hudson.model.AsyncPeriodicWork$1 run
INFO: Started Workspace clean-up
août 11, 2015 8:29:31 PM hudson.model.AsyncPeriodicWork$1 run
INFO: Finished Workspace clean-up. 4 ms
