juil. 01, 2015 8:46:24 AM hudson.model.AsyncPeriodicWork$1 run
INFO: Started Download metadata
juil. 01, 2015 8:46:24 AM hudson.model.AsyncPeriodicWork$1 run
INFO: Finished Download metadata. 2 ms
juil. 01, 2015 1:23:54 PM javax.jmdns.impl.DNSIncoming readAnswer
WARNING: There was an OPT answer. Not currently handled. Option code: 65002 data: 4259C460198195E8
juil. 01, 2015 1:23:54 PM javax.jmdns.impl.DNSIncoming readAnswer
WARNING: There was an OPT answer. Not currently handled. Option code: 65002 data: 4259C460198195E8
juil. 01, 2015 1:23:54 PM javax.jmdns.impl.DNSIncoming readAnswer
WARNING: There was an OPT answer. Not currently handled. Option code: 65002 data: 4259C460198195E8
juil. 01, 2015 1:23:54 PM javax.jmdns.impl.DNSIncoming readAnswer
WARNING: There was an OPT answer. Not currently handled. Option code: 65002 data: 4259C460198195E8
juil. 01, 2015 1:23:55 PM javax.jmdns.impl.DNSIncoming readAnswer
WARNING: There was an OPT answer. Not currently handled. Option code: 65002 data: 4259C460198195E8
juil. 01, 2015 1:23:55 PM javax.jmdns.impl.DNSIncoming readAnswer
WARNING: There was an OPT answer. Not currently handled. Option code: 65002 data: 4259C460198195E8
juil. 01, 2015 1:23:55 PM javax.jmdns.impl.DNSIncoming readAnswer
WARNING: There was an OPT answer. Not currently handled. Option code: 65002 data: 4259C460198195E8
juil. 01, 2015 1:23:55 PM javax.jmdns.impl.DNSIncoming readAnswer
WARNING: There was an OPT answer. Not currently handled. Option code: 65002 data: 4259C460198195E8
juil. 01, 2015 1:23:55 PM javax.jmdns.impl.DNSIncoming readAnswer
WARNING: There was an OPT answer. Not currently handled. Option code: 65002 data: 4259C460198195E8
juil. 01, 2015 1:23:55 PM javax.jmdns.impl.DNSIncoming readAnswer
WARNING: There was an OPT answer. Not currently handled. Option code: 65002 data: 4259C460198195E8
juil. 01, 2015 1:23:56 PM javax.jmdns.impl.DNSIncoming readAnswer
WARNING: There was an OPT answer. Not currently handled. Option code: 65002 data: 4259C460198195E8
juil. 01, 2015 1:23:56 PM javax.jmdns.impl.DNSIncoming readAnswer
WARNING: There was an OPT answer. Not currently handled. Option code: 65002 data: 4259C460198195E8
juil. 01, 2015 1:23:56 PM javax.jmdns.impl.DNSIncoming readAnswer
WARNING: There was an OPT answer. Not currently handled. Option code: 65002 data: 4259C460198195E8
juil. 01, 2015 1:23:56 PM javax.jmdns.impl.DNSIncoming readAnswer
WARNING: There was an OPT answer. Not currently handled. Option code: 65002 data: 4259C460198195E8
juil. 01, 2015 1:23:56 PM javax.jmdns.impl.DNSIncoming readAnswer
WARNING: There was an OPT answer. Not currently handled. Option code: 65002 data: 4259C460198195E8
juil. 01, 2015 1:23:57 PM javax.jmdns.impl.DNSIncoming readAnswer
WARNING: There was an OPT answer. Not currently handled. Option code: 65002 data: 4259C460198195E8
juil. 01, 2015 1:23:57 PM javax.jmdns.impl.DNSIncoming readAnswer
WARNING: There was an OPT answer. Not currently handled. Option code: 65002 data: 4259C460198195E8
juil. 01, 2015 1:23:57 PM javax.jmdns.impl.DNSIncoming readAnswer
WARNING: There was an OPT answer. Not currently handled. Option code: 65002 data: 4259C460198195E8
juil. 01, 2015 1:23:57 PM javax.jmdns.impl.DNSIncoming readAnswer
WARNING: There was an OPT answer. Not currently handled. Option code: 65002 data: 4259C460198195E8
juil. 01, 2015 1:23:57 PM javax.jmdns.impl.DNSIncoming readAnswer
WARNING: There was an OPT answer. Not currently handled. Option code: 65002 data: 4259C460198195E8
juil. 01, 2015 1:23:57 PM javax.jmdns.impl.DNSIncoming readAnswer
WARNING: There was an OPT answer. Not currently handled. Option code: 65002 data: 4259C460198195E8
juil. 01, 2015 1:23:58 PM javax.jmdns.impl.DNSIncoming readAnswer
WARNING: There was an OPT answer. Not currently handled. Option code: 65002 data: 4259C460198195E8
juil. 01, 2015 1:23:58 PM javax.jmdns.impl.DNSIncoming readAnswer
WARNING: There was an OPT answer. Not currently handled. Option code: 65002 data: 4259C460198195E8
juil. 01, 2015 1:23:58 PM javax.jmdns.impl.DNSIncoming readAnswer
WARNING: There was an OPT answer. Not currently handled. Option code: 65002 data: 4259C460198195E8
juil. 01, 2015 1:23:58 PM javax.jmdns.impl.DNSIncoming readAnswer
WARNING: There was an OPT answer. Not currently handled. Option code: 65002 data: 4259C460198195E8
juil. 01, 2015 1:23:59 PM javax.jmdns.impl.DNSIncoming readAnswer
WARNING: There was an OPT answer. Not currently handled. Option code: 65002 data: 4259C460198195E8
juil. 01, 2015 1:23:59 PM javax.jmdns.impl.DNSIncoming readAnswer
WARNING: There was an OPT answer. Not currently handled. Option code: 65002 data: 4259C460198195E8
juil. 01, 2015 1:23:59 PM javax.jmdns.impl.DNSIncoming readAnswer
WARNING: There was an OPT answer. Not currently handled. Option code: 65002 data: 4259C460198195E8
juil. 01, 2015 1:23:59 PM javax.jmdns.impl.DNSIncoming readAnswer
WARNING: There was an OPT answer. Not currently handled. Option code: 65002 data: 4259C460198195E8
juil. 01, 2015 1:24:00 PM javax.jmdns.impl.DNSIncoming readAnswer
WARNING: There was an OPT answer. Not currently handled. Option code: 65002 data: 4259C460198195E8
juil. 01, 2015 1:24:00 PM javax.jmdns.impl.DNSIncoming readAnswer
WARNING: There was an OPT answer. Not currently handled. Option code: 65002 data: 4259C460198195E8
juil. 01, 2015 1:24:00 PM javax.jmdns.impl.DNSIncoming readAnswer
WARNING: There was an OPT answer. Not currently handled. Option code: 65002 data: 4259C460198195E8
juil. 01, 2015 1:24:01 PM javax.jmdns.impl.DNSIncoming readAnswer
WARNING: There was an OPT answer. Not currently handled. Option code: 65002 data: 4259C460198195E8
juil. 01, 2015 1:24:01 PM javax.jmdns.impl.DNSIncoming readAnswer
WARNING: There was an OPT answer. Not currently handled. Option code: 65002 data: 4259C460198195E8
juil. 01, 2015 1:24:04 PM javax.jmdns.impl.DNSIncoming readAnswer
WARNING: There was an OPT answer. Not currently handled. Option code: 65002 data: 4259C460198195E8
juil. 01, 2015 1:24:04 PM javax.jmdns.impl.DNSIncoming readAnswer
WARNING: There was an OPT answer. Not currently handled. Option code: 65002 data: 4259C460198195E8
juil. 01, 2015 1:24:04 PM javax.jmdns.impl.DNSIncoming readAnswer
WARNING: There was an OPT answer. Not currently handled. Option code: 65002 data: 4259C460198195E8
juil. 01, 2015 1:24:13 PM javax.jmdns.impl.DNSIncoming readAnswer
WARNING: There was an OPT answer. Not currently handled. Option code: 65002 data: 4259C460198195E8
juil. 01, 2015 1:24:13 PM javax.jmdns.impl.DNSIncoming readAnswer
WARNING: There was an OPT answer. Not currently handled. Option code: 65002 data: 4259C460198195E8
juil. 01, 2015 1:24:13 PM javax.jmdns.impl.DNSIncoming readAnswer
WARNING: There was an OPT answer. Not currently handled. Option code: 65002 data: 4259C460198195E8
juil. 01, 2015 1:24:23 PM javax.jmdns.impl.DNSIncoming readAnswer
WARNING: There was an OPT answer. Not currently handled. Option code: 65002 data: 4259C460198195E8
juil. 01, 2015 1:24:23 PM javax.jmdns.impl.DNSIncoming readAnswer
WARNING: There was an OPT answer. Not currently handled. Option code: 65002 data: 4259C460198195E8
juil. 01, 2015 1:24:24 PM javax.jmdns.impl.DNSIncoming readAnswer
WARNING: There was an OPT answer. Not currently handled. Option code: 65002 data: 4259C460198195E8
juil. 01, 2015 1:24:24 PM javax.jmdns.impl.DNSIncoming readAnswer
WARNING: There was an OPT answer. Not currently handled. Option code: 65002 data: 4259C460198195E8
juil. 01, 2015 1:24:24 PM javax.jmdns.impl.DNSIncoming readAnswer
WARNING: There was an OPT answer. Not currently handled. Option code: 65002 data: 4259C460198195E8
juil. 01, 2015 1:24:24 PM javax.jmdns.impl.DNSIncoming readAnswer
WARNING: There was an OPT answer. Not currently handled. Option code: 65002 data: 4259C460198195E8
juil. 01, 2015 1:24:25 PM javax.jmdns.impl.DNSIncoming readAnswer
WARNING: There was an OPT answer. Not currently handled. Option code: 65002 data: 4259C460198195E8
juil. 01, 2015 1:24:26 PM javax.jmdns.impl.DNSIncoming readAnswer
WARNING: There was an OPT answer. Not currently handled. Option code: 65002 data: 4259C460198195E8
juil. 01, 2015 1:24:29 PM javax.jmdns.impl.DNSIncoming readAnswer
WARNING: There was an OPT answer. Not currently handled. Option code: 65002 data: 4259C460198195E8
juil. 01, 2015 1:24:29 PM javax.jmdns.impl.DNSIncoming readAnswer
WARNING: There was an OPT answer. Not currently handled. Option code: 65002 data: 4259C460198195E8
juil. 01, 2015 1:24:38 PM javax.jmdns.impl.DNSIncoming readAnswer
WARNING: There was an OPT answer. Not currently handled. Option code: 65002 data: 4259C460198195E8
juil. 01, 2015 1:24:38 PM javax.jmdns.impl.DNSIncoming readAnswer
WARNING: There was an OPT answer. Not currently handled. Option code: 65002 data: 4259C460198195E8
juil. 01, 2015 1:29:18 PM hudson.model.DownloadService$Downloadable load
INFO: Obtained the updated data file for hudson.tasks.Maven.MavenInstaller
juil. 01, 2015 1:29:18 PM hudson.model.DownloadService$Downloadable load
INFO: Obtained the updated data file for hudson.tasks.Ant.AntInstaller
juil. 01, 2015 1:29:19 PM hudson.model.DownloadService$Downloadable load
INFO: Obtained the updated data file for hudson.tools.JDKInstaller
juil. 01, 2015 1:29:20 PM hudson.model.UpdateSite updateData
INFO: Obtained the latest update center data file for UpdateSource default
juil. 01, 2015 1:33:58 PM org.apache.catalina.core.StandardContext reload
INFO: Reloading Context with name [/NunitToDbRESTful] has started
juil. 01, 2015 1:33:59 PM org.apache.catalina.loader.WebappClassLoader validateJarFile
INFO: validateJarFile(C:\NunitToDbREST\build\web\WEB-INF\lib\javax.servlet-api-3.0.1.jar) - jar not loaded. See Servlet Spec 3.0, section 10.7.2. Offending class: javax/servlet/Servlet.class
juil. 01, 2015 1:34:00 PM org.apache.catalina.startup.TldConfig execute
INFO: At least one JAR was scanned for TLDs yet contained no TLDs. Enable debug logging for this logger for a complete list of JARs that were scanned but no TLDs were found in them. Skipping unneeded JARs during scanning can improve startup time and JSP compilation time.
juil. 01, 2015 1:34:00 PM org.glassfish.jersey.servlet.init.JerseyServletContainerInitializer addServletWithApplication
INFO: Registering the Jersey servlet application, named REST.ApplicationConfig, at the servlet mapping /resources/*, with the Application class of the same name.
juil. 01, 2015 1:34:00 PM org.glassfish.jersey.server.ApplicationHandler initialize
INFO: Initiating Jersey application, version Jersey: 2.5.1 2014-01-02 13:43:00...
juil. 01, 2015 1:34:01 PM org.apache.catalina.core.StandardContext reload
INFO: Reloading Context with name [/NunitToDbRESTful] is completed
juil. 01, 2015 1:34:08 PM org.kohsuke.stapler.RequestImpl$TypePair convertJSON
WARNING: 'stapler-class' is deprecated: hudson.plugins.powershell.PowerShell
juil. 01, 2015 1:34:15 PM hudson.model.Run execute
INFO: Parent job #9 main build action completed: SUCCESS
juil. 01, 2015 1:34:33 PM REST.ApplicationManager gatherDataFromBuildUrl
SEVERE: null
java.io.FileNotFoundException: http://tun8108:8080/jenkins/job/Test%20job%201/42//api/xml
	at sun.net.www.protocol.http.HttpURLConnection.getInputStream(HttpURLConnection.java:1625)
	at java.net.URL.openStream(URL.java:1037)
	at REST.ApplicationManager.gatherDataFromBuildUrl(ApplicationManager.java:60)
	at REST.ApplicationResource.setBuildUrl(ApplicationResource.java:56)
	at sun.reflect.NativeMethodAccessorImpl.invoke0(Native Method)
	at sun.reflect.NativeMethodAccessorImpl.invoke(NativeMethodAccessorImpl.java:57)
	at sun.reflect.DelegatingMethodAccessorImpl.invoke(DelegatingMethodAccessorImpl.java:43)
	at java.lang.reflect.Method.invoke(Method.java:606)
	at org.glassfish.jersey.server.model.internal.ResourceMethodInvocationHandlerFactory$1.invoke(ResourceMethodInvocationHandlerFactory.java:81)
	at org.glassfish.jersey.server.model.internal.AbstractJavaResourceMethodDispatcher$1.run(AbstractJavaResourceMethodDispatcher.java:151)
	at org.glassfish.jersey.server.model.internal.AbstractJavaResourceMethodDispatcher.invoke(AbstractJavaResourceMethodDispatcher.java:171)
	at org.glassfish.jersey.server.model.internal.JavaResourceMethodDispatcherProvider$VoidOutInvoker.doDispatch(JavaResourceMethodDispatcherProvider.java:136)
	at org.glassfish.jersey.server.model.internal.AbstractJavaResourceMethodDispatcher.dispatch(AbstractJavaResourceMethodDispatcher.java:104)
	at org.glassfish.jersey.server.model.ResourceMethodInvoker.invoke(ResourceMethodInvoker.java:402)
	at org.glassfish.jersey.server.model.ResourceMethodInvoker.apply(ResourceMethodInvoker.java:349)
	at org.glassfish.jersey.server.model.ResourceMethodInvoker.apply(ResourceMethodInvoker.java:106)
	at org.glassfish.jersey.server.ServerRuntime$1.run(ServerRuntime.java:259)
	at org.glassfish.jersey.internal.Errors$1.call(Errors.java:271)
	at org.glassfish.jersey.internal.Errors$1.call(Errors.java:267)
	at org.glassfish.jersey.internal.Errors.process(Errors.java:315)
	at org.glassfish.jersey.internal.Errors.process(Errors.java:297)
	at org.glassfish.jersey.internal.Errors.process(Errors.java:267)
	at org.glassfish.jersey.process.internal.RequestScope.runInScope(RequestScope.java:318)
	at org.glassfish.jersey.server.ServerRuntime.process(ServerRuntime.java:236)
	at org.glassfish.jersey.server.ApplicationHandler.handle(ApplicationHandler.java:1010)
	at org.glassfish.jersey.servlet.WebComponent.service(WebComponent.java:373)
	at org.glassfish.jersey.servlet.ServletContainer.service(ServletContainer.java:382)
	at org.glassfish.jersey.servlet.ServletContainer.service(ServletContainer.java:345)
	at org.glassfish.jersey.servlet.ServletContainer.service(ServletContainer.java:220)
	at org.apache.catalina.core.ApplicationFilterChain.internalDoFilter(ApplicationFilterChain.java:303)
	at org.apache.catalina.core.ApplicationFilterChain.doFilter(ApplicationFilterChain.java:208)
	at org.apache.tomcat.websocket.server.WsFilter.doFilter(WsFilter.java:52)
	at org.apache.catalina.core.ApplicationFilterChain.internalDoFilter(ApplicationFilterChain.java:241)
	at org.apache.catalina.core.ApplicationFilterChain.doFilter(ApplicationFilterChain.java:208)
	at org.apache.catalina.core.StandardWrapperValve.invoke(StandardWrapperValve.java:220)
	at org.apache.catalina.core.StandardContextValve.invoke(StandardContextValve.java:122)
	at org.apache.catalina.authenticator.AuthenticatorBase.invoke(AuthenticatorBase.java:505)
	at org.apache.catalina.core.StandardHostValve.invoke(StandardHostValve.java:170)
	at org.apache.catalina.valves.ErrorReportValve.invoke(ErrorReportValve.java:103)
	at org.apache.catalina.valves.AccessLogValve.invoke(AccessLogValve.java:957)
	at org.apache.catalina.core.StandardEngineValve.invoke(StandardEngineValve.java:116)
	at org.apache.catalina.connector.CoyoteAdapter.service(CoyoteAdapter.java:423)
	at org.apache.coyote.http11.AbstractHttp11Processor.process(AbstractHttp11Processor.java:1079)
	at org.apache.coyote.AbstractProtocol$AbstractConnectionHandler.process(AbstractProtocol.java:620)
	at org.apache.tomcat.util.net.JIoEndpoint$SocketProcessor.run(JIoEndpoint.java:316)
	at java.util.concurrent.ThreadPoolExecutor.runWorker(ThreadPoolExecutor.java:1145)
	at java.util.concurrent.ThreadPoolExecutor$Worker.run(ThreadPoolExecutor.java:615)
	at org.apache.tomcat.util.threads.TaskThread$WrappingRunnable.run(TaskThread.java:61)
	at java.lang.Thread.run(Thread.java:745)

juil. 01, 2015 1:34:33 PM hudson.model.Run execute
INFO: Test job 1 #42 main build action completed: SUCCESS
juil. 01, 2015 1:39:43 PM org.apache.catalina.core.StandardContext reload
INFO: Reloading Context with name [/NunitToDbRESTful] has started
juil. 01, 2015 1:39:43 PM org.apache.catalina.loader.WebappClassLoader validateJarFile
INFO: validateJarFile(C:\NunitToDbREST\build\web\WEB-INF\lib\javax.servlet-api-3.0.1.jar) - jar not loaded. See Servlet Spec 3.0, section 10.7.2. Offending class: javax/servlet/Servlet.class
juil. 01, 2015 1:39:44 PM org.apache.catalina.startup.TldConfig execute
INFO: At least one JAR was scanned for TLDs yet contained no TLDs. Enable debug logging for this logger for a complete list of JARs that were scanned but no TLDs were found in them. Skipping unneeded JARs during scanning can improve startup time and JSP compilation time.
juil. 01, 2015 1:39:44 PM org.glassfish.jersey.servlet.init.JerseyServletContainerInitializer addServletWithApplication
INFO: Registering the Jersey servlet application, named REST.ApplicationConfig, at the servlet mapping /resources/*, with the Application class of the same name.
juil. 01, 2015 1:39:44 PM org.glassfish.jersey.server.ApplicationHandler initialize
INFO: Initiating Jersey application, version Jersey: 2.5.1 2014-01-02 13:43:00...
juil. 01, 2015 1:39:44 PM org.apache.catalina.core.StandardContext reload
INFO: Reloading Context with name [/NunitToDbRESTful] is completed
juil. 01, 2015 1:40:05 PM hudson.model.Run execute
INFO: Parent job #10 main build action completed: SUCCESS
juil. 01, 2015 1:40:12 PM hudson.model.Run execute
INFO: Test job 1 #43 main build action completed: SUCCESS
juil. 01, 2015 1:42:09 PM org.apache.catalina.core.StandardContext reload
INFO: Reloading Context with name [/NunitToDbRESTful] has started
juil. 01, 2015 1:42:09 PM org.apache.catalina.loader.WebappClassLoader validateJarFile
INFO: validateJarFile(C:\NunitToDbREST\build\web\WEB-INF\lib\javax.servlet-api-3.0.1.jar) - jar not loaded. See Servlet Spec 3.0, section 10.7.2. Offending class: javax/servlet/Servlet.class
juil. 01, 2015 1:42:10 PM org.apache.catalina.startup.TldConfig execute
INFO: At least one JAR was scanned for TLDs yet contained no TLDs. Enable debug logging for this logger for a complete list of JARs that were scanned but no TLDs were found in them. Skipping unneeded JARs during scanning can improve startup time and JSP compilation time.
juil. 01, 2015 1:42:10 PM org.glassfish.jersey.servlet.init.JerseyServletContainerInitializer addServletWithApplication
INFO: Registering the Jersey servlet application, named REST.ApplicationConfig, at the servlet mapping /resources/*, with the Application class of the same name.
juil. 01, 2015 1:42:11 PM org.glassfish.jersey.server.ApplicationHandler initialize
INFO: Initiating Jersey application, version Jersey: 2.5.1 2014-01-02 13:43:00...
juil. 01, 2015 1:42:11 PM org.apache.catalina.core.StandardContext reload
INFO: Reloading Context with name [/NunitToDbRESTful] is completed
juil. 01, 2015 1:42:23 PM hudson.model.Run execute
INFO: Parent job #11 main build action completed: SUCCESS
juil. 01, 2015 1:42:42 PM REST.ApplicationManager gatherDataFromBuildUrl
SEVERE: null
java.io.FileNotFoundException: http://tun8108:8080/jenkins/job/Test%20job%201/44//api/xml
	at sun.net.www.protocol.http.HttpURLConnection.getInputStream(HttpURLConnection.java:1625)
	at java.net.URL.openStream(URL.java:1037)
	at REST.ApplicationManager.gatherDataFromBuildUrl(ApplicationManager.java:60)
	at REST.ApplicationResource$1.run(ApplicationResource.java:62)
	at REST.ApplicationResource.setBuildUrl(ApplicationResource.java:69)
	at sun.reflect.NativeMethodAccessorImpl.invoke0(Native Method)
	at sun.reflect.NativeMethodAccessorImpl.invoke(NativeMethodAccessorImpl.java:57)
	at sun.reflect.DelegatingMethodAccessorImpl.invoke(DelegatingMethodAccessorImpl.java:43)
	at java.lang.reflect.Method.invoke(Method.java:606)
	at org.glassfish.jersey.server.model.internal.ResourceMethodInvocationHandlerFactory$1.invoke(ResourceMethodInvocationHandlerFactory.java:81)
	at org.glassfish.jersey.server.model.internal.AbstractJavaResourceMethodDispatcher$1.run(AbstractJavaResourceMethodDispatcher.java:151)
	at org.glassfish.jersey.server.model.internal.AbstractJavaResourceMethodDispatcher.invoke(AbstractJavaResourceMethodDispatcher.java:171)
	at org.glassfish.jersey.server.model.internal.JavaResourceMethodDispatcherProvider$TypeOutInvoker.doDispatch(JavaResourceMethodDispatcherProvider.java:195)
	at org.glassfish.jersey.server.model.internal.AbstractJavaResourceMethodDispatcher.dispatch(AbstractJavaResourceMethodDispatcher.java:104)
	at org.glassfish.jersey.server.model.ResourceMethodInvoker.invoke(ResourceMethodInvoker.java:402)
	at org.glassfish.jersey.server.model.ResourceMethodInvoker.apply(ResourceMethodInvoker.java:349)
	at org.glassfish.jersey.server.model.ResourceMethodInvoker.apply(ResourceMethodInvoker.java:106)
	at org.glassfish.jersey.server.ServerRuntime$1.run(ServerRuntime.java:259)
	at org.glassfish.jersey.internal.Errors$1.call(Errors.java:271)
	at org.glassfish.jersey.internal.Errors$1.call(Errors.java:267)
	at org.glassfish.jersey.internal.Errors.process(Errors.java:315)
	at org.glassfish.jersey.internal.Errors.process(Errors.java:297)
	at org.glassfish.jersey.internal.Errors.process(Errors.java:267)
	at org.glassfish.jersey.process.internal.RequestScope.runInScope(RequestScope.java:318)
	at org.glassfish.jersey.server.ServerRuntime.process(ServerRuntime.java:236)
	at org.glassfish.jersey.server.ApplicationHandler.handle(ApplicationHandler.java:1010)
	at org.glassfish.jersey.servlet.WebComponent.service(WebComponent.java:373)
	at org.glassfish.jersey.servlet.ServletContainer.service(ServletContainer.java:382)
	at org.glassfish.jersey.servlet.ServletContainer.service(ServletContainer.java:345)
	at org.glassfish.jersey.servlet.ServletContainer.service(ServletContainer.java:220)
	at org.apache.catalina.core.ApplicationFilterChain.internalDoFilter(ApplicationFilterChain.java:303)
	at org.apache.catalina.core.ApplicationFilterChain.doFilter(ApplicationFilterChain.java:208)
	at org.apache.tomcat.websocket.server.WsFilter.doFilter(WsFilter.java:52)
	at org.apache.catalina.core.ApplicationFilterChain.internalDoFilter(ApplicationFilterChain.java:241)
	at org.apache.catalina.core.ApplicationFilterChain.doFilter(ApplicationFilterChain.java:208)
	at org.apache.catalina.core.StandardWrapperValve.invoke(StandardWrapperValve.java:220)
	at org.apache.catalina.core.StandardContextValve.invoke(StandardContextValve.java:122)
	at org.apache.catalina.authenticator.AuthenticatorBase.invoke(AuthenticatorBase.java:505)
	at org.apache.catalina.core.StandardHostValve.invoke(StandardHostValve.java:170)
	at org.apache.catalina.valves.ErrorReportValve.invoke(ErrorReportValve.java:103)
	at org.apache.catalina.valves.AccessLogValve.invoke(AccessLogValve.java:957)
	at org.apache.catalina.core.StandardEngineValve.invoke(StandardEngineValve.java:116)
	at org.apache.catalina.connector.CoyoteAdapter.service(CoyoteAdapter.java:423)
	at org.apache.coyote.http11.AbstractHttp11Processor.process(AbstractHttp11Processor.java:1079)
	at org.apache.coyote.AbstractProtocol$AbstractConnectionHandler.process(AbstractProtocol.java:620)
	at org.apache.tomcat.util.net.JIoEndpoint$SocketProcessor.run(JIoEndpoint.java:316)
	at java.util.concurrent.ThreadPoolExecutor.runWorker(ThreadPoolExecutor.java:1145)
	at java.util.concurrent.ThreadPoolExecutor$Worker.run(ThreadPoolExecutor.java:615)
	at org.apache.tomcat.util.threads.TaskThread$WrappingRunnable.run(TaskThread.java:61)
	at java.lang.Thread.run(Thread.java:745)

juil. 01, 2015 1:42:43 PM hudson.model.Run execute
INFO: Test job 1 #44 main build action completed: SUCCESS
juil. 01, 2015 1:48:39 PM hudson.model.Run execute
INFO: Parent job #12 main build action completed: SUCCESS
juil. 01, 2015 1:48:53 PM hudson.model.Run execute
INFO: Parent job #13 main build action completed: SUCCESS
juil. 01, 2015 1:48:57 PM REST.ApplicationManager gatherDataFromBuildUrl
SEVERE: null
java.io.FileNotFoundException: http://tun8108:8080/jenkins/job/Test%20job%201/45//api/xml
	at sun.net.www.protocol.http.HttpURLConnection.getInputStream(HttpURLConnection.java:1625)
	at java.net.URL.openStream(URL.java:1037)
	at REST.ApplicationManager.gatherDataFromBuildUrl(ApplicationManager.java:60)
	at REST.ApplicationResource$1.run(ApplicationResource.java:62)
	at REST.ApplicationResource.setBuildUrl(ApplicationResource.java:69)
	at sun.reflect.NativeMethodAccessorImpl.invoke0(Native Method)
	at sun.reflect.NativeMethodAccessorImpl.invoke(NativeMethodAccessorImpl.java:57)
	at sun.reflect.DelegatingMethodAccessorImpl.invoke(DelegatingMethodAccessorImpl.java:43)
	at java.lang.reflect.Method.invoke(Method.java:606)
	at org.glassfish.jersey.server.model.internal.ResourceMethodInvocationHandlerFactory$1.invoke(ResourceMethodInvocationHandlerFactory.java:81)
	at org.glassfish.jersey.server.model.internal.AbstractJavaResourceMethodDispatcher$1.run(AbstractJavaResourceMethodDispatcher.java:151)
	at org.glassfish.jersey.server.model.internal.AbstractJavaResourceMethodDispatcher.invoke(AbstractJavaResourceMethodDispatcher.java:171)
	at org.glassfish.jersey.server.model.internal.JavaResourceMethodDispatcherProvider$TypeOutInvoker.doDispatch(JavaResourceMethodDispatcherProvider.java:195)
	at org.glassfish.jersey.server.model.internal.AbstractJavaResourceMethodDispatcher.dispatch(AbstractJavaResourceMethodDispatcher.java:104)
	at org.glassfish.jersey.server.model.ResourceMethodInvoker.invoke(ResourceMethodInvoker.java:402)
	at org.glassfish.jersey.server.model.ResourceMethodInvoker.apply(ResourceMethodInvoker.java:349)
	at org.glassfish.jersey.server.model.ResourceMethodInvoker.apply(ResourceMethodInvoker.java:106)
	at org.glassfish.jersey.server.ServerRuntime$1.run(ServerRuntime.java:259)
	at org.glassfish.jersey.internal.Errors$1.call(Errors.java:271)
	at org.glassfish.jersey.internal.Errors$1.call(Errors.java:267)
	at org.glassfish.jersey.internal.Errors.process(Errors.java:315)
	at org.glassfish.jersey.internal.Errors.process(Errors.java:297)
	at org.glassfish.jersey.internal.Errors.process(Errors.java:267)
	at org.glassfish.jersey.process.internal.RequestScope.runInScope(RequestScope.java:318)
	at org.glassfish.jersey.server.ServerRuntime.process(ServerRuntime.java:236)
	at org.glassfish.jersey.server.ApplicationHandler.handle(ApplicationHandler.java:1010)
	at org.glassfish.jersey.servlet.WebComponent.service(WebComponent.java:373)
	at org.glassfish.jersey.servlet.ServletContainer.service(ServletContainer.java:382)
	at org.glassfish.jersey.servlet.ServletContainer.service(ServletContainer.java:345)
	at org.glassfish.jersey.servlet.ServletContainer.service(ServletContainer.java:220)
	at org.apache.catalina.core.ApplicationFilterChain.internalDoFilter(ApplicationFilterChain.java:303)
	at org.apache.catalina.core.ApplicationFilterChain.doFilter(ApplicationFilterChain.java:208)
	at org.apache.tomcat.websocket.server.WsFilter.doFilter(WsFilter.java:52)
	at org.apache.catalina.core.ApplicationFilterChain.internalDoFilter(ApplicationFilterChain.java:241)
	at org.apache.catalina.core.ApplicationFilterChain.doFilter(ApplicationFilterChain.java:208)
	at org.apache.catalina.core.StandardWrapperValve.invoke(StandardWrapperValve.java:220)
	at org.apache.catalina.core.StandardContextValve.invoke(StandardContextValve.java:122)
	at org.apache.catalina.authenticator.AuthenticatorBase.invoke(AuthenticatorBase.java:505)
	at org.apache.catalina.core.StandardHostValve.invoke(StandardHostValve.java:170)
	at org.apache.catalina.valves.ErrorReportValve.invoke(ErrorReportValve.java:103)
	at org.apache.catalina.valves.AccessLogValve.invoke(AccessLogValve.java:957)
	at org.apache.catalina.core.StandardEngineValve.invoke(StandardEngineValve.java:116)
	at org.apache.catalina.connector.CoyoteAdapter.service(CoyoteAdapter.java:423)
	at org.apache.coyote.http11.AbstractHttp11Processor.process(AbstractHttp11Processor.java:1079)
	at org.apache.coyote.AbstractProtocol$AbstractConnectionHandler.process(AbstractProtocol.java:620)
	at org.apache.tomcat.util.net.JIoEndpoint$SocketProcessor.run(JIoEndpoint.java:316)
	at java.util.concurrent.ThreadPoolExecutor.runWorker(ThreadPoolExecutor.java:1145)
	at java.util.concurrent.ThreadPoolExecutor$Worker.run(ThreadPoolExecutor.java:615)
	at org.apache.tomcat.util.threads.TaskThread$WrappingRunnable.run(TaskThread.java:61)
	at java.lang.Thread.run(Thread.java:745)

juil. 01, 2015 1:48:58 PM hudson.model.Run execute
INFO: Test job 1 #45 main build action completed: SUCCESS
juil. 01, 2015 1:49:12 PM REST.ApplicationManager gatherDataFromBuildUrl
SEVERE: null
java.io.FileNotFoundException: http://tun8108:8080/jenkins/job/Test%20job%201/46//api/xml
	at sun.net.www.protocol.http.HttpURLConnection.getInputStream(HttpURLConnection.java:1625)
	at java.net.URL.openStream(URL.java:1037)
	at REST.ApplicationManager.gatherDataFromBuildUrl(ApplicationManager.java:60)
	at REST.ApplicationResource$1.run(ApplicationResource.java:62)
	at REST.ApplicationResource.setBuildUrl(ApplicationResource.java:69)
	at sun.reflect.NativeMethodAccessorImpl.invoke0(Native Method)
	at sun.reflect.NativeMethodAccessorImpl.invoke(NativeMethodAccessorImpl.java:57)
	at sun.reflect.DelegatingMethodAccessorImpl.invoke(DelegatingMethodAccessorImpl.java:43)
	at java.lang.reflect.Method.invoke(Method.java:606)
	at org.glassfish.jersey.server.model.internal.ResourceMethodInvocationHandlerFactory$1.invoke(ResourceMethodInvocationHandlerFactory.java:81)
	at org.glassfish.jersey.server.model.internal.AbstractJavaResourceMethodDispatcher$1.run(AbstractJavaResourceMethodDispatcher.java:151)
	at org.glassfish.jersey.server.model.internal.AbstractJavaResourceMethodDispatcher.invoke(AbstractJavaResourceMethodDispatcher.java:171)
	at org.glassfish.jersey.server.model.internal.JavaResourceMethodDispatcherProvider$TypeOutInvoker.doDispatch(JavaResourceMethodDispatcherProvider.java:195)
	at org.glassfish.jersey.server.model.internal.AbstractJavaResourceMethodDispatcher.dispatch(AbstractJavaResourceMethodDispatcher.java:104)
	at org.glassfish.jersey.server.model.ResourceMethodInvoker.invoke(ResourceMethodInvoker.java:402)
	at org.glassfish.jersey.server.model.ResourceMethodInvoker.apply(ResourceMethodInvoker.java:349)
	at org.glassfish.jersey.server.model.ResourceMethodInvoker.apply(ResourceMethodInvoker.java:106)
	at org.glassfish.jersey.server.ServerRuntime$1.run(ServerRuntime.java:259)
	at org.glassfish.jersey.internal.Errors$1.call(Errors.java:271)
	at org.glassfish.jersey.internal.Errors$1.call(Errors.java:267)
	at org.glassfish.jersey.internal.Errors.process(Errors.java:315)
	at org.glassfish.jersey.internal.Errors.process(Errors.java:297)
	at org.glassfish.jersey.internal.Errors.process(Errors.java:267)
	at org.glassfish.jersey.process.internal.RequestScope.runInScope(RequestScope.java:318)
	at org.glassfish.jersey.server.ServerRuntime.process(ServerRuntime.java:236)
	at org.glassfish.jersey.server.ApplicationHandler.handle(ApplicationHandler.java:1010)
	at org.glassfish.jersey.servlet.WebComponent.service(WebComponent.java:373)
	at org.glassfish.jersey.servlet.ServletContainer.service(ServletContainer.java:382)
	at org.glassfish.jersey.servlet.ServletContainer.service(ServletContainer.java:345)
	at org.glassfish.jersey.servlet.ServletContainer.service(ServletContainer.java:220)
	at org.apache.catalina.core.ApplicationFilterChain.internalDoFilter(ApplicationFilterChain.java:303)
	at org.apache.catalina.core.ApplicationFilterChain.doFilter(ApplicationFilterChain.java:208)
	at org.apache.tomcat.websocket.server.WsFilter.doFilter(WsFilter.java:52)
	at org.apache.catalina.core.ApplicationFilterChain.internalDoFilter(ApplicationFilterChain.java:241)
	at org.apache.catalina.core.ApplicationFilterChain.doFilter(ApplicationFilterChain.java:208)
	at org.apache.catalina.core.StandardWrapperValve.invoke(StandardWrapperValve.java:220)
	at org.apache.catalina.core.StandardContextValve.invoke(StandardContextValve.java:122)
	at org.apache.catalina.authenticator.AuthenticatorBase.invoke(AuthenticatorBase.java:505)
	at org.apache.catalina.core.StandardHostValve.invoke(StandardHostValve.java:170)
	at org.apache.catalina.valves.ErrorReportValve.invoke(ErrorReportValve.java:103)
	at org.apache.catalina.valves.AccessLogValve.invoke(AccessLogValve.java:957)
	at org.apache.catalina.core.StandardEngineValve.invoke(StandardEngineValve.java:116)
	at org.apache.catalina.connector.CoyoteAdapter.service(CoyoteAdapter.java:423)
	at org.apache.coyote.http11.AbstractHttp11Processor.process(AbstractHttp11Processor.java:1079)
	at org.apache.coyote.AbstractProtocol$AbstractConnectionHandler.process(AbstractProtocol.java:620)
	at org.apache.tomcat.util.net.JIoEndpoint$SocketProcessor.run(JIoEndpoint.java:316)
	at java.util.concurrent.ThreadPoolExecutor.runWorker(ThreadPoolExecutor.java:1145)
	at java.util.concurrent.ThreadPoolExecutor$Worker.run(ThreadPoolExecutor.java:615)
	at org.apache.tomcat.util.threads.TaskThread$WrappingRunnable.run(TaskThread.java:61)
	at java.lang.Thread.run(Thread.java:745)

juil. 01, 2015 1:49:13 PM hudson.model.Run execute
INFO: Test job 1 #46 main build action completed: SUCCESS
juil. 01, 2015 2:24:09 PM javax.jmdns.impl.DNSIncoming readAnswer
WARNING: There was an OPT answer. Not currently handled. Option code: 65002 data: 4259C460198195E8
juil. 01, 2015 2:24:10 PM javax.jmdns.impl.DNSIncoming readAnswer
WARNING: There was an OPT answer. Not currently handled. Option code: 65002 data: 4259C460198195E8
juil. 01, 2015 2:24:10 PM javax.jmdns.impl.DNSIncoming readAnswer
WARNING: There was an OPT answer. Not currently handled. Option code: 65002 data: 4259C460198195E8
juil. 01, 2015 2:24:10 PM javax.jmdns.impl.DNSIncoming readAnswer
WARNING: There was an OPT answer. Not currently handled. Option code: 65002 data: 4259C460198195E8
juil. 01, 2015 2:24:11 PM javax.jmdns.impl.DNSIncoming readAnswer
WARNING: There was an OPT answer. Not currently handled. Option code: 65002 data: 4259C460198195E8
juil. 01, 2015 2:24:11 PM javax.jmdns.impl.DNSIncoming readAnswer
WARNING: There was an OPT answer. Not currently handled. Option code: 65002 data: 4259C460198195E8
juil. 01, 2015 2:24:12 PM javax.jmdns.impl.DNSIncoming readAnswer
WARNING: There was an OPT answer. Not currently handled. Option code: 65002 data: 4259C460198195E8
juil. 01, 2015 2:24:12 PM javax.jmdns.impl.DNSIncoming readAnswer
WARNING: There was an OPT answer. Not currently handled. Option code: 65002 data: 4259C460198195E8
juil. 01, 2015 2:24:12 PM javax.jmdns.impl.DNSIncoming readAnswer
WARNING: There was an OPT answer. Not currently handled. Option code: 65002 data: 4259C460198195E8
juil. 01, 2015 2:24:15 PM javax.jmdns.impl.DNSIncoming readAnswer
WARNING: There was an OPT answer. Not currently handled. Option code: 65002 data: 4259C460198195E8
juil. 01, 2015 2:24:15 PM javax.jmdns.impl.DNSIncoming readAnswer
WARNING: There was an OPT answer. Not currently handled. Option code: 65002 data: 4259C460198195E8
juil. 01, 2015 2:24:24 PM javax.jmdns.impl.DNSIncoming readAnswer
WARNING: There was an OPT answer. Not currently handled. Option code: 65002 data: 4259C460198195E8
juil. 01, 2015 2:24:24 PM javax.jmdns.impl.DNSIncoming readAnswer
WARNING: There was an OPT answer. Not currently handled. Option code: 65002 data: 4259C460198195E8
juil. 01, 2015 2:24:25 PM javax.jmdns.impl.DNSIncoming readAnswer
WARNING: There was an OPT answer. Not currently handled. Option code: 65002 data: 4259C460198195E8
juil. 01, 2015 2:24:26 PM javax.jmdns.impl.DNSIncoming readAnswer
WARNING: There was an OPT answer. Not currently handled. Option code: 65002 data: 4259C460198195E8
juil. 01, 2015 2:24:28 PM javax.jmdns.impl.DNSIncoming readAnswer
WARNING: There was an OPT answer. Not currently handled. Option code: 65002 data: 4259C460198195E8
juil. 01, 2015 2:41:34 PM javax.jmdns.impl.DNSIncoming readAnswer
WARNING: There was an OPT answer. Not currently handled. Option code: 65002 data: 4259C460198195E8
juil. 01, 2015 2:41:35 PM javax.jmdns.impl.DNSIncoming readAnswer
WARNING: There was an OPT answer. Not currently handled. Option code: 65002 data: 4259C460198195E8
juil. 01, 2015 2:41:35 PM javax.jmdns.impl.DNSIncoming readAnswer
WARNING: There was an OPT answer. Not currently handled. Option code: 65002 data: 4259C460198195E8
juil. 01, 2015 2:41:35 PM javax.jmdns.impl.DNSIncoming readAnswer
WARNING: There was an OPT answer. Not currently handled. Option code: 65002 data: 4259C460198195E8
juil. 01, 2015 2:41:35 PM javax.jmdns.impl.DNSIncoming readAnswer
WARNING: There was an OPT answer. Not currently handled. Option code: 65002 data: 4259C460198195E8
juil. 01, 2015 2:41:35 PM javax.jmdns.impl.DNSIncoming readAnswer
WARNING: There was an OPT answer. Not currently handled. Option code: 65002 data: 4259C460198195E8
juil. 01, 2015 2:41:35 PM javax.jmdns.impl.DNSIncoming readAnswer
WARNING: There was an OPT answer. Not currently handled. Option code: 65002 data: 4259C460198195E8
juil. 01, 2015 2:41:36 PM javax.jmdns.impl.DNSIncoming readAnswer
WARNING: There was an OPT answer. Not currently handled. Option code: 65002 data: 4259C460198195E8
juil. 01, 2015 2:41:37 PM javax.jmdns.impl.DNSIncoming readAnswer
WARNING: There was an OPT answer. Not currently handled. Option code: 65002 data: 4259C460198195E8
juil. 01, 2015 2:41:37 PM javax.jmdns.impl.DNSIncoming readAnswer
WARNING: There was an OPT answer. Not currently handled. Option code: 65002 data: 4259C460198195E8
juil. 01, 2015 2:41:37 PM javax.jmdns.impl.DNSIncoming readAnswer
WARNING: There was an OPT answer. Not currently handled. Option code: 65002 data: 4259C460198195E8
juil. 01, 2015 2:41:40 PM javax.jmdns.impl.DNSIncoming readAnswer
WARNING: There was an OPT answer. Not currently handled. Option code: 65002 data: 4259C460198195E8
juil. 01, 2015 2:41:40 PM javax.jmdns.impl.DNSIncoming readAnswer
WARNING: There was an OPT answer. Not currently handled. Option code: 65002 data: 4259C460198195E8
juil. 01, 2015 2:41:49 PM javax.jmdns.impl.DNSIncoming readAnswer
WARNING: There was an OPT answer. Not currently handled. Option code: 65002 data: 4259C460198195E8
juil. 01, 2015 2:41:49 PM javax.jmdns.impl.DNSIncoming readAnswer
WARNING: There was an OPT answer. Not currently handled. Option code: 65002 data: 4259C460198195E8
juil. 01, 2015 2:43:21 PM javax.jmdns.impl.DNSIncoming readAnswer
WARNING: There was an OPT answer. Not currently handled. Option code: 65002 data: 4259C460198195E8
juil. 01, 2015 2:43:21 PM javax.jmdns.impl.DNSIncoming readAnswer
WARNING: There was an OPT answer. Not currently handled. Option code: 65002 data: 4259C460198195E8
juil. 01, 2015 2:43:21 PM javax.jmdns.impl.DNSIncoming readAnswer
WARNING: There was an OPT answer. Not currently handled. Option code: 65002 data: 4259C460198195E8
juil. 01, 2015 2:43:22 PM javax.jmdns.impl.DNSIncoming readAnswer
WARNING: There was an OPT answer. Not currently handled. Option code: 65002 data: 4259C460198195E8
juil. 01, 2015 2:43:22 PM javax.jmdns.impl.DNSIncoming readAnswer
WARNING: There was an OPT answer. Not currently handled. Option code: 65002 data: 4259C460198195E8
juil. 01, 2015 2:43:22 PM javax.jmdns.impl.DNSIncoming readAnswer
WARNING: There was an OPT answer. Not currently handled. Option code: 65002 data: 4259C460198195E8
juil. 01, 2015 2:43:22 PM javax.jmdns.impl.DNSIncoming readAnswer
WARNING: There was an OPT answer. Not currently handled. Option code: 65002 data: 4259C460198195E8
juil. 01, 2015 2:43:22 PM javax.jmdns.impl.DNSIncoming readAnswer
WARNING: There was an OPT answer. Not currently handled. Option code: 65002 data: 4259C460198195E8
juil. 01, 2015 2:43:22 PM javax.jmdns.impl.DNSIncoming readAnswer
WARNING: There was an OPT answer. Not currently handled. Option code: 65002 data: 4259C460198195E8
juil. 01, 2015 2:43:23 PM javax.jmdns.impl.DNSIncoming readAnswer
WARNING: There was an OPT answer. Not currently handled. Option code: 65002 data: 4259C460198195E8
juil. 01, 2015 2:43:23 PM javax.jmdns.impl.DNSIncoming readAnswer
WARNING: There was an OPT answer. Not currently handled. Option code: 65002 data: 4259C460198195E8
juil. 01, 2015 2:43:23 PM javax.jmdns.impl.DNSIncoming readAnswer
WARNING: There was an OPT answer. Not currently handled. Option code: 65002 data: 4259C460198195E8
juil. 01, 2015 2:43:23 PM javax.jmdns.impl.DNSIncoming readAnswer
WARNING: There was an OPT answer. Not currently handled. Option code: 65002 data: 4259C460198195E8
juil. 01, 2015 2:43:23 PM javax.jmdns.impl.DNSIncoming readAnswer
WARNING: There was an OPT answer. Not currently handled. Option code: 65002 data: 4259C460198195E8
juil. 01, 2015 2:43:23 PM javax.jmdns.impl.DNSIncoming readAnswer
WARNING: There was an OPT answer. Not currently handled. Option code: 65002 data: 4259C460198195E8
juil. 01, 2015 2:43:23 PM javax.jmdns.impl.DNSIncoming readAnswer
WARNING: There was an OPT answer. Not currently handled. Option code: 65002 data: 4259C460198195E8
juil. 01, 2015 2:43:24 PM javax.jmdns.impl.DNSIncoming readAnswer
WARNING: There was an OPT answer. Not currently handled. Option code: 65002 data: 4259C460198195E8
juil. 01, 2015 2:43:24 PM javax.jmdns.impl.DNSIncoming readAnswer
WARNING: There was an OPT answer. Not currently handled. Option code: 65002 data: 4259C460198195E8
juil. 01, 2015 2:43:24 PM javax.jmdns.impl.DNSIncoming readAnswer
WARNING: There was an OPT answer. Not currently handled. Option code: 65002 data: 4259C460198195E8
juil. 01, 2015 2:43:24 PM javax.jmdns.impl.DNSIncoming readAnswer
WARNING: There was an OPT answer. Not currently handled. Option code: 65002 data: 4259C460198195E8
juil. 01, 2015 2:43:27 PM javax.jmdns.impl.DNSIncoming readAnswer
WARNING: There was an OPT answer. Not currently handled. Option code: 65002 data: 4259C460198195E8
juil. 01, 2015 2:43:27 PM javax.jmdns.impl.DNSIncoming readAnswer
WARNING: There was an OPT answer. Not currently handled. Option code: 65002 data: 4259C460198195E8
juil. 01, 2015 2:43:27 PM javax.jmdns.impl.DNSIncoming readAnswer
WARNING: There was an OPT answer. Not currently handled. Option code: 65002 data: 4259C460198195E8
juil. 01, 2015 2:43:28 PM javax.jmdns.impl.DNSIncoming readAnswer
WARNING: There was an OPT answer. Not currently handled. Option code: 65002 data: 4259C460198195E8
juil. 01, 2015 2:43:35 PM javax.jmdns.impl.DNSIncoming readAnswer
WARNING: There was an OPT answer. Not currently handled. Option code: 65002 data: 4259C460198195E8
juil. 01, 2015 2:43:36 PM javax.jmdns.impl.DNSIncoming readAnswer
WARNING: There was an OPT answer. Not currently handled. Option code: 65002 data: 4259C460198195E8
juil. 01, 2015 2:43:36 PM javax.jmdns.impl.DNSIncoming readAnswer
WARNING: There was an OPT answer. Not currently handled. Option code: 65002 data: 4259C460198195E8
juil. 01, 2015 2:43:36 PM javax.jmdns.impl.DNSIncoming readAnswer
WARNING: There was an OPT answer. Not currently handled. Option code: 65002 data: 4259C460198195E8
juil. 01, 2015 2:43:37 PM javax.jmdns.impl.DNSIncoming readAnswer
WARNING: There was an OPT answer. Not currently handled. Option code: 65002 data: 4259C460198195E8
juil. 01, 2015 3:17:20 PM hudson.model.AsyncPeriodicWork$1 run
INFO: Started Fingerprint cleanup
juil. 01, 2015 3:17:20 PM hudson.model.AsyncPeriodicWork$1 run
INFO: Finished Fingerprint cleanup. 1 ms
juil. 01, 2015 4:06:16 PM javax.jmdns.impl.DNSIncoming readAnswer
WARNING: There was an OPT answer. Not currently handled. Option code: 65002 data: 4259C460198195E8
juil. 01, 2015 4:06:17 PM javax.jmdns.impl.DNSIncoming readAnswer
WARNING: There was an OPT answer. Not currently handled. Option code: 65002 data: 4259C460198195E8
juil. 01, 2015 4:06:17 PM javax.jmdns.impl.DNSIncoming readAnswer
WARNING: There was an OPT answer. Not currently handled. Option code: 65002 data: 4259C460198195E8
juil. 01, 2015 4:06:17 PM javax.jmdns.impl.DNSIncoming readAnswer
WARNING: There was an OPT answer. Not currently handled. Option code: 65002 data: 4259C460198195E8
juil. 01, 2015 4:06:17 PM javax.jmdns.impl.DNSIncoming readAnswer
WARNING: There was an OPT answer. Not currently handled. Option code: 65002 data: 4259C460198195E8
juil. 01, 2015 4:06:18 PM javax.jmdns.impl.DNSIncoming readAnswer
WARNING: There was an OPT answer. Not currently handled. Option code: 65002 data: 4259C460198195E8
juil. 01, 2015 4:06:18 PM javax.jmdns.impl.DNSIncoming readAnswer
WARNING: There was an OPT answer. Not currently handled. Option code: 65002 data: 4259C460198195E8
juil. 01, 2015 4:06:19 PM javax.jmdns.impl.DNSIncoming readAnswer
WARNING: There was an OPT answer. Not currently handled. Option code: 65002 data: 4259C460198195E8
juil. 01, 2015 4:06:22 PM javax.jmdns.impl.DNSIncoming readAnswer
WARNING: There was an OPT answer. Not currently handled. Option code: 65002 data: 4259C460198195E8
juil. 01, 2015 4:06:31 PM javax.jmdns.impl.DNSIncoming readAnswer
WARNING: There was an OPT answer. Not currently handled. Option code: 65002 data: 4259C460198195E8
juil. 01, 2015 4:06:32 PM javax.jmdns.impl.DNSIncoming readAnswer
WARNING: There was an OPT answer. Not currently handled. Option code: 65002 data: 4259C460198195E8
juil. 01, 2015 4:06:33 PM javax.jmdns.impl.DNSIncoming readAnswer
WARNING: There was an OPT answer. Not currently handled. Option code: 65002 data: 4259C460198195E8
juil. 01, 2015 4:06:35 PM javax.jmdns.impl.DNSIncoming readAnswer
WARNING: There was an OPT answer. Not currently handled. Option code: 65002 data: 4259C460198195E8
juil. 01, 2015 4:12:19 PM javax.jmdns.impl.DNSIncoming readAnswer
WARNING: There was an OPT answer. Not currently handled. Option code: 65002 data: 4259C460198195E8
juil. 01, 2015 4:12:19 PM javax.jmdns.impl.DNSIncoming readAnswer
WARNING: There was an OPT answer. Not currently handled. Option code: 65002 data: 4259C460198195E8
juil. 01, 2015 4:12:20 PM javax.jmdns.impl.DNSIncoming readAnswer
WARNING: There was an OPT answer. Not currently handled. Option code: 65002 data: 4259C460198195E8
juil. 01, 2015 4:12:20 PM javax.jmdns.impl.DNSIncoming readAnswer
WARNING: There was an OPT answer. Not currently handled. Option code: 65002 data: 4259C460198195E8
juil. 01, 2015 4:53:40 PM hudson.model.AsyncPeriodicWork$1 run
INFO: Started Workspace clean-up
juil. 01, 2015 4:53:40 PM hudson.model.AsyncPeriodicWork$1 run
INFO: Finished Workspace clean-up. 4 ms
