juil. 07, 2015 1:32:02 AM hudson.model.AsyncPeriodicWork$1 run
INFO: Started Fingerprint cleanup
juil. 07, 2015 1:32:02 AM hudson.model.AsyncPeriodicWork$1 run
INFO: Finished Fingerprint cleanup. 2 ms
juil. 07, 2015 10:54:56 AM org.apache.catalina.core.StandardServer await
INFO: A valid shutdown command was received via the shutdown port. Stopping the Server instance.
juil. 07, 2015 10:54:56 AM org.apache.coyote.AbstractProtocol pause
INFO: Pausing ProtocolHandler ["http-bio-8080"]
juil. 07, 2015 10:54:57 AM org.apache.coyote.AbstractProtocol pause
INFO: Pausing ProtocolHandler ["http-bio-8443"]
juil. 07, 2015 10:54:57 AM org.apache.coyote.AbstractProtocol pause
INFO: Pausing ProtocolHandler ["ajp-bio-8009"]
juil. 07, 2015 10:54:57 AM org.apache.catalina.core.StandardService stopInternal
INFO: Stopping service Catalina
juil. 07, 2015 10:54:58 AM org.apache.catalina.loader.WebappClassLoader checkThreadLocalMapForLeaks
SEVERE: The web application [/jenkins] created a ThreadLocal with key of type [java.lang.ThreadLocal] (value [java.lang.ThreadLocal@38f0bc00]) and a value of type [org.acegisecurity.context.SecurityContextImpl] (value [org.acegisecurity.context.SecurityContextImpl@ffffffff: Null authentication]) but failed to remove it when the web application was stopped. Threads are going to be renewed over time to try and avoid a probable memory leak.
juil. 07, 2015 10:54:58 AM org.apache.catalina.loader.WebappClassLoader clearReferencesJdbc
SEVERE: The web application [/NunitToDbRESTful] registered the JDBC driver [com.microsoft.sqlserver.jdbc.SQLServerDriver] but failed to unregister it when the web application was stopped. To prevent a memory leak, the JDBC Driver has been forcibly unregistered.
juil. 07, 2015 10:54:58 AM org.apache.catalina.loader.WebappClassLoader checkThreadLocalMapForLeaks
SEVERE: The web application [/NunitToDbRESTful] created a ThreadLocal with key of type [com.microsoft.sqlserver.jdbc.ActivityCorrelator$1] (value [com.microsoft.sqlserver.jdbc.ActivityCorrelator$1@2bda65ac]) and a value of type [com.microsoft.sqlserver.jdbc.ActivityId] (value [42a68b0d-e160-4d82-b0a8-406fffbcb449-1]) but failed to remove it when the web application was stopped. Threads are going to be renewed over time to try and avoid a probable memory leak.
juil. 07, 2015 10:54:58 AM org.apache.coyote.AbstractProtocol stop
INFO: Stopping ProtocolHandler ["http-bio-8080"]
juil. 07, 2015 10:54:58 AM org.apache.coyote.AbstractProtocol stop
INFO: Stopping ProtocolHandler ["http-bio-8443"]
juil. 07, 2015 10:54:58 AM org.apache.coyote.AbstractProtocol stop
INFO: Stopping ProtocolHandler ["ajp-bio-8009"]
juil. 07, 2015 10:54:58 AM org.apache.coyote.AbstractProtocol destroy
INFO: Destroying ProtocolHandler ["http-bio-8080"]
juil. 07, 2015 10:54:58 AM org.apache.coyote.AbstractProtocol destroy
INFO: Destroying ProtocolHandler ["http-bio-8443"]
juil. 07, 2015 10:54:58 AM org.apache.coyote.AbstractProtocol destroy
INFO: Destroying ProtocolHandler ["ajp-bio-8009"]
juil. 07, 2015 10:55:02 AM org.apache.catalina.startup.VersionLoggerListener log
INFO: Server version:        Apache Tomcat/7.0.62
juil. 07, 2015 10:55:02 AM org.apache.catalina.startup.VersionLoggerListener log
INFO: Server built:          May 7 2015 17:14:55 UTC
juil. 07, 2015 10:55:02 AM org.apache.catalina.startup.VersionLoggerListener log
INFO: Server number:         7.0.62.0
juil. 07, 2015 10:55:02 AM org.apache.catalina.startup.VersionLoggerListener log
INFO: OS Name:               Windows 7
juil. 07, 2015 10:55:02 AM org.apache.catalina.startup.VersionLoggerListener log
INFO: OS Version:            6.1
juil. 07, 2015 10:55:02 AM org.apache.catalina.startup.VersionLoggerListener log
INFO: Architecture:          amd64
juil. 07, 2015 10:55:02 AM org.apache.catalina.startup.VersionLoggerListener log
INFO: Java Home:             C:\Program Files\Java\jdk1.7.0_75\jre
juil. 07, 2015 10:55:02 AM org.apache.catalina.startup.VersionLoggerListener log
INFO: JVM Version:           1.7.0_75-b13
juil. 07, 2015 10:55:02 AM org.apache.catalina.startup.VersionLoggerListener log
INFO: JVM Vendor:            Oracle Corporation
juil. 07, 2015 10:55:02 AM org.apache.catalina.startup.VersionLoggerListener log
INFO: CATALINA_BASE:         C:\apache-tomcat-7.0.62
juil. 07, 2015 10:55:02 AM org.apache.catalina.startup.VersionLoggerListener log
INFO: CATALINA_HOME:         C:\apache-tomcat-7.0.62
juil. 07, 2015 10:55:02 AM org.apache.catalina.startup.VersionLoggerListener log
INFO: Command line argument: -Dhttp.nonProxyHosts=localhost|127.0.0.1|TUN8108
juil. 07, 2015 10:55:02 AM org.apache.catalina.startup.VersionLoggerListener log
INFO: Command line argument: -Djava.util.logging.config.file=C:\apache-tomcat-7.0.62\conf\logging.properties
juil. 07, 2015 10:55:02 AM org.apache.catalina.startup.VersionLoggerListener log
INFO: Command line argument: -Djava.util.logging.manager=org.apache.juli.ClassLoaderLogManager
juil. 07, 2015 10:55:02 AM org.apache.catalina.startup.VersionLoggerListener log
INFO: Command line argument: -Djava.endorsed.dirs=C:\apache-tomcat-7.0.62\endorsed
juil. 07, 2015 10:55:02 AM org.apache.catalina.startup.VersionLoggerListener log
INFO: Command line argument: -Dcatalina.base=C:\apache-tomcat-7.0.62
juil. 07, 2015 10:55:02 AM org.apache.catalina.startup.VersionLoggerListener log
INFO: Command line argument: -Dcatalina.home=C:\apache-tomcat-7.0.62
juil. 07, 2015 10:55:02 AM org.apache.catalina.startup.VersionLoggerListener log
INFO: Command line argument: -Djava.io.tmpdir=C:\apache-tomcat-7.0.62\temp
juil. 07, 2015 10:55:02 AM org.apache.catalina.core.AprLifecycleListener lifecycleEvent
INFO: The APR based Apache Tomcat Native library which allows optimal performance in production environments was not found on the java.library.path: C:\Program Files\Java\jdk1.7.0_75\bin;C:\WINDOWS\Sun\Java\bin;C:\WINDOWS\system32;C:\WINDOWS;C:\WINDOWS\system32;C:\WINDOWS;C:\WINDOWS\System32\Wbem;C:\WINDOWS\System32\WindowsPowerShell\v1.0\;C:\Program Files (x86)\Microsoft ASP.NET\ASP.NET Web Pages\v1.0\;C:\Program Files (x86)\Windows Kits\8.0\Windows Performance Toolkit\;C:\Program Files\Microsoft SQL Server\110\Tools\Binn\;D:\PFE Chedli Utilities\apache-maven-3.2.5\bin;C:\Program Files (x86)\Git\cmd;C:\Program Files\TortoiseGit\bin;C:\Program Files (x86)\NUnit 2.6.4\bin;C:\Windows\Microsoft.NET\Framework64\v4.0.30319\;C:\Program Files (x86)\Microsoft SQL Server\100\Tools\Binn\VSShell\Common7\IDE\;C:\Program Files (x86)\Microsoft SQL Server\100\Tools\Binn\;C:\Program Files\Microsoft SQL Server\100\Tools\Binn\;C:\Program Files (x86)\Microsoft SQL Server\100\DTS\Binn\;C:\Program Files\Microsoft SQL Server\100\DTS\Binn\;C:\Program Files (x86)\Microsoft Visual Studio 9.0\Common7\IDE\PrivateAssemblies\;C:\Program Files (x86)\Subversion\bin;C:\Program Files (x86)\Subversion\bin;C:\msysgit\bin;C:\Program Files\Java\jdk1.7.0_75\bin;C:\WINDOWS\System32\WindowsPowerShell\v1.0\;C:\Program Files\Microsoft\Web Platform Installer\;C:\apache-ant-1.9.5\bin;C:\ProgramData\chocolatey\bin;;.
juil. 07, 2015 10:55:02 AM org.apache.coyote.AbstractProtocol init
INFO: Initializing ProtocolHandler ["http-bio-8080"]
juil. 07, 2015 10:55:02 AM org.apache.coyote.AbstractProtocol init
INFO: Initializing ProtocolHandler ["http-bio-8443"]
juil. 07, 2015 10:55:02 AM org.apache.coyote.AbstractProtocol init
INFO: Initializing ProtocolHandler ["ajp-bio-8009"]
juil. 07, 2015 10:55:02 AM org.apache.catalina.startup.Catalina load
INFO: Initialization processed in 691 ms
juil. 07, 2015 10:55:02 AM org.apache.catalina.core.StandardService startInternal
INFO: Starting service Catalina
juil. 07, 2015 10:55:02 AM org.apache.catalina.core.StandardEngine startInternal
INFO: Starting Servlet Engine: Apache Tomcat/7.0.62
juil. 07, 2015 10:55:02 AM org.apache.catalina.startup.HostConfig deployWAR
INFO: Deploying web application archive C:\apache-tomcat-7.0.62\webapps\jenkins.war
juil. 07, 2015 10:55:06 AM org.apache.catalina.startup.TldConfig execute
INFO: At least one JAR was scanned for TLDs yet contained no TLDs. Enable debug logging for this logger for a complete list of JARs that were scanned but no TLDs were found in them. Skipping unneeded JARs during scanning can improve startup time and JSP compilation time.
juil. 07, 2015 10:55:07 AM org.apache.catalina.startup.HostConfig deployWAR
INFO: Deployment of web application archive C:\apache-tomcat-7.0.62\webapps\jenkins.war has finished in 4,037 ms
juil. 07, 2015 10:55:07 AM org.apache.catalina.startup.HostConfig deployWAR
INFO: Deploying web application archive C:\apache-tomcat-7.0.62\webapps\NunitToDbRESTful.war
juil. 07, 2015 10:55:07 AM org.apache.catalina.loader.WebappClassLoader validateJarFile
INFO: validateJarFile(C:\apache-tomcat-7.0.62\webapps\NunitToDbRESTful\WEB-INF\lib\javax.servlet-api-3.0.1.jar) - jar not loaded. See Servlet Spec 3.0, section 10.7.2. Offending class: javax/servlet/Servlet.class
juil. 07, 2015 10:55:07 AM jenkins.InitReactorRunner$1 onAttained
INFO: Started initialization
juil. 07, 2015 10:55:07 AM jenkins.InitReactorRunner$1 onAttained
INFO: Listed all plugins
juil. 07, 2015 10:55:08 AM jenkins.InitReactorRunner$1 onAttained
INFO: Prepared all plugins
juil. 07, 2015 10:55:08 AM jenkins.InitReactorRunner$1 onAttained
INFO: Started all plugins
juil. 07, 2015 10:55:08 AM jenkins.InitReactorRunner$1 onAttained
INFO: Augmented all extensions
juil. 07, 2015 10:55:08 AM org.apache.catalina.startup.TldConfig execute
INFO: At least one JAR was scanned for TLDs yet contained no TLDs. Enable debug logging for this logger for a complete list of JARs that were scanned but no TLDs were found in them. Skipping unneeded JARs during scanning can improve startup time and JSP compilation time.
juil. 07, 2015 10:55:08 AM org.glassfish.jersey.servlet.init.JerseyServletContainerInitializer addServletWithApplication
INFO: Registering the Jersey servlet application, named REST.ApplicationConfig, at the servlet mapping /resources/*, with the Application class of the same name.
juil. 07, 2015 10:55:08 AM org.glassfish.jersey.server.ApplicationHandler initialize
INFO: Initiating Jersey application, version Jersey: 2.5.1 2014-01-02 13:43:00...
juil. 07, 2015 10:55:08 AM org.apache.catalina.startup.HostConfig deployWAR
INFO: Deployment of web application archive C:\apache-tomcat-7.0.62\webapps\NunitToDbRESTful.war has finished in 1,906 ms
juil. 07, 2015 10:55:08 AM org.apache.catalina.startup.HostConfig deployDirectory
INFO: Deploying web application directory C:\apache-tomcat-7.0.62\webapps\host-manager
juil. 07, 2015 10:55:09 AM org.apache.catalina.startup.TldConfig execute
INFO: At least one JAR was scanned for TLDs yet contained no TLDs. Enable debug logging for this logger for a complete list of JARs that were scanned but no TLDs were found in them. Skipping unneeded JARs during scanning can improve startup time and JSP compilation time.
juil. 07, 2015 10:55:09 AM org.apache.catalina.startup.HostConfig deployDirectory
INFO: Deployment of web application directory C:\apache-tomcat-7.0.62\webapps\host-manager has finished in 276 ms
juil. 07, 2015 10:55:09 AM org.apache.catalina.startup.HostConfig deployDirectory
INFO: Deploying web application directory C:\apache-tomcat-7.0.62\webapps\manager
juil. 07, 2015 10:55:09 AM org.apache.catalina.startup.TldConfig execute
INFO: At least one JAR was scanned for TLDs yet contained no TLDs. Enable debug logging for this logger for a complete list of JARs that were scanned but no TLDs were found in them. Skipping unneeded JARs during scanning can improve startup time and JSP compilation time.
juil. 07, 2015 10:55:09 AM org.apache.catalina.startup.HostConfig deployDirectory
INFO: Deployment of web application directory C:\apache-tomcat-7.0.62\webapps\manager has finished in 264 ms
juil. 07, 2015 10:55:09 AM org.apache.catalina.startup.HostConfig deployDirectory
INFO: Deploying web application directory C:\apache-tomcat-7.0.62\webapps\ROOT
juil. 07, 2015 10:55:09 AM org.apache.catalina.startup.TldConfig execute
INFO: At least one JAR was scanned for TLDs yet contained no TLDs. Enable debug logging for this logger for a complete list of JARs that were scanned but no TLDs were found in them. Skipping unneeded JARs during scanning can improve startup time and JSP compilation time.
juil. 07, 2015 10:55:09 AM org.apache.catalina.startup.HostConfig deployDirectory
INFO: Deployment of web application directory C:\apache-tomcat-7.0.62\webapps\ROOT has finished in 382 ms
juil. 07, 2015 10:55:09 AM org.apache.coyote.AbstractProtocol start
INFO: Starting ProtocolHandler ["http-bio-8080"]
juil. 07, 2015 10:55:09 AM org.apache.coyote.AbstractProtocol start
INFO: Starting ProtocolHandler ["http-bio-8443"]
juil. 07, 2015 10:55:09 AM org.apache.coyote.AbstractProtocol start
INFO: Starting ProtocolHandler ["ajp-bio-8009"]
juil. 07, 2015 10:55:09 AM org.apache.catalina.startup.Catalina start
INFO: Server startup in 6926 ms
juil. 07, 2015 10:55:10 AM jenkins.InitReactorRunner$1 onAttained
INFO: Loaded all jobs
juil. 07, 2015 10:55:11 AM org.apache.catalina.startup.HostConfig undeploy
INFO: Undeploying context [/NunitToDbRESTful]
juil. 07, 2015 10:55:11 AM org.apache.catalina.startup.HostConfig deployDescriptor
INFO: Deploying configuration descriptor C:\apache-tomcat-7.0.62\conf\Catalina\localhost\NunitToDbRESTful.xml
juil. 07, 2015 10:55:11 AM org.apache.catalina.loader.WebappClassLoader validateJarFile
INFO: validateJarFile(C:\NunitToDbREST\build\web\WEB-INF\lib\javax.servlet-api-3.0.1.jar) - jar not loaded. See Servlet Spec 3.0, section 10.7.2. Offending class: javax/servlet/Servlet.class
juil. 07, 2015 10:55:11 AM org.jenkinsci.main.modules.sshd.SSHD start
INFO: Started SSHD at port 64886
juil. 07, 2015 10:55:11 AM jenkins.InitReactorRunner$1 onAttained
INFO: Completed initialization
juil. 07, 2015 10:55:11 AM hudson.WebAppMain$3 run
INFO: Jenkins is fully up and running
juil. 07, 2015 10:55:12 AM org.apache.catalina.startup.TldConfig execute
INFO: At least one JAR was scanned for TLDs yet contained no TLDs. Enable debug logging for this logger for a complete list of JARs that were scanned but no TLDs were found in them. Skipping unneeded JARs during scanning can improve startup time and JSP compilation time.
juil. 07, 2015 10:55:12 AM org.glassfish.jersey.servlet.init.JerseyServletContainerInitializer addServletWithApplication
INFO: Registering the Jersey servlet application, named REST.ApplicationConfig, at the servlet mapping /resources/*, with the Application class of the same name.
juil. 07, 2015 10:55:12 AM org.glassfish.jersey.server.ApplicationHandler initialize
INFO: Initiating Jersey application, version Jersey: 2.5.1 2014-01-02 13:43:00...
juil. 07, 2015 10:55:12 AM org.apache.catalina.startup.HostConfig deployDescriptor
INFO: Deployment of configuration descriptor C:\apache-tomcat-7.0.62\conf\Catalina\localhost\NunitToDbRESTful.xml has finished in 1,841 ms
juil. 07, 2015 10:55:12 AM org.apache.catalina.util.LifecycleBase start
INFO: The start() method was called on component [StandardEngine[Catalina].StandardHost[localhost].StandardContext[/NunitToDbRESTful]] after start() had already been called. The second call will be ignored.
juil. 07, 2015 10:56:33 AM org.apache.catalina.startup.HostConfig undeploy
INFO: Undeploying context [/NunitToDbRESTful]
juil. 07, 2015 10:56:33 AM org.apache.catalina.startup.HostConfig deployDescriptor
INFO: Deploying configuration descriptor C:\apache-tomcat-7.0.62\conf\Catalina\localhost\NunitToDbRESTful.xml
juil. 07, 2015 10:56:33 AM org.apache.catalina.loader.WebappClassLoader validateJarFile
INFO: validateJarFile(C:\NunitToDbREST\build\web\WEB-INF\lib\javax.servlet-api-3.0.1.jar) - jar not loaded. See Servlet Spec 3.0, section 10.7.2. Offending class: javax/servlet/Servlet.class
juil. 07, 2015 10:56:34 AM org.apache.catalina.startup.TldConfig execute
INFO: At least one JAR was scanned for TLDs yet contained no TLDs. Enable debug logging for this logger for a complete list of JARs that were scanned but no TLDs were found in them. Skipping unneeded JARs during scanning can improve startup time and JSP compilation time.
juil. 07, 2015 10:56:34 AM org.glassfish.jersey.servlet.init.JerseyServletContainerInitializer addServletWithApplication
INFO: Registering the Jersey servlet application, named REST.ApplicationConfig, at the servlet mapping /resources/*, with the Application class of the same name.
juil. 07, 2015 10:56:34 AM org.glassfish.jersey.server.ApplicationHandler initialize
INFO: Initiating Jersey application, version Jersey: 2.5.1 2014-01-02 13:43:00...
juil. 07, 2015 10:56:34 AM org.apache.catalina.startup.HostConfig deployDescriptor
INFO: Deployment of configuration descriptor C:\apache-tomcat-7.0.62\conf\Catalina\localhost\NunitToDbRESTful.xml has finished in 1,702 ms
juil. 07, 2015 10:56:34 AM org.apache.catalina.util.LifecycleBase start
INFO: The start() method was called on component [StandardEngine[Catalina].StandardHost[localhost].StandardContext[/NunitToDbRESTful]] after start() had already been called. The second call will be ignored.
juil. 07, 2015 12:20:29 PM org.apache.catalina.startup.HostConfig undeploy
INFO: Undeploying context [/NunitToDbRESTful]
juil. 07, 2015 12:20:29 PM org.apache.catalina.startup.HostConfig deployDescriptor
INFO: Deploying configuration descriptor C:\apache-tomcat-7.0.62\conf\Catalina\localhost\NunitToDbRESTful.xml
juil. 07, 2015 12:20:29 PM org.apache.catalina.loader.WebappClassLoader validateJarFile
INFO: validateJarFile(C:\NunitToDbREST\build\web\WEB-INF\lib\javax.servlet-api-3.0.1.jar) - jar not loaded. See Servlet Spec 3.0, section 10.7.2. Offending class: javax/servlet/Servlet.class
juil. 07, 2015 12:20:31 PM org.apache.catalina.startup.TldConfig execute
INFO: At least one JAR was scanned for TLDs yet contained no TLDs. Enable debug logging for this logger for a complete list of JARs that were scanned but no TLDs were found in them. Skipping unneeded JARs during scanning can improve startup time and JSP compilation time.
juil. 07, 2015 12:20:31 PM org.glassfish.jersey.servlet.init.JerseyServletContainerInitializer addServletWithApplication
INFO: Registering the Jersey servlet application, named REST.ApplicationConfig, at the servlet mapping /resources/*, with the Application class of the same name.
juil. 07, 2015 12:20:31 PM org.glassfish.jersey.server.ApplicationHandler initialize
INFO: Initiating Jersey application, version Jersey: 2.5.1 2014-01-02 13:43:00...
juil. 07, 2015 12:20:31 PM org.apache.catalina.startup.HostConfig deployDescriptor
INFO: Deployment of configuration descriptor C:\apache-tomcat-7.0.62\conf\Catalina\localhost\NunitToDbRESTful.xml has finished in 2,123 ms
juil. 07, 2015 12:20:31 PM org.apache.catalina.util.LifecycleBase start
INFO: The start() method was called on component [StandardEngine[Catalina].StandardHost[localhost].StandardContext[/NunitToDbRESTful]] after start() had already been called. The second call will be ignored.
juil. 07, 2015 3:20:38 PM hudson.model.AsyncPeriodicWork$1 run
INFO: Started Fingerprint cleanup
juil. 07, 2015 3:20:38 PM hudson.model.AsyncPeriodicWork$1 run
INFO: Finished Fingerprint cleanup. 2 ms
juil. 07, 2015 5:58:36 PM org.apache.catalina.core.StandardServer await
INFO: A valid shutdown command was received via the shutdown port. Stopping the Server instance.
juil. 07, 2015 5:58:36 PM org.apache.coyote.AbstractProtocol pause
INFO: Pausing ProtocolHandler ["http-bio-8080"]
juil. 07, 2015 5:58:36 PM org.apache.coyote.AbstractProtocol pause
INFO: Pausing ProtocolHandler ["http-bio-8443"]
juil. 07, 2015 5:58:36 PM org.apache.coyote.AbstractProtocol pause
INFO: Pausing ProtocolHandler ["ajp-bio-8009"]
juil. 07, 2015 5:58:36 PM org.apache.catalina.core.StandardService stopInternal
INFO: Stopping service Catalina
juil. 07, 2015 5:58:39 PM org.apache.catalina.loader.WebappClassLoader checkThreadLocalMapForLeaks
SEVERE: The web application [/jenkins] created a ThreadLocal with key of type [java.lang.ThreadLocal] (value [java.lang.ThreadLocal@209a8060]) and a value of type [org.acegisecurity.context.SecurityContextImpl] (value [org.acegisecurity.context.SecurityContextImpl@ffffffff: Null authentication]) but failed to remove it when the web application was stopped. Threads are going to be renewed over time to try and avoid a probable memory leak.
juil. 07, 2015 5:58:39 PM org.apache.coyote.AbstractProtocol stop
INFO: Stopping ProtocolHandler ["http-bio-8080"]
juil. 07, 2015 5:58:39 PM org.apache.coyote.AbstractProtocol stop
INFO: Stopping ProtocolHandler ["http-bio-8443"]
juil. 07, 2015 5:58:39 PM org.apache.coyote.AbstractProtocol stop
INFO: Stopping ProtocolHandler ["ajp-bio-8009"]
juil. 07, 2015 5:58:39 PM org.apache.coyote.AbstractProtocol destroy
INFO: Destroying ProtocolHandler ["http-bio-8080"]
juil. 07, 2015 5:58:39 PM org.apache.coyote.AbstractProtocol destroy
INFO: Destroying ProtocolHandler ["http-bio-8443"]
juil. 07, 2015 5:58:39 PM org.apache.coyote.AbstractProtocol destroy
INFO: Destroying ProtocolHandler ["ajp-bio-8009"]
