juil. 22, 2015 11:47:06 AM org.apache.catalina.core.StandardContext reload
INFO: Reloading Context with name [/NunitToDbRESTful] has started
juil. 22, 2015 11:47:06 AM org.apache.catalina.loader.WebappClassLoader validateJarFile
INFO: validateJarFile(C:\NunitToDbREST\build\web\WEB-INF\lib\javax.servlet-api-3.0.1.jar) - jar not loaded. See Servlet Spec 3.0, section 10.7.2. Offending class: javax/servlet/Servlet.class
juil. 22, 2015 11:47:08 AM org.apache.catalina.startup.TldConfig execute
INFO: At least one JAR was scanned for TLDs yet contained no TLDs. Enable debug logging for this logger for a complete list of JARs that were scanned but no TLDs were found in them. Skipping unneeded JARs during scanning can improve startup time and JSP compilation time.
juil. 22, 2015 11:47:08 AM org.glassfish.jersey.servlet.init.JerseyServletContainerInitializer addServletWithApplication
INFO: Registering the Jersey servlet application, named REST.ApplicationConfig, at the servlet mapping /resources/*, with the Application class of the same name.
juil. 22, 2015 11:47:08 AM org.glassfish.jersey.server.ApplicationHandler initialize
INFO: Initiating Jersey application, version Jersey: 2.5.1 2014-01-02 13:43:00...
juil. 22, 2015 11:47:09 AM org.apache.catalina.core.StandardContext reload
INFO: Reloading Context with name [/NunitToDbRESTful] is completed
juil. 22, 2015 12:33:12 PM hudson.model.AsyncPeriodicWork$1 run
INFO: Started Download metadata
juil. 22, 2015 12:33:12 PM hudson.model.AsyncPeriodicWork$1 run
INFO: Finished Download metadata. 3 ms
juil. 22, 2015 2:29:55 PM org.apache.catalina.core.StandardContext reload
INFO: Reloading Context with name [/NunitToDbRESTful] has started
juil. 22, 2015 2:29:55 PM org.apache.catalina.loader.WebappClassLoader validateJarFile
INFO: validateJarFile(C:\NunitToDbREST\build\web\WEB-INF\lib\javax.servlet-api-3.0.1.jar) - jar not loaded. See Servlet Spec 3.0, section 10.7.2. Offending class: javax/servlet/Servlet.class
juil. 22, 2015 2:29:57 PM org.apache.catalina.startup.TldConfig execute
INFO: At least one JAR was scanned for TLDs yet contained no TLDs. Enable debug logging for this logger for a complete list of JARs that were scanned but no TLDs were found in them. Skipping unneeded JARs during scanning can improve startup time and JSP compilation time.
juil. 22, 2015 2:29:57 PM org.glassfish.jersey.servlet.init.JerseyServletContainerInitializer addServletWithApplication
INFO: Registering the Jersey servlet application, named REST.ApplicationConfig, at the servlet mapping /resources/*, with the Application class of the same name.
juil. 22, 2015 2:29:57 PM org.glassfish.jersey.server.ApplicationHandler initialize
INFO: Initiating Jersey application, version Jersey: 2.5.1 2014-01-02 13:43:00...
juil. 22, 2015 2:29:58 PM org.apache.catalina.core.StandardContext reload
INFO: Reloading Context with name [/NunitToDbRESTful] is completed
juil. 22, 2015 2:29:59 PM org.apache.catalina.core.StandardContext reload
INFO: Reloading Context with name [/NunitToDbRESTful] has started
juil. 22, 2015 2:29:59 PM org.apache.catalina.loader.WebappClassLoader validateJarFile
INFO: validateJarFile(C:\NunitToDbREST\build\web\WEB-INF\lib\javax.servlet-api-3.0.1.jar) - jar not loaded. See Servlet Spec 3.0, section 10.7.2. Offending class: javax/servlet/Servlet.class
juil. 22, 2015 2:30:01 PM org.apache.catalina.startup.TldConfig execute
INFO: At least one JAR was scanned for TLDs yet contained no TLDs. Enable debug logging for this logger for a complete list of JARs that were scanned but no TLDs were found in them. Skipping unneeded JARs during scanning can improve startup time and JSP compilation time.
juil. 22, 2015 2:30:01 PM org.glassfish.jersey.servlet.init.JerseyServletContainerInitializer addServletWithApplication
INFO: Registering the Jersey servlet application, named REST.ApplicationConfig, at the servlet mapping /resources/*, with the Application class of the same name.
juil. 22, 2015 2:30:01 PM org.glassfish.jersey.server.ApplicationHandler initialize
INFO: Initiating Jersey application, version Jersey: 2.5.1 2014-01-02 13:43:00...
juil. 22, 2015 2:30:02 PM org.apache.catalina.core.StandardContext reload
INFO: Reloading Context with name [/NunitToDbRESTful] is completed
juil. 22, 2015 3:13:24 PM hudson.model.AsyncPeriodicWork$1 run
INFO: Started Fingerprint cleanup
juil. 22, 2015 3:13:24 PM hudson.model.AsyncPeriodicWork$1 run
INFO: Finished Fingerprint cleanup. 3 ms
juil. 22, 2015 3:50:45 PM org.apache.catalina.core.StandardContext reload
INFO: Reloading Context with name [/NunitToDbRESTful] has started
juil. 22, 2015 3:50:45 PM org.apache.catalina.loader.WebappClassLoader validateJarFile
INFO: validateJarFile(C:\NunitToDbREST\build\web\WEB-INF\lib\javax.servlet-api-3.0.1.jar) - jar not loaded. See Servlet Spec 3.0, section 10.7.2. Offending class: javax/servlet/Servlet.class
juil. 22, 2015 3:50:46 PM org.apache.catalina.startup.TldConfig execute
INFO: At least one JAR was scanned for TLDs yet contained no TLDs. Enable debug logging for this logger for a complete list of JARs that were scanned but no TLDs were found in them. Skipping unneeded JARs during scanning can improve startup time and JSP compilation time.
juil. 22, 2015 3:50:46 PM org.glassfish.jersey.servlet.init.JerseyServletContainerInitializer addServletWithApplication
INFO: Registering the Jersey servlet application, named REST.ApplicationConfig, at the servlet mapping /resources/*, with the Application class of the same name.
juil. 22, 2015 3:50:47 PM org.glassfish.jersey.server.ApplicationHandler initialize
INFO: Initiating Jersey application, version Jersey: 2.5.1 2014-01-02 13:43:00...
juil. 22, 2015 3:50:47 PM org.apache.catalina.core.StandardContext reload
INFO: Reloading Context with name [/NunitToDbRESTful] is completed
juil. 22, 2015 3:50:48 PM org.apache.catalina.core.StandardContext reload
INFO: Reloading Context with name [/NunitToDbRESTful] has started
juil. 22, 2015 3:50:48 PM org.apache.catalina.loader.WebappClassLoader validateJarFile
INFO: validateJarFile(C:\NunitToDbREST\build\web\WEB-INF\lib\javax.servlet-api-3.0.1.jar) - jar not loaded. See Servlet Spec 3.0, section 10.7.2. Offending class: javax/servlet/Servlet.class
juil. 22, 2015 3:50:50 PM org.apache.catalina.startup.TldConfig execute
INFO: At least one JAR was scanned for TLDs yet contained no TLDs. Enable debug logging for this logger for a complete list of JARs that were scanned but no TLDs were found in them. Skipping unneeded JARs during scanning can improve startup time and JSP compilation time.
juil. 22, 2015 3:50:50 PM org.glassfish.jersey.servlet.init.JerseyServletContainerInitializer addServletWithApplication
INFO: Registering the Jersey servlet application, named REST.ApplicationConfig, at the servlet mapping /resources/*, with the Application class of the same name.
juil. 22, 2015 3:50:50 PM org.glassfish.jersey.server.ApplicationHandler initialize
INFO: Initiating Jersey application, version Jersey: 2.5.1 2014-01-02 13:43:00...
juil. 22, 2015 3:50:50 PM org.apache.catalina.core.StandardContext reload
INFO: Reloading Context with name [/NunitToDbRESTful] is completed
juil. 22, 2015 3:55:48 PM org.apache.catalina.core.StandardContext reload
INFO: Reloading Context with name [/NunitToDbRESTful] has started
juil. 22, 2015 3:55:48 PM org.apache.catalina.loader.WebappClassLoader validateJarFile
INFO: validateJarFile(C:\NunitToDbREST\build\web\WEB-INF\lib\javax.servlet-api-3.0.1.jar) - jar not loaded. See Servlet Spec 3.0, section 10.7.2. Offending class: javax/servlet/Servlet.class
juil. 22, 2015 3:55:50 PM org.apache.catalina.startup.TldConfig execute
INFO: At least one JAR was scanned for TLDs yet contained no TLDs. Enable debug logging for this logger for a complete list of JARs that were scanned but no TLDs were found in them. Skipping unneeded JARs during scanning can improve startup time and JSP compilation time.
juil. 22, 2015 3:55:50 PM org.glassfish.jersey.servlet.init.JerseyServletContainerInitializer addServletWithApplication
INFO: Registering the Jersey servlet application, named REST.ApplicationConfig, at the servlet mapping /resources/*, with the Application class of the same name.
juil. 22, 2015 3:55:50 PM org.glassfish.jersey.server.ApplicationHandler initialize
INFO: Initiating Jersey application, version Jersey: 2.5.1 2014-01-02 13:43:00...
juil. 22, 2015 3:55:50 PM org.apache.catalina.core.StandardContext reload
INFO: Reloading Context with name [/NunitToDbRESTful] is completed
juil. 22, 2015 3:55:50 PM org.apache.catalina.core.StandardContext reload
INFO: Reloading Context with name [/NunitToDbRESTful] has started
juil. 22, 2015 3:55:50 PM org.apache.catalina.loader.WebappClassLoader validateJarFile
INFO: validateJarFile(C:\NunitToDbREST\build\web\WEB-INF\lib\javax.servlet-api-3.0.1.jar) - jar not loaded. See Servlet Spec 3.0, section 10.7.2. Offending class: javax/servlet/Servlet.class
juil. 22, 2015 3:55:52 PM org.apache.catalina.startup.TldConfig execute
INFO: At least one JAR was scanned for TLDs yet contained no TLDs. Enable debug logging for this logger for a complete list of JARs that were scanned but no TLDs were found in them. Skipping unneeded JARs during scanning can improve startup time and JSP compilation time.
juil. 22, 2015 3:55:52 PM org.glassfish.jersey.servlet.init.JerseyServletContainerInitializer addServletWithApplication
INFO: Registering the Jersey servlet application, named REST.ApplicationConfig, at the servlet mapping /resources/*, with the Application class of the same name.
juil. 22, 2015 3:55:52 PM org.glassfish.jersey.server.ApplicationHandler initialize
INFO: Initiating Jersey application, version Jersey: 2.5.1 2014-01-02 13:43:00...
juil. 22, 2015 3:55:52 PM org.apache.catalina.core.StandardContext reload
INFO: Reloading Context with name [/NunitToDbRESTful] is completed
juil. 22, 2015 3:57:54 PM org.apache.catalina.core.StandardContext reload
INFO: Reloading Context with name [/NunitToDbRESTful] has started
juil. 22, 2015 3:57:54 PM org.apache.catalina.loader.WebappClassLoader validateJarFile
INFO: validateJarFile(C:\NunitToDbREST\build\web\WEB-INF\lib\javax.servlet-api-3.0.1.jar) - jar not loaded. See Servlet Spec 3.0, section 10.7.2. Offending class: javax/servlet/Servlet.class
juil. 22, 2015 3:57:56 PM org.apache.catalina.startup.TldConfig execute
INFO: At least one JAR was scanned for TLDs yet contained no TLDs. Enable debug logging for this logger for a complete list of JARs that were scanned but no TLDs were found in them. Skipping unneeded JARs during scanning can improve startup time and JSP compilation time.
juil. 22, 2015 3:57:56 PM org.glassfish.jersey.servlet.init.JerseyServletContainerInitializer addServletWithApplication
INFO: Registering the Jersey servlet application, named REST.ApplicationConfig, at the servlet mapping /resources/*, with the Application class of the same name.
juil. 22, 2015 3:57:56 PM org.glassfish.jersey.server.ApplicationHandler initialize
INFO: Initiating Jersey application, version Jersey: 2.5.1 2014-01-02 13:43:00...
juil. 22, 2015 3:57:56 PM org.apache.catalina.core.StandardContext reload
INFO: Reloading Context with name [/NunitToDbRESTful] is completed
juil. 22, 2015 3:57:56 PM org.apache.catalina.core.StandardContext reload
INFO: Reloading Context with name [/NunitToDbRESTful] has started
juil. 22, 2015 3:57:56 PM org.apache.catalina.loader.WebappClassLoader validateJarFile
INFO: validateJarFile(C:\NunitToDbREST\build\web\WEB-INF\lib\javax.servlet-api-3.0.1.jar) - jar not loaded. See Servlet Spec 3.0, section 10.7.2. Offending class: javax/servlet/Servlet.class
juil. 22, 2015 3:57:58 PM org.apache.catalina.startup.TldConfig execute
INFO: At least one JAR was scanned for TLDs yet contained no TLDs. Enable debug logging for this logger for a complete list of JARs that were scanned but no TLDs were found in them. Skipping unneeded JARs during scanning can improve startup time and JSP compilation time.
juil. 22, 2015 3:57:58 PM org.glassfish.jersey.servlet.init.JerseyServletContainerInitializer addServletWithApplication
INFO: Registering the Jersey servlet application, named REST.ApplicationConfig, at the servlet mapping /resources/*, with the Application class of the same name.
juil. 22, 2015 3:57:58 PM org.glassfish.jersey.server.ApplicationHandler initialize
INFO: Initiating Jersey application, version Jersey: 2.5.1 2014-01-02 13:43:00...
juil. 22, 2015 3:57:59 PM org.apache.catalina.core.StandardContext reload
INFO: Reloading Context with name [/NunitToDbRESTful] is completed
juil. 22, 2015 4:03:34 PM org.apache.catalina.core.StandardContext reload
INFO: Reloading Context with name [/NunitToDbRESTful] has started
juil. 22, 2015 4:03:35 PM org.apache.catalina.loader.WebappClassLoader validateJarFile
INFO: validateJarFile(C:\NunitToDbREST\build\web\WEB-INF\lib\javax.servlet-api-3.0.1.jar) - jar not loaded. See Servlet Spec 3.0, section 10.7.2. Offending class: javax/servlet/Servlet.class
juil. 22, 2015 4:03:36 PM org.apache.catalina.startup.TldConfig execute
INFO: At least one JAR was scanned for TLDs yet contained no TLDs. Enable debug logging for this logger for a complete list of JARs that were scanned but no TLDs were found in them. Skipping unneeded JARs during scanning can improve startup time and JSP compilation time.
juil. 22, 2015 4:03:36 PM org.glassfish.jersey.servlet.init.JerseyServletContainerInitializer addServletWithApplication
INFO: Registering the Jersey servlet application, named REST.ApplicationConfig, at the servlet mapping /resources/*, with the Application class of the same name.
juil. 22, 2015 4:03:37 PM org.glassfish.jersey.server.ApplicationHandler initialize
INFO: Initiating Jersey application, version Jersey: 2.5.1 2014-01-02 13:43:00...
juil. 22, 2015 4:03:37 PM org.apache.catalina.core.StandardContext reload
INFO: Reloading Context with name [/NunitToDbRESTful] is completed
juil. 22, 2015 4:03:37 PM org.apache.catalina.core.StandardContext reload
INFO: Reloading Context with name [/NunitToDbRESTful] has started
juil. 22, 2015 4:03:37 PM org.apache.catalina.loader.WebappClassLoader validateJarFile
INFO: validateJarFile(C:\NunitToDbREST\build\web\WEB-INF\lib\javax.servlet-api-3.0.1.jar) - jar not loaded. See Servlet Spec 3.0, section 10.7.2. Offending class: javax/servlet/Servlet.class
juil. 22, 2015 4:03:38 PM org.apache.catalina.startup.TldConfig execute
INFO: At least one JAR was scanned for TLDs yet contained no TLDs. Enable debug logging for this logger for a complete list of JARs that were scanned but no TLDs were found in them. Skipping unneeded JARs during scanning can improve startup time and JSP compilation time.
juil. 22, 2015 4:03:38 PM org.glassfish.jersey.servlet.init.JerseyServletContainerInitializer addServletWithApplication
INFO: Registering the Jersey servlet application, named REST.ApplicationConfig, at the servlet mapping /resources/*, with the Application class of the same name.
juil. 22, 2015 4:03:39 PM org.glassfish.jersey.server.ApplicationHandler initialize
INFO: Initiating Jersey application, version Jersey: 2.5.1 2014-01-02 13:43:00...
juil. 22, 2015 4:03:39 PM org.apache.catalina.core.StandardContext reload
INFO: Reloading Context with name [/NunitToDbRESTful] is completed
juil. 22, 2015 4:03:41 PM org.apache.catalina.core.StandardContext reload
INFO: Reloading Context with name [/NunitToDbRESTful] has started
juil. 22, 2015 4:03:41 PM org.apache.catalina.loader.WebappClassLoader validateJarFile
INFO: validateJarFile(C:\NunitToDbREST\build\web\WEB-INF\lib\javax.servlet-api-3.0.1.jar) - jar not loaded. See Servlet Spec 3.0, section 10.7.2. Offending class: javax/servlet/Servlet.class
juil. 22, 2015 4:03:42 PM org.apache.catalina.startup.TldConfig execute
INFO: At least one JAR was scanned for TLDs yet contained no TLDs. Enable debug logging for this logger for a complete list of JARs that were scanned but no TLDs were found in them. Skipping unneeded JARs during scanning can improve startup time and JSP compilation time.
juil. 22, 2015 4:03:43 PM org.glassfish.jersey.servlet.init.JerseyServletContainerInitializer addServletWithApplication
INFO: Registering the Jersey servlet application, named REST.ApplicationConfig, at the servlet mapping /resources/*, with the Application class of the same name.
juil. 22, 2015 4:03:43 PM org.glassfish.jersey.server.ApplicationHandler initialize
INFO: Initiating Jersey application, version Jersey: 2.5.1 2014-01-02 13:43:00...
juil. 22, 2015 4:03:43 PM org.apache.catalina.core.StandardContext reload
INFO: Reloading Context with name [/NunitToDbRESTful] is completed
juil. 22, 2015 4:03:43 PM org.apache.catalina.core.StandardContext reload
INFO: Reloading Context with name [/NunitToDbRESTful] has started
juil. 22, 2015 4:03:43 PM org.apache.catalina.loader.WebappClassLoader validateJarFile
INFO: validateJarFile(C:\NunitToDbREST\build\web\WEB-INF\lib\javax.servlet-api-3.0.1.jar) - jar not loaded. See Servlet Spec 3.0, section 10.7.2. Offending class: javax/servlet/Servlet.class
juil. 22, 2015 4:03:45 PM org.apache.catalina.startup.TldConfig execute
INFO: At least one JAR was scanned for TLDs yet contained no TLDs. Enable debug logging for this logger for a complete list of JARs that were scanned but no TLDs were found in them. Skipping unneeded JARs during scanning can improve startup time and JSP compilation time.
juil. 22, 2015 4:03:45 PM org.glassfish.jersey.servlet.init.JerseyServletContainerInitializer addServletWithApplication
INFO: Registering the Jersey servlet application, named REST.ApplicationConfig, at the servlet mapping /resources/*, with the Application class of the same name.
juil. 22, 2015 4:03:45 PM org.glassfish.jersey.server.ApplicationHandler initialize
INFO: Initiating Jersey application, version Jersey: 2.5.1 2014-01-02 13:43:00...
juil. 22, 2015 4:03:45 PM org.apache.catalina.core.StandardContext reload
INFO: Reloading Context with name [/NunitToDbRESTful] is completed
juil. 22, 2015 4:25:05 PM org.apache.catalina.core.StandardContext reload
INFO: Reloading Context with name [/NunitToDbRESTful] has started
juil. 22, 2015 4:25:05 PM org.apache.catalina.loader.WebappClassLoader validateJarFile
INFO: validateJarFile(C:\NunitToDbREST\build\web\WEB-INF\lib\javax.servlet-api-3.0.1.jar) - jar not loaded. See Servlet Spec 3.0, section 10.7.2. Offending class: javax/servlet/Servlet.class
juil. 22, 2015 4:25:07 PM org.apache.catalina.startup.TldConfig execute
INFO: At least one JAR was scanned for TLDs yet contained no TLDs. Enable debug logging for this logger for a complete list of JARs that were scanned but no TLDs were found in them. Skipping unneeded JARs during scanning can improve startup time and JSP compilation time.
juil. 22, 2015 4:25:07 PM org.glassfish.jersey.servlet.init.JerseyServletContainerInitializer addServletWithApplication
INFO: Registering the Jersey servlet application, named REST.ApplicationConfig, at the servlet mapping /resources/*, with the Application class of the same name.
juil. 22, 2015 4:25:07 PM org.glassfish.jersey.server.ApplicationHandler initialize
INFO: Initiating Jersey application, version Jersey: 2.5.1 2014-01-02 13:43:00...
juil. 22, 2015 4:25:08 PM org.apache.catalina.core.StandardContext reload
INFO: Reloading Context with name [/NunitToDbRESTful] is completed
juil. 22, 2015 4:25:08 PM org.apache.catalina.core.StandardContext reload
INFO: Reloading Context with name [/NunitToDbRESTful] has started
juil. 22, 2015 4:25:08 PM org.apache.catalina.loader.WebappClassLoader validateJarFile
INFO: validateJarFile(C:\NunitToDbREST\build\web\WEB-INF\lib\javax.servlet-api-3.0.1.jar) - jar not loaded. See Servlet Spec 3.0, section 10.7.2. Offending class: javax/servlet/Servlet.class
juil. 22, 2015 4:25:09 PM org.apache.catalina.startup.TldConfig execute
INFO: At least one JAR was scanned for TLDs yet contained no TLDs. Enable debug logging for this logger for a complete list of JARs that were scanned but no TLDs were found in them. Skipping unneeded JARs during scanning can improve startup time and JSP compilation time.
juil. 22, 2015 4:25:09 PM org.glassfish.jersey.servlet.init.JerseyServletContainerInitializer addServletWithApplication
INFO: Registering the Jersey servlet application, named REST.ApplicationConfig, at the servlet mapping /resources/*, with the Application class of the same name.
juil. 22, 2015 4:25:10 PM org.glassfish.jersey.server.ApplicationHandler initialize
INFO: Initiating Jersey application, version Jersey: 2.5.1 2014-01-02 13:43:00...
juil. 22, 2015 4:25:10 PM org.apache.catalina.core.StandardContext reload
INFO: Reloading Context with name [/NunitToDbRESTful] is completed
juil. 22, 2015 8:46:56 PM hudson.model.AsyncPeriodicWork$1 run
INFO: Started Workspace clean-up
juil. 22, 2015 8:46:56 PM hudson.model.AsyncPeriodicWork$1 run
INFO: Finished Workspace clean-up. 26 ms
