juil. 16, 2015 8:42:14 AM hudson.model.AsyncPeriodicWork$1 run
INFO: Started Download metadata
juil. 16, 2015 8:42:14 AM hudson.model.AsyncPeriodicWork$1 run
INFO: Finished Download metadata. 2 ms
juil. 16, 2015 9:26:47 AM hudson.model.AsyncPeriodicWork$1 run
INFO: Started Fingerprint cleanup
juil. 16, 2015 9:26:47 AM hudson.model.AsyncPeriodicWork$1 run
INFO: Finished Fingerprint cleanup. 2 ms
juil. 16, 2015 10:48:43 AM org.apache.catalina.util.LifecycleBase stop
INFO: The stop() method was called on component [StandardEngine[Catalina].StandardHost[localhost].StandardContext[/NunitToDbRESTful]] after stop() had already been called. The second call will be ignored.
juil. 16, 2015 10:48:51 AM org.apache.catalina.util.LifecycleBase stop
INFO: The stop() method was called on component [StandardEngine[Catalina].StandardHost[localhost].StandardContext[/NunitToDbRESTful]] after stop() had already been called. The second call will be ignored.
juil. 16, 2015 12:24:19 PM org.apache.catalina.util.LifecycleBase stop
INFO: The stop() method was called on component [StandardEngine[Catalina].StandardHost[localhost].StandardContext[/NunitToDbRESTful]] after stop() had already been called. The second call will be ignored.
juil. 16, 2015 12:24:31 PM org.apache.catalina.util.LifecycleBase stop
INFO: The stop() method was called on component [StandardEngine[Catalina].StandardHost[localhost].StandardContext[/NunitToDbRESTful]] after stop() had already been called. The second call will be ignored.
juil. 16, 2015 12:24:46 PM org.apache.catalina.util.LifecycleBase stop
INFO: The stop() method was called on component [StandardEngine[Catalina].StandardHost[localhost].StandardContext[/NunitToDbRESTful]] after stop() had already been called. The second call will be ignored.
juil. 16, 2015 1:11:36 PM org.apache.catalina.util.LifecycleBase stop
INFO: The stop() method was called on component [StandardEngine[Catalina].StandardHost[localhost].StandardContext[/NunitToDbRESTful]] after stop() had already been called. The second call will be ignored.
juil. 16, 2015 1:15:19 PM org.apache.catalina.startup.HostConfig undeploy
INFO: Undeploying context [/NunitToDbRESTful]
juil. 16, 2015 1:15:19 PM org.apache.catalina.startup.ExpandWar deleteDir
SEVERE: [C:\apache-tomcat-7.0.62\webapps\NunitToDbRESTful\WEB-INF\lib] could not be completely deleted. The presence of the remaining files may cause problems
juil. 16, 2015 1:15:19 PM org.apache.catalina.startup.ExpandWar deleteDir
SEVERE: [C:\apache-tomcat-7.0.62\webapps\NunitToDbRESTful\WEB-INF] could not be completely deleted. The presence of the remaining files may cause problems
juil. 16, 2015 1:15:19 PM org.apache.catalina.startup.ExpandWar deleteDir
SEVERE: [C:\apache-tomcat-7.0.62\webapps\NunitToDbRESTful] could not be completely deleted. The presence of the remaining files may cause problems
juil. 16, 2015 1:15:19 PM org.apache.catalina.startup.ExpandWar delete
SEVERE: [C:\apache-tomcat-7.0.62\webapps\NunitToDbRESTful] could not be completely deleted. The presence of the remaining files may cause problems
juil. 16, 2015 1:15:19 PM org.apache.catalina.startup.HostConfig deployWAR
INFO: Deploying web application archive C:\apache-tomcat-7.0.62\webapps\NunitToDbRESTful.war
juil. 16, 2015 1:15:20 PM org.apache.catalina.loader.WebappClassLoader validateJarFile
INFO: validateJarFile(C:\apache-tomcat-7.0.62\webapps\NunitToDbRESTful\WEB-INF\lib\javax.servlet-api-3.0.1.jar) - jar not loaded. See Servlet Spec 3.0, section 10.7.2. Offending class: javax/servlet/Servlet.class
juil. 16, 2015 1:15:20 PM org.apache.catalina.startup.TldConfig execute
INFO: At least one JAR was scanned for TLDs yet contained no TLDs. Enable debug logging for this logger for a complete list of JARs that were scanned but no TLDs were found in them. Skipping unneeded JARs during scanning can improve startup time and JSP compilation time.
juil. 16, 2015 1:15:20 PM org.apache.catalina.startup.HostConfig deployWAR
INFO: Deployment of web application archive C:\apache-tomcat-7.0.62\webapps\NunitToDbRESTful.war has finished in 268 ms
juil. 16, 2015 1:15:25 PM org.apache.catalina.core.StandardContext reload
INFO: Reloading Context with name [/NunitToDbRESTful] has started
juil. 16, 2015 1:15:25 PM org.apache.catalina.loader.WebappClassLoader validateJarFile
INFO: validateJarFile(C:\apache-tomcat-7.0.62\webapps\NunitToDbRESTful\WEB-INF\lib\javax.servlet-api-3.0.1.jar) - jar not loaded. See Servlet Spec 3.0, section 10.7.2. Offending class: javax/servlet/Servlet.class
juil. 16, 2015 1:15:25 PM org.apache.catalina.startup.TldConfig execute
INFO: At least one JAR was scanned for TLDs yet contained no TLDs. Enable debug logging for this logger for a complete list of JARs that were scanned but no TLDs were found in them. Skipping unneeded JARs during scanning can improve startup time and JSP compilation time.
juil. 16, 2015 1:15:25 PM org.apache.catalina.core.StandardContext reload
INFO: Reloading Context with name [/NunitToDbRESTful] is completed
juil. 16, 2015 1:15:26 PM org.apache.catalina.core.StandardContext reload
INFO: Reloading Context with name [/NunitToDbRESTful] has started
juil. 16, 2015 1:15:26 PM org.apache.catalina.loader.WebappClassLoader validateJarFile
INFO: validateJarFile(C:\apache-tomcat-7.0.62\webapps\NunitToDbRESTful\WEB-INF\lib\javax.servlet-api-3.0.1.jar) - jar not loaded. See Servlet Spec 3.0, section 10.7.2. Offending class: javax/servlet/Servlet.class
juil. 16, 2015 1:15:26 PM org.apache.catalina.startup.TldConfig execute
INFO: At least one JAR was scanned for TLDs yet contained no TLDs. Enable debug logging for this logger for a complete list of JARs that were scanned but no TLDs were found in them. Skipping unneeded JARs during scanning can improve startup time and JSP compilation time.
juil. 16, 2015 1:15:26 PM org.apache.catalina.core.StandardContext reload
INFO: Reloading Context with name [/NunitToDbRESTful] is completed
juil. 16, 2015 1:15:29 PM org.apache.catalina.core.StandardContext reload
INFO: Reloading Context with name [/NunitToDbRESTful] has started
juil. 16, 2015 1:15:29 PM org.apache.catalina.loader.WebappClassLoader validateJarFile
INFO: validateJarFile(C:\apache-tomcat-7.0.62\webapps\NunitToDbRESTful\WEB-INF\lib\javax.servlet-api-3.0.1.jar) - jar not loaded. See Servlet Spec 3.0, section 10.7.2. Offending class: javax/servlet/Servlet.class
juil. 16, 2015 1:15:29 PM org.apache.catalina.startup.TldConfig execute
INFO: At least one JAR was scanned for TLDs yet contained no TLDs. Enable debug logging for this logger for a complete list of JARs that were scanned but no TLDs were found in them. Skipping unneeded JARs during scanning can improve startup time and JSP compilation time.
juil. 16, 2015 1:15:29 PM org.apache.catalina.core.StandardContext reload
INFO: Reloading Context with name [/NunitToDbRESTful] is completed
juil. 16, 2015 1:15:39 PM org.apache.catalina.core.StandardContext reload
INFO: Reloading Context with name [/NunitToDbRESTful] has started
juil. 16, 2015 1:15:39 PM org.apache.catalina.loader.WebappClassLoader validateJarFile
INFO: validateJarFile(C:\apache-tomcat-7.0.62\webapps\NunitToDbRESTful\WEB-INF\lib\javax.servlet-api-3.0.1.jar) - jar not loaded. See Servlet Spec 3.0, section 10.7.2. Offending class: javax/servlet/Servlet.class
juil. 16, 2015 1:15:39 PM org.apache.catalina.startup.TldConfig execute
INFO: At least one JAR was scanned for TLDs yet contained no TLDs. Enable debug logging for this logger for a complete list of JARs that were scanned but no TLDs were found in them. Skipping unneeded JARs during scanning can improve startup time and JSP compilation time.
juil. 16, 2015 1:15:39 PM org.apache.catalina.core.StandardContext reload
INFO: Reloading Context with name [/NunitToDbRESTful] is completed
juil. 16, 2015 1:15:48 PM org.apache.catalina.util.LifecycleBase stop
INFO: The stop() method was called on component [StandardEngine[Catalina].StandardHost[localhost].StandardContext[/NunitToDbRESTful]] after stop() had already been called. The second call will be ignored.
juil. 16, 2015 1:15:49 PM org.apache.catalina.util.LifecycleBase stop
INFO: The stop() method was called on component [StandardEngine[Catalina].StandardHost[localhost].StandardContext[/NunitToDbRESTful]] after stop() had already been called. The second call will be ignored.
juil. 16, 2015 1:15:50 PM org.apache.catalina.startup.HostConfig undeploy
INFO: Undeploying context [/NunitToDbRESTful]
juil. 16, 2015 1:15:50 PM org.apache.catalina.startup.ExpandWar deleteDir
SEVERE: [C:\apache-tomcat-7.0.62\webapps\NunitToDbRESTful\WEB-INF\lib] could not be completely deleted. The presence of the remaining files may cause problems
juil. 16, 2015 1:15:50 PM org.apache.catalina.startup.ExpandWar deleteDir
SEVERE: [C:\apache-tomcat-7.0.62\webapps\NunitToDbRESTful\WEB-INF] could not be completely deleted. The presence of the remaining files may cause problems
juil. 16, 2015 1:15:50 PM org.apache.catalina.startup.ExpandWar deleteDir
SEVERE: [C:\apache-tomcat-7.0.62\webapps\NunitToDbRESTful] could not be completely deleted. The presence of the remaining files may cause problems
juil. 16, 2015 1:15:50 PM org.apache.catalina.startup.ExpandWar delete
SEVERE: [C:\apache-tomcat-7.0.62\webapps\NunitToDbRESTful] could not be completely deleted. The presence of the remaining files may cause problems
juil. 16, 2015 1:16:00 PM org.apache.catalina.startup.HostConfig deployDirectory
INFO: Deploying web application directory C:\apache-tomcat-7.0.62\webapps\NunitToDbRESTful
juil. 16, 2015 1:16:00 PM org.apache.catalina.loader.WebappClassLoader validateJarFile
INFO: validateJarFile(C:\apache-tomcat-7.0.62\webapps\NunitToDbRESTful\WEB-INF\lib\javax.servlet-api-3.0.1.jar) - jar not loaded. See Servlet Spec 3.0, section 10.7.2. Offending class: javax/servlet/Servlet.class
juil. 16, 2015 1:16:01 PM org.apache.catalina.startup.TldConfig execute
INFO: At least one JAR was scanned for TLDs yet contained no TLDs. Enable debug logging for this logger for a complete list of JARs that were scanned but no TLDs were found in them. Skipping unneeded JARs during scanning can improve startup time and JSP compilation time.
juil. 16, 2015 1:16:01 PM org.apache.catalina.startup.HostConfig deployDirectory
INFO: Deployment of web application directory C:\apache-tomcat-7.0.62\webapps\NunitToDbRESTful has finished in 239 ms
juil. 16, 2015 1:16:39 PM org.apache.catalina.util.LifecycleBase stop
INFO: The stop() method was called on component [StandardEngine[Catalina].StandardHost[localhost].StandardContext[/NunitToDbRESTful]] after stop() had already been called. The second call will be ignored.
juil. 16, 2015 1:16:40 PM org.apache.catalina.util.LifecycleBase stop
INFO: The stop() method was called on component [StandardEngine[Catalina].StandardHost[localhost].StandardContext[/NunitToDbRESTful]] after stop() had already been called. The second call will be ignored.
juil. 16, 2015 1:17:02 PM org.apache.catalina.util.LifecycleBase stop
INFO: The stop() method was called on component [StandardEngine[Catalina].StandardHost[localhost].StandardContext[/NunitToDbRESTful]] after stop() had already been called. The second call will be ignored.
juil. 16, 2015 1:17:23 PM org.apache.catalina.core.StandardServer await
INFO: A valid shutdown command was received via the shutdown port. Stopping the Server instance.
juil. 16, 2015 1:17:23 PM org.apache.coyote.AbstractProtocol pause
INFO: Pausing ProtocolHandler ["http-bio-8080"]
juil. 16, 2015 1:17:23 PM org.apache.coyote.AbstractProtocol pause
INFO: Pausing ProtocolHandler ["http-bio-8443"]
juil. 16, 2015 1:17:23 PM org.apache.coyote.AbstractProtocol pause
INFO: Pausing ProtocolHandler ["ajp-bio-8009"]
juil. 16, 2015 1:17:23 PM org.apache.catalina.core.StandardService stopInternal
INFO: Stopping service Catalina
juil. 16, 2015 1:17:25 PM org.apache.catalina.loader.WebappClassLoader checkThreadLocalMapForLeaks
SEVERE: The web application [/jenkins] created a ThreadLocal with key of type [java.lang.ThreadLocal] (value [java.lang.ThreadLocal@25e62c9d]) and a value of type [org.acegisecurity.context.SecurityContextImpl] (value [org.acegisecurity.context.SecurityContextImpl@ffffffff: Null authentication]) but failed to remove it when the web application was stopped. Threads are going to be renewed over time to try and avoid a probable memory leak.
juil. 16, 2015 1:17:25 PM org.apache.coyote.AbstractProtocol stop
INFO: Stopping ProtocolHandler ["http-bio-8080"]
juil. 16, 2015 1:17:25 PM org.apache.coyote.AbstractProtocol stop
INFO: Stopping ProtocolHandler ["http-bio-8443"]
juil. 16, 2015 1:17:26 PM org.apache.coyote.AbstractProtocol stop
INFO: Stopping ProtocolHandler ["ajp-bio-8009"]
juil. 16, 2015 1:17:26 PM org.apache.coyote.AbstractProtocol destroy
INFO: Destroying ProtocolHandler ["http-bio-8080"]
juil. 16, 2015 1:17:26 PM org.apache.coyote.AbstractProtocol destroy
INFO: Destroying ProtocolHandler ["http-bio-8443"]
juil. 16, 2015 1:17:26 PM org.apache.coyote.AbstractProtocol destroy
INFO: Destroying ProtocolHandler ["ajp-bio-8009"]
juil. 16, 2015 1:17:35 PM org.apache.catalina.startup.VersionLoggerListener log
INFO: Server version:        Apache Tomcat/7.0.62
juil. 16, 2015 1:17:35 PM org.apache.catalina.startup.VersionLoggerListener log
INFO: Server built:          May 7 2015 17:14:55 UTC
juil. 16, 2015 1:17:35 PM org.apache.catalina.startup.VersionLoggerListener log
INFO: Server number:         7.0.62.0
juil. 16, 2015 1:17:35 PM org.apache.catalina.startup.VersionLoggerListener log
INFO: OS Name:               Windows 7
juil. 16, 2015 1:17:35 PM org.apache.catalina.startup.VersionLoggerListener log
INFO: OS Version:            6.1
juil. 16, 2015 1:17:35 PM org.apache.catalina.startup.VersionLoggerListener log
INFO: Architecture:          amd64
juil. 16, 2015 1:17:35 PM org.apache.catalina.startup.VersionLoggerListener log
INFO: Java Home:             C:\Program Files\Java\jdk1.7.0_75\jre
juil. 16, 2015 1:17:35 PM org.apache.catalina.startup.VersionLoggerListener log
INFO: JVM Version:           1.7.0_75-b13
juil. 16, 2015 1:17:35 PM org.apache.catalina.startup.VersionLoggerListener log
INFO: JVM Vendor:            Oracle Corporation
juil. 16, 2015 1:17:35 PM org.apache.catalina.startup.VersionLoggerListener log
INFO: CATALINA_BASE:         C:\apache-tomcat-7.0.62
juil. 16, 2015 1:17:35 PM org.apache.catalina.startup.VersionLoggerListener log
INFO: CATALINA_HOME:         C:\apache-tomcat-7.0.62
juil. 16, 2015 1:17:35 PM org.apache.catalina.startup.VersionLoggerListener log
INFO: Command line argument: -Djava.util.logging.config.file=C:\apache-tomcat-7.0.62\conf\logging.properties
juil. 16, 2015 1:17:35 PM org.apache.catalina.startup.VersionLoggerListener log
INFO: Command line argument: -Djava.util.logging.manager=org.apache.juli.ClassLoaderLogManager
juil. 16, 2015 1:17:35 PM org.apache.catalina.startup.VersionLoggerListener log
INFO: Command line argument: -Djava.endorsed.dirs=C:\apache-tomcat-7.0.62\endorsed
juil. 16, 2015 1:17:35 PM org.apache.catalina.startup.VersionLoggerListener log
INFO: Command line argument: -Dcatalina.base=C:\apache-tomcat-7.0.62
juil. 16, 2015 1:17:35 PM org.apache.catalina.startup.VersionLoggerListener log
INFO: Command line argument: -Dcatalina.home=C:\apache-tomcat-7.0.62
juil. 16, 2015 1:17:35 PM org.apache.catalina.startup.VersionLoggerListener log
INFO: Command line argument: -Djava.io.tmpdir=C:\apache-tomcat-7.0.62\temp
juil. 16, 2015 1:17:35 PM org.apache.catalina.core.AprLifecycleListener lifecycleEvent
INFO: The APR based Apache Tomcat Native library which allows optimal performance in production environments was not found on the java.library.path: C:\Program Files\Java\jdk1.7.0_75\bin;C:\WINDOWS\Sun\Java\bin;C:\WINDOWS\system32;C:\WINDOWS;C:\WINDOWS\system32;C:\WINDOWS;C:\WINDOWS\System32\Wbem;C:\WINDOWS\System32\WindowsPowerShell\v1.0\;C:\Program Files (x86)\Microsoft ASP.NET\ASP.NET Web Pages\v1.0\;C:\Program Files (x86)\Windows Kits\8.0\Windows Performance Toolkit\;C:\Program Files\Microsoft SQL Server\110\Tools\Binn\;D:\PFE Chedli Utilities\apache-maven-3.2.5\bin;C:\Program Files (x86)\Git\cmd;C:\Program Files\TortoiseGit\bin;C:\Program Files (x86)\NUnit 2.6.4\bin;C:\Windows\Microsoft.NET\Framework64\v4.0.30319\;C:\Program Files (x86)\Microsoft SQL Server\100\Tools\Binn\VSShell\Common7\IDE\;C:\Program Files (x86)\Microsoft SQL Server\100\Tools\Binn\;C:\Program Files\Microsoft SQL Server\100\Tools\Binn\;C:\Program Files (x86)\Microsoft SQL Server\100\DTS\Binn\;C:\Program Files\Microsoft SQL Server\100\DTS\Binn\;C:\Program Files (x86)\Microsoft Visual Studio 9.0\Common7\IDE\PrivateAssemblies\;C:\Program Files (x86)\Subversion\bin;C:\Program Files (x86)\Subversion\bin;C:\msysgit\bin;C:\Program Files\Java\jdk1.7.0_75\bin;C:\WINDOWS\System32\WindowsPowerShell\v1.0\;C:\Program Files\Microsoft\Web Platform Installer\;C:\apache-ant-1.9.5\bin;C:\ProgramData\chocolatey\bin;;.
juil. 16, 2015 1:17:35 PM org.apache.coyote.AbstractProtocol init
INFO: Initializing ProtocolHandler ["http-bio-8080"]
juil. 16, 2015 1:17:35 PM org.apache.coyote.AbstractProtocol init
INFO: Initializing ProtocolHandler ["http-bio-8443"]
juil. 16, 2015 1:17:35 PM org.apache.coyote.AbstractProtocol init
INFO: Initializing ProtocolHandler ["ajp-bio-8009"]
juil. 16, 2015 1:17:35 PM org.apache.catalina.startup.Catalina load
INFO: Initialization processed in 705 ms
juil. 16, 2015 1:17:35 PM org.apache.catalina.core.StandardService startInternal
INFO: Starting service Catalina
juil. 16, 2015 1:17:35 PM org.apache.catalina.core.StandardEngine startInternal
INFO: Starting Servlet Engine: Apache Tomcat/7.0.62
juil. 16, 2015 1:17:35 PM org.apache.catalina.startup.HostConfig deployWAR
INFO: Deploying web application archive C:\apache-tomcat-7.0.62\webapps\jenkins.war
juil. 16, 2015 1:17:39 PM org.apache.catalina.startup.TldConfig execute
INFO: At least one JAR was scanned for TLDs yet contained no TLDs. Enable debug logging for this logger for a complete list of JARs that were scanned but no TLDs were found in them. Skipping unneeded JARs during scanning can improve startup time and JSP compilation time.
juil. 16, 2015 1:17:39 PM org.apache.catalina.startup.HostConfig deployWAR
INFO: Deployment of web application archive C:\apache-tomcat-7.0.62\webapps\jenkins.war has finished in 3,864 ms
juil. 16, 2015 1:17:39 PM org.apache.catalina.startup.HostConfig deployDirectory
INFO: Deploying web application directory C:\apache-tomcat-7.0.62\webapps\host-manager
juil. 16, 2015 1:17:40 PM org.apache.catalina.startup.TldConfig execute
INFO: At least one JAR was scanned for TLDs yet contained no TLDs. Enable debug logging for this logger for a complete list of JARs that were scanned but no TLDs were found in them. Skipping unneeded JARs during scanning can improve startup time and JSP compilation time.
juil. 16, 2015 1:17:40 PM org.apache.catalina.startup.HostConfig deployDirectory
INFO: Deployment of web application directory C:\apache-tomcat-7.0.62\webapps\host-manager has finished in 299 ms
juil. 16, 2015 1:17:40 PM org.apache.catalina.startup.HostConfig deployDirectory
INFO: Deploying web application directory C:\apache-tomcat-7.0.62\webapps\manager
juil. 16, 2015 1:17:40 PM jenkins.InitReactorRunner$1 onAttained
INFO: Started initialization
juil. 16, 2015 1:17:40 PM org.apache.catalina.startup.TldConfig execute
INFO: At least one JAR was scanned for TLDs yet contained no TLDs. Enable debug logging for this logger for a complete list of JARs that were scanned but no TLDs were found in them. Skipping unneeded JARs during scanning can improve startup time and JSP compilation time.
juil. 16, 2015 1:17:40 PM org.apache.catalina.startup.HostConfig deployDirectory
INFO: Deployment of web application directory C:\apache-tomcat-7.0.62\webapps\manager has finished in 304 ms
juil. 16, 2015 1:17:40 PM org.apache.catalina.startup.HostConfig deployDirectory
INFO: Deploying web application directory C:\apache-tomcat-7.0.62\webapps\NunitToDbRESTful
juil. 16, 2015 1:17:40 PM org.apache.catalina.loader.WebappClassLoader validateJarFile
INFO: validateJarFile(C:\apache-tomcat-7.0.62\webapps\NunitToDbRESTful\WEB-INF\lib\javax.servlet-api-3.0.1.jar) - jar not loaded. See Servlet Spec 3.0, section 10.7.2. Offending class: javax/servlet/Servlet.class
juil. 16, 2015 1:17:40 PM org.apache.catalina.startup.TldConfig execute
INFO: At least one JAR was scanned for TLDs yet contained no TLDs. Enable debug logging for this logger for a complete list of JARs that were scanned but no TLDs were found in them. Skipping unneeded JARs during scanning can improve startup time and JSP compilation time.
juil. 16, 2015 1:17:40 PM org.apache.catalina.startup.HostConfig deployDirectory
INFO: Deployment of web application directory C:\apache-tomcat-7.0.62\webapps\NunitToDbRESTful has finished in 221 ms
juil. 16, 2015 1:17:40 PM org.apache.catalina.startup.HostConfig deployDirectory
INFO: Deploying web application directory C:\apache-tomcat-7.0.62\webapps\ROOT
juil. 16, 2015 1:17:40 PM jenkins.InitReactorRunner$1 onAttained
INFO: Listed all plugins
juil. 16, 2015 1:17:40 PM jenkins.InitReactorRunner$1 onAttained
INFO: Prepared all plugins
juil. 16, 2015 1:17:40 PM jenkins.InitReactorRunner$1 onAttained
INFO: Started all plugins
juil. 16, 2015 1:17:40 PM org.apache.catalina.startup.TldConfig execute
INFO: At least one JAR was scanned for TLDs yet contained no TLDs. Enable debug logging for this logger for a complete list of JARs that were scanned but no TLDs were found in them. Skipping unneeded JARs during scanning can improve startup time and JSP compilation time.
juil. 16, 2015 1:17:40 PM org.apache.catalina.startup.HostConfig deployDirectory
INFO: Deployment of web application directory C:\apache-tomcat-7.0.62\webapps\ROOT has finished in 222 ms
juil. 16, 2015 1:17:40 PM org.apache.coyote.AbstractProtocol start
INFO: Starting ProtocolHandler ["http-bio-8080"]
juil. 16, 2015 1:17:40 PM org.apache.coyote.AbstractProtocol start
INFO: Starting ProtocolHandler ["http-bio-8443"]
juil. 16, 2015 1:17:40 PM org.apache.coyote.AbstractProtocol start
INFO: Starting ProtocolHandler ["ajp-bio-8009"]
juil. 16, 2015 1:17:40 PM org.apache.catalina.startup.Catalina start
INFO: Server startup in 4967 ms
juil. 16, 2015 1:17:40 PM jenkins.InitReactorRunner$1 onAttained
INFO: Augmented all extensions
juil. 16, 2015 1:17:42 PM jenkins.InitReactorRunner$1 onAttained
INFO: Loaded all jobs
juil. 16, 2015 1:17:44 PM org.jenkinsci.main.modules.sshd.SSHD start
INFO: Started SSHD at port 58073
juil. 16, 2015 1:17:44 PM jenkins.InitReactorRunner$1 onAttained
INFO: Completed initialization
juil. 16, 2015 1:17:44 PM hudson.WebAppMain$3 run
INFO: Jenkins is fully up and running
juil. 16, 2015 1:18:15 PM org.apache.catalina.startup.HostConfig undeploy
INFO: Undeploying context [/NunitToDbRESTful]
juil. 16, 2015 1:18:24 PM org.apache.catalina.startup.HostConfig deployWAR
INFO: Deploying web application archive C:\apache-tomcat-7.0.62\webapps\NunitToDbRESTful.war
juil. 16, 2015 1:18:25 PM org.apache.catalina.loader.WebappClassLoader validateJarFile
INFO: validateJarFile(C:\apache-tomcat-7.0.62\webapps\NunitToDbRESTful\WEB-INF\lib\javax.servlet-api-3.0.1.jar) - jar not loaded. See Servlet Spec 3.0, section 10.7.2. Offending class: javax/servlet/Servlet.class
juil. 16, 2015 1:18:26 PM org.apache.catalina.startup.TldConfig execute
INFO: At least one JAR was scanned for TLDs yet contained no TLDs. Enable debug logging for this logger for a complete list of JARs that were scanned but no TLDs were found in them. Skipping unneeded JARs during scanning can improve startup time and JSP compilation time.
juil. 16, 2015 1:18:26 PM org.glassfish.jersey.servlet.init.JerseyServletContainerInitializer addServletWithApplication
INFO: Registering the Jersey servlet application, named REST.ApplicationConfig, at the servlet mapping /resources/*, with the Application class of the same name.
juil. 16, 2015 1:18:26 PM org.glassfish.jersey.server.ApplicationHandler initialize
INFO: Initiating Jersey application, version Jersey: 2.5.1 2014-01-02 13:43:00...
juil. 16, 2015 1:18:27 PM org.apache.catalina.startup.HostConfig deployWAR
INFO: Deployment of web application archive C:\apache-tomcat-7.0.62\webapps\NunitToDbRESTful.war has finished in 2,398 ms
juil. 16, 2015 1:27:01 PM org.apache.catalina.startup.HostConfig undeploy
INFO: Undeploying context [/NunitToDbRESTful]
juil. 16, 2015 1:27:02 PM org.apache.catalina.startup.HostConfig undeploy
INFO: Undeploying context [/NunitToDbRESTful]
juil. 16, 2015 1:27:02 PM org.apache.catalina.startup.HostConfig deployDescriptor
INFO: Deploying configuration descriptor C:\apache-tomcat-7.0.62\conf\Catalina\localhost\NunitToDbRESTful.xml
juil. 16, 2015 1:27:02 PM org.apache.catalina.loader.WebappClassLoader validateJarFile
INFO: validateJarFile(C:\NunitToDbREST\build\web\WEB-INF\lib\javax.servlet-api-3.0.1.jar) - jar not loaded. See Servlet Spec 3.0, section 10.7.2. Offending class: javax/servlet/Servlet.class
juil. 16, 2015 1:27:03 PM org.apache.catalina.startup.TldConfig execute
INFO: At least one JAR was scanned for TLDs yet contained no TLDs. Enable debug logging for this logger for a complete list of JARs that were scanned but no TLDs were found in them. Skipping unneeded JARs during scanning can improve startup time and JSP compilation time.
juil. 16, 2015 1:27:03 PM org.glassfish.jersey.servlet.init.JerseyServletContainerInitializer addServletWithApplication
INFO: Registering the Jersey servlet application, named REST.ApplicationConfig, at the servlet mapping /resources/*, with the Application class of the same name.
juil. 16, 2015 1:27:03 PM org.glassfish.jersey.server.ApplicationHandler initialize
INFO: Initiating Jersey application, version Jersey: 2.5.1 2014-01-02 13:43:00...
juil. 16, 2015 1:27:03 PM org.apache.catalina.startup.HostConfig deployDescriptor
INFO: Deployment of configuration descriptor C:\apache-tomcat-7.0.62\conf\Catalina\localhost\NunitToDbRESTful.xml has finished in 1,842 ms
juil. 16, 2015 1:27:03 PM org.apache.catalina.util.LifecycleBase start
INFO: The start() method was called on component [StandardEngine[Catalina].StandardHost[localhost].StandardContext[/NunitToDbRESTful]] after start() had already been called. The second call will be ignored.
juil. 16, 2015 1:36:45 PM org.apache.catalina.loader.WebappClassLoader validateJarFile
INFO: validateJarFile(C:\NunitToDbREST\build\web\WEB-INF\lib\javax.servlet-api-3.0.1.jar) - jar not loaded. See Servlet Spec 3.0, section 10.7.2. Offending class: javax/servlet/Servlet.class
juil. 16, 2015 1:36:47 PM org.apache.catalina.startup.TldConfig execute
INFO: At least one JAR was scanned for TLDs yet contained no TLDs. Enable debug logging for this logger for a complete list of JARs that were scanned but no TLDs were found in them. Skipping unneeded JARs during scanning can improve startup time and JSP compilation time.
juil. 16, 2015 1:36:47 PM org.glassfish.jersey.servlet.init.JerseyServletContainerInitializer addServletWithApplication
INFO: Registering the Jersey servlet application, named REST.ApplicationConfig, at the servlet mapping /resources/*, with the Application class of the same name.
juil. 16, 2015 1:36:47 PM org.glassfish.jersey.server.ApplicationHandler initialize
INFO: Initiating Jersey application, version Jersey: 2.5.1 2014-01-02 13:43:00...
juil. 16, 2015 1:37:18 PM org.apache.catalina.loader.WebappClassLoader validateJarFile
INFO: validateJarFile(C:\NunitToDbREST\build\web\WEB-INF\lib\javax.servlet-api-3.0.1.jar) - jar not loaded. See Servlet Spec 3.0, section 10.7.2. Offending class: javax/servlet/Servlet.class
juil. 16, 2015 1:37:19 PM org.apache.catalina.startup.TldConfig execute
INFO: At least one JAR was scanned for TLDs yet contained no TLDs. Enable debug logging for this logger for a complete list of JARs that were scanned but no TLDs were found in them. Skipping unneeded JARs during scanning can improve startup time and JSP compilation time.
juil. 16, 2015 1:37:19 PM org.glassfish.jersey.servlet.init.JerseyServletContainerInitializer addServletWithApplication
INFO: Registering the Jersey servlet application, named REST.ApplicationConfig, at the servlet mapping /resources/*, with the Application class of the same name.
juil. 16, 2015 1:37:19 PM org.glassfish.jersey.server.ApplicationHandler initialize
INFO: Initiating Jersey application, version Jersey: 2.5.1 2014-01-02 13:43:00...
juil. 16, 2015 2:36:47 PM org.apache.catalina.core.StandardContext reload
INFO: Reloading Context with name [/NunitToDbRESTful] has started
juil. 16, 2015 2:36:47 PM org.apache.catalina.startup.TldConfig execute
INFO: At least one JAR was scanned for TLDs yet contained no TLDs. Enable debug logging for this logger for a complete list of JARs that were scanned but no TLDs were found in them. Skipping unneeded JARs during scanning can improve startup time and JSP compilation time.
juil. 16, 2015 2:36:47 PM org.apache.catalina.core.StandardContext reload
INFO: Reloading Context with name [/NunitToDbRESTful] is completed
juil. 16, 2015 2:37:26 PM org.apache.catalina.core.StandardContext reload
INFO: Reloading Context with name [/NunitToDbRESTful] has started
juil. 16, 2015 2:37:26 PM org.apache.catalina.loader.WebappClassLoader validateJarFile
INFO: validateJarFile(C:\NunitToDbREST\build\web\WEB-INF\lib\javax.servlet-api-3.0.1.jar) - jar not loaded. See Servlet Spec 3.0, section 10.7.2. Offending class: javax/servlet/Servlet.class
juil. 16, 2015 2:37:27 PM org.apache.catalina.startup.TldConfig execute
INFO: At least one JAR was scanned for TLDs yet contained no TLDs. Enable debug logging for this logger for a complete list of JARs that were scanned but no TLDs were found in them. Skipping unneeded JARs during scanning can improve startup time and JSP compilation time.
juil. 16, 2015 2:37:28 PM org.glassfish.jersey.servlet.init.JerseyServletContainerInitializer addServletWithApplication
INFO: Registering the Jersey servlet application, named REST.ApplicationConfig, at the servlet mapping /resources/*, with the Application class of the same name.
juil. 16, 2015 2:37:28 PM org.glassfish.jersey.server.ApplicationHandler initialize
INFO: Initiating Jersey application, version Jersey: 2.5.1 2014-01-02 13:43:00...
juil. 16, 2015 2:37:28 PM org.apache.catalina.core.StandardContext reload
INFO: Reloading Context with name [/NunitToDbRESTful] is completed
juil. 16, 2015 2:37:28 PM org.apache.catalina.core.StandardContext reload
INFO: Reloading Context with name [/NunitToDbRESTful] has started
juil. 16, 2015 2:37:28 PM org.apache.catalina.loader.WebappClassLoader validateJarFile
INFO: validateJarFile(C:\NunitToDbREST\build\web\WEB-INF\lib\javax.servlet-api-3.0.1.jar) - jar not loaded. See Servlet Spec 3.0, section 10.7.2. Offending class: javax/servlet/Servlet.class
juil. 16, 2015 2:37:30 PM org.apache.catalina.startup.TldConfig execute
INFO: At least one JAR was scanned for TLDs yet contained no TLDs. Enable debug logging for this logger for a complete list of JARs that were scanned but no TLDs were found in them. Skipping unneeded JARs during scanning can improve startup time and JSP compilation time.
juil. 16, 2015 2:37:30 PM org.glassfish.jersey.servlet.init.JerseyServletContainerInitializer addServletWithApplication
INFO: Registering the Jersey servlet application, named REST.ApplicationConfig, at the servlet mapping /resources/*, with the Application class of the same name.
juil. 16, 2015 2:37:30 PM org.glassfish.jersey.server.ApplicationHandler initialize
INFO: Initiating Jersey application, version Jersey: 2.5.1 2014-01-02 13:43:00...
juil. 16, 2015 2:37:31 PM org.apache.catalina.core.StandardContext reload
INFO: Reloading Context with name [/NunitToDbRESTful] is completed
juil. 16, 2015 5:18:29 PM hudson.model.AsyncPeriodicWork$1 run
INFO: Started Workspace clean-up
juil. 16, 2015 5:18:29 PM hudson.model.AsyncPeriodicWork$1 run
INFO: Finished Workspace clean-up. 33 ms
juil. 16, 2015 5:59:13 PM org.apache.catalina.startup.HostConfig deployDescriptor
INFO: Deploying configuration descriptor C:\apache-tomcat-7.0.62\conf\Catalina\localhost\CrudApp.xml
juil. 16, 2015 5:59:13 PM org.apache.catalina.startup.TldConfig execute
INFO: At least one JAR was scanned for TLDs yet contained no TLDs. Enable debug logging for this logger for a complete list of JARs that were scanned but no TLDs were found in them. Skipping unneeded JARs during scanning can improve startup time and JSP compilation time.
juil. 16, 2015 5:59:13 PM org.apache.catalina.startup.HostConfig deployDescriptor
INFO: Deployment of configuration descriptor C:\apache-tomcat-7.0.62\conf\Catalina\localhost\CrudApp.xml has finished in 276 ms
juil. 16, 2015 5:59:13 PM org.apache.catalina.util.LifecycleBase start
INFO: The start() method was called on component [StandardEngine[Catalina].StandardHost[localhost].StandardContext[/CrudApp]] after start() had already been called. The second call will be ignored.
juil. 16, 2015 5:59:49 PM org.apache.catalina.startup.HostConfig undeploy
INFO: Undeploying context [/CrudApp]
juil. 16, 2015 5:59:55 PM org.apache.catalina.startup.HostConfig deployDescriptor
INFO: Deploying configuration descriptor C:\apache-tomcat-7.0.62\conf\Catalina\localhost\CrudApp.xml
juil. 16, 2015 5:59:55 PM org.apache.catalina.startup.TldConfig execute
INFO: At least one JAR was scanned for TLDs yet contained no TLDs. Enable debug logging for this logger for a complete list of JARs that were scanned but no TLDs were found in them. Skipping unneeded JARs during scanning can improve startup time and JSP compilation time.
juil. 16, 2015 5:59:55 PM org.apache.catalina.startup.HostConfig deployDescriptor
INFO: Deployment of configuration descriptor C:\apache-tomcat-7.0.62\conf\Catalina\localhost\CrudApp.xml has finished in 309 ms
juil. 16, 2015 5:59:55 PM org.apache.catalina.util.LifecycleBase start
INFO: The start() method was called on component [StandardEngine[Catalina].StandardHost[localhost].StandardContext[/CrudApp]] after start() had already been called. The second call will be ignored.
juil. 16, 2015 6:01:20 PM org.apache.catalina.core.StandardContext reload
INFO: Reloading Context with name [/CrudApp] has started
juil. 16, 2015 6:01:21 PM org.apache.catalina.startup.TldConfig execute
INFO: At least one JAR was scanned for TLDs yet contained no TLDs. Enable debug logging for this logger for a complete list of JARs that were scanned but no TLDs were found in them. Skipping unneeded JARs during scanning can improve startup time and JSP compilation time.
juil. 16, 2015 6:01:21 PM org.apache.catalina.core.StandardContext reload
INFO: Reloading Context with name [/CrudApp] is completed
juil. 16, 2015 6:01:30 PM org.apache.catalina.startup.HostConfig undeploy
INFO: Undeploying context [/CrudApp]
juil. 16, 2015 6:01:35 PM org.apache.catalina.startup.HostConfig deployDescriptor
INFO: Deploying configuration descriptor C:\apache-tomcat-7.0.62\conf\Catalina\localhost\CrudApp.xml
juil. 16, 2015 6:01:35 PM org.apache.catalina.startup.TldConfig execute
INFO: At least one JAR was scanned for TLDs yet contained no TLDs. Enable debug logging for this logger for a complete list of JARs that were scanned but no TLDs were found in them. Skipping unneeded JARs during scanning can improve startup time and JSP compilation time.
juil. 16, 2015 6:01:35 PM org.apache.catalina.startup.HostConfig deployDescriptor
INFO: Deployment of configuration descriptor C:\apache-tomcat-7.0.62\conf\Catalina\localhost\CrudApp.xml has finished in 373 ms
juil. 16, 2015 6:01:35 PM org.apache.catalina.util.LifecycleBase start
INFO: The start() method was called on component [StandardEngine[Catalina].StandardHost[localhost].StandardContext[/CrudApp]] after start() had already been called. The second call will be ignored.
juil. 16, 2015 6:02:04 PM org.apache.catalina.core.StandardContext reload
INFO: Reloading Context with name [/CrudApp] has started
juil. 16, 2015 6:02:04 PM org.apache.catalina.loader.WebappClassLoader clearReferencesJdbc
SEVERE: The web application [/CrudApp] registered the JDBC driver [com.microsoft.sqlserver.jdbc.SQLServerDriver] but failed to unregister it when the web application was stopped. To prevent a memory leak, the JDBC Driver has been forcibly unregistered.
juil. 16, 2015 6:02:04 PM org.apache.catalina.startup.TldConfig execute
INFO: At least one JAR was scanned for TLDs yet contained no TLDs. Enable debug logging for this logger for a complete list of JARs that were scanned but no TLDs were found in them. Skipping unneeded JARs during scanning can improve startup time and JSP compilation time.
juil. 16, 2015 6:02:04 PM org.apache.catalina.core.StandardContext reload
INFO: Reloading Context with name [/CrudApp] is completed
juil. 16, 2015 6:02:15 PM org.apache.catalina.core.StandardContext reload
INFO: Reloading Context with name [/CrudApp] has started
juil. 16, 2015 6:02:15 PM org.apache.catalina.startup.TldConfig execute
INFO: At least one JAR was scanned for TLDs yet contained no TLDs. Enable debug logging for this logger for a complete list of JARs that were scanned but no TLDs were found in them. Skipping unneeded JARs during scanning can improve startup time and JSP compilation time.
juil. 16, 2015 6:02:15 PM org.apache.catalina.core.StandardContext reload
INFO: Reloading Context with name [/CrudApp] is completed
juil. 16, 2015 6:02:24 PM org.apache.catalina.core.StandardContext reload
INFO: Reloading Context with name [/CrudApp] has started
juil. 16, 2015 6:02:25 PM org.apache.catalina.startup.TldConfig execute
INFO: At least one JAR was scanned for TLDs yet contained no TLDs. Enable debug logging for this logger for a complete list of JARs that were scanned but no TLDs were found in them. Skipping unneeded JARs during scanning can improve startup time and JSP compilation time.
juil. 16, 2015 6:02:25 PM org.apache.catalina.core.StandardContext reload
INFO: Reloading Context with name [/CrudApp] is completed
juil. 16, 2015 6:02:30 PM org.apache.jasper.compiler.TldLocationsCache tldScanJar
INFO: At least one JAR was scanned for TLDs yet contained no TLDs. Enable debug logging for this logger for a complete list of JARs that were scanned but no TLDs were found in them. Skipping unneeded JARs during scanning can improve startup time and JSP compilation time.
juil. 16, 2015 6:04:45 PM org.apache.catalina.core.StandardContext reload
INFO: Reloading Context with name [/CrudApp] has started
juil. 16, 2015 6:04:45 PM org.apache.catalina.loader.WebappClassLoader clearReferencesJdbc
SEVERE: The web application [/CrudApp] registered the JDBC driver [com.microsoft.sqlserver.jdbc.SQLServerDriver] but failed to unregister it when the web application was stopped. To prevent a memory leak, the JDBC Driver has been forcibly unregistered.
juil. 16, 2015 6:04:46 PM org.apache.catalina.startup.TldConfig execute
INFO: At least one JAR was scanned for TLDs yet contained no TLDs. Enable debug logging for this logger for a complete list of JARs that were scanned but no TLDs were found in them. Skipping unneeded JARs during scanning can improve startup time and JSP compilation time.
juil. 16, 2015 6:04:46 PM org.apache.catalina.core.StandardContext reload
INFO: Reloading Context with name [/CrudApp] is completed
juil. 16, 2015 6:04:47 PM org.apache.catalina.core.StandardContext reload
INFO: Reloading Context with name [/CrudApp] has started
juil. 16, 2015 6:04:47 PM org.apache.catalina.startup.TldConfig execute
INFO: At least one JAR was scanned for TLDs yet contained no TLDs. Enable debug logging for this logger for a complete list of JARs that were scanned but no TLDs were found in them. Skipping unneeded JARs during scanning can improve startup time and JSP compilation time.
juil. 16, 2015 6:04:47 PM org.apache.catalina.core.StandardContext reload
INFO: Reloading Context with name [/CrudApp] is completed
juil. 16, 2015 6:04:52 PM org.apache.catalina.core.StandardContext reload
INFO: Reloading Context with name [/CrudApp] has started
juil. 16, 2015 6:04:52 PM org.apache.catalina.startup.TldConfig execute
INFO: At least one JAR was scanned for TLDs yet contained no TLDs. Enable debug logging for this logger for a complete list of JARs that were scanned but no TLDs were found in them. Skipping unneeded JARs during scanning can improve startup time and JSP compilation time.
juil. 16, 2015 6:04:52 PM org.apache.catalina.core.StandardContext reload
INFO: Reloading Context with name [/CrudApp] is completed
juil. 16, 2015 6:05:17 PM org.apache.catalina.core.StandardContext reload
INFO: Reloading Context with name [/CrudApp] has started
juil. 16, 2015 6:05:17 PM org.apache.catalina.loader.WebappClassLoader clearReferencesJdbc
SEVERE: The web application [/CrudApp] registered the JDBC driver [com.microsoft.sqlserver.jdbc.SQLServerDriver] but failed to unregister it when the web application was stopped. To prevent a memory leak, the JDBC Driver has been forcibly unregistered.
juil. 16, 2015 6:05:17 PM org.apache.catalina.startup.TldConfig execute
INFO: At least one JAR was scanned for TLDs yet contained no TLDs. Enable debug logging for this logger for a complete list of JARs that were scanned but no TLDs were found in them. Skipping unneeded JARs during scanning can improve startup time and JSP compilation time.
juil. 16, 2015 6:05:17 PM org.apache.catalina.core.StandardContext reload
INFO: Reloading Context with name [/CrudApp] is completed
juil. 16, 2015 6:05:49 PM org.apache.catalina.core.StandardContext reload
INFO: Reloading Context with name [/CrudApp] has started
juil. 16, 2015 6:05:49 PM org.apache.catalina.startup.TldConfig execute
INFO: At least one JAR was scanned for TLDs yet contained no TLDs. Enable debug logging for this logger for a complete list of JARs that were scanned but no TLDs were found in them. Skipping unneeded JARs during scanning can improve startup time and JSP compilation time.
juil. 16, 2015 6:05:49 PM org.apache.catalina.core.StandardContext reload
INFO: Reloading Context with name [/CrudApp] is completed
