juil. 03, 2015 8:46:30 AM hudson.model.AsyncPeriodicWork$1 run
INFO: Started Download metadata
juil. 03, 2015 8:46:30 AM hudson.model.AsyncPeriodicWork$1 run
INFO: Finished Download metadata. 2 ms
juil. 03, 2015 3:03:43 PM hudson.model.DownloadService$Downloadable load
INFO: Obtained the updated data file for hudson.tasks.Ant.AntInstaller
juil. 03, 2015 3:03:43 PM hudson.model.DownloadService$Downloadable load
INFO: Obtained the updated data file for hudson.tasks.Maven.MavenInstaller
juil. 03, 2015 3:03:44 PM hudson.model.DownloadService$Downloadable load
INFO: Obtained the updated data file for hudson.tools.JDKInstaller
juil. 03, 2015 3:11:54 PM hudson.model.UpdateSite updateData
INFO: Obtained the latest update center data file for UpdateSource default
juil. 03, 2015 3:16:30 PM org.apache.catalina.core.StandardContext reload
INFO: Reloading Context with name [/NunitToDbRESTful] has started
juil. 03, 2015 3:16:30 PM org.apache.catalina.loader.WebappClassLoader validateJarFile
INFO: validateJarFile(C:\NunitToDbREST\build\web\WEB-INF\lib\javax.servlet-api-3.0.1.jar) - jar not loaded. See Servlet Spec 3.0, section 10.7.2. Offending class: javax/servlet/Servlet.class
juil. 03, 2015 3:16:31 PM org.apache.catalina.startup.TldConfig execute
INFO: At least one JAR was scanned for TLDs yet contained no TLDs. Enable debug logging for this logger for a complete list of JARs that were scanned but no TLDs were found in them. Skipping unneeded JARs during scanning can improve startup time and JSP compilation time.
juil. 03, 2015 3:16:32 PM org.glassfish.jersey.servlet.init.JerseyServletContainerInitializer addServletWithApplication
INFO: Registering the Jersey servlet application, named REST.ApplicationConfig, at the servlet mapping /resources/*, with the Application class of the same name.
juil. 03, 2015 3:16:32 PM org.glassfish.jersey.server.ApplicationHandler initialize
INFO: Initiating Jersey application, version Jersey: 2.5.1 2014-01-02 13:43:00...
juil. 03, 2015 3:16:32 PM org.apache.catalina.core.StandardContext reload
INFO: Reloading Context with name [/NunitToDbRESTful] is completed
juil. 03, 2015 3:16:37 PM org.kohsuke.stapler.RequestImpl$TypePair convertJSON
WARNING: 'stapler-class' is deprecated: hudson.plugins.powershell.PowerShell
juil. 03, 2015 3:16:44 PM hudson.model.Run execute
INFO: Parent job #14 main build action completed: SUCCESS
juil. 03, 2015 3:17:04 PM REST.ApplicationManager gatherDataFromBuildUrl
SEVERE: null
java.io.FileNotFoundException: http://tun8108:8080/jenkins/job/Test%20job%201/47//api/xml
	at sun.net.www.protocol.http.HttpURLConnection.getInputStream(HttpURLConnection.java:1625)
	at java.net.URL.openStream(URL.java:1037)
	at REST.ApplicationManager.gatherDataFromBuildUrl(ApplicationManager.java:60)
	at REST.ApplicationResource$1.run(ApplicationResource.java:62)
	at REST.ApplicationResource.setBuildUrl(ApplicationResource.java:69)
	at sun.reflect.NativeMethodAccessorImpl.invoke0(Native Method)
	at sun.reflect.NativeMethodAccessorImpl.invoke(NativeMethodAccessorImpl.java:57)
	at sun.reflect.DelegatingMethodAccessorImpl.invoke(DelegatingMethodAccessorImpl.java:43)
	at java.lang.reflect.Method.invoke(Method.java:606)
	at org.glassfish.jersey.server.model.internal.ResourceMethodInvocationHandlerFactory$1.invoke(ResourceMethodInvocationHandlerFactory.java:81)
	at org.glassfish.jersey.server.model.internal.AbstractJavaResourceMethodDispatcher$1.run(AbstractJavaResourceMethodDispatcher.java:151)
	at org.glassfish.jersey.server.model.internal.AbstractJavaResourceMethodDispatcher.invoke(AbstractJavaResourceMethodDispatcher.java:171)
	at org.glassfish.jersey.server.model.internal.JavaResourceMethodDispatcherProvider$TypeOutInvoker.doDispatch(JavaResourceMethodDispatcherProvider.java:195)
	at org.glassfish.jersey.server.model.internal.AbstractJavaResourceMethodDispatcher.dispatch(AbstractJavaResourceMethodDispatcher.java:104)
	at org.glassfish.jersey.server.model.ResourceMethodInvoker.invoke(ResourceMethodInvoker.java:402)
	at org.glassfish.jersey.server.model.ResourceMethodInvoker.apply(ResourceMethodInvoker.java:349)
	at org.glassfish.jersey.server.model.ResourceMethodInvoker.apply(ResourceMethodInvoker.java:106)
	at org.glassfish.jersey.server.ServerRuntime$1.run(ServerRuntime.java:259)
	at org.glassfish.jersey.internal.Errors$1.call(Errors.java:271)
	at org.glassfish.jersey.internal.Errors$1.call(Errors.java:267)
	at org.glassfish.jersey.internal.Errors.process(Errors.java:315)
	at org.glassfish.jersey.internal.Errors.process(Errors.java:297)
	at org.glassfish.jersey.internal.Errors.process(Errors.java:267)
	at org.glassfish.jersey.process.internal.RequestScope.runInScope(RequestScope.java:318)
	at org.glassfish.jersey.server.ServerRuntime.process(ServerRuntime.java:236)
	at org.glassfish.jersey.server.ApplicationHandler.handle(ApplicationHandler.java:1010)
	at org.glassfish.jersey.servlet.WebComponent.service(WebComponent.java:373)
	at org.glassfish.jersey.servlet.ServletContainer.service(ServletContainer.java:382)
	at org.glassfish.jersey.servlet.ServletContainer.service(ServletContainer.java:345)
	at org.glassfish.jersey.servlet.ServletContainer.service(ServletContainer.java:220)
	at org.apache.catalina.core.ApplicationFilterChain.internalDoFilter(ApplicationFilterChain.java:303)
	at org.apache.catalina.core.ApplicationFilterChain.doFilter(ApplicationFilterChain.java:208)
	at org.apache.tomcat.websocket.server.WsFilter.doFilter(WsFilter.java:52)
	at org.apache.catalina.core.ApplicationFilterChain.internalDoFilter(ApplicationFilterChain.java:241)
	at org.apache.catalina.core.ApplicationFilterChain.doFilter(ApplicationFilterChain.java:208)
	at org.apache.catalina.core.StandardWrapperValve.invoke(StandardWrapperValve.java:220)
	at org.apache.catalina.core.StandardContextValve.invoke(StandardContextValve.java:122)
	at org.apache.catalina.authenticator.AuthenticatorBase.invoke(AuthenticatorBase.java:505)
	at org.apache.catalina.core.StandardHostValve.invoke(StandardHostValve.java:170)
	at org.apache.catalina.valves.ErrorReportValve.invoke(ErrorReportValve.java:103)
	at org.apache.catalina.valves.AccessLogValve.invoke(AccessLogValve.java:957)
	at org.apache.catalina.core.StandardEngineValve.invoke(StandardEngineValve.java:116)
	at org.apache.catalina.connector.CoyoteAdapter.service(CoyoteAdapter.java:423)
	at org.apache.coyote.http11.AbstractHttp11Processor.process(AbstractHttp11Processor.java:1079)
	at org.apache.coyote.AbstractProtocol$AbstractConnectionHandler.process(AbstractProtocol.java:620)
	at org.apache.tomcat.util.net.JIoEndpoint$SocketProcessor.run(JIoEndpoint.java:316)
	at java.util.concurrent.ThreadPoolExecutor.runWorker(ThreadPoolExecutor.java:1145)
	at java.util.concurrent.ThreadPoolExecutor$Worker.run(ThreadPoolExecutor.java:615)
	at org.apache.tomcat.util.threads.TaskThread$WrappingRunnable.run(TaskThread.java:61)
	at java.lang.Thread.run(Thread.java:745)

juil. 03, 2015 3:17:04 PM hudson.model.Run execute
INFO: Test job 1 #47 main build action completed: SUCCESS
juil. 03, 2015 3:17:24 PM hudson.model.AsyncPeriodicWork$1 run
INFO: Started Fingerprint cleanup
juil. 03, 2015 3:17:24 PM hudson.model.AsyncPeriodicWork$1 run
INFO: Finished Fingerprint cleanup. 1 ms
juil. 03, 2015 3:19:26 PM org.apache.catalina.core.StandardContext reload
INFO: Reloading Context with name [/NunitToDbRESTful] has started
juil. 03, 2015 3:19:26 PM org.apache.catalina.loader.WebappClassLoader validateJarFile
INFO: validateJarFile(C:\NunitToDbREST\build\web\WEB-INF\lib\javax.servlet-api-3.0.1.jar) - jar not loaded. See Servlet Spec 3.0, section 10.7.2. Offending class: javax/servlet/Servlet.class
juil. 03, 2015 3:19:27 PM org.apache.catalina.startup.TldConfig execute
INFO: At least one JAR was scanned for TLDs yet contained no TLDs. Enable debug logging for this logger for a complete list of JARs that were scanned but no TLDs were found in them. Skipping unneeded JARs during scanning can improve startup time and JSP compilation time.
juil. 03, 2015 3:19:27 PM org.glassfish.jersey.servlet.init.JerseyServletContainerInitializer addServletWithApplication
INFO: Registering the Jersey servlet application, named REST.ApplicationConfig, at the servlet mapping /resources/*, with the Application class of the same name.
juil. 03, 2015 3:19:28 PM org.glassfish.jersey.server.ApplicationHandler initialize
INFO: Initiating Jersey application, version Jersey: 2.5.1 2014-01-02 13:43:00...
juil. 03, 2015 3:19:28 PM org.apache.catalina.core.StandardContext reload
INFO: Reloading Context with name [/NunitToDbRESTful] is completed
juil. 03, 2015 3:19:33 PM org.apache.catalina.core.StandardContext reload
INFO: Reloading Context with name [/NunitToDbRESTful] has started
juil. 03, 2015 3:19:33 PM org.apache.catalina.loader.WebappClassLoader validateJarFile
INFO: validateJarFile(C:\NunitToDbREST\build\web\WEB-INF\lib\javax.servlet-api-3.0.1.jar) - jar not loaded. See Servlet Spec 3.0, section 10.7.2. Offending class: javax/servlet/Servlet.class
juil. 03, 2015 3:19:34 PM org.apache.catalina.startup.TldConfig execute
INFO: At least one JAR was scanned for TLDs yet contained no TLDs. Enable debug logging for this logger for a complete list of JARs that were scanned but no TLDs were found in them. Skipping unneeded JARs during scanning can improve startup time and JSP compilation time.
juil. 03, 2015 3:19:34 PM org.glassfish.jersey.servlet.init.JerseyServletContainerInitializer addServletWithApplication
INFO: Registering the Jersey servlet application, named REST.ApplicationConfig, at the servlet mapping /resources/*, with the Application class of the same name.
juil. 03, 2015 3:19:35 PM org.glassfish.jersey.server.ApplicationHandler initialize
INFO: Initiating Jersey application, version Jersey: 2.5.1 2014-01-02 13:43:00...
juil. 03, 2015 3:19:35 PM org.apache.catalina.core.StandardContext reload
INFO: Reloading Context with name [/NunitToDbRESTful] is completed
juil. 03, 2015 3:19:52 PM hudson.model.Run execute
INFO: Parent job #15 main build action completed: SUCCESS
juil. 03, 2015 3:19:58 PM hudson.model.Run execute
INFO: Test job 1 #48 main build action completed: SUCCESS
juil. 03, 2015 3:20:08 PM REST.ApplicationManager gatherDataFromBuildUrl
SEVERE: null
java.io.FileNotFoundException: http://tun8108:8080/jenkins/job/Test%20job%201/48//api/xml
	at sun.net.www.protocol.http.HttpURLConnection.getInputStream(HttpURLConnection.java:1625)
	at java.net.URL.openStream(URL.java:1037)
	at REST.ApplicationManager.gatherDataFromBuildUrl(ApplicationManager.java:60)
	at REST.ApplicationResource$1.run(ApplicationResource.java:64)
	at java.util.concurrent.ThreadPoolExecutor.runWorker(ThreadPoolExecutor.java:1145)
	at java.util.concurrent.ThreadPoolExecutor$Worker.run(ThreadPoolExecutor.java:615)
	at java.lang.Thread.run(Thread.java:745)

juil. 03, 2015 3:22:08 PM org.apache.catalina.core.StandardContext reload
INFO: Reloading Context with name [/NunitToDbRESTful] has started
juil. 03, 2015 3:22:08 PM org.apache.catalina.loader.WebappClassLoader clearReferencesThreads
SEVERE: The web application [/NunitToDbRESTful] appears to have started a thread named [pool-28-thread-1] but has failed to stop it. This is very likely to create a memory leak.
juil. 03, 2015 3:22:08 PM org.apache.catalina.loader.WebappClassLoader validateJarFile
INFO: validateJarFile(C:\NunitToDbREST\build\web\WEB-INF\lib\javax.servlet-api-3.0.1.jar) - jar not loaded. See Servlet Spec 3.0, section 10.7.2. Offending class: javax/servlet/Servlet.class
juil. 03, 2015 3:22:09 PM org.apache.catalina.startup.TldConfig execute
INFO: At least one JAR was scanned for TLDs yet contained no TLDs. Enable debug logging for this logger for a complete list of JARs that were scanned but no TLDs were found in them. Skipping unneeded JARs during scanning can improve startup time and JSP compilation time.
juil. 03, 2015 3:22:09 PM org.glassfish.jersey.servlet.init.JerseyServletContainerInitializer addServletWithApplication
INFO: Registering the Jersey servlet application, named REST.ApplicationConfig, at the servlet mapping /resources/*, with the Application class of the same name.
juil. 03, 2015 3:22:10 PM org.glassfish.jersey.server.ApplicationHandler initialize
INFO: Initiating Jersey application, version Jersey: 2.5.1 2014-01-02 13:43:00...
juil. 03, 2015 3:22:10 PM org.apache.catalina.core.StandardContext reload
INFO: Reloading Context with name [/NunitToDbRESTful] is completed
juil. 03, 2015 3:22:18 PM hudson.model.Run execute
INFO: Parent job #16 main build action completed: SUCCESS
juil. 03, 2015 3:22:23 PM hudson.model.Run execute
INFO: Test job 1 #49 main build action completed: SUCCESS
juil. 03, 2015 3:22:53 PM REST.ApplicationManager gatherDataFromBuildUrl
SEVERE: null
java.io.FileNotFoundException: http://tun8108:8080/jenkins/job/Test%20job%201/49//api/xml
	at sun.net.www.protocol.http.HttpURLConnection.getInputStream(HttpURLConnection.java:1625)
	at java.net.URL.openStream(URL.java:1037)
	at REST.ApplicationManager.gatherDataFromBuildUrl(ApplicationManager.java:60)
	at REST.ApplicationResource$1.run(ApplicationResource.java:64)
	at java.util.concurrent.ThreadPoolExecutor.runWorker(ThreadPoolExecutor.java:1145)
	at java.util.concurrent.ThreadPoolExecutor$Worker.run(ThreadPoolExecutor.java:615)
	at java.lang.Thread.run(Thread.java:745)

juil. 03, 2015 3:24:23 PM org.apache.catalina.core.StandardContext reload
INFO: Reloading Context with name [/NunitToDbRESTful] has started
juil. 03, 2015 3:24:23 PM org.apache.catalina.loader.WebappClassLoader clearReferencesThreads
SEVERE: The web application [/NunitToDbRESTful] appears to have started a thread named [pool-30-thread-1] but has failed to stop it. This is very likely to create a memory leak.
juil. 03, 2015 3:24:25 PM org.apache.catalina.startup.TldConfig execute
INFO: At least one JAR was scanned for TLDs yet contained no TLDs. Enable debug logging for this logger for a complete list of JARs that were scanned but no TLDs were found in them. Skipping unneeded JARs during scanning can improve startup time and JSP compilation time.
juil. 03, 2015 3:24:25 PM org.apache.catalina.core.StandardContext reload
INFO: Reloading Context with name [/NunitToDbRESTful] is completed
juil. 03, 2015 3:24:37 PM hudson.model.Run execute
INFO: Parent job #17 main build action completed: SUCCESS
juil. 03, 2015 3:24:44 PM hudson.model.Run execute
INFO: Test job 1 #50 main build action completed: SUCCESS
juil. 03, 2015 3:32:17 PM org.apache.catalina.startup.HostConfig undeploy
INFO: Undeploying context [/jenkins4991975519507162842]
juil. 03, 2015 3:32:18 PM org.apache.catalina.loader.WebappClassLoader checkThreadLocalMapForLeaks
SEVERE: The web application [/jenkins4991975519507162842] created a ThreadLocal with key of type [java.lang.ThreadLocal] (value [java.lang.ThreadLocal@253b70a9]) and a value of type [org.acegisecurity.context.SecurityContextImpl] (value [org.acegisecurity.context.SecurityContextImpl@ffffffff: Null authentication]) but failed to remove it when the web application was stopped. Threads are going to be renewed over time to try and avoid a probable memory leak.
juil. 03, 2015 3:32:18 PM org.apache.catalina.loader.WebappClassLoader checkThreadLocalMapForLeaks
SEVERE: The web application [/jenkins4991975519507162842] created a ThreadLocal with key of type [java.lang.ThreadLocal] (value [java.lang.ThreadLocal@253b70a9]) and a value of type [org.acegisecurity.context.SecurityContextImpl] (value [org.acegisecurity.context.SecurityContextImpl@ffffffff: Null authentication]) but failed to remove it when the web application was stopped. Threads are going to be renewed over time to try and avoid a probable memory leak.
juil. 03, 2015 3:32:18 PM org.apache.catalina.loader.WebappClassLoader checkThreadLocalMapForLeaks
SEVERE: The web application [/jenkins4991975519507162842] created a ThreadLocal with key of type [com.google.inject.internal.InjectorImpl$1] (value [com.google.inject.internal.InjectorImpl$1@61617a57]) and a value of type [java.lang.Object[]] (value [[Ljava.lang.Object;@46a717b3]) but failed to remove it when the web application was stopped. Threads are going to be renewed over time to try and avoid a probable memory leak.
juil. 03, 2015 3:32:18 PM org.apache.catalina.loader.WebappClassLoader checkThreadLocalMapForLeaks
SEVERE: The web application [/jenkins4991975519507162842] created a ThreadLocal with key of type [org.kohsuke.stapler.Stapler$3] (value [org.kohsuke.stapler.Stapler$3@4050d02]) and a value of type [java.text.SimpleDateFormat] (value [java.text.SimpleDateFormat@c4dc9900]) but failed to remove it when the web application was stopped. Threads are going to be renewed over time to try and avoid a probable memory leak.
juil. 03, 2015 3:32:18 PM org.apache.catalina.loader.WebappClassLoader checkThreadLocalMapForLeaks
SEVERE: The web application [/jenkins4991975519507162842] created a ThreadLocal with key of type [java.lang.ThreadLocal] (value [java.lang.ThreadLocal@253b70a9]) and a value of type [org.acegisecurity.context.SecurityContextImpl] (value [org.acegisecurity.context.SecurityContextImpl@ffffffff: Null authentication]) but failed to remove it when the web application was stopped. Threads are going to be renewed over time to try and avoid a probable memory leak.
juil. 03, 2015 3:32:18 PM org.apache.catalina.loader.WebappClassLoader checkThreadLocalMapForLeaks
SEVERE: The web application [/jenkins4991975519507162842] created a ThreadLocal with key of type [com.google.inject.internal.InjectorImpl$1] (value [com.google.inject.internal.InjectorImpl$1@61617a57]) and a value of type [java.lang.Object[]] (value [[Ljava.lang.Object;@7bfc9012]) but failed to remove it when the web application was stopped. Threads are going to be renewed over time to try and avoid a probable memory leak.
juil. 03, 2015 3:32:18 PM org.apache.catalina.loader.WebappClassLoader checkThreadLocalMapForLeaks
SEVERE: The web application [/jenkins4991975519507162842] created a ThreadLocal with key of type [org.kohsuke.stapler.Stapler$3] (value [org.kohsuke.stapler.Stapler$3@4050d02]) and a value of type [java.text.SimpleDateFormat] (value [java.text.SimpleDateFormat@c4dc9900]) but failed to remove it when the web application was stopped. Threads are going to be renewed over time to try and avoid a probable memory leak.
juil. 03, 2015 3:32:18 PM org.apache.catalina.loader.WebappClassLoader checkThreadLocalMapForLeaks
SEVERE: The web application [/jenkins4991975519507162842] created a ThreadLocal with key of type [java.lang.ThreadLocal] (value [java.lang.ThreadLocal@253b70a9]) and a value of type [org.acegisecurity.context.SecurityContextImpl] (value [org.acegisecurity.context.SecurityContextImpl@ffffffff: Null authentication]) but failed to remove it when the web application was stopped. Threads are going to be renewed over time to try and avoid a probable memory leak.
juil. 03, 2015 3:32:18 PM org.apache.catalina.loader.WebappClassLoader checkThreadLocalMapForLeaks
SEVERE: The web application [/jenkins4991975519507162842] created a ThreadLocal with key of type [org.kohsuke.stapler.Stapler$3] (value [org.kohsuke.stapler.Stapler$3@4050d02]) and a value of type [java.text.SimpleDateFormat] (value [java.text.SimpleDateFormat@c4dc9900]) but failed to remove it when the web application was stopped. Threads are going to be renewed over time to try and avoid a probable memory leak.
juil. 03, 2015 3:32:18 PM org.apache.catalina.loader.WebappClassLoader checkThreadLocalMapForLeaks
SEVERE: The web application [/jenkins4991975519507162842] created a ThreadLocal with key of type [java.lang.ThreadLocal] (value [java.lang.ThreadLocal@253b70a9]) and a value of type [org.acegisecurity.context.SecurityContextImpl] (value [org.acegisecurity.context.SecurityContextImpl@ffffffff: Null authentication]) but failed to remove it when the web application was stopped. Threads are going to be renewed over time to try and avoid a probable memory leak.
juil. 03, 2015 3:32:18 PM org.apache.catalina.loader.WebappClassLoader checkThreadLocalMapForLeaks
SEVERE: The web application [/jenkins4991975519507162842] created a ThreadLocal with key of type [java.lang.ThreadLocal] (value [java.lang.ThreadLocal@253b70a9]) and a value of type [org.acegisecurity.context.SecurityContextImpl] (value [org.acegisecurity.context.SecurityContextImpl@ffffffff: Null authentication]) but failed to remove it when the web application was stopped. Threads are going to be renewed over time to try and avoid a probable memory leak.
juil. 03, 2015 3:32:18 PM org.apache.catalina.loader.WebappClassLoader checkThreadLocalMapForLeaks
SEVERE: The web application [/jenkins4991975519507162842] created a ThreadLocal with key of type [com.google.inject.internal.InjectorImpl$1] (value [com.google.inject.internal.InjectorImpl$1@61617a57]) and a value of type [java.lang.Object[]] (value [[Ljava.lang.Object;@256cd56]) but failed to remove it when the web application was stopped. Threads are going to be renewed over time to try and avoid a probable memory leak.
juil. 03, 2015 3:32:18 PM org.apache.catalina.loader.WebappClassLoader checkThreadLocalMapForLeaks
SEVERE: The web application [/jenkins4991975519507162842] created a ThreadLocal with key of type [org.kohsuke.stapler.Stapler$3] (value [org.kohsuke.stapler.Stapler$3@4050d02]) and a value of type [java.text.SimpleDateFormat] (value [java.text.SimpleDateFormat@c4dc9900]) but failed to remove it when the web application was stopped. Threads are going to be renewed over time to try and avoid a probable memory leak.
juil. 03, 2015 3:32:18 PM org.apache.catalina.loader.WebappClassLoader checkThreadLocalMapForLeaks
SEVERE: The web application [/jenkins4991975519507162842] created a ThreadLocal with key of type [java.lang.ThreadLocal] (value [java.lang.ThreadLocal@253b70a9]) and a value of type [org.acegisecurity.context.SecurityContextImpl] (value [org.acegisecurity.context.SecurityContextImpl@ffffffff: Null authentication]) but failed to remove it when the web application was stopped. Threads are going to be renewed over time to try and avoid a probable memory leak.
juil. 03, 2015 3:32:18 PM org.apache.catalina.loader.WebappClassLoader checkThreadLocalMapForLeaks
SEVERE: The web application [/jenkins4991975519507162842] created a ThreadLocal with key of type [com.google.inject.internal.InjectorImpl$1] (value [com.google.inject.internal.InjectorImpl$1@61617a57]) and a value of type [java.lang.Object[]] (value [[Ljava.lang.Object;@10c2ca4d]) but failed to remove it when the web application was stopped. Threads are going to be renewed over time to try and avoid a probable memory leak.
juil. 03, 2015 3:32:18 PM org.apache.catalina.loader.WebappClassLoader checkThreadLocalMapForLeaks
SEVERE: The web application [/jenkins4991975519507162842] created a ThreadLocal with key of type [org.kohsuke.stapler.Stapler$3] (value [org.kohsuke.stapler.Stapler$3@4050d02]) and a value of type [java.text.SimpleDateFormat] (value [java.text.SimpleDateFormat@c4dc9900]) but failed to remove it when the web application was stopped. Threads are going to be renewed over time to try and avoid a probable memory leak.
juil. 03, 2015 3:32:18 PM org.apache.catalina.loader.WebappClassLoader checkThreadLocalMapForLeaks
SEVERE: The web application [/jenkins4991975519507162842] created a ThreadLocal with key of type [java.lang.ThreadLocal] (value [java.lang.ThreadLocal@253b70a9]) and a value of type [org.acegisecurity.context.SecurityContextImpl] (value [org.acegisecurity.context.SecurityContextImpl@ffffffff: Null authentication]) but failed to remove it when the web application was stopped. Threads are going to be renewed over time to try and avoid a probable memory leak.
juil. 03, 2015 3:32:20 PM org.apache.catalina.startup.ExpandWar deleteDir
SEVERE: [C:\apache-tomcat-7.0.62\webapps\jenkins4991975519507162842\WEB-INF\lib] could not be completely deleted. The presence of the remaining files may cause problems
juil. 03, 2015 3:32:20 PM org.apache.catalina.startup.ExpandWar deleteDir
SEVERE: [C:\apache-tomcat-7.0.62\webapps\jenkins4991975519507162842\WEB-INF] could not be completely deleted. The presence of the remaining files may cause problems
juil. 03, 2015 3:32:20 PM org.apache.catalina.startup.ExpandWar deleteDir
SEVERE: [C:\apache-tomcat-7.0.62\webapps\jenkins4991975519507162842] could not be completely deleted. The presence of the remaining files may cause problems
juil. 03, 2015 3:32:20 PM org.apache.catalina.startup.ExpandWar delete
SEVERE: [C:\apache-tomcat-7.0.62\webapps\jenkins4991975519507162842] could not be completely deleted. The presence of the remaining files may cause problems
juil. 03, 2015 3:32:20 PM org.apache.catalina.startup.HostConfig deployWAR
INFO: Deploying web application archive C:\apache-tomcat-7.0.62\webapps\jenkins.war
juil. 03, 2015 3:32:29 PM org.apache.catalina.startup.TldConfig execute
INFO: At least one JAR was scanned for TLDs yet contained no TLDs. Enable debug logging for this logger for a complete list of JARs that were scanned but no TLDs were found in them. Skipping unneeded JARs during scanning can improve startup time and JSP compilation time.
juil. 03, 2015 3:32:30 PM org.apache.catalina.startup.HostConfig deployWAR
INFO: Deployment of web application archive C:\apache-tomcat-7.0.62\webapps\jenkins.war has finished in 9,140 ms
juil. 03, 2015 3:32:30 PM org.apache.catalina.startup.HostConfig deployDirectory
INFO: Deploying web application directory C:\apache-tomcat-7.0.62\webapps\jenkins4991975519507162842
juil. 03, 2015 3:32:30 PM jenkins.InitReactorRunner$1 onAttained
INFO: Started initialization
juil. 03, 2015 3:32:30 PM org.apache.catalina.startup.TldConfig execute
INFO: At least one JAR was scanned for TLDs yet contained no TLDs. Enable debug logging for this logger for a complete list of JARs that were scanned but no TLDs were found in them. Skipping unneeded JARs during scanning can improve startup time and JSP compilation time.
juil. 03, 2015 3:32:30 PM org.apache.catalina.startup.HostConfig deployDirectory
INFO: Deployment of web application directory C:\apache-tomcat-7.0.62\webapps\jenkins4991975519507162842 has finished in 459 ms
juil. 03, 2015 3:32:31 PM jenkins.InitReactorRunner$1 onAttained
INFO: Listed all plugins
juil. 03, 2015 3:32:31 PM jenkins.InitReactorRunner$1 onAttained
INFO: Prepared all plugins
juil. 03, 2015 3:32:31 PM jenkins.InitReactorRunner$1 onAttained
INFO: Started all plugins
juil. 03, 2015 3:32:31 PM jenkins.InitReactorRunner$1 onAttained
INFO: Augmented all extensions
juil. 03, 2015 3:32:34 PM jenkins.InitReactorRunner$1 onAttained
INFO: Loaded all jobs
juil. 03, 2015 3:32:34 PM hudson.model.ComputerSet <clinit>
WARNING: Failed to instantiate NodeMonitors
java.io.IOException: Unable to read C:\Users\cdhouibi\.jenkins\nodeMonitors.xml
	at hudson.XmlFile.read(XmlFile.java:146)
	at hudson.model.ComputerSet.<clinit>(ComputerSet.java:426)
	at sun.reflect.NativeMethodAccessorImpl.invoke0(Native Method)
	at sun.reflect.NativeMethodAccessorImpl.invoke(NativeMethodAccessorImpl.java:57)
	at sun.reflect.DelegatingMethodAccessorImpl.invoke(DelegatingMethodAccessorImpl.java:43)
	at java.lang.reflect.Method.invoke(Method.java:606)
	at hudson.init.TaskMethodFinder.invoke(TaskMethodFinder.java:106)
	at hudson.init.TaskMethodFinder$TaskImpl.run(TaskMethodFinder.java:176)
	at org.jvnet.hudson.reactor.Reactor.runTask(Reactor.java:282)
	at jenkins.model.Jenkins$7.runTask(Jenkins.java:903)
	at org.jvnet.hudson.reactor.Reactor$2.run(Reactor.java:210)
	at org.jvnet.hudson.reactor.Reactor$Node.run(Reactor.java:117)
	at java.util.concurrent.ThreadPoolExecutor.runWorker(ThreadPoolExecutor.java:1145)
	at java.util.concurrent.ThreadPoolExecutor$Worker.run(ThreadPoolExecutor.java:615)
	at java.lang.Thread.run(Thread.java:745)
Caused by: java.lang.OutOfMemoryError: PermGen space
	at java.lang.ClassLoader.defineClass1(Native Method)
	at java.lang.ClassLoader.defineClass(ClassLoader.java:800)
	at java.security.SecureClassLoader.defineClass(SecureClassLoader.java:142)
	at org.apache.catalina.loader.WebappClassLoader.findClassInternal(WebappClassLoader.java:2957)
	at org.apache.catalina.loader.WebappClassLoader.findClass(WebappClassLoader.java:1210)
	at org.apache.catalina.loader.WebappClassLoader.loadClass(WebappClassLoader.java:1690)
	at org.apache.catalina.loader.WebappClassLoader.loadClass(WebappClassLoader.java:1571)
	at hudson.node_monitors.ResponseTimeMonitor.<clinit>(ResponseTimeMonitor.java:50)
	at sun.misc.Unsafe.allocateInstance(Native Method)
	at com.thoughtworks.xstream.converters.reflection.SunLimitedUnsafeReflectionProvider.newInstance(SunLimitedUnsafeReflectionProvider.java:76)
	at hudson.util.RobustReflectionConverter.instantiateNewInstance(RobustReflectionConverter.java:392)
	at hudson.util.RobustReflectionConverter.unmarshal(RobustReflectionConverter.java:227)
	at com.thoughtworks.xstream.core.TreeUnmarshaller.convert(TreeUnmarshaller.java:72)
	at com.thoughtworks.xstream.core.AbstractReferenceUnmarshaller.convert(AbstractReferenceUnmarshaller.java:65)
	at com.thoughtworks.xstream.core.TreeUnmarshaller.convertAnother(TreeUnmarshaller.java:66)
	at com.thoughtworks.xstream.core.TreeUnmarshaller.convertAnother(TreeUnmarshaller.java:50)
	at com.thoughtworks.xstream.converters.collections.AbstractCollectionConverter.readItem(AbstractCollectionConverter.java:71)
	at hudson.util.CopyOnWriteList$ConverterImpl.unmarshal(CopyOnWriteList.java:195)
	at hudson.util.DescribableList$ConverterImpl.unmarshal(DescribableList.java:263)
	at com.thoughtworks.xstream.core.TreeUnmarshaller.convert(TreeUnmarshaller.java:72)
	at com.thoughtworks.xstream.core.AbstractReferenceUnmarshaller.convert(AbstractReferenceUnmarshaller.java:65)
	at com.thoughtworks.xstream.core.TreeUnmarshaller.convertAnother(TreeUnmarshaller.java:66)
	at com.thoughtworks.xstream.core.TreeUnmarshaller.convertAnother(TreeUnmarshaller.java:50)
	at com.thoughtworks.xstream.core.TreeUnmarshaller.start(TreeUnmarshaller.java:134)
	at com.thoughtworks.xstream.core.AbstractTreeMarshallingStrategy.unmarshal(AbstractTreeMarshallingStrategy.java:32)
	at com.thoughtworks.xstream.XStream.unmarshal(XStream.java:1189)
	at hudson.util.XStream2.unmarshal(XStream2.java:113)
	at com.thoughtworks.xstream.XStream.unmarshal(XStream.java:1173)
	at com.thoughtworks.xstream.XStream.fromXML(XStream.java:1053)
	at hudson.XmlFile.read(XmlFile.java:142)
	at hudson.model.ComputerSet.<clinit>(ComputerSet.java:426)
	at sun.reflect.NativeMethodAccessorImpl.invoke0(Native Method)

juil. 03, 2015 3:32:35 PM jenkins.InitReactorRunner$1 onTaskFailed
SEVERE: Failed NullIdDescriptorMonitor.verifyId
java.lang.Error: java.lang.reflect.InvocationTargetException
	at hudson.init.TaskMethodFinder.invoke(TaskMethodFinder.java:110)
	at hudson.init.TaskMethodFinder$TaskImpl.run(TaskMethodFinder.java:176)
	at org.jvnet.hudson.reactor.Reactor.runTask(Reactor.java:282)
	at jenkins.model.Jenkins$7.runTask(Jenkins.java:903)
	at org.jvnet.hudson.reactor.Reactor$2.run(Reactor.java:210)
	at org.jvnet.hudson.reactor.Reactor$Node.run(Reactor.java:117)
	at java.util.concurrent.ThreadPoolExecutor.runWorker(ThreadPoolExecutor.java:1145)
	at java.util.concurrent.ThreadPoolExecutor$Worker.run(ThreadPoolExecutor.java:615)
	at java.lang.Thread.run(Thread.java:745)
Caused by: java.lang.reflect.InvocationTargetException
	at sun.reflect.NativeMethodAccessorImpl.invoke0(Native Method)
	at sun.reflect.NativeMethodAccessorImpl.invoke(NativeMethodAccessorImpl.java:57)
	at sun.reflect.DelegatingMethodAccessorImpl.invoke(DelegatingMethodAccessorImpl.java:43)
	at java.lang.reflect.Method.invoke(Method.java:606)
	at hudson.init.TaskMethodFinder.invoke(TaskMethodFinder.java:106)
	... 8 more
Caused by: java.lang.OutOfMemoryError: PermGen space
	at com.google.inject.internal.Errors.addMessage(Errors.java:522)
	at com.google.inject.internal.Errors.errorInUserCode(Errors.java:403)
	at com.google.inject.internal.Errors.errorInjectingConstructor(Errors.java:353)
	at com.google.inject.internal.ConstructorInjector.provision(ConstructorInjector.java:125)
	at com.google.inject.internal.ConstructorInjector.construct(ConstructorInjector.java:88)
	at com.google.inject.internal.ConstructorBindingImpl$Factory.get(ConstructorBindingImpl.java:269)
	at com.google.inject.internal.ProviderToInternalFactoryAdapter$1.call(ProviderToInternalFactoryAdapter.java:46)
	at com.google.inject.internal.InjectorImpl.callInContext(InjectorImpl.java:1058)
	at com.google.inject.internal.ProviderToInternalFactoryAdapter.get(ProviderToInternalFactoryAdapter.java:40)
	at com.google.inject.Scopes$1$1.get(Scopes.java:65)
	at hudson.ExtensionFinder$GuiceFinder$FaultTolerantScope$1.get(ExtensionFinder.java:427)
	at com.google.inject.internal.InternalFactoryToProviderAdapter.get(InternalFactoryToProviderAdapter.java:41)
	at com.google.inject.internal.SingleFieldInjector.inject(SingleFieldInjector.java:54)
	at com.google.inject.internal.MembersInjectorImpl.injectMembers(MembersInjectorImpl.java:132)
	at com.google.inject.internal.ConstructorInjector.provision(ConstructorInjector.java:117)
	at com.google.inject.internal.ConstructorInjector.construct(ConstructorInjector.java:88)
	at com.google.inject.internal.ConstructorBindingImpl$Factory.get(ConstructorBindingImpl.java:269)
	at com.google.inject.internal.ProviderToInternalFactoryAdapter$1.call(ProviderToInternalFactoryAdapter.java:46)
	at com.google.inject.internal.InjectorImpl.callInContext(InjectorImpl.java:1058)
	at com.google.inject.internal.ProviderToInternalFactoryAdapter.get(ProviderToInternalFactoryAdapter.java:40)
	at com.google.inject.Scopes$1$1.get(Scopes.java:65)
	at hudson.ExtensionFinder$GuiceFinder$FaultTolerantScope$1.get(ExtensionFinder.java:427)
	at com.google.inject.internal.InternalFactoryToProviderAdapter.get(InternalFactoryToProviderAdapter.java:41)
	at com.google.inject.internal.InjectorImpl$3$1.call(InjectorImpl.java:1005)
	at com.google.inject.internal.InjectorImpl.callInContext(InjectorImpl.java:1051)
	at com.google.inject.internal.InjectorImpl$3.get(InjectorImpl.java:1001)
	at hudson.ExtensionFinder$GuiceFinder._find(ExtensionFinder.java:389)
	at hudson.ExtensionFinder$GuiceFinder.find(ExtensionFinder.java:380)
	at hudson.ClassicPluginStrategy.findComponents(ClassicPluginStrategy.java:371)
	at hudson.ExtensionList.load(ExtensionList.java:300)
	at hudson.ExtensionList.ensureLoaded(ExtensionList.java:253)
	at hudson.ExtensionList.iterator(ExtensionList.java:143)

juil. 03, 2015 3:32:35 PM jenkins.InitReactorRunner$1 onTaskFailed
SEVERE: Failed GroovyInitScript.init
java.lang.Error: java.lang.reflect.InvocationTargetException
	at hudson.init.TaskMethodFinder.invoke(TaskMethodFinder.java:110)
	at hudson.init.TaskMethodFinder$TaskImpl.run(TaskMethodFinder.java:176)
	at org.jvnet.hudson.reactor.Reactor.runTask(Reactor.java:282)
	at jenkins.model.Jenkins$7.runTask(Jenkins.java:903)
	at org.jvnet.hudson.reactor.Reactor$2.run(Reactor.java:210)
	at org.jvnet.hudson.reactor.Reactor$Node.run(Reactor.java:117)
	at java.util.concurrent.ThreadPoolExecutor.runWorker(ThreadPoolExecutor.java:1145)
	at java.util.concurrent.ThreadPoolExecutor$Worker.run(ThreadPoolExecutor.java:615)
	at java.lang.Thread.run(Thread.java:745)
Caused by: java.lang.reflect.InvocationTargetException
	at sun.reflect.NativeMethodAccessorImpl.invoke0(Native Method)
	at sun.reflect.NativeMethodAccessorImpl.invoke(NativeMethodAccessorImpl.java:57)
	at sun.reflect.DelegatingMethodAccessorImpl.invoke(DelegatingMethodAccessorImpl.java:43)
	at java.lang.reflect.Method.invoke(Method.java:606)
	at hudson.init.TaskMethodFinder.invoke(TaskMethodFinder.java:106)
	... 8 more
Caused by: java.lang.OutOfMemoryError: PermGen space
	at java.lang.ClassLoader.defineClass1(Native Method)
	at java.lang.ClassLoader.defineClass(ClassLoader.java:800)
	at java.security.SecureClassLoader.defineClass(SecureClassLoader.java:142)
	at org.apache.catalina.loader.WebappClassLoader.findClassInternal(WebappClassLoader.java:2957)
	at org.apache.catalina.loader.WebappClassLoader.findClass(WebappClassLoader.java:1210)
	at org.apache.catalina.loader.WebappClassLoader.loadClass(WebappClassLoader.java:1690)
	at org.apache.catalina.loader.WebappClassLoader.loadClass(WebappClassLoader.java:1571)
	at groovy.lang.GroovyObjectSupport.<init>(GroovyObjectSupport.java:32)
	at groovy.lang.Binding.<init>(Binding.java:34)
	at jenkins.util.groovy.GroovyHookScript.<init>(GroovyHookScript.java:42)
	at hudson.init.impl.GroovyInitScript.init(GroovyInitScript.java:42)
	... 13 more

juil. 03, 2015 3:32:35 PM jenkins.InitReactorRunner$1 onTaskFailed
SEVERE: Failed ComputerSet.init
java.lang.Error: java.lang.reflect.InvocationTargetException
	at hudson.init.TaskMethodFinder.invoke(TaskMethodFinder.java:110)
	at hudson.init.TaskMethodFinder$TaskImpl.run(TaskMethodFinder.java:176)
	at org.jvnet.hudson.reactor.Reactor.runTask(Reactor.java:282)
	at jenkins.model.Jenkins$7.runTask(Jenkins.java:903)
	at org.jvnet.hudson.reactor.Reactor$2.run(Reactor.java:210)
	at org.jvnet.hudson.reactor.Reactor$Node.run(Reactor.java:117)
	at java.util.concurrent.ThreadPoolExecutor.runWorker(ThreadPoolExecutor.java:1145)
	at java.util.concurrent.ThreadPoolExecutor$Worker.run(ThreadPoolExecutor.java:615)
	at java.lang.Thread.run(Thread.java:745)
Caused by: java.lang.reflect.InvocationTargetException
	at sun.reflect.NativeMethodAccessorImpl.invoke0(Native Method)
	at sun.reflect.NativeMethodAccessorImpl.invoke(NativeMethodAccessorImpl.java:57)
	at sun.reflect.DelegatingMethodAccessorImpl.invoke(DelegatingMethodAccessorImpl.java:43)
	at java.lang.reflect.Method.invoke(Method.java:606)
	at hudson.init.TaskMethodFinder.invoke(TaskMethodFinder.java:106)
	... 8 more
Caused by: java.lang.OutOfMemoryError: PermGen space

juil. 03, 2015 3:32:36 PM hudson.triggers.SafeTimerTask run
SEVERE: Timer task hudson.model.Queue$MaintainTask@341363bb failed
java.lang.OutOfMemoryError: PermGen space

juil. 03, 2015 3:32:37 PM hudson.model.listeners.SaveableListener fireOnChange
WARNING: null
java.lang.OutOfMemoryError: PermGen space

juil. 03, 2015 3:32:44 PM hudson.triggers.SafeTimerTask run
SEVERE: Timer task hudson.model.Queue$MaintainTask@341363bb failed
java.lang.OutOfMemoryError: PermGen space

juil. 03, 2015 3:32:54 PM hudson.triggers.SafeTimerTask run
SEVERE: Timer task hudson.model.Queue$MaintainTask@341363bb failed
java.lang.OutOfMemoryError: PermGen space

juil. 03, 2015 3:33:06 PM hudson.triggers.SafeTimerTask run
SEVERE: Timer task hudson.model.Queue$MaintainTask@341363bb failed
java.lang.OutOfMemoryError: PermGen space

juil. 03, 2015 3:33:08 PM org.apache.catalina.core.StandardContext reload
INFO: Reloading Context with name [/NunitToDbRESTful] has started
juil. 03, 2015 3:33:21 PM hudson.triggers.SafeTimerTask run
SEVERE: Timer task hudson.model.Queue$MaintainTask@341363bb failed
java.lang.OutOfMemoryError: PermGen space

juil. 03, 2015 3:33:26 PM hudson.triggers.SafeTimerTask run
SEVERE: Timer task hudson.model.Queue$MaintainTask@341363bb failed
java.lang.OutOfMemoryError: PermGen space

juil. 03, 2015 3:33:31 PM hudson.triggers.SafeTimerTask run
SEVERE: Timer task hudson.model.Queue$MaintainTask@341363bb failed
java.lang.OutOfMemoryError: PermGen space

juil. 03, 2015 3:33:36 PM hudson.triggers.SafeTimerTask run
SEVERE: Timer task hudson.model.Queue$MaintainTask@341363bb failed
java.lang.OutOfMemoryError: PermGen space

juil. 03, 2015 3:33:43 PM hudson.triggers.SafeTimerTask run
SEVERE: Timer task hudson.model.Queue$MaintainTask@341363bb failed
java.lang.OutOfMemoryError: PermGen space

juil. 03, 2015 3:33:59 PM hudson.triggers.SafeTimerTask run
SEVERE: Timer task hudson.model.Queue$MaintainTask@341363bb failed
java.lang.OutOfMemoryError: PermGen space

juil. 03, 2015 3:34:23 PM org.apache.catalina.startup.VersionLoggerListener log
INFO: Server version:        Apache Tomcat/7.0.62
juil. 03, 2015 3:34:23 PM org.apache.catalina.startup.VersionLoggerListener log
INFO: Server built:          May 7 2015 17:14:55 UTC
juil. 03, 2015 3:34:23 PM org.apache.catalina.startup.VersionLoggerListener log
INFO: Server number:         7.0.62.0
juil. 03, 2015 3:34:23 PM org.apache.catalina.startup.VersionLoggerListener log
INFO: OS Name:               Windows 7
juil. 03, 2015 3:34:23 PM org.apache.catalina.startup.VersionLoggerListener log
INFO: OS Version:            6.1
juil. 03, 2015 3:34:23 PM org.apache.catalina.startup.VersionLoggerListener log
INFO: Architecture:          amd64
juil. 03, 2015 3:34:23 PM org.apache.catalina.startup.VersionLoggerListener log
INFO: Java Home:             C:\Program Files\Java\jdk1.7.0_75\jre
juil. 03, 2015 3:34:23 PM org.apache.catalina.startup.VersionLoggerListener log
INFO: JVM Version:           1.7.0_75-b13
juil. 03, 2015 3:34:23 PM org.apache.catalina.startup.VersionLoggerListener log
INFO: JVM Vendor:            Oracle Corporation
juil. 03, 2015 3:34:23 PM org.apache.catalina.startup.VersionLoggerListener log
INFO: CATALINA_BASE:         C:\apache-tomcat-7.0.62
juil. 03, 2015 3:34:23 PM org.apache.catalina.startup.VersionLoggerListener log
INFO: CATALINA_HOME:         C:\apache-tomcat-7.0.62
juil. 03, 2015 3:34:23 PM org.apache.catalina.startup.VersionLoggerListener log
INFO: Command line argument: -Djava.util.logging.config.file=C:\apache-tomcat-7.0.62\conf\logging.properties
juil. 03, 2015 3:34:23 PM org.apache.catalina.startup.VersionLoggerListener log
INFO: Command line argument: -Djava.util.logging.manager=org.apache.juli.ClassLoaderLogManager
juil. 03, 2015 3:34:23 PM org.apache.catalina.startup.VersionLoggerListener log
INFO: Command line argument: -Djava.endorsed.dirs=C:\apache-tomcat-7.0.62\endorsed
juil. 03, 2015 3:34:23 PM org.apache.catalina.startup.VersionLoggerListener log
INFO: Command line argument: -Dcatalina.base=C:\apache-tomcat-7.0.62
juil. 03, 2015 3:34:23 PM org.apache.catalina.startup.VersionLoggerListener log
INFO: Command line argument: -Dcatalina.home=C:\apache-tomcat-7.0.62
juil. 03, 2015 3:34:23 PM org.apache.catalina.startup.VersionLoggerListener log
INFO: Command line argument: -Djava.io.tmpdir=C:\apache-tomcat-7.0.62\temp
juil. 03, 2015 3:34:23 PM org.apache.catalina.core.AprLifecycleListener lifecycleEvent
INFO: The APR based Apache Tomcat Native library which allows optimal performance in production environments was not found on the java.library.path: C:\Program Files\Java\jdk1.7.0_75\bin;C:\WINDOWS\Sun\Java\bin;C:\WINDOWS\system32;C:\WINDOWS;C:\WINDOWS\system32;C:\WINDOWS;C:\WINDOWS\System32\Wbem;C:\WINDOWS\System32\WindowsPowerShell\v1.0\;C:\Program Files (x86)\Microsoft ASP.NET\ASP.NET Web Pages\v1.0\;C:\Program Files (x86)\Windows Kits\8.0\Windows Performance Toolkit\;C:\Program Files\Microsoft SQL Server\110\Tools\Binn\;D:\PFE Chedli Utilities\apache-maven-3.2.5\bin;C:\Program Files (x86)\Git\cmd;C:\Program Files\TortoiseGit\bin;C:\Program Files (x86)\NUnit 2.6.4\bin;C:\Windows\Microsoft.NET\Framework64\v4.0.30319\;C:\Program Files (x86)\Microsoft SQL Server\100\Tools\Binn\VSShell\Common7\IDE\;C:\Program Files (x86)\Microsoft SQL Server\100\Tools\Binn\;C:\Program Files\Microsoft SQL Server\100\Tools\Binn\;C:\Program Files (x86)\Microsoft SQL Server\100\DTS\Binn\;C:\Program Files\Microsoft SQL Server\100\DTS\Binn\;C:\Program Files (x86)\Microsoft Visual Studio 9.0\Common7\IDE\PrivateAssemblies\;C:\Program Files (x86)\Subversion\bin;C:\Program Files (x86)\Subversion\bin;C:\msysgit\bin;C:\Program Files\Java\jdk1.7.0_75\bin;C:\WINDOWS\System32\WindowsPowerShell\v1.0\;C:\Program Files\Microsoft\Web Platform Installer\;C:\apache-ant-1.9.5\bin;C:\ProgramData\chocolatey\bin;;.
juil. 03, 2015 3:34:23 PM org.apache.coyote.AbstractProtocol init
INFO: Initializing ProtocolHandler ["http-bio-8080"]
juil. 03, 2015 3:34:23 PM org.apache.coyote.AbstractProtocol init
INFO: Initializing ProtocolHandler ["http-bio-8443"]
juil. 03, 2015 3:34:23 PM org.apache.coyote.AbstractProtocol init
INFO: Initializing ProtocolHandler ["ajp-bio-8009"]
juil. 03, 2015 3:34:23 PM org.apache.catalina.startup.Catalina load
INFO: Initialization processed in 847 ms
juil. 03, 2015 3:34:23 PM org.apache.catalina.core.StandardService startInternal
INFO: Starting service Catalina
juil. 03, 2015 3:34:23 PM org.apache.catalina.core.StandardEngine startInternal
INFO: Starting Servlet Engine: Apache Tomcat/7.0.62
juil. 03, 2015 3:34:23 PM org.apache.catalina.startup.HostConfig deployDescriptor
INFO: Deploying configuration descriptor C:\apache-tomcat-7.0.62\conf\Catalina\localhost\NunitToDbRESTful.xml
juil. 03, 2015 3:34:25 PM org.apache.catalina.startup.TldConfig execute
INFO: At least one JAR was scanned for TLDs yet contained no TLDs. Enable debug logging for this logger for a complete list of JARs that were scanned but no TLDs were found in them. Skipping unneeded JARs during scanning can improve startup time and JSP compilation time.
juil. 03, 2015 3:34:25 PM org.apache.catalina.startup.HostConfig deployDescriptor
INFO: Deployment of configuration descriptor C:\apache-tomcat-7.0.62\conf\Catalina\localhost\NunitToDbRESTful.xml has finished in 1,853 ms
juil. 03, 2015 3:34:25 PM org.apache.catalina.startup.HostConfig deployWAR
INFO: Deploying web application archive C:\apache-tomcat-7.0.62\webapps\jenkins.war
juil. 03, 2015 3:34:28 PM org.apache.catalina.startup.TldConfig execute
INFO: At least one JAR was scanned for TLDs yet contained no TLDs. Enable debug logging for this logger for a complete list of JARs that were scanned but no TLDs were found in them. Skipping unneeded JARs during scanning can improve startup time and JSP compilation time.
juil. 03, 2015 3:34:29 PM org.apache.catalina.startup.HostConfig deployWAR
INFO: Deployment of web application archive C:\apache-tomcat-7.0.62\webapps\jenkins.war has finished in 3,313 ms
juil. 03, 2015 3:34:29 PM org.apache.catalina.startup.HostConfig deployDirectory
INFO: Deploying web application directory C:\apache-tomcat-7.0.62\webapps\host-manager
juil. 03, 2015 3:34:29 PM org.apache.catalina.startup.TldConfig execute
INFO: At least one JAR was scanned for TLDs yet contained no TLDs. Enable debug logging for this logger for a complete list of JARs that were scanned but no TLDs were found in them. Skipping unneeded JARs during scanning can improve startup time and JSP compilation time.
juil. 03, 2015 3:34:29 PM org.apache.catalina.startup.HostConfig deployDirectory
INFO: Deployment of web application directory C:\apache-tomcat-7.0.62\webapps\host-manager has finished in 264 ms
juil. 03, 2015 3:34:29 PM org.apache.catalina.startup.HostConfig deployDirectory
INFO: Deploying web application directory C:\apache-tomcat-7.0.62\webapps\jenkins4991975519507162842
juil. 03, 2015 3:34:29 PM jenkins.InitReactorRunner$1 onAttained
INFO: Started initialization
juil. 03, 2015 3:34:29 PM jenkins.InitReactorRunner$1 onAttained
INFO: Listed all plugins
juil. 03, 2015 3:34:29 PM jenkins.InitReactorRunner$1 onAttained
INFO: Prepared all plugins
juil. 03, 2015 3:34:29 PM jenkins.InitReactorRunner$1 onAttained
INFO: Started all plugins
juil. 03, 2015 3:34:29 PM jenkins.InitReactorRunner$1 onAttained
INFO: Augmented all extensions
juil. 03, 2015 3:34:29 PM org.apache.catalina.startup.TldConfig execute
INFO: At least one JAR was scanned for TLDs yet contained no TLDs. Enable debug logging for this logger for a complete list of JARs that were scanned but no TLDs were found in them. Skipping unneeded JARs during scanning can improve startup time and JSP compilation time.
juil. 03, 2015 3:34:29 PM org.apache.catalina.startup.HostConfig deployDirectory
INFO: Deployment of web application directory C:\apache-tomcat-7.0.62\webapps\jenkins4991975519507162842 has finished in 554 ms
juil. 03, 2015 3:34:29 PM org.apache.catalina.startup.HostConfig deployDirectory
INFO: Deploying web application directory C:\apache-tomcat-7.0.62\webapps\manager
juil. 03, 2015 3:34:30 PM org.apache.catalina.startup.TldConfig execute
INFO: At least one JAR was scanned for TLDs yet contained no TLDs. Enable debug logging for this logger for a complete list of JARs that were scanned but no TLDs were found in them. Skipping unneeded JARs during scanning can improve startup time and JSP compilation time.
juil. 03, 2015 3:34:30 PM org.apache.catalina.startup.HostConfig deployDirectory
INFO: Deployment of web application directory C:\apache-tomcat-7.0.62\webapps\manager has finished in 219 ms
juil. 03, 2015 3:34:30 PM org.apache.catalina.startup.HostConfig deployDirectory
INFO: Deploying web application directory C:\apache-tomcat-7.0.62\webapps\ROOT
juil. 03, 2015 3:34:30 PM org.apache.catalina.startup.TldConfig execute
INFO: At least one JAR was scanned for TLDs yet contained no TLDs. Enable debug logging for this logger for a complete list of JARs that were scanned but no TLDs were found in them. Skipping unneeded JARs during scanning can improve startup time and JSP compilation time.
juil. 03, 2015 3:34:30 PM org.apache.catalina.startup.HostConfig deployDirectory
INFO: Deployment of web application directory C:\apache-tomcat-7.0.62\webapps\ROOT has finished in 216 ms
juil. 03, 2015 3:34:30 PM org.apache.coyote.AbstractProtocol start
INFO: Starting ProtocolHandler ["http-bio-8080"]
juil. 03, 2015 3:34:30 PM org.apache.coyote.AbstractProtocol start
INFO: Starting ProtocolHandler ["http-bio-8443"]
juil. 03, 2015 3:34:30 PM org.apache.coyote.AbstractProtocol start
INFO: Starting ProtocolHandler ["ajp-bio-8009"]
juil. 03, 2015 3:34:30 PM org.apache.catalina.startup.Catalina start
INFO: Server startup in 6475 ms
juil. 03, 2015 3:34:31 PM jenkins.InitReactorRunner$1 onAttained
INFO: Loaded all jobs
juil. 03, 2015 3:34:33 PM org.jenkinsci.main.modules.sshd.SSHD start
INFO: Started SSHD at port 61808
juil. 03, 2015 3:34:33 PM jenkins.InitReactorRunner$1 onAttained
INFO: Completed initialization
juil. 03, 2015 3:34:33 PM hudson.WebAppMain$3 run
INFO: Jenkins is fully up and running
juil. 03, 2015 3:35:20 PM org.apache.catalina.core.StandardContext reload
INFO: Reloading Context with name [/jenkins] has started
juil. 03, 2015 3:35:21 PM org.apache.catalina.loader.WebappClassLoader clearReferencesThreads
SEVERE: The web application [/jenkins] appears to have started a thread named [Computer.threadPoolForRemoting [#1]] but has failed to stop it. This is very likely to create a memory leak.
juil. 03, 2015 3:35:21 PM org.apache.catalina.loader.WebappClassLoader clearReferencesThreads
SEVERE: The web application [/jenkins] appears to have started a thread named [Computer.threadPoolForRemoting [#2]] but has failed to stop it. This is very likely to create a memory leak.
juil. 03, 2015 3:35:21 PM org.apache.catalina.loader.WebappClassLoader clearReferencesThreads
SEVERE: The web application [/jenkins] appears to have started a thread named [FilePath.localPool [#1]] but has failed to stop it. This is very likely to create a memory leak.
juil. 03, 2015 3:35:21 PM org.apache.catalina.loader.WebappClassLoader clearReferencesThreads
SEVERE: The web application [/jenkins] appears to have started a thread named [FilePath.localPool [#5]] but has failed to stop it. This is very likely to create a memory leak.
juil. 03, 2015 3:35:21 PM org.apache.catalina.loader.WebappClassLoader clearReferencesThreads
SEVERE: The web application [/jenkins] appears to have started a thread named [FilePath.localPool [#6]] but has failed to stop it. This is very likely to create a memory leak.
juil. 03, 2015 3:35:21 PM org.apache.catalina.loader.WebappClassLoader clearReferencesThreads
SEVERE: The web application [/jenkins] appears to have started a thread named [FilePath.localPool [#2]] but has failed to stop it. This is very likely to create a memory leak.
juil. 03, 2015 3:35:21 PM org.apache.catalina.loader.WebappClassLoader clearReferencesThreads
SEVERE: The web application [/jenkins] appears to have started a thread named [FilePath.localPool [#3]] but has failed to stop it. This is very likely to create a memory leak.
juil. 03, 2015 3:35:21 PM org.apache.catalina.loader.WebappClassLoader clearReferencesThreads
SEVERE: The web application [/jenkins] appears to have started a thread named [FilePath.localPool [#4]] but has failed to stop it. This is very likely to create a memory leak.
juil. 03, 2015 3:35:21 PM org.apache.catalina.loader.WebappClassLoader checkThreadLocalMapForLeaks
SEVERE: The web application [/jenkins] created a ThreadLocal with key of type [com.google.inject.internal.InjectorImpl$1] (value [com.google.inject.internal.InjectorImpl$1@e629b0c]) and a value of type [java.lang.Object[]] (value [[Ljava.lang.Object;@6bb13834]) but failed to remove it when the web application was stopped. Threads are going to be renewed over time to try and avoid a probable memory leak.
juil. 03, 2015 3:35:21 PM org.apache.catalina.loader.WebappClassLoader checkThreadLocalMapForLeaks
SEVERE: The web application [/jenkins] created a ThreadLocal with key of type [com.sun.jna.Structure$2] (value [com.sun.jna.Structure$2@2fde48d5]) and a value of type [com.sun.jna.Structure$2$StructureSet] (value [[]]) but failed to remove it when the web application was stopped. Threads are going to be renewed over time to try and avoid a probable memory leak.
juil. 03, 2015 3:35:21 PM org.apache.catalina.loader.WebappClassLoader checkThreadLocalMapForLeaks
SEVERE: The web application [/jenkins] created a ThreadLocal with key of type [com.sun.jna.Structure$1] (value [com.sun.jna.Structure$1@251cb94c]) and a value of type [java.util.HashMap] (value [{}]) but failed to remove it when the web application was stopped. Threads are going to be renewed over time to try and avoid a probable memory leak.
juil. 03, 2015 3:35:21 PM org.apache.catalina.loader.WebappClassLoader checkThreadLocalMapForLeaks
SEVERE: The web application [/jenkins] created a ThreadLocal with key of type [java.lang.ThreadLocal] (value [java.lang.ThreadLocal@c93f9d]) and a value of type [org.acegisecurity.context.SecurityContextImpl] (value [org.acegisecurity.context.SecurityContextImpl@ffffffff: Null authentication]) but failed to remove it when the web application was stopped. Threads are going to be renewed over time to try and avoid a probable memory leak.
juil. 03, 2015 3:35:24 PM org.apache.catalina.startup.HostConfig undeploy
INFO: Undeploying context [/jenkins4991975519507162842]
juil. 03, 2015 3:35:24 PM org.apache.catalina.startup.TldConfig execute
INFO: At least one JAR was scanned for TLDs yet contained no TLDs. Enable debug logging for this logger for a complete list of JARs that were scanned but no TLDs were found in them. Skipping unneeded JARs during scanning can improve startup time and JSP compilation time.
juil. 03, 2015 3:35:24 PM org.apache.catalina.core.StandardContext reload
INFO: Reloading Context with name [/jenkins] is completed
juil. 03, 2015 3:35:24 PM jenkins.InitReactorRunner$1 onAttained
INFO: Started initialization
juil. 03, 2015 3:35:24 PM jenkins.InitReactorRunner$1 onAttained
INFO: Listed all plugins
juil. 03, 2015 3:35:24 PM jenkins.InitReactorRunner$1 onAttained
INFO: Prepared all plugins
juil. 03, 2015 3:35:25 PM jenkins.InitReactorRunner$1 onAttained
INFO: Started all plugins
juil. 03, 2015 3:35:25 PM jenkins.InitReactorRunner$1 onAttained
INFO: Augmented all extensions
juil. 03, 2015 3:35:26 PM jenkins.InitReactorRunner$1 onAttained
INFO: Loaded all jobs
juil. 03, 2015 3:35:27 PM org.jenkinsci.main.modules.sshd.SSHD start
INFO: Started SSHD at port 61846
juil. 03, 2015 3:35:27 PM jenkins.InitReactorRunner$1 onAttained
INFO: Completed initialization
juil. 03, 2015 3:35:27 PM hudson.WebAppMain$3 run
INFO: Jenkins is fully up and running
juil. 03, 2015 3:35:36 PM org.apache.catalina.util.LifecycleBase start
INFO: The start() method was called on component [StandardEngine[Catalina].StandardHost[localhost].StandardContext[/jenkins]] after start() had already been called. The second call will be ignored.
juil. 03, 2015 3:36:55 PM org.apache.catalina.core.StandardContext reload
INFO: Reloading Context with name [/NunitToDbRESTful] has started
juil. 03, 2015 3:36:55 PM org.apache.catalina.loader.WebappClassLoader validateJarFile
INFO: validateJarFile(C:\NunitToDbREST\build\web\WEB-INF\lib\javax.servlet-api-3.0.1.jar) - jar not loaded. See Servlet Spec 3.0, section 10.7.2. Offending class: javax/servlet/Servlet.class
juil. 03, 2015 3:36:56 PM org.apache.catalina.startup.TldConfig execute
INFO: At least one JAR was scanned for TLDs yet contained no TLDs. Enable debug logging for this logger for a complete list of JARs that were scanned but no TLDs were found in them. Skipping unneeded JARs during scanning can improve startup time and JSP compilation time.
juil. 03, 2015 3:36:56 PM org.glassfish.jersey.servlet.init.JerseyServletContainerInitializer addServletWithApplication
INFO: Registering the Jersey servlet application, named REST.ApplicationConfig, at the servlet mapping /resources/*, with the Application class of the same name.
juil. 03, 2015 3:36:56 PM org.glassfish.jersey.server.ApplicationHandler initialize
INFO: Initiating Jersey application, version Jersey: 2.5.1 2014-01-02 13:43:00...
juil. 03, 2015 3:36:56 PM org.apache.catalina.core.StandardContext reload
INFO: Reloading Context with name [/NunitToDbRESTful] is completed
juil. 03, 2015 3:37:09 PM hudson.Util warnWindowsSymlink
WARNING: Symbolic links enabled on this platform but disabled for this user; run as administrator or use Local Security Policy > Security Settings > Local Policies > User Rights Assignment > Create symbolic links
juil. 03, 2015 3:37:10 PM hudson.model.Run execute
INFO: Parent job #18 main build action completed: SUCCESS
juil. 03, 2015 3:37:21 PM hudson.model.Run execute
INFO: Test job 1 #51 main build action completed: SUCCESS
juil. 03, 2015 3:37:30 PM REST.ApplicationManager gatherDataFromBuildUrl
SEVERE: null
java.io.IOException: Server returned HTTP response code: 505 for URL: http://tun8108:8080/jenkins/job//Parent job/18api/xml
	at sun.net.www.protocol.http.HttpURLConnection.getInputStream(HttpURLConnection.java:1627)
	at java.net.URL.openStream(URL.java:1037)
	at REST.ApplicationManager.gatherDataFromBuildUrl(ApplicationManager.java:78)
	at REST.ApplicationResource$1.run(ApplicationResource.java:64)
	at java.util.concurrent.ThreadPoolExecutor.runWorker(ThreadPoolExecutor.java:1145)
	at java.util.concurrent.ThreadPoolExecutor$Worker.run(ThreadPoolExecutor.java:615)
	at java.lang.Thread.run(Thread.java:745)

juil. 03, 2015 3:40:03 PM org.apache.catalina.core.StandardContext reload
INFO: Reloading Context with name [/NunitToDbRESTful] has started
juil. 03, 2015 3:40:03 PM org.apache.catalina.loader.WebappClassLoader clearReferencesThreads
SEVERE: The web application [/NunitToDbRESTful] appears to have started a thread named [pool-29-thread-1] but has failed to stop it. This is very likely to create a memory leak.
juil. 03, 2015 3:40:03 PM org.apache.catalina.loader.WebappClassLoader validateJarFile
INFO: validateJarFile(C:\NunitToDbREST\build\web\WEB-INF\lib\javax.servlet-api-3.0.1.jar) - jar not loaded. See Servlet Spec 3.0, section 10.7.2. Offending class: javax/servlet/Servlet.class
juil. 03, 2015 3:40:04 PM org.apache.catalina.startup.TldConfig execute
INFO: At least one JAR was scanned for TLDs yet contained no TLDs. Enable debug logging for this logger for a complete list of JARs that were scanned but no TLDs were found in them. Skipping unneeded JARs during scanning can improve startup time and JSP compilation time.
juil. 03, 2015 3:40:04 PM org.glassfish.jersey.servlet.init.JerseyServletContainerInitializer addServletWithApplication
INFO: Registering the Jersey servlet application, named REST.ApplicationConfig, at the servlet mapping /resources/*, with the Application class of the same name.
juil. 03, 2015 3:40:04 PM org.glassfish.jersey.server.ApplicationHandler initialize
INFO: Initiating Jersey application, version Jersey: 2.5.1 2014-01-02 13:43:00...
juil. 03, 2015 3:40:36 PM org.apache.catalina.startup.VersionLoggerListener log
INFO: Server version:        Apache Tomcat/7.0.62
juil. 03, 2015 3:40:36 PM org.apache.catalina.startup.VersionLoggerListener log
INFO: Server built:          May 7 2015 17:14:55 UTC
juil. 03, 2015 3:40:36 PM org.apache.catalina.startup.VersionLoggerListener log
INFO: Server number:         7.0.62.0
juil. 03, 2015 3:40:36 PM org.apache.catalina.startup.VersionLoggerListener log
INFO: OS Name:               Windows 7
juil. 03, 2015 3:40:36 PM org.apache.catalina.startup.VersionLoggerListener log
INFO: OS Version:            6.1
juil. 03, 2015 3:40:36 PM org.apache.catalina.startup.VersionLoggerListener log
INFO: Architecture:          amd64
juil. 03, 2015 3:40:36 PM org.apache.catalina.startup.VersionLoggerListener log
INFO: Java Home:             C:\Program Files\Java\jdk1.7.0_75\jre
juil. 03, 2015 3:40:36 PM org.apache.catalina.startup.VersionLoggerListener log
INFO: JVM Version:           1.7.0_75-b13
juil. 03, 2015 3:40:36 PM org.apache.catalina.startup.VersionLoggerListener log
INFO: JVM Vendor:            Oracle Corporation
juil. 03, 2015 3:40:36 PM org.apache.catalina.startup.VersionLoggerListener log
INFO: CATALINA_BASE:         C:\apache-tomcat-7.0.62
juil. 03, 2015 3:40:36 PM org.apache.catalina.startup.VersionLoggerListener log
INFO: CATALINA_HOME:         C:\apache-tomcat-7.0.62
juil. 03, 2015 3:40:36 PM org.apache.catalina.startup.VersionLoggerListener log
INFO: Command line argument: -Djava.util.logging.config.file=C:\apache-tomcat-7.0.62\conf\logging.properties
juil. 03, 2015 3:40:36 PM org.apache.catalina.startup.VersionLoggerListener log
INFO: Command line argument: -Djava.util.logging.manager=org.apache.juli.ClassLoaderLogManager
juil. 03, 2015 3:40:36 PM org.apache.catalina.startup.VersionLoggerListener log
INFO: Command line argument: -Djava.endorsed.dirs=C:\apache-tomcat-7.0.62\endorsed
juil. 03, 2015 3:40:36 PM org.apache.catalina.startup.VersionLoggerListener log
INFO: Command line argument: -Dcatalina.base=C:\apache-tomcat-7.0.62
juil. 03, 2015 3:40:36 PM org.apache.catalina.startup.VersionLoggerListener log
INFO: Command line argument: -Dcatalina.home=C:\apache-tomcat-7.0.62
juil. 03, 2015 3:40:36 PM org.apache.catalina.startup.VersionLoggerListener log
INFO: Command line argument: -Djava.io.tmpdir=C:\apache-tomcat-7.0.62\temp
juil. 03, 2015 3:40:36 PM org.apache.catalina.core.AprLifecycleListener lifecycleEvent
INFO: The APR based Apache Tomcat Native library which allows optimal performance in production environments was not found on the java.library.path: C:\Program Files\Java\jdk1.7.0_75\bin;C:\WINDOWS\Sun\Java\bin;C:\WINDOWS\system32;C:\WINDOWS;C:\WINDOWS\system32;C:\WINDOWS;C:\WINDOWS\System32\Wbem;C:\WINDOWS\System32\WindowsPowerShell\v1.0\;C:\Program Files (x86)\Microsoft ASP.NET\ASP.NET Web Pages\v1.0\;C:\Program Files (x86)\Windows Kits\8.0\Windows Performance Toolkit\;C:\Program Files\Microsoft SQL Server\110\Tools\Binn\;D:\PFE Chedli Utilities\apache-maven-3.2.5\bin;C:\Program Files (x86)\Git\cmd;C:\Program Files\TortoiseGit\bin;C:\Program Files (x86)\NUnit 2.6.4\bin;C:\Windows\Microsoft.NET\Framework64\v4.0.30319\;C:\Program Files (x86)\Microsoft SQL Server\100\Tools\Binn\VSShell\Common7\IDE\;C:\Program Files (x86)\Microsoft SQL Server\100\Tools\Binn\;C:\Program Files\Microsoft SQL Server\100\Tools\Binn\;C:\Program Files (x86)\Microsoft SQL Server\100\DTS\Binn\;C:\Program Files\Microsoft SQL Server\100\DTS\Binn\;C:\Program Files (x86)\Microsoft Visual Studio 9.0\Common7\IDE\PrivateAssemblies\;C:\Program Files (x86)\Subversion\bin;C:\Program Files (x86)\Subversion\bin;C:\msysgit\bin;C:\Program Files\Java\jdk1.7.0_75\bin;C:\WINDOWS\System32\WindowsPowerShell\v1.0\;C:\Program Files\Microsoft\Web Platform Installer\;C:\apache-ant-1.9.5\bin;C:\ProgramData\chocolatey\bin;;.
juil. 03, 2015 3:40:36 PM org.apache.coyote.AbstractProtocol init
INFO: Initializing ProtocolHandler ["http-bio-8080"]
juil. 03, 2015 3:40:36 PM org.apache.coyote.AbstractProtocol init
INFO: Initializing ProtocolHandler ["http-bio-8443"]
juil. 03, 2015 3:40:36 PM org.apache.coyote.AbstractProtocol init
INFO: Initializing ProtocolHandler ["ajp-bio-8009"]
juil. 03, 2015 3:40:36 PM org.apache.catalina.startup.Catalina load
INFO: Initialization processed in 661 ms
juil. 03, 2015 3:40:36 PM org.apache.catalina.core.StandardService startInternal
INFO: Starting service Catalina
juil. 03, 2015 3:40:36 PM org.apache.catalina.core.StandardEngine startInternal
INFO: Starting Servlet Engine: Apache Tomcat/7.0.62
juil. 03, 2015 3:40:36 PM org.apache.catalina.startup.HostConfig deployDescriptor
INFO: Deploying configuration descriptor C:\apache-tomcat-7.0.62\conf\Catalina\localhost\NunitToDbRESTful.xml
juil. 03, 2015 3:40:36 PM org.apache.catalina.loader.WebappClassLoader validateJarFile
INFO: validateJarFile(C:\NunitToDbREST\build\web\WEB-INF\lib\javax.servlet-api-3.0.1.jar) - jar not loaded. See Servlet Spec 3.0, section 10.7.2. Offending class: javax/servlet/Servlet.class
juil. 03, 2015 3:40:38 PM org.apache.catalina.startup.TldConfig execute
INFO: At least one JAR was scanned for TLDs yet contained no TLDs. Enable debug logging for this logger for a complete list of JARs that were scanned but no TLDs were found in them. Skipping unneeded JARs during scanning can improve startup time and JSP compilation time.
juil. 03, 2015 3:40:38 PM org.glassfish.jersey.servlet.init.JerseyServletContainerInitializer addServletWithApplication
INFO: Registering the Jersey servlet application, named REST.ApplicationConfig, at the servlet mapping /resources/*, with the Application class of the same name.
juil. 03, 2015 3:40:39 PM org.glassfish.jersey.server.ApplicationHandler initialize
INFO: Initiating Jersey application, version Jersey: 2.5.1 2014-01-02 13:43:00...
juil. 03, 2015 3:40:39 PM org.apache.catalina.startup.HostConfig deployDescriptor
INFO: Deployment of configuration descriptor C:\apache-tomcat-7.0.62\conf\Catalina\localhost\NunitToDbRESTful.xml has finished in 2,522 ms
juil. 03, 2015 3:40:39 PM org.apache.catalina.startup.HostConfig deployWAR
INFO: Deploying web application archive C:\apache-tomcat-7.0.62\webapps\jenkins.war
juil. 03, 2015 3:40:42 PM org.apache.catalina.startup.TldConfig execute
INFO: At least one JAR was scanned for TLDs yet contained no TLDs. Enable debug logging for this logger for a complete list of JARs that were scanned but no TLDs were found in them. Skipping unneeded JARs during scanning can improve startup time and JSP compilation time.
juil. 03, 2015 3:40:42 PM org.apache.catalina.startup.HostConfig deployWAR
INFO: Deployment of web application archive C:\apache-tomcat-7.0.62\webapps\jenkins.war has finished in 3,074 ms
juil. 03, 2015 3:40:42 PM org.apache.catalina.startup.HostConfig deployDirectory
INFO: Deploying web application directory C:\apache-tomcat-7.0.62\webapps\host-manager
juil. 03, 2015 3:40:42 PM org.apache.catalina.startup.TldConfig execute
INFO: At least one JAR was scanned for TLDs yet contained no TLDs. Enable debug logging for this logger for a complete list of JARs that were scanned but no TLDs were found in them. Skipping unneeded JARs during scanning can improve startup time and JSP compilation time.
juil. 03, 2015 3:40:42 PM org.apache.catalina.startup.HostConfig deployDirectory
INFO: Deployment of web application directory C:\apache-tomcat-7.0.62\webapps\host-manager has finished in 323 ms
juil. 03, 2015 3:40:42 PM org.apache.catalina.startup.HostConfig deployDirectory
INFO: Deploying web application directory C:\apache-tomcat-7.0.62\webapps\manager
juil. 03, 2015 3:40:42 PM jenkins.InitReactorRunner$1 onAttained
INFO: Started initialization
juil. 03, 2015 3:40:42 PM jenkins.InitReactorRunner$1 onAttained
INFO: Listed all plugins
juil. 03, 2015 3:40:42 PM jenkins.InitReactorRunner$1 onAttained
INFO: Prepared all plugins
juil. 03, 2015 3:40:42 PM jenkins.InitReactorRunner$1 onAttained
INFO: Started all plugins
juil. 03, 2015 3:40:43 PM jenkins.InitReactorRunner$1 onAttained
INFO: Augmented all extensions
juil. 03, 2015 3:40:43 PM org.apache.catalina.startup.TldConfig execute
INFO: At least one JAR was scanned for TLDs yet contained no TLDs. Enable debug logging for this logger for a complete list of JARs that were scanned but no TLDs were found in them. Skipping unneeded JARs during scanning can improve startup time and JSP compilation time.
juil. 03, 2015 3:40:43 PM org.apache.catalina.startup.HostConfig deployDirectory
INFO: Deployment of web application directory C:\apache-tomcat-7.0.62\webapps\manager has finished in 269 ms
juil. 03, 2015 3:40:43 PM org.apache.catalina.startup.HostConfig deployDirectory
INFO: Deploying web application directory C:\apache-tomcat-7.0.62\webapps\ROOT
juil. 03, 2015 3:40:43 PM org.apache.catalina.startup.TldConfig execute
INFO: At least one JAR was scanned for TLDs yet contained no TLDs. Enable debug logging for this logger for a complete list of JARs that were scanned but no TLDs were found in them. Skipping unneeded JARs during scanning can improve startup time and JSP compilation time.
juil. 03, 2015 3:40:43 PM org.apache.catalina.startup.HostConfig deployDirectory
INFO: Deployment of web application directory C:\apache-tomcat-7.0.62\webapps\ROOT has finished in 252 ms
juil. 03, 2015 3:40:43 PM org.apache.coyote.AbstractProtocol start
INFO: Starting ProtocolHandler ["http-bio-8080"]
juil. 03, 2015 3:40:43 PM org.apache.coyote.AbstractProtocol start
INFO: Starting ProtocolHandler ["http-bio-8443"]
juil. 03, 2015 3:40:43 PM org.apache.coyote.AbstractProtocol start
INFO: Starting ProtocolHandler ["ajp-bio-8009"]
juil. 03, 2015 3:40:43 PM org.apache.catalina.startup.Catalina start
INFO: Server startup in 6490 ms
juil. 03, 2015 3:40:45 PM jenkins.InitReactorRunner$1 onAttained
INFO: Loaded all jobs
juil. 03, 2015 3:40:46 PM org.jenkinsci.main.modules.sshd.SSHD start
INFO: Started SSHD at port 61966
juil. 03, 2015 3:40:46 PM jenkins.InitReactorRunner$1 onAttained
INFO: Completed initialization
juil. 03, 2015 3:40:46 PM hudson.WebAppMain$3 run
INFO: Jenkins is fully up and running
juil. 03, 2015 3:40:53 PM org.apache.catalina.core.StandardContext reload
INFO: Reloading Context with name [/NunitToDbRESTful] has started
juil. 03, 2015 3:40:53 PM org.apache.catalina.loader.WebappClassLoader validateJarFile
INFO: validateJarFile(C:\NunitToDbREST\build\web\WEB-INF\lib\javax.servlet-api-3.0.1.jar) - jar not loaded. See Servlet Spec 3.0, section 10.7.2. Offending class: javax/servlet/Servlet.class
juil. 03, 2015 3:40:54 PM org.apache.catalina.startup.TldConfig execute
INFO: At least one JAR was scanned for TLDs yet contained no TLDs. Enable debug logging for this logger for a complete list of JARs that were scanned but no TLDs were found in them. Skipping unneeded JARs during scanning can improve startup time and JSP compilation time.
juil. 03, 2015 3:40:54 PM org.glassfish.jersey.servlet.init.JerseyServletContainerInitializer addServletWithApplication
INFO: Registering the Jersey servlet application, named REST.ApplicationConfig, at the servlet mapping /resources/*, with the Application class of the same name.
juil. 03, 2015 3:40:54 PM org.glassfish.jersey.server.ApplicationHandler initialize
INFO: Initiating Jersey application, version Jersey: 2.5.1 2014-01-02 13:43:00...
juil. 03, 2015 3:40:55 PM org.apache.catalina.core.StandardContext reload
INFO: Reloading Context with name [/NunitToDbRESTful] is completed
juil. 03, 2015 3:41:09 PM hudson.Util warnWindowsSymlink
WARNING: Symbolic links enabled on this platform but disabled for this user; run as administrator or use Local Security Policy > Security Settings > Local Policies > User Rights Assignment > Create symbolic links
juil. 03, 2015 3:41:10 PM hudson.model.Run execute
INFO: Parent job #19 main build action completed: SUCCESS
juil. 03, 2015 3:41:18 PM REST.ApplicationManager gatherDataFromBuildUrl
SEVERE: null
java.io.IOException: Server returned HTTP response code: 505 for URL: http://tun8108:8080/jenkins/job//Parent job/19/api/xml
	at sun.net.www.protocol.http.HttpURLConnection.getInputStream(HttpURLConnection.java:1627)
	at java.net.URL.openStream(URL.java:1037)
	at REST.ApplicationManager.gatherDataFromBuildUrl(ApplicationManager.java:78)
	at REST.ApplicationResource.setBuildUrl(ApplicationResource.java:58)
	at sun.reflect.NativeMethodAccessorImpl.invoke0(Native Method)
	at sun.reflect.NativeMethodAccessorImpl.invoke(NativeMethodAccessorImpl.java:57)
	at sun.reflect.DelegatingMethodAccessorImpl.invoke(DelegatingMethodAccessorImpl.java:43)
	at java.lang.reflect.Method.invoke(Method.java:606)
	at org.glassfish.jersey.server.model.internal.ResourceMethodInvocationHandlerFactory$1.invoke(ResourceMethodInvocationHandlerFactory.java:81)
	at org.glassfish.jersey.server.model.internal.AbstractJavaResourceMethodDispatcher$1.run(AbstractJavaResourceMethodDispatcher.java:151)
	at org.glassfish.jersey.server.model.internal.AbstractJavaResourceMethodDispatcher.invoke(AbstractJavaResourceMethodDispatcher.java:171)
	at org.glassfish.jersey.server.model.internal.JavaResourceMethodDispatcherProvider$TypeOutInvoker.doDispatch(JavaResourceMethodDispatcherProvider.java:195)
	at org.glassfish.jersey.server.model.internal.AbstractJavaResourceMethodDispatcher.dispatch(AbstractJavaResourceMethodDispatcher.java:104)
	at org.glassfish.jersey.server.model.ResourceMethodInvoker.invoke(ResourceMethodInvoker.java:402)
	at org.glassfish.jersey.server.model.ResourceMethodInvoker.apply(ResourceMethodInvoker.java:349)
	at org.glassfish.jersey.server.model.ResourceMethodInvoker.apply(ResourceMethodInvoker.java:106)
	at org.glassfish.jersey.server.ServerRuntime$1.run(ServerRuntime.java:259)
	at org.glassfish.jersey.internal.Errors$1.call(Errors.java:271)
	at org.glassfish.jersey.internal.Errors$1.call(Errors.java:267)
	at org.glassfish.jersey.internal.Errors.process(Errors.java:315)
	at org.glassfish.jersey.internal.Errors.process(Errors.java:297)
	at org.glassfish.jersey.internal.Errors.process(Errors.java:267)
	at org.glassfish.jersey.process.internal.RequestScope.runInScope(RequestScope.java:318)
	at org.glassfish.jersey.server.ServerRuntime.process(ServerRuntime.java:236)
	at org.glassfish.jersey.server.ApplicationHandler.handle(ApplicationHandler.java:1010)
	at org.glassfish.jersey.servlet.WebComponent.service(WebComponent.java:373)
	at org.glassfish.jersey.servlet.ServletContainer.service(ServletContainer.java:382)
	at org.glassfish.jersey.servlet.ServletContainer.service(ServletContainer.java:345)
	at org.glassfish.jersey.servlet.ServletContainer.service(ServletContainer.java:220)
	at org.apache.catalina.core.ApplicationFilterChain.internalDoFilter(ApplicationFilterChain.java:303)
	at org.apache.catalina.core.ApplicationFilterChain.doFilter(ApplicationFilterChain.java:208)
	at org.apache.tomcat.websocket.server.WsFilter.doFilter(WsFilter.java:52)
	at org.apache.catalina.core.ApplicationFilterChain.internalDoFilter(ApplicationFilterChain.java:241)
	at org.apache.catalina.core.ApplicationFilterChain.doFilter(ApplicationFilterChain.java:208)
	at org.apache.catalina.core.StandardWrapperValve.invoke(StandardWrapperValve.java:220)
	at org.apache.catalina.core.StandardContextValve.invoke(StandardContextValve.java:122)
	at org.apache.catalina.authenticator.AuthenticatorBase.invoke(AuthenticatorBase.java:505)
	at org.apache.catalina.core.StandardHostValve.invoke(StandardHostValve.java:170)
	at org.apache.catalina.valves.ErrorReportValve.invoke(ErrorReportValve.java:103)
	at org.apache.catalina.valves.AccessLogValve.invoke(AccessLogValve.java:957)
	at org.apache.catalina.core.StandardEngineValve.invoke(StandardEngineValve.java:116)
	at org.apache.catalina.connector.CoyoteAdapter.service(CoyoteAdapter.java:423)
	at org.apache.coyote.http11.AbstractHttp11Processor.process(AbstractHttp11Processor.java:1079)
	at org.apache.coyote.AbstractProtocol$AbstractConnectionHandler.process(AbstractProtocol.java:620)
	at org.apache.tomcat.util.net.JIoEndpoint$SocketProcessor.run(JIoEndpoint.java:316)
	at java.util.concurrent.ThreadPoolExecutor.runWorker(ThreadPoolExecutor.java:1145)
	at java.util.concurrent.ThreadPoolExecutor$Worker.run(ThreadPoolExecutor.java:615)
	at org.apache.tomcat.util.threads.TaskThread$WrappingRunnable.run(TaskThread.java:61)
	at java.lang.Thread.run(Thread.java:745)

juil. 03, 2015 3:41:18 PM hudson.model.Run execute
INFO: Test job 1 #52 main build action completed: SUCCESS
juil. 03, 2015 10:00:27 PM hudson.model.AsyncPeriodicWork$1 run
INFO: Started Download metadata
juil. 03, 2015 10:00:27 PM hudson.model.AsyncPeriodicWork$1 run
INFO: Finished Download metadata. 1 ms
