août 07, 2015 9:58:35 AM org.apache.catalina.startup.VersionLoggerListener log
INFO: Server version:        Apache Tomcat/7.0.62
août 07, 2015 9:58:35 AM org.apache.catalina.startup.VersionLoggerListener log
INFO: Server built:          May 7 2015 17:14:55 UTC
août 07, 2015 9:58:35 AM org.apache.catalina.startup.VersionLoggerListener log
INFO: Server number:         7.0.62.0
août 07, 2015 9:58:35 AM org.apache.catalina.startup.VersionLoggerListener log
INFO: OS Name:               Windows 7
août 07, 2015 9:58:35 AM org.apache.catalina.startup.VersionLoggerListener log
INFO: OS Version:            6.1
août 07, 2015 9:58:35 AM org.apache.catalina.startup.VersionLoggerListener log
INFO: Architecture:          amd64
août 07, 2015 9:58:35 AM org.apache.catalina.startup.VersionLoggerListener log
INFO: Java Home:             C:\Program Files\Java\jdk1.7.0_75\jre
août 07, 2015 9:58:35 AM org.apache.catalina.startup.VersionLoggerListener log
INFO: JVM Version:           1.7.0_75-b13
août 07, 2015 9:58:35 AM org.apache.catalina.startup.VersionLoggerListener log
INFO: JVM Vendor:            Oracle Corporation
août 07, 2015 9:58:35 AM org.apache.catalina.startup.VersionLoggerListener log
INFO: CATALINA_BASE:         C:\apache-tomcat-7.0.62
août 07, 2015 9:58:35 AM org.apache.catalina.startup.VersionLoggerListener log
INFO: CATALINA_HOME:         C:\apache-tomcat-7.0.62
août 07, 2015 9:58:35 AM org.apache.catalina.startup.VersionLoggerListener log
INFO: Command line argument: -Dhttp.nonProxyHosts=localhost|127.0.0.1|TUN8108
août 07, 2015 9:58:35 AM org.apache.catalina.startup.VersionLoggerListener log
INFO: Command line argument: -Djava.util.logging.config.file=C:\apache-tomcat-7.0.62\conf\logging.properties
août 07, 2015 9:58:35 AM org.apache.catalina.startup.VersionLoggerListener log
INFO: Command line argument: -Djava.util.logging.manager=org.apache.juli.ClassLoaderLogManager
août 07, 2015 9:58:35 AM org.apache.catalina.startup.VersionLoggerListener log
INFO: Command line argument: -Djava.endorsed.dirs=C:\apache-tomcat-7.0.62\endorsed
août 07, 2015 9:58:35 AM org.apache.catalina.startup.VersionLoggerListener log
INFO: Command line argument: -Dcatalina.base=C:\apache-tomcat-7.0.62
août 07, 2015 9:58:35 AM org.apache.catalina.startup.VersionLoggerListener log
INFO: Command line argument: -Dcatalina.home=C:\apache-tomcat-7.0.62
août 07, 2015 9:58:35 AM org.apache.catalina.startup.VersionLoggerListener log
INFO: Command line argument: -Djava.io.tmpdir=C:\apache-tomcat-7.0.62\temp
août 07, 2015 9:58:35 AM org.apache.catalina.core.AprLifecycleListener lifecycleEvent
INFO: The APR based Apache Tomcat Native library which allows optimal performance in production environments was not found on the java.library.path: C:\Program Files\Java\jdk1.7.0_75\bin;C:\WINDOWS\Sun\Java\bin;C:\WINDOWS\system32;C:\WINDOWS;C:\WINDOWS\system32;C:\WINDOWS;C:\WINDOWS\System32\Wbem;C:\WINDOWS\System32\WindowsPowerShell\v1.0\;C:\Program Files (x86)\Microsoft ASP.NET\ASP.NET Web Pages\v1.0\;C:\Program Files (x86)\Windows Kits\8.0\Windows Performance Toolkit\;C:\Program Files\Microsoft SQL Server\110\Tools\Binn\;D:\PFE Chedli Utilities\apache-maven-3.2.5\bin;C:\Program Files (x86)\Git\cmd;C:\Program Files\TortoiseGit\bin;C:\Program Files (x86)\NUnit 2.6.4\bin;C:\Windows\Microsoft.NET\Framework64\v4.0.30319\;C:\Program Files (x86)\Microsoft SQL Server\100\Tools\Binn\VSShell\Common7\IDE\;C:\Program Files (x86)\Microsoft SQL Server\100\Tools\Binn\;C:\Program Files\Microsoft SQL Server\100\Tools\Binn\;C:\Program Files (x86)\Microsoft SQL Server\100\DTS\Binn\;C:\Program Files\Microsoft SQL Server\100\DTS\Binn\;C:\Program Files (x86)\Microsoft Visual Studio 9.0\Common7\IDE\PrivateAssemblies\;C:\Program Files (x86)\Subversion\bin;C:\Program Files (x86)\Subversion\bin;C:\msysgit\bin;C:\Program Files\Java\jdk1.7.0_75\bin;C:\WINDOWS\System32\WindowsPowerShell\v1.0\;C:\Program Files\Microsoft\Web Platform Installer\;C:\apache-ant-1.9.5\bin;C:\ProgramData\chocolatey\bin;;.
août 07, 2015 9:58:36 AM org.apache.coyote.AbstractProtocol init
INFO: Initializing ProtocolHandler ["http-bio-8080"]
août 07, 2015 9:58:36 AM org.apache.coyote.AbstractProtocol init
INFO: Initializing ProtocolHandler ["http-bio-8443"]
août 07, 2015 9:58:36 AM org.apache.coyote.AbstractProtocol init
INFO: Initializing ProtocolHandler ["ajp-bio-8009"]
août 07, 2015 9:58:36 AM org.apache.catalina.startup.Catalina load
INFO: Initialization processed in 789 ms
août 07, 2015 9:58:36 AM org.apache.catalina.core.StandardService startInternal
INFO: Starting service Catalina
août 07, 2015 9:58:36 AM org.apache.catalina.core.StandardEngine startInternal
INFO: Starting Servlet Engine: Apache Tomcat/7.0.62
août 07, 2015 9:58:36 AM org.apache.catalina.startup.HostConfig deployDescriptor
INFO: Deploying configuration descriptor C:\apache-tomcat-7.0.62\conf\Catalina\localhost\CrudApp.xml
août 07, 2015 9:58:37 AM org.apache.catalina.startup.TldConfig execute
INFO: At least one JAR was scanned for TLDs yet contained no TLDs. Enable debug logging for this logger for a complete list of JARs that were scanned but no TLDs were found in them. Skipping unneeded JARs during scanning can improve startup time and JSP compilation time.
août 07, 2015 9:58:37 AM org.apache.catalina.startup.HostConfig deployDescriptor
INFO: Deployment of configuration descriptor C:\apache-tomcat-7.0.62\conf\Catalina\localhost\CrudApp.xml has finished in 1,119 ms
août 07, 2015 9:58:37 AM org.apache.catalina.startup.HostConfig deployWAR
INFO: Deploying web application archive C:\apache-tomcat-7.0.62\webapps\jenkins.war
août 07, 2015 9:58:41 AM org.apache.catalina.startup.TldConfig execute
INFO: At least one JAR was scanned for TLDs yet contained no TLDs. Enable debug logging for this logger for a complete list of JARs that were scanned but no TLDs were found in them. Skipping unneeded JARs during scanning can improve startup time and JSP compilation time.
août 07, 2015 9:58:41 AM org.apache.catalina.startup.HostConfig deployWAR
INFO: Deployment of web application archive C:\apache-tomcat-7.0.62\webapps\jenkins.war has finished in 4,194 ms
août 07, 2015 9:58:41 AM org.apache.catalina.startup.HostConfig deployDirectory
INFO: Deploying web application directory C:\apache-tomcat-7.0.62\webapps\host-manager
août 07, 2015 9:58:41 AM org.apache.catalina.startup.TldConfig execute
INFO: At least one JAR was scanned for TLDs yet contained no TLDs. Enable debug logging for this logger for a complete list of JARs that were scanned but no TLDs were found in them. Skipping unneeded JARs during scanning can improve startup time and JSP compilation time.
août 07, 2015 9:58:41 AM org.apache.catalina.startup.HostConfig deployDirectory
INFO: Deployment of web application directory C:\apache-tomcat-7.0.62\webapps\host-manager has finished in 276 ms
août 07, 2015 9:58:41 AM org.apache.catalina.startup.HostConfig deployDirectory
INFO: Deploying web application directory C:\apache-tomcat-7.0.62\webapps\manager
août 07, 2015 9:58:41 AM jenkins.InitReactorRunner$1 onAttained
INFO: Started initialization
août 07, 2015 9:58:42 AM org.apache.catalina.startup.TldConfig execute
INFO: At least one JAR was scanned for TLDs yet contained no TLDs. Enable debug logging for this logger for a complete list of JARs that were scanned but no TLDs were found in them. Skipping unneeded JARs during scanning can improve startup time and JSP compilation time.
août 07, 2015 9:58:42 AM org.apache.catalina.startup.HostConfig deployDirectory
INFO: Deployment of web application directory C:\apache-tomcat-7.0.62\webapps\manager has finished in 261 ms
août 07, 2015 9:58:42 AM org.apache.catalina.startup.HostConfig deployDirectory
INFO: Deploying web application directory C:\apache-tomcat-7.0.62\webapps\ROOT
août 07, 2015 9:58:42 AM org.apache.catalina.startup.TldConfig execute
INFO: At least one JAR was scanned for TLDs yet contained no TLDs. Enable debug logging for this logger for a complete list of JARs that were scanned but no TLDs were found in them. Skipping unneeded JARs during scanning can improve startup time and JSP compilation time.
août 07, 2015 9:58:42 AM org.apache.catalina.startup.HostConfig deployDirectory
INFO: Deployment of web application directory C:\apache-tomcat-7.0.62\webapps\ROOT has finished in 206 ms
août 07, 2015 9:58:42 AM org.apache.coyote.AbstractProtocol start
INFO: Starting ProtocolHandler ["http-bio-8080"]
août 07, 2015 9:58:42 AM org.apache.coyote.AbstractProtocol start
INFO: Starting ProtocolHandler ["http-bio-8443"]
août 07, 2015 9:58:42 AM org.apache.coyote.AbstractProtocol start
INFO: Starting ProtocolHandler ["ajp-bio-8009"]
août 07, 2015 9:58:42 AM org.apache.catalina.startup.Catalina start
INFO: Server startup in 6109 ms
août 07, 2015 9:58:42 AM jenkins.InitReactorRunner$1 onAttained
INFO: Listed all plugins
août 07, 2015 9:58:42 AM jenkins.InitReactorRunner$1 onAttained
INFO: Prepared all plugins
août 07, 2015 9:58:42 AM jenkins.InitReactorRunner$1 onAttained
INFO: Started all plugins
août 07, 2015 9:58:42 AM jenkins.InitReactorRunner$1 onAttained
INFO: Augmented all extensions
août 07, 2015 9:58:43 AM org.apache.catalina.core.StandardContext reload
INFO: Reloading Context with name [/CrudApp] has started
août 07, 2015 9:58:43 AM org.apache.catalina.startup.TldConfig execute
INFO: At least one JAR was scanned for TLDs yet contained no TLDs. Enable debug logging for this logger for a complete list of JARs that were scanned but no TLDs were found in them. Skipping unneeded JARs during scanning can improve startup time and JSP compilation time.
août 07, 2015 9:58:43 AM org.apache.catalina.core.StandardContext reload
INFO: Reloading Context with name [/CrudApp] is completed
août 07, 2015 9:58:44 AM jenkins.InitReactorRunner$1 onAttained
INFO: Loaded all jobs
août 07, 2015 9:58:46 AM org.jenkinsci.main.modules.sshd.SSHD start
INFO: Started SSHD at port 63056
août 07, 2015 9:58:46 AM jenkins.InitReactorRunner$1 onAttained
INFO: Completed initialization
août 07, 2015 9:58:46 AM hudson.WebAppMain$3 run
INFO: Jenkins is fully up and running
août 07, 2015 11:21:35 AM dao.JobDao save_latest_builds
SEVERE: null
java.io.FileNotFoundException: https://jenkins.vistaprint.net/view/+Default/view/Fulfill Demand/view/FDQE/job//VP.ShippingSystem.IntegrationTestsOnTst/api/xml
	at sun.net.www.protocol.http.HttpURLConnection.getInputStream(HttpURLConnection.java:1625)
	at sun.net.www.protocol.https.HttpsURLConnectionImpl.getInputStream(HttpsURLConnectionImpl.java:254)
	at java.net.URL.openStream(URL.java:1037)
	at dao.JobDao.save_latest_builds(JobDao.java:53)
	at controller.JobController.doGet(JobController.java:50)
	at javax.servlet.http.HttpServlet.service(HttpServlet.java:624)
	at javax.servlet.http.HttpServlet.service(HttpServlet.java:731)
	at org.apache.catalina.core.ApplicationFilterChain.internalDoFilter(ApplicationFilterChain.java:303)
	at org.apache.catalina.core.ApplicationFilterChain.doFilter(ApplicationFilterChain.java:208)
	at org.apache.tomcat.websocket.server.WsFilter.doFilter(WsFilter.java:52)
	at org.apache.catalina.core.ApplicationFilterChain.internalDoFilter(ApplicationFilterChain.java:241)
	at org.apache.catalina.core.ApplicationFilterChain.doFilter(ApplicationFilterChain.java:208)
	at org.apache.catalina.core.StandardWrapperValve.invoke(StandardWrapperValve.java:220)
	at org.apache.catalina.core.StandardContextValve.invoke(StandardContextValve.java:122)
	at org.apache.catalina.authenticator.AuthenticatorBase.invoke(AuthenticatorBase.java:505)
	at org.apache.catalina.core.StandardHostValve.invoke(StandardHostValve.java:170)
	at org.apache.catalina.valves.ErrorReportValve.invoke(ErrorReportValve.java:103)
	at org.apache.catalina.valves.AccessLogValve.invoke(AccessLogValve.java:957)
	at org.apache.catalina.core.StandardEngineValve.invoke(StandardEngineValve.java:116)
	at org.apache.catalina.connector.CoyoteAdapter.service(CoyoteAdapter.java:423)
	at org.apache.coyote.http11.AbstractHttp11Processor.process(AbstractHttp11Processor.java:1079)
	at org.apache.coyote.AbstractProtocol$AbstractConnectionHandler.process(AbstractProtocol.java:620)
	at org.apache.tomcat.util.net.JIoEndpoint$SocketProcessor.run(JIoEndpoint.java:318)
	at java.util.concurrent.ThreadPoolExecutor.runWorker(ThreadPoolExecutor.java:1145)
	at java.util.concurrent.ThreadPoolExecutor$Worker.run(ThreadPoolExecutor.java:615)
	at org.apache.tomcat.util.threads.TaskThread$WrappingRunnable.run(TaskThread.java:61)
	at java.lang.Thread.run(Thread.java:745)

août 07, 2015 12:16:16 PM dao.JobDao save_latest_builds
SEVERE: null
java.io.FileNotFoundException: https://jenkins.vistaprint.net/view/+Default/view/Fulfill Demand/view/FDQE/job//VP.ShippingSystem.IntegrationTestsOnTst/api/xml
	at sun.net.www.protocol.http.HttpURLConnection.getInputStream(HttpURLConnection.java:1625)
	at sun.net.www.protocol.https.HttpsURLConnectionImpl.getInputStream(HttpsURLConnectionImpl.java:254)
	at java.net.URL.openStream(URL.java:1037)
	at dao.JobDao.save_latest_builds(JobDao.java:53)
	at controller.JobController.doGet(JobController.java:50)
	at javax.servlet.http.HttpServlet.service(HttpServlet.java:624)
	at javax.servlet.http.HttpServlet.service(HttpServlet.java:731)
	at org.apache.catalina.core.ApplicationFilterChain.internalDoFilter(ApplicationFilterChain.java:303)
	at org.apache.catalina.core.ApplicationFilterChain.doFilter(ApplicationFilterChain.java:208)
	at org.apache.tomcat.websocket.server.WsFilter.doFilter(WsFilter.java:52)
	at org.apache.catalina.core.ApplicationFilterChain.internalDoFilter(ApplicationFilterChain.java:241)
	at org.apache.catalina.core.ApplicationFilterChain.doFilter(ApplicationFilterChain.java:208)
	at org.apache.catalina.core.StandardWrapperValve.invoke(StandardWrapperValve.java:220)
	at org.apache.catalina.core.StandardContextValve.invoke(StandardContextValve.java:122)
	at org.apache.catalina.authenticator.AuthenticatorBase.invoke(AuthenticatorBase.java:505)
	at org.apache.catalina.core.StandardHostValve.invoke(StandardHostValve.java:170)
	at org.apache.catalina.valves.ErrorReportValve.invoke(ErrorReportValve.java:103)
	at org.apache.catalina.valves.AccessLogValve.invoke(AccessLogValve.java:957)
	at org.apache.catalina.core.StandardEngineValve.invoke(StandardEngineValve.java:116)
	at org.apache.catalina.connector.CoyoteAdapter.service(CoyoteAdapter.java:423)
	at org.apache.coyote.http11.AbstractHttp11Processor.process(AbstractHttp11Processor.java:1079)
	at org.apache.coyote.AbstractProtocol$AbstractConnectionHandler.process(AbstractProtocol.java:620)
	at org.apache.tomcat.util.net.JIoEndpoint$SocketProcessor.run(JIoEndpoint.java:318)
	at java.util.concurrent.ThreadPoolExecutor.runWorker(ThreadPoolExecutor.java:1145)
	at java.util.concurrent.ThreadPoolExecutor$Worker.run(ThreadPoolExecutor.java:615)
	at org.apache.tomcat.util.threads.TaskThread$WrappingRunnable.run(TaskThread.java:61)
	at java.lang.Thread.run(Thread.java:745)

août 07, 2015 1:03:30 PM dao.JobDao save_latest_builds
SEVERE: null
java.io.FileNotFoundException: https://jenkins.vistaprint.net/view/+Default/view/Fulfill Demand/view/FDQE/job//VP.ShippingSystem.IntegrationTestsOnTst/api/xml
	at sun.net.www.protocol.http.HttpURLConnection.getInputStream(HttpURLConnection.java:1625)
	at sun.net.www.protocol.https.HttpsURLConnectionImpl.getInputStream(HttpsURLConnectionImpl.java:254)
	at java.net.URL.openStream(URL.java:1037)
	at dao.JobDao.save_latest_builds(JobDao.java:53)
	at controller.JobController.doGet(JobController.java:50)
	at javax.servlet.http.HttpServlet.service(HttpServlet.java:624)
	at javax.servlet.http.HttpServlet.service(HttpServlet.java:731)
	at org.apache.catalina.core.ApplicationFilterChain.internalDoFilter(ApplicationFilterChain.java:303)
	at org.apache.catalina.core.ApplicationFilterChain.doFilter(ApplicationFilterChain.java:208)
	at org.apache.tomcat.websocket.server.WsFilter.doFilter(WsFilter.java:52)
	at org.apache.catalina.core.ApplicationFilterChain.internalDoFilter(ApplicationFilterChain.java:241)
	at org.apache.catalina.core.ApplicationFilterChain.doFilter(ApplicationFilterChain.java:208)
	at org.apache.catalina.core.StandardWrapperValve.invoke(StandardWrapperValve.java:220)
	at org.apache.catalina.core.StandardContextValve.invoke(StandardContextValve.java:122)
	at org.apache.catalina.authenticator.AuthenticatorBase.invoke(AuthenticatorBase.java:505)
	at org.apache.catalina.core.StandardHostValve.invoke(StandardHostValve.java:170)
	at org.apache.catalina.valves.ErrorReportValve.invoke(ErrorReportValve.java:103)
	at org.apache.catalina.valves.AccessLogValve.invoke(AccessLogValve.java:957)
	at org.apache.catalina.core.StandardEngineValve.invoke(StandardEngineValve.java:116)
	at org.apache.catalina.connector.CoyoteAdapter.service(CoyoteAdapter.java:423)
	at org.apache.coyote.http11.AbstractHttp11Processor.process(AbstractHttp11Processor.java:1079)
	at org.apache.coyote.AbstractProtocol$AbstractConnectionHandler.process(AbstractProtocol.java:620)
	at org.apache.tomcat.util.net.JIoEndpoint$SocketProcessor.run(JIoEndpoint.java:318)
	at java.util.concurrent.ThreadPoolExecutor.runWorker(ThreadPoolExecutor.java:1145)
	at java.util.concurrent.ThreadPoolExecutor$Worker.run(ThreadPoolExecutor.java:615)
	at org.apache.tomcat.util.threads.TaskThread$WrappingRunnable.run(TaskThread.java:61)
	at java.lang.Thread.run(Thread.java:745)

août 07, 2015 1:52:11 PM dao.JobDao save_latest_builds
SEVERE: null
java.io.FileNotFoundException: https://jenkins.vistaprint.net/view/+Default/view/Fulfill Demand/view/FDQE/job//VP.ShippingSystem.IntegrationTestsOnTst/api/xml
	at sun.net.www.protocol.http.HttpURLConnection.getInputStream(HttpURLConnection.java:1625)
	at sun.net.www.protocol.https.HttpsURLConnectionImpl.getInputStream(HttpsURLConnectionImpl.java:254)
	at java.net.URL.openStream(URL.java:1037)
	at dao.JobDao.save_latest_builds(JobDao.java:53)
	at controller.JobController.doGet(JobController.java:50)
	at javax.servlet.http.HttpServlet.service(HttpServlet.java:624)
	at javax.servlet.http.HttpServlet.service(HttpServlet.java:731)
	at org.apache.catalina.core.ApplicationFilterChain.internalDoFilter(ApplicationFilterChain.java:303)
	at org.apache.catalina.core.ApplicationFilterChain.doFilter(ApplicationFilterChain.java:208)
	at org.apache.tomcat.websocket.server.WsFilter.doFilter(WsFilter.java:52)
	at org.apache.catalina.core.ApplicationFilterChain.internalDoFilter(ApplicationFilterChain.java:241)
	at org.apache.catalina.core.ApplicationFilterChain.doFilter(ApplicationFilterChain.java:208)
	at org.apache.catalina.core.StandardWrapperValve.invoke(StandardWrapperValve.java:220)
	at org.apache.catalina.core.StandardContextValve.invoke(StandardContextValve.java:122)
	at org.apache.catalina.authenticator.AuthenticatorBase.invoke(AuthenticatorBase.java:505)
	at org.apache.catalina.core.StandardHostValve.invoke(StandardHostValve.java:170)
	at org.apache.catalina.valves.ErrorReportValve.invoke(ErrorReportValve.java:103)
	at org.apache.catalina.valves.AccessLogValve.invoke(AccessLogValve.java:957)
	at org.apache.catalina.core.StandardEngineValve.invoke(StandardEngineValve.java:116)
	at org.apache.catalina.connector.CoyoteAdapter.service(CoyoteAdapter.java:423)
	at org.apache.coyote.http11.AbstractHttp11Processor.process(AbstractHttp11Processor.java:1079)
	at org.apache.coyote.AbstractProtocol$AbstractConnectionHandler.process(AbstractProtocol.java:620)
	at org.apache.tomcat.util.net.JIoEndpoint$SocketProcessor.run(JIoEndpoint.java:318)
	at java.util.concurrent.ThreadPoolExecutor.runWorker(ThreadPoolExecutor.java:1145)
	at java.util.concurrent.ThreadPoolExecutor$Worker.run(ThreadPoolExecutor.java:615)
	at org.apache.tomcat.util.threads.TaskThread$WrappingRunnable.run(TaskThread.java:61)
	at java.lang.Thread.run(Thread.java:745)

août 07, 2015 1:53:03 PM org.apache.catalina.loader.WebappClassLoader clearReferencesJdbc
SEVERE: The web application [/CrudApp] registered the JDBC driver [com.microsoft.sqlserver.jdbc.SQLServerDriver] but failed to unregister it when the web application was stopped. To prevent a memory leak, the JDBC Driver has been forcibly unregistered.
août 07, 2015 1:53:03 PM org.apache.catalina.loader.WebappClassLoader clearReferencesThreads
SEVERE: The web application [/CrudApp] is still processing a request that has yet to finish. This is very likely to create a memory leak. You can control the time allowed for requests to finish by using the unloadDelay attribute of the standard Context implementation.
août 07, 2015 1:53:04 PM org.apache.catalina.startup.TldConfig execute
INFO: At least one JAR was scanned for TLDs yet contained no TLDs. Enable debug logging for this logger for a complete list of JARs that were scanned but no TLDs were found in them. Skipping unneeded JARs during scanning can improve startup time and JSP compilation time.
août 07, 2015 1:53:09 PM org.apache.catalina.startup.HostConfig reload
INFO: Reloading context [/CrudApp]
août 07, 2015 1:53:09 PM org.apache.catalina.core.StandardContext reload
INFO: Reloading Context with name [/CrudApp] has started
août 07, 2015 1:53:09 PM org.apache.catalina.startup.TldConfig execute
INFO: At least one JAR was scanned for TLDs yet contained no TLDs. Enable debug logging for this logger for a complete list of JARs that were scanned but no TLDs were found in them. Skipping unneeded JARs during scanning can improve startup time and JSP compilation time.
août 07, 2015 1:53:09 PM org.apache.catalina.core.StandardContext reload
INFO: Reloading Context with name [/CrudApp] is completed
août 07, 2015 1:53:19 PM org.apache.catalina.core.StandardContext reload
INFO: Reloading Context with name [/CrudApp] has started
août 07, 2015 1:53:20 PM org.apache.catalina.startup.TldConfig execute
INFO: At least one JAR was scanned for TLDs yet contained no TLDs. Enable debug logging for this logger for a complete list of JARs that were scanned but no TLDs were found in them. Skipping unneeded JARs during scanning can improve startup time and JSP compilation time.
août 07, 2015 1:53:20 PM org.apache.catalina.core.StandardContext reload
INFO: Reloading Context with name [/CrudApp] is completed
août 07, 2015 2:09:13 PM org.apache.catalina.core.StandardContext reload
INFO: Reloading Context with name [/CrudApp] has started
août 07, 2015 2:09:13 PM org.apache.catalina.loader.WebappClassLoader clearReferencesJdbc
SEVERE: The web application [/CrudApp] registered the JDBC driver [com.microsoft.sqlserver.jdbc.SQLServerDriver] but failed to unregister it when the web application was stopped. To prevent a memory leak, the JDBC Driver has been forcibly unregistered.
août 07, 2015 2:09:13 PM org.apache.catalina.loader.WebappClassLoader checkThreadLocalMapForLeaks
SEVERE: The web application [/CrudApp] created a ThreadLocal with key of type [com.microsoft.sqlserver.jdbc.ActivityCorrelator$1] (value [com.microsoft.sqlserver.jdbc.ActivityCorrelator$1@589fac3a]) and a value of type [com.microsoft.sqlserver.jdbc.ActivityId] (value [da0f67cb-f60e-498c-918e-e33fbd5a8eca-1]) but failed to remove it when the web application was stopped. Threads are going to be renewed over time to try and avoid a probable memory leak.
août 07, 2015 2:09:13 PM org.apache.catalina.startup.TldConfig execute
INFO: At least one JAR was scanned for TLDs yet contained no TLDs. Enable debug logging for this logger for a complete list of JARs that were scanned but no TLDs were found in them. Skipping unneeded JARs during scanning can improve startup time and JSP compilation time.
août 07, 2015 2:09:13 PM org.apache.catalina.core.StandardContext reload
INFO: Reloading Context with name [/CrudApp] is completed
août 07, 2015 2:09:57 PM org.apache.catalina.core.StandardContext reload
INFO: Reloading Context with name [/CrudApp] has started
août 07, 2015 2:09:57 PM org.apache.catalina.startup.TldConfig execute
INFO: At least one JAR was scanned for TLDs yet contained no TLDs. Enable debug logging for this logger for a complete list of JARs that were scanned but no TLDs were found in them. Skipping unneeded JARs during scanning can improve startup time and JSP compilation time.
août 07, 2015 2:09:57 PM org.apache.catalina.core.StandardContext reload
INFO: Reloading Context with name [/CrudApp] is completed
août 07, 2015 2:10:08 PM org.apache.catalina.core.StandardContext reload
INFO: Reloading Context with name [/CrudApp] has started
août 07, 2015 2:10:09 PM org.apache.catalina.startup.TldConfig execute
INFO: At least one JAR was scanned for TLDs yet contained no TLDs. Enable debug logging for this logger for a complete list of JARs that were scanned but no TLDs were found in them. Skipping unneeded JARs during scanning can improve startup time and JSP compilation time.
août 07, 2015 2:10:09 PM org.apache.catalina.core.StandardContext reload
INFO: Reloading Context with name [/CrudApp] is completed
août 07, 2015 2:10:18 PM org.apache.catalina.core.StandardContext reload
INFO: Reloading Context with name [/CrudApp] has started
août 07, 2015 2:10:19 PM org.apache.catalina.startup.TldConfig execute
INFO: At least one JAR was scanned for TLDs yet contained no TLDs. Enable debug logging for this logger for a complete list of JARs that were scanned but no TLDs were found in them. Skipping unneeded JARs during scanning can improve startup time and JSP compilation time.
août 07, 2015 2:10:19 PM org.apache.catalina.core.StandardContext reload
INFO: Reloading Context with name [/CrudApp] is completed
août 07, 2015 2:10:47 PM org.apache.catalina.core.StandardContext reload
INFO: Reloading Context with name [/CrudApp] has started
août 07, 2015 2:10:48 PM org.apache.catalina.startup.TldConfig execute
INFO: At least one JAR was scanned for TLDs yet contained no TLDs. Enable debug logging for this logger for a complete list of JARs that were scanned but no TLDs were found in them. Skipping unneeded JARs during scanning can improve startup time and JSP compilation time.
août 07, 2015 2:10:48 PM org.apache.catalina.core.StandardContext reload
INFO: Reloading Context with name [/CrudApp] is completed
août 07, 2015 2:11:00 PM org.apache.catalina.core.StandardContext reload
INFO: Reloading Context with name [/CrudApp] has started
août 07, 2015 2:11:01 PM org.apache.catalina.startup.TldConfig execute
INFO: At least one JAR was scanned for TLDs yet contained no TLDs. Enable debug logging for this logger for a complete list of JARs that were scanned but no TLDs were found in them. Skipping unneeded JARs during scanning can improve startup time and JSP compilation time.
août 07, 2015 2:11:01 PM org.apache.catalina.core.StandardContext reload
INFO: Reloading Context with name [/CrudApp] is completed
août 07, 2015 2:18:33 PM org.apache.catalina.core.StandardContext reload
INFO: Reloading Context with name [/CrudApp] has started
août 07, 2015 2:18:33 PM org.apache.catalina.loader.WebappClassLoader clearReferencesJdbc
SEVERE: The web application [/CrudApp] registered the JDBC driver [com.microsoft.sqlserver.jdbc.SQLServerDriver] but failed to unregister it when the web application was stopped. To prevent a memory leak, the JDBC Driver has been forcibly unregistered.
août 07, 2015 2:18:34 PM org.apache.catalina.startup.TldConfig execute
INFO: At least one JAR was scanned for TLDs yet contained no TLDs. Enable debug logging for this logger for a complete list of JARs that were scanned but no TLDs were found in them. Skipping unneeded JARs during scanning can improve startup time and JSP compilation time.
août 07, 2015 2:18:34 PM org.apache.catalina.core.StandardContext reload
INFO: Reloading Context with name [/CrudApp] is completed
août 07, 2015 2:19:29 PM org.apache.catalina.core.StandardContext reload
INFO: Reloading Context with name [/CrudApp] has started
août 07, 2015 2:19:29 PM org.apache.catalina.loader.WebappClassLoader clearReferencesJdbc
SEVERE: The web application [/CrudApp] registered the JDBC driver [com.microsoft.sqlserver.jdbc.SQLServerDriver] but failed to unregister it when the web application was stopped. To prevent a memory leak, the JDBC Driver has been forcibly unregistered.
août 07, 2015 2:19:29 PM org.apache.catalina.startup.TldConfig execute
INFO: At least one JAR was scanned for TLDs yet contained no TLDs. Enable debug logging for this logger for a complete list of JARs that were scanned but no TLDs were found in them. Skipping unneeded JARs during scanning can improve startup time and JSP compilation time.
août 07, 2015 2:19:29 PM org.apache.catalina.core.StandardContext reload
INFO: Reloading Context with name [/CrudApp] is completed
août 07, 2015 2:19:56 PM org.apache.catalina.core.StandardContext reload
INFO: Reloading Context with name [/CrudApp] has started
août 07, 2015 2:19:56 PM org.apache.catalina.loader.WebappClassLoader clearReferencesJdbc
SEVERE: The web application [/CrudApp] registered the JDBC driver [com.microsoft.sqlserver.jdbc.SQLServerDriver] but failed to unregister it when the web application was stopped. To prevent a memory leak, the JDBC Driver has been forcibly unregistered.
août 07, 2015 2:19:56 PM org.apache.catalina.startup.TldConfig execute
INFO: At least one JAR was scanned for TLDs yet contained no TLDs. Enable debug logging for this logger for a complete list of JARs that were scanned but no TLDs were found in them. Skipping unneeded JARs during scanning can improve startup time and JSP compilation time.
août 07, 2015 2:19:56 PM org.apache.catalina.core.StandardContext reload
INFO: Reloading Context with name [/CrudApp] is completed
août 07, 2015 2:20:01 PM org.apache.catalina.core.StandardContext reload
INFO: Reloading Context with name [/CrudApp] has started
août 07, 2015 2:20:02 PM org.apache.catalina.startup.TldConfig execute
INFO: At least one JAR was scanned for TLDs yet contained no TLDs. Enable debug logging for this logger for a complete list of JARs that were scanned but no TLDs were found in them. Skipping unneeded JARs during scanning can improve startup time and JSP compilation time.
août 07, 2015 2:20:02 PM org.apache.catalina.core.StandardContext reload
INFO: Reloading Context with name [/CrudApp] is completed
août 07, 2015 3:33:05 PM org.apache.catalina.core.StandardContext reload
INFO: Reloading Context with name [/CrudApp] has started
août 07, 2015 3:33:05 PM org.apache.catalina.loader.WebappClassLoader clearReferencesJdbc
SEVERE: The web application [/CrudApp] registered the JDBC driver [com.microsoft.sqlserver.jdbc.SQLServerDriver] but failed to unregister it when the web application was stopped. To prevent a memory leak, the JDBC Driver has been forcibly unregistered.
août 07, 2015 3:33:06 PM org.apache.catalina.startup.TldConfig execute
INFO: At least one JAR was scanned for TLDs yet contained no TLDs. Enable debug logging for this logger for a complete list of JARs that were scanned but no TLDs were found in them. Skipping unneeded JARs during scanning can improve startup time and JSP compilation time.
août 07, 2015 3:33:06 PM org.apache.catalina.core.StandardContext reload
INFO: Reloading Context with name [/CrudApp] is completed
août 07, 2015 3:34:05 PM org.apache.catalina.core.StandardContext reload
INFO: Reloading Context with name [/CrudApp] has started
août 07, 2015 3:34:05 PM org.apache.catalina.startup.TldConfig execute
INFO: At least one JAR was scanned for TLDs yet contained no TLDs. Enable debug logging for this logger for a complete list of JARs that were scanned but no TLDs were found in them. Skipping unneeded JARs during scanning can improve startup time and JSP compilation time.
août 07, 2015 3:34:05 PM org.apache.catalina.core.StandardContext reload
INFO: Reloading Context with name [/CrudApp] is completed
août 07, 2015 3:43:00 PM org.apache.catalina.core.StandardContext reload
INFO: Reloading Context with name [/CrudApp] has started
août 07, 2015 3:43:00 PM org.apache.catalina.loader.WebappClassLoader clearReferencesJdbc
SEVERE: The web application [/CrudApp] registered the JDBC driver [com.microsoft.sqlserver.jdbc.SQLServerDriver] but failed to unregister it when the web application was stopped. To prevent a memory leak, the JDBC Driver has been forcibly unregistered.
août 07, 2015 3:43:00 PM org.apache.catalina.startup.TldConfig execute
INFO: At least one JAR was scanned for TLDs yet contained no TLDs. Enable debug logging for this logger for a complete list of JARs that were scanned but no TLDs were found in them. Skipping unneeded JARs during scanning can improve startup time and JSP compilation time.
août 07, 2015 3:43:00 PM org.apache.catalina.core.StandardContext reload
INFO: Reloading Context with name [/CrudApp] is completed
août 07, 2015 3:43:15 PM org.apache.catalina.core.StandardContext reload
INFO: Reloading Context with name [/CrudApp] has started
août 07, 2015 3:43:15 PM org.apache.catalina.startup.TldConfig execute
INFO: At least one JAR was scanned for TLDs yet contained no TLDs. Enable debug logging for this logger for a complete list of JARs that were scanned but no TLDs were found in them. Skipping unneeded JARs during scanning can improve startup time and JSP compilation time.
août 07, 2015 3:43:15 PM org.apache.catalina.core.StandardContext reload
INFO: Reloading Context with name [/CrudApp] is completed
août 07, 2015 3:43:18 PM org.apache.catalina.core.StandardContext reload
INFO: Reloading Context with name [/CrudApp] has started
août 07, 2015 3:43:18 PM org.apache.catalina.startup.TldConfig execute
INFO: At least one JAR was scanned for TLDs yet contained no TLDs. Enable debug logging for this logger for a complete list of JARs that were scanned but no TLDs were found in them. Skipping unneeded JARs during scanning can improve startup time and JSP compilation time.
août 07, 2015 3:43:18 PM org.apache.catalina.core.StandardContext reload
INFO: Reloading Context with name [/CrudApp] is completed
août 07, 2015 3:43:23 PM org.apache.catalina.core.StandardContext reload
INFO: Reloading Context with name [/CrudApp] has started
août 07, 2015 3:43:23 PM org.apache.catalina.startup.TldConfig execute
INFO: At least one JAR was scanned for TLDs yet contained no TLDs. Enable debug logging for this logger for a complete list of JARs that were scanned but no TLDs were found in them. Skipping unneeded JARs during scanning can improve startup time and JSP compilation time.
août 07, 2015 3:43:23 PM org.apache.catalina.core.StandardContext reload
INFO: Reloading Context with name [/CrudApp] is completed
août 07, 2015 4:25:50 PM org.apache.catalina.core.StandardContext reload
INFO: Reloading Context with name [/CrudApp] has started
août 07, 2015 4:25:50 PM org.apache.catalina.loader.WebappClassLoader clearReferencesJdbc
SEVERE: The web application [/CrudApp] registered the JDBC driver [com.microsoft.sqlserver.jdbc.SQLServerDriver] but failed to unregister it when the web application was stopped. To prevent a memory leak, the JDBC Driver has been forcibly unregistered.
août 07, 2015 4:25:50 PM org.apache.catalina.startup.TldConfig execute
INFO: At least one JAR was scanned for TLDs yet contained no TLDs. Enable debug logging for this logger for a complete list of JARs that were scanned but no TLDs were found in them. Skipping unneeded JARs during scanning can improve startup time and JSP compilation time.
août 07, 2015 4:25:50 PM org.apache.catalina.core.StandardContext reload
INFO: Reloading Context with name [/CrudApp] is completed
août 07, 2015 4:26:05 PM org.apache.catalina.core.StandardContext reload
INFO: Reloading Context with name [/CrudApp] has started
août 07, 2015 4:26:06 PM org.apache.catalina.startup.TldConfig execute
INFO: At least one JAR was scanned for TLDs yet contained no TLDs. Enable debug logging for this logger for a complete list of JARs that were scanned but no TLDs were found in them. Skipping unneeded JARs during scanning can improve startup time and JSP compilation time.
août 07, 2015 4:26:06 PM org.apache.catalina.core.StandardContext reload
INFO: Reloading Context with name [/CrudApp] is completed
août 07, 2015 4:26:14 PM org.apache.catalina.core.StandardContext reload
INFO: Reloading Context with name [/CrudApp] has started
août 07, 2015 4:26:14 PM org.apache.catalina.startup.TldConfig execute
INFO: At least one JAR was scanned for TLDs yet contained no TLDs. Enable debug logging for this logger for a complete list of JARs that were scanned but no TLDs were found in them. Skipping unneeded JARs during scanning can improve startup time and JSP compilation time.
août 07, 2015 4:26:14 PM org.apache.catalina.core.StandardContext reload
INFO: Reloading Context with name [/CrudApp] is completed
août 07, 2015 4:26:55 PM org.apache.catalina.core.StandardContext reload
INFO: Reloading Context with name [/CrudApp] has started
août 07, 2015 4:26:56 PM org.apache.catalina.startup.TldConfig execute
INFO: At least one JAR was scanned for TLDs yet contained no TLDs. Enable debug logging for this logger for a complete list of JARs that were scanned but no TLDs were found in them. Skipping unneeded JARs during scanning can improve startup time and JSP compilation time.
août 07, 2015 4:26:56 PM org.apache.catalina.core.StandardContext reload
INFO: Reloading Context with name [/CrudApp] is completed
août 07, 2015 4:27:11 PM org.apache.catalina.core.StandardContext reload
INFO: Reloading Context with name [/CrudApp] has started
août 07, 2015 4:27:11 PM org.apache.catalina.startup.TldConfig execute
INFO: At least one JAR was scanned for TLDs yet contained no TLDs. Enable debug logging for this logger for a complete list of JARs that were scanned but no TLDs were found in them. Skipping unneeded JARs during scanning can improve startup time and JSP compilation time.
août 07, 2015 4:27:11 PM org.apache.catalina.core.StandardContext reload
INFO: Reloading Context with name [/CrudApp] is completed
août 07, 2015 4:27:15 PM org.apache.catalina.core.StandardContext reload
INFO: Reloading Context with name [/CrudApp] has started
août 07, 2015 4:27:15 PM org.apache.catalina.startup.TldConfig execute
INFO: At least one JAR was scanned for TLDs yet contained no TLDs. Enable debug logging for this logger for a complete list of JARs that were scanned but no TLDs were found in them. Skipping unneeded JARs during scanning can improve startup time and JSP compilation time.
août 07, 2015 4:27:15 PM org.apache.catalina.core.StandardContext reload
INFO: Reloading Context with name [/CrudApp] is completed
août 07, 2015 4:27:34 PM org.apache.catalina.core.StandardContext reload
INFO: Reloading Context with name [/CrudApp] has started
août 07, 2015 4:27:35 PM org.apache.catalina.startup.TldConfig execute
INFO: At least one JAR was scanned for TLDs yet contained no TLDs. Enable debug logging for this logger for a complete list of JARs that were scanned but no TLDs were found in them. Skipping unneeded JARs during scanning can improve startup time and JSP compilation time.
août 07, 2015 4:27:35 PM org.apache.catalina.core.StandardContext reload
INFO: Reloading Context with name [/CrudApp] is completed
août 07, 2015 4:27:38 PM org.apache.catalina.core.StandardContext reload
INFO: Reloading Context with name [/CrudApp] has started
août 07, 2015 4:27:38 PM org.apache.catalina.startup.TldConfig execute
INFO: At least one JAR was scanned for TLDs yet contained no TLDs. Enable debug logging for this logger for a complete list of JARs that were scanned but no TLDs were found in them. Skipping unneeded JARs during scanning can improve startup time and JSP compilation time.
août 07, 2015 4:27:38 PM org.apache.catalina.core.StandardContext reload
INFO: Reloading Context with name [/CrudApp] is completed
août 07, 2015 4:27:58 PM org.apache.catalina.core.StandardContext reload
INFO: Reloading Context with name [/CrudApp] has started
août 07, 2015 4:27:58 PM org.apache.catalina.startup.TldConfig execute
INFO: At least one JAR was scanned for TLDs yet contained no TLDs. Enable debug logging for this logger for a complete list of JARs that were scanned but no TLDs were found in them. Skipping unneeded JARs during scanning can improve startup time and JSP compilation time.
août 07, 2015 4:27:58 PM org.apache.catalina.core.StandardContext reload
INFO: Reloading Context with name [/CrudApp] is completed
août 07, 2015 4:29:39 PM org.apache.catalina.core.StandardContext reload
INFO: Reloading Context with name [/CrudApp] has started
août 07, 2015 4:29:39 PM org.apache.catalina.loader.WebappClassLoader clearReferencesJdbc
SEVERE: The web application [/CrudApp] registered the JDBC driver [com.microsoft.sqlserver.jdbc.SQLServerDriver] but failed to unregister it when the web application was stopped. To prevent a memory leak, the JDBC Driver has been forcibly unregistered.
août 07, 2015 4:29:39 PM org.apache.catalina.loader.WebappClassLoader checkThreadLocalMapForLeaks
SEVERE: The web application [/CrudApp] created a ThreadLocal with key of type [com.microsoft.sqlserver.jdbc.ActivityCorrelator$1] (value [com.microsoft.sqlserver.jdbc.ActivityCorrelator$1@18e2224c]) and a value of type [com.microsoft.sqlserver.jdbc.ActivityId] (value [0e235db2-9e00-44b0-8fab-1ac8e28171d3-1]) but failed to remove it when the web application was stopped. Threads are going to be renewed over time to try and avoid a probable memory leak.
août 07, 2015 4:29:40 PM org.apache.catalina.startup.TldConfig execute
INFO: At least one JAR was scanned for TLDs yet contained no TLDs. Enable debug logging for this logger for a complete list of JARs that were scanned but no TLDs were found in them. Skipping unneeded JARs during scanning can improve startup time and JSP compilation time.
août 07, 2015 4:29:40 PM org.apache.catalina.core.StandardContext reload
INFO: Reloading Context with name [/CrudApp] is completed
août 07, 2015 4:30:06 PM org.apache.catalina.core.StandardContext reload
INFO: Reloading Context with name [/CrudApp] has started
août 07, 2015 4:30:06 PM org.apache.catalina.startup.TldConfig execute
INFO: At least one JAR was scanned for TLDs yet contained no TLDs. Enable debug logging for this logger for a complete list of JARs that were scanned but no TLDs were found in them. Skipping unneeded JARs during scanning can improve startup time and JSP compilation time.
août 07, 2015 4:30:06 PM org.apache.catalina.core.StandardContext reload
INFO: Reloading Context with name [/CrudApp] is completed
août 07, 2015 4:30:08 PM org.apache.catalina.core.StandardContext reload
INFO: Reloading Context with name [/CrudApp] has started
août 07, 2015 4:30:09 PM org.apache.catalina.startup.TldConfig execute
INFO: At least one JAR was scanned for TLDs yet contained no TLDs. Enable debug logging for this logger for a complete list of JARs that were scanned but no TLDs were found in them. Skipping unneeded JARs during scanning can improve startup time and JSP compilation time.
août 07, 2015 4:30:09 PM org.apache.catalina.core.StandardContext reload
INFO: Reloading Context with name [/CrudApp] is completed
août 07, 2015 4:30:26 PM org.apache.catalina.core.StandardContext reload
INFO: Reloading Context with name [/CrudApp] has started
août 07, 2015 4:30:26 PM org.apache.catalina.startup.TldConfig execute
INFO: At least one JAR was scanned for TLDs yet contained no TLDs. Enable debug logging for this logger for a complete list of JARs that were scanned but no TLDs were found in them. Skipping unneeded JARs during scanning can improve startup time and JSP compilation time.
août 07, 2015 4:30:26 PM org.apache.catalina.core.StandardContext reload
INFO: Reloading Context with name [/CrudApp] is completed
août 07, 2015 4:30:39 PM org.apache.catalina.core.StandardContext reload
INFO: Reloading Context with name [/CrudApp] has started
août 07, 2015 4:30:39 PM org.apache.catalina.startup.TldConfig execute
INFO: At least one JAR was scanned for TLDs yet contained no TLDs. Enable debug logging for this logger for a complete list of JARs that were scanned but no TLDs were found in them. Skipping unneeded JARs during scanning can improve startup time and JSP compilation time.
août 07, 2015 4:30:39 PM org.apache.catalina.core.StandardContext reload
INFO: Reloading Context with name [/CrudApp] is completed
août 07, 2015 4:30:43 PM org.apache.catalina.core.StandardContext reload
INFO: Reloading Context with name [/CrudApp] has started
août 07, 2015 4:30:43 PM org.apache.catalina.startup.TldConfig execute
INFO: At least one JAR was scanned for TLDs yet contained no TLDs. Enable debug logging for this logger for a complete list of JARs that were scanned but no TLDs were found in them. Skipping unneeded JARs during scanning can improve startup time and JSP compilation time.
août 07, 2015 4:30:43 PM org.apache.catalina.core.StandardContext reload
INFO: Reloading Context with name [/CrudApp] is completed
août 07, 2015 4:35:45 PM org.apache.catalina.core.StandardContext reload
INFO: Reloading Context with name [/CrudApp] has started
août 07, 2015 4:35:45 PM org.apache.catalina.loader.WebappClassLoader clearReferencesJdbc
SEVERE: The web application [/CrudApp] registered the JDBC driver [com.microsoft.sqlserver.jdbc.SQLServerDriver] but failed to unregister it when the web application was stopped. To prevent a memory leak, the JDBC Driver has been forcibly unregistered.
août 07, 2015 4:35:45 PM org.apache.catalina.loader.WebappClassLoader checkThreadLocalMapForLeaks
SEVERE: The web application [/CrudApp] created a ThreadLocal with key of type [com.microsoft.sqlserver.jdbc.ActivityCorrelator$1] (value [com.microsoft.sqlserver.jdbc.ActivityCorrelator$1@7d215df3]) and a value of type [com.microsoft.sqlserver.jdbc.ActivityId] (value [b9a79916-7154-4ce8-9c87-e90caa86414a-1]) but failed to remove it when the web application was stopped. Threads are going to be renewed over time to try and avoid a probable memory leak.
août 07, 2015 4:35:45 PM org.apache.catalina.startup.TldConfig execute
INFO: At least one JAR was scanned for TLDs yet contained no TLDs. Enable debug logging for this logger for a complete list of JARs that were scanned but no TLDs were found in them. Skipping unneeded JARs during scanning can improve startup time and JSP compilation time.
août 07, 2015 4:35:45 PM org.apache.catalina.core.StandardContext reload
INFO: Reloading Context with name [/CrudApp] is completed
août 07, 2015 4:38:33 PM org.apache.catalina.core.StandardContext reload
INFO: Reloading Context with name [/CrudApp] has started
août 07, 2015 4:38:33 PM org.apache.catalina.loader.WebappClassLoader clearReferencesJdbc
SEVERE: The web application [/CrudApp] registered the JDBC driver [com.microsoft.sqlserver.jdbc.SQLServerDriver] but failed to unregister it when the web application was stopped. To prevent a memory leak, the JDBC Driver has been forcibly unregistered.
août 07, 2015 4:38:33 PM org.apache.catalina.startup.TldConfig execute
INFO: At least one JAR was scanned for TLDs yet contained no TLDs. Enable debug logging for this logger for a complete list of JARs that were scanned but no TLDs were found in them. Skipping unneeded JARs during scanning can improve startup time and JSP compilation time.
août 07, 2015 4:38:33 PM org.apache.catalina.core.StandardContext reload
INFO: Reloading Context with name [/CrudApp] is completed
août 07, 2015 4:38:58 PM org.apache.catalina.core.StandardContext reload
INFO: Reloading Context with name [/CrudApp] has started
août 07, 2015 4:38:58 PM org.apache.catalina.startup.TldConfig execute
INFO: At least one JAR was scanned for TLDs yet contained no TLDs. Enable debug logging for this logger for a complete list of JARs that were scanned but no TLDs were found in them. Skipping unneeded JARs during scanning can improve startup time and JSP compilation time.
août 07, 2015 4:38:58 PM org.apache.catalina.core.StandardContext reload
INFO: Reloading Context with name [/CrudApp] is completed
août 07, 2015 4:39:16 PM org.apache.catalina.core.StandardContext reload
INFO: Reloading Context with name [/CrudApp] has started
août 07, 2015 4:39:16 PM org.apache.catalina.startup.TldConfig execute
INFO: At least one JAR was scanned for TLDs yet contained no TLDs. Enable debug logging for this logger for a complete list of JARs that were scanned but no TLDs were found in them. Skipping unneeded JARs during scanning can improve startup time and JSP compilation time.
août 07, 2015 4:39:16 PM org.apache.catalina.core.StandardContext reload
INFO: Reloading Context with name [/CrudApp] is completed
août 07, 2015 4:39:30 PM org.apache.catalina.core.StandardContext reload
INFO: Reloading Context with name [/CrudApp] has started
août 07, 2015 4:39:30 PM org.apache.catalina.startup.TldConfig execute
INFO: At least one JAR was scanned for TLDs yet contained no TLDs. Enable debug logging for this logger for a complete list of JARs that were scanned but no TLDs were found in them. Skipping unneeded JARs during scanning can improve startup time and JSP compilation time.
août 07, 2015 4:39:30 PM org.apache.catalina.core.StandardContext reload
INFO: Reloading Context with name [/CrudApp] is completed
août 07, 2015 4:39:52 PM org.apache.catalina.core.StandardContext reload
INFO: Reloading Context with name [/CrudApp] has started
août 07, 2015 4:39:53 PM org.apache.catalina.startup.TldConfig execute
INFO: At least one JAR was scanned for TLDs yet contained no TLDs. Enable debug logging for this logger for a complete list of JARs that were scanned but no TLDs were found in them. Skipping unneeded JARs during scanning can improve startup time and JSP compilation time.
août 07, 2015 4:39:53 PM org.apache.catalina.core.StandardContext reload
INFO: Reloading Context with name [/CrudApp] is completed
août 07, 2015 4:51:46 PM org.apache.catalina.core.StandardContext reload
INFO: Reloading Context with name [/CrudApp] has started
août 07, 2015 4:51:46 PM org.apache.catalina.loader.WebappClassLoader clearReferencesJdbc
SEVERE: The web application [/CrudApp] registered the JDBC driver [com.microsoft.sqlserver.jdbc.SQLServerDriver] but failed to unregister it when the web application was stopped. To prevent a memory leak, the JDBC Driver has been forcibly unregistered.
août 07, 2015 4:51:46 PM org.apache.catalina.loader.WebappClassLoader checkThreadLocalMapForLeaks
SEVERE: The web application [/CrudApp] created a ThreadLocal with key of type [com.microsoft.sqlserver.jdbc.ActivityCorrelator$1] (value [com.microsoft.sqlserver.jdbc.ActivityCorrelator$1@57b8a38f]) and a value of type [com.microsoft.sqlserver.jdbc.ActivityId] (value [6d7a5edf-63bf-491b-bcad-259196c14a8d-1]) but failed to remove it when the web application was stopped. Threads are going to be renewed over time to try and avoid a probable memory leak.
août 07, 2015 4:51:47 PM org.apache.catalina.startup.TldConfig execute
INFO: At least one JAR was scanned for TLDs yet contained no TLDs. Enable debug logging for this logger for a complete list of JARs that were scanned but no TLDs were found in them. Skipping unneeded JARs during scanning can improve startup time and JSP compilation time.
août 07, 2015 4:51:47 PM org.apache.catalina.core.StandardContext reload
INFO: Reloading Context with name [/CrudApp] is completed
août 07, 2015 4:52:30 PM org.apache.catalina.core.StandardContext reload
INFO: Reloading Context with name [/CrudApp] has started
août 07, 2015 4:52:30 PM org.apache.catalina.loader.WebappClassLoader clearReferencesJdbc
SEVERE: The web application [/CrudApp] registered the JDBC driver [com.microsoft.sqlserver.jdbc.SQLServerDriver] but failed to unregister it when the web application was stopped. To prevent a memory leak, the JDBC Driver has been forcibly unregistered.
août 07, 2015 4:52:30 PM org.apache.catalina.startup.TldConfig execute
INFO: At least one JAR was scanned for TLDs yet contained no TLDs. Enable debug logging for this logger for a complete list of JARs that were scanned but no TLDs were found in them. Skipping unneeded JARs during scanning can improve startup time and JSP compilation time.
août 07, 2015 4:52:30 PM org.apache.catalina.core.StandardContext reload
INFO: Reloading Context with name [/CrudApp] is completed
août 07, 2015 5:27:50 PM org.apache.catalina.core.StandardContext reload
INFO: Reloading Context with name [/CrudApp] has started
août 07, 2015 5:27:50 PM org.apache.catalina.loader.WebappClassLoader clearReferencesJdbc
SEVERE: The web application [/CrudApp] registered the JDBC driver [com.microsoft.sqlserver.jdbc.SQLServerDriver] but failed to unregister it when the web application was stopped. To prevent a memory leak, the JDBC Driver has been forcibly unregistered.
août 07, 2015 5:27:51 PM org.apache.catalina.startup.TldConfig execute
INFO: At least one JAR was scanned for TLDs yet contained no TLDs. Enable debug logging for this logger for a complete list of JARs that were scanned but no TLDs were found in them. Skipping unneeded JARs during scanning can improve startup time and JSP compilation time.
août 07, 2015 5:27:51 PM org.apache.catalina.core.StandardContext reload
INFO: Reloading Context with name [/CrudApp] is completed
août 07, 2015 5:27:51 PM org.apache.catalina.core.StandardContext reload
INFO: Reloading Context with name [/CrudApp] has started
août 07, 2015 5:27:52 PM org.apache.catalina.startup.TldConfig execute
INFO: At least one JAR was scanned for TLDs yet contained no TLDs. Enable debug logging for this logger for a complete list of JARs that were scanned but no TLDs were found in them. Skipping unneeded JARs during scanning can improve startup time and JSP compilation time.
août 07, 2015 5:27:52 PM org.apache.catalina.core.StandardContext reload
INFO: Reloading Context with name [/CrudApp] is completed
août 07, 2015 5:27:53 PM org.apache.catalina.core.StandardContext reload
INFO: Reloading Context with name [/CrudApp] has started
août 07, 2015 5:27:54 PM org.apache.catalina.startup.TldConfig execute
INFO: At least one JAR was scanned for TLDs yet contained no TLDs. Enable debug logging for this logger for a complete list of JARs that were scanned but no TLDs were found in them. Skipping unneeded JARs during scanning can improve startup time and JSP compilation time.
août 07, 2015 5:27:54 PM org.apache.catalina.core.StandardContext reload
INFO: Reloading Context with name [/CrudApp] is completed
août 07, 2015 5:28:21 PM org.apache.catalina.core.StandardContext reload
INFO: Reloading Context with name [/CrudApp] has started
août 07, 2015 5:28:21 PM org.apache.catalina.loader.WebappClassLoader clearReferencesJdbc
SEVERE: The web application [/CrudApp] registered the JDBC driver [com.microsoft.sqlserver.jdbc.SQLServerDriver] but failed to unregister it when the web application was stopped. To prevent a memory leak, the JDBC Driver has been forcibly unregistered.
août 07, 2015 5:28:21 PM org.apache.catalina.startup.TldConfig execute
INFO: At least one JAR was scanned for TLDs yet contained no TLDs. Enable debug logging for this logger for a complete list of JARs that were scanned but no TLDs were found in them. Skipping unneeded JARs during scanning can improve startup time and JSP compilation time.
août 07, 2015 5:28:21 PM org.apache.catalina.core.StandardContext reload
INFO: Reloading Context with name [/CrudApp] is completed
août 07, 2015 5:28:41 PM org.apache.catalina.core.StandardContext reload
INFO: Reloading Context with name [/CrudApp] has started
août 07, 2015 5:28:41 PM org.apache.catalina.loader.WebappClassLoader clearReferencesJdbc
SEVERE: The web application [/CrudApp] registered the JDBC driver [com.microsoft.sqlserver.jdbc.SQLServerDriver] but failed to unregister it when the web application was stopped. To prevent a memory leak, the JDBC Driver has been forcibly unregistered.
août 07, 2015 5:28:41 PM org.apache.catalina.startup.TldConfig execute
INFO: At least one JAR was scanned for TLDs yet contained no TLDs. Enable debug logging for this logger for a complete list of JARs that were scanned but no TLDs were found in them. Skipping unneeded JARs during scanning can improve startup time and JSP compilation time.
août 07, 2015 5:28:41 PM org.apache.catalina.core.StandardContext reload
INFO: Reloading Context with name [/CrudApp] is completed
août 07, 2015 5:28:57 PM org.apache.catalina.core.StandardContext reload
INFO: Reloading Context with name [/CrudApp] has started
août 07, 2015 5:28:58 PM org.apache.catalina.startup.TldConfig execute
INFO: At least one JAR was scanned for TLDs yet contained no TLDs. Enable debug logging for this logger for a complete list of JARs that were scanned but no TLDs were found in them. Skipping unneeded JARs during scanning can improve startup time and JSP compilation time.
août 07, 2015 5:28:58 PM org.apache.catalina.core.StandardContext reload
INFO: Reloading Context with name [/CrudApp] is completed
août 07, 2015 5:29:52 PM org.apache.catalina.core.StandardContext reload
INFO: Reloading Context with name [/CrudApp] has started
août 07, 2015 5:29:52 PM org.apache.catalina.loader.WebappClassLoader clearReferencesJdbc
SEVERE: The web application [/CrudApp] registered the JDBC driver [com.microsoft.sqlserver.jdbc.SQLServerDriver] but failed to unregister it when the web application was stopped. To prevent a memory leak, the JDBC Driver has been forcibly unregistered.
août 07, 2015 5:29:52 PM org.apache.catalina.startup.TldConfig execute
INFO: At least one JAR was scanned for TLDs yet contained no TLDs. Enable debug logging for this logger for a complete list of JARs that were scanned but no TLDs were found in them. Skipping unneeded JARs during scanning can improve startup time and JSP compilation time.
août 07, 2015 5:29:52 PM org.apache.catalina.core.StandardContext reload
INFO: Reloading Context with name [/CrudApp] is completed
août 07, 2015 5:31:35 PM org.apache.catalina.core.StandardContext reload
INFO: Reloading Context with name [/CrudApp] has started
août 07, 2015 5:31:35 PM org.apache.catalina.loader.WebappClassLoader clearReferencesJdbc
SEVERE: The web application [/CrudApp] registered the JDBC driver [com.microsoft.sqlserver.jdbc.SQLServerDriver] but failed to unregister it when the web application was stopped. To prevent a memory leak, the JDBC Driver has been forcibly unregistered.
août 07, 2015 5:31:35 PM org.apache.catalina.startup.TldConfig execute
INFO: At least one JAR was scanned for TLDs yet contained no TLDs. Enable debug logging for this logger for a complete list of JARs that were scanned but no TLDs were found in them. Skipping unneeded JARs during scanning can improve startup time and JSP compilation time.
août 07, 2015 5:31:35 PM org.apache.catalina.core.StandardContext reload
INFO: Reloading Context with name [/CrudApp] is completed
août 07, 2015 5:32:29 PM org.apache.catalina.core.StandardContext reload
INFO: Reloading Context with name [/CrudApp] has started
août 07, 2015 5:32:29 PM org.apache.catalina.loader.WebappClassLoader clearReferencesJdbc
SEVERE: The web application [/CrudApp] registered the JDBC driver [com.microsoft.sqlserver.jdbc.SQLServerDriver] but failed to unregister it when the web application was stopped. To prevent a memory leak, the JDBC Driver has been forcibly unregistered.
août 07, 2015 5:32:29 PM org.apache.catalina.startup.TldConfig execute
INFO: At least one JAR was scanned for TLDs yet contained no TLDs. Enable debug logging for this logger for a complete list of JARs that were scanned but no TLDs were found in them. Skipping unneeded JARs during scanning can improve startup time and JSP compilation time.
août 07, 2015 5:32:29 PM org.apache.catalina.core.StandardContext reload
INFO: Reloading Context with name [/CrudApp] is completed
août 07, 2015 5:33:02 PM org.apache.catalina.core.StandardContext reload
INFO: Reloading Context with name [/CrudApp] has started
août 07, 2015 5:33:02 PM org.apache.catalina.startup.TldConfig execute
INFO: At least one JAR was scanned for TLDs yet contained no TLDs. Enable debug logging for this logger for a complete list of JARs that were scanned but no TLDs were found in them. Skipping unneeded JARs during scanning can improve startup time and JSP compilation time.
août 07, 2015 5:33:02 PM org.apache.catalina.core.StandardContext reload
INFO: Reloading Context with name [/CrudApp] is completed
août 07, 2015 5:33:45 PM dao.JobDao save_latest_builds
SEVERE: null
java.io.FileNotFoundException: https://jenkins.vistaprint.net/view/+Default/view/Fulfill Demand/view/FDQE/job//VP.ShippingSystem.IntegrationTestsOnTst/api/xml
	at sun.net.www.protocol.http.HttpURLConnection.getInputStream(HttpURLConnection.java:1625)
	at sun.net.www.protocol.https.HttpsURLConnectionImpl.getInputStream(HttpsURLConnectionImpl.java:254)
	at java.net.URL.openStream(URL.java:1037)
	at dao.JobDao.save_latest_builds(JobDao.java:53)
	at controller.JobController.doGet(JobController.java:50)
	at javax.servlet.http.HttpServlet.service(HttpServlet.java:624)
	at javax.servlet.http.HttpServlet.service(HttpServlet.java:731)
	at org.apache.catalina.core.ApplicationFilterChain.internalDoFilter(ApplicationFilterChain.java:303)
	at org.apache.catalina.core.ApplicationFilterChain.doFilter(ApplicationFilterChain.java:208)
	at org.apache.tomcat.websocket.server.WsFilter.doFilter(WsFilter.java:52)
	at org.apache.catalina.core.ApplicationFilterChain.internalDoFilter(ApplicationFilterChain.java:241)
	at org.apache.catalina.core.ApplicationFilterChain.doFilter(ApplicationFilterChain.java:208)
	at org.apache.catalina.core.StandardWrapperValve.invoke(StandardWrapperValve.java:220)
	at org.apache.catalina.core.StandardContextValve.invoke(StandardContextValve.java:122)
	at org.apache.catalina.authenticator.AuthenticatorBase.invoke(AuthenticatorBase.java:505)
	at org.apache.catalina.core.StandardHostValve.invoke(StandardHostValve.java:170)
	at org.apache.catalina.valves.ErrorReportValve.invoke(ErrorReportValve.java:103)
	at org.apache.catalina.valves.AccessLogValve.invoke(AccessLogValve.java:957)
	at org.apache.catalina.core.StandardEngineValve.invoke(StandardEngineValve.java:116)
	at org.apache.catalina.connector.CoyoteAdapter.service(CoyoteAdapter.java:423)
	at org.apache.coyote.http11.AbstractHttp11Processor.process(AbstractHttp11Processor.java:1079)
	at org.apache.coyote.AbstractProtocol$AbstractConnectionHandler.process(AbstractProtocol.java:620)
	at org.apache.tomcat.util.net.JIoEndpoint$SocketProcessor.run(JIoEndpoint.java:318)
	at java.util.concurrent.ThreadPoolExecutor.runWorker(ThreadPoolExecutor.java:1145)
	at java.util.concurrent.ThreadPoolExecutor$Worker.run(ThreadPoolExecutor.java:615)
	at org.apache.tomcat.util.threads.TaskThread$WrappingRunnable.run(TaskThread.java:61)
	at java.lang.Thread.run(Thread.java:745)

août 07, 2015 5:41:39 PM hudson.model.AsyncPeriodicWork$1 run
INFO: Started Workspace clean-up
août 07, 2015 5:41:39 PM hudson.model.AsyncPeriodicWork$1 run
INFO: Finished Workspace clean-up. 40 ms
août 07, 2015 6:10:25 PM hudson.model.AsyncPeriodicWork$1 run
INFO: Started Download metadata
août 07, 2015 6:10:25 PM hudson.model.AsyncPeriodicWork$1 run
INFO: Finished Download metadata. 2 ms
