août 04, 2015 10:22:31 AM dao.JobDao getAllJobs
SEVERE: null
com.microsoft.sqlserver.jdbc.SQLServerException: Connection reset by peer: socket write error
	at com.microsoft.sqlserver.jdbc.SQLServerConnection.terminate(SQLServerConnection.java:1668)
	at com.microsoft.sqlserver.jdbc.SQLServerConnection.terminate(SQLServerConnection.java:1655)
	at com.microsoft.sqlserver.jdbc.TDSChannel.write(IOBuffer.java:1805)
	at com.microsoft.sqlserver.jdbc.TDSWriter.flush(IOBuffer.java:3581)
	at com.microsoft.sqlserver.jdbc.TDSWriter.writePacket(IOBuffer.java:3482)
	at com.microsoft.sqlserver.jdbc.TDSWriter.endMessage(IOBuffer.java:3062)
	at com.microsoft.sqlserver.jdbc.TDSCommand.startResponse(IOBuffer.java:6120)
	at com.microsoft.sqlserver.jdbc.SQLServerStatement.doExecuteStatement(SQLServerStatement.java:797)
	at com.microsoft.sqlserver.jdbc.SQLServerStatement$StmtExecCmd.doExecute(SQLServerStatement.java:696)
	at com.microsoft.sqlserver.jdbc.TDSCommand.execute(IOBuffer.java:5696)
	at com.microsoft.sqlserver.jdbc.SQLServerConnection.executeCommand(SQLServerConnection.java:1716)
	at com.microsoft.sqlserver.jdbc.SQLServerStatement.executeCommand(SQLServerStatement.java:180)
	at com.microsoft.sqlserver.jdbc.SQLServerStatement.executeStatement(SQLServerStatement.java:155)
	at com.microsoft.sqlserver.jdbc.SQLServerStatement.executeQuery(SQLServerStatement.java:623)
	at dao.JobDao.getAllJobs(JobDao.java:51)
	at controller.JobController.doGet(JobController.java:43)
	at javax.servlet.http.HttpServlet.service(HttpServlet.java:624)
	at javax.servlet.http.HttpServlet.service(HttpServlet.java:731)
	at org.apache.catalina.core.ApplicationFilterChain.internalDoFilter(ApplicationFilterChain.java:303)
	at org.apache.catalina.core.ApplicationFilterChain.doFilter(ApplicationFilterChain.java:208)
	at org.apache.tomcat.websocket.server.WsFilter.doFilter(WsFilter.java:52)
	at org.apache.catalina.core.ApplicationFilterChain.internalDoFilter(ApplicationFilterChain.java:241)
	at org.apache.catalina.core.ApplicationFilterChain.doFilter(ApplicationFilterChain.java:208)
	at org.apache.catalina.core.StandardWrapperValve.invoke(StandardWrapperValve.java:220)
	at org.apache.catalina.core.StandardContextValve.invoke(StandardContextValve.java:122)
	at org.apache.catalina.authenticator.AuthenticatorBase.invoke(AuthenticatorBase.java:505)
	at org.apache.catalina.core.StandardHostValve.invoke(StandardHostValve.java:170)
	at org.apache.catalina.valves.ErrorReportValve.invoke(ErrorReportValve.java:103)
	at org.apache.catalina.valves.AccessLogValve.invoke(AccessLogValve.java:957)
	at org.apache.catalina.core.StandardEngineValve.invoke(StandardEngineValve.java:116)
	at org.apache.catalina.connector.CoyoteAdapter.service(CoyoteAdapter.java:423)
	at org.apache.coyote.http11.AbstractHttp11Processor.process(AbstractHttp11Processor.java:1079)
	at org.apache.coyote.AbstractProtocol$AbstractConnectionHandler.process(AbstractProtocol.java:620)
	at org.apache.tomcat.util.net.JIoEndpoint$SocketProcessor.run(JIoEndpoint.java:316)
	at java.util.concurrent.ThreadPoolExecutor.runWorker(ThreadPoolExecutor.java:1145)
	at java.util.concurrent.ThreadPoolExecutor$Worker.run(ThreadPoolExecutor.java:615)
	at org.apache.tomcat.util.threads.TaskThread$WrappingRunnable.run(TaskThread.java:61)
	at java.lang.Thread.run(Thread.java:745)

août 04, 2015 10:22:33 AM dao.JobDao getAllJobs
SEVERE: null
com.microsoft.sqlserver.jdbc.SQLServerException: The connection is closed.
	at com.microsoft.sqlserver.jdbc.SQLServerException.makeFromDriverError(SQLServerException.java:190)
	at com.microsoft.sqlserver.jdbc.SQLServerConnection.checkClosed(SQLServerConnection.java:389)
	at com.microsoft.sqlserver.jdbc.SQLServerConnection.createStatement(SQLServerConnection.java:2165)
	at com.microsoft.sqlserver.jdbc.SQLServerConnection.createStatement(SQLServerConnection.java:1846)
	at dao.JobDao.getAllJobs(JobDao.java:50)
	at controller.JobController.doGet(JobController.java:43)
	at javax.servlet.http.HttpServlet.service(HttpServlet.java:624)
	at javax.servlet.http.HttpServlet.service(HttpServlet.java:731)
	at org.apache.catalina.core.ApplicationFilterChain.internalDoFilter(ApplicationFilterChain.java:303)
	at org.apache.catalina.core.ApplicationFilterChain.doFilter(ApplicationFilterChain.java:208)
	at org.apache.tomcat.websocket.server.WsFilter.doFilter(WsFilter.java:52)
	at org.apache.catalina.core.ApplicationFilterChain.internalDoFilter(ApplicationFilterChain.java:241)
	at org.apache.catalina.core.ApplicationFilterChain.doFilter(ApplicationFilterChain.java:208)
	at org.apache.catalina.core.StandardWrapperValve.invoke(StandardWrapperValve.java:220)
	at org.apache.catalina.core.StandardContextValve.invoke(StandardContextValve.java:122)
	at org.apache.catalina.authenticator.AuthenticatorBase.invoke(AuthenticatorBase.java:505)
	at org.apache.catalina.core.StandardHostValve.invoke(StandardHostValve.java:170)
	at org.apache.catalina.valves.ErrorReportValve.invoke(ErrorReportValve.java:103)
	at org.apache.catalina.valves.AccessLogValve.invoke(AccessLogValve.java:957)
	at org.apache.catalina.core.StandardEngineValve.invoke(StandardEngineValve.java:116)
	at org.apache.catalina.connector.CoyoteAdapter.service(CoyoteAdapter.java:423)
	at org.apache.coyote.http11.AbstractHttp11Processor.process(AbstractHttp11Processor.java:1079)
	at org.apache.coyote.AbstractProtocol$AbstractConnectionHandler.process(AbstractProtocol.java:620)
	at org.apache.tomcat.util.net.JIoEndpoint$SocketProcessor.run(JIoEndpoint.java:318)
	at java.util.concurrent.ThreadPoolExecutor.runWorker(ThreadPoolExecutor.java:1145)
	at java.util.concurrent.ThreadPoolExecutor$Worker.run(ThreadPoolExecutor.java:615)
	at org.apache.tomcat.util.threads.TaskThread$WrappingRunnable.run(TaskThread.java:61)
	at java.lang.Thread.run(Thread.java:745)

août 04, 2015 10:22:33 AM dao.JobDao getAllJobs
SEVERE: null
com.microsoft.sqlserver.jdbc.SQLServerException: The connection is closed.
	at com.microsoft.sqlserver.jdbc.SQLServerException.makeFromDriverError(SQLServerException.java:190)
	at com.microsoft.sqlserver.jdbc.SQLServerConnection.checkClosed(SQLServerConnection.java:389)
	at com.microsoft.sqlserver.jdbc.SQLServerConnection.createStatement(SQLServerConnection.java:2165)
	at com.microsoft.sqlserver.jdbc.SQLServerConnection.createStatement(SQLServerConnection.java:1846)
	at dao.JobDao.getAllJobs(JobDao.java:50)
	at controller.JobController.doGet(JobController.java:43)
	at javax.servlet.http.HttpServlet.service(HttpServlet.java:624)
	at javax.servlet.http.HttpServlet.service(HttpServlet.java:731)
	at org.apache.catalina.core.ApplicationFilterChain.internalDoFilter(ApplicationFilterChain.java:303)
	at org.apache.catalina.core.ApplicationFilterChain.doFilter(ApplicationFilterChain.java:208)
	at org.apache.tomcat.websocket.server.WsFilter.doFilter(WsFilter.java:52)
	at org.apache.catalina.core.ApplicationFilterChain.internalDoFilter(ApplicationFilterChain.java:241)
	at org.apache.catalina.core.ApplicationFilterChain.doFilter(ApplicationFilterChain.java:208)
	at org.apache.catalina.core.StandardWrapperValve.invoke(StandardWrapperValve.java:220)
	at org.apache.catalina.core.StandardContextValve.invoke(StandardContextValve.java:122)
	at org.apache.catalina.authenticator.AuthenticatorBase.invoke(AuthenticatorBase.java:505)
	at org.apache.catalina.core.StandardHostValve.invoke(StandardHostValve.java:170)
	at org.apache.catalina.valves.ErrorReportValve.invoke(ErrorReportValve.java:103)
	at org.apache.catalina.valves.AccessLogValve.invoke(AccessLogValve.java:957)
	at org.apache.catalina.core.StandardEngineValve.invoke(StandardEngineValve.java:116)
	at org.apache.catalina.connector.CoyoteAdapter.service(CoyoteAdapter.java:423)
	at org.apache.coyote.http11.AbstractHttp11Processor.process(AbstractHttp11Processor.java:1079)
	at org.apache.coyote.AbstractProtocol$AbstractConnectionHandler.process(AbstractProtocol.java:620)
	at org.apache.tomcat.util.net.JIoEndpoint$SocketProcessor.run(JIoEndpoint.java:318)
	at java.util.concurrent.ThreadPoolExecutor.runWorker(ThreadPoolExecutor.java:1145)
	at java.util.concurrent.ThreadPoolExecutor$Worker.run(ThreadPoolExecutor.java:615)
	at org.apache.tomcat.util.threads.TaskThread$WrappingRunnable.run(TaskThread.java:61)
	at java.lang.Thread.run(Thread.java:745)

août 04, 2015 10:22:39 AM org.apache.catalina.core.StandardContext reload
INFO: Reloading Context with name [/CrudApp] has started
août 04, 2015 10:22:40 AM org.apache.catalina.loader.WebappClassLoader clearReferencesJdbc
SEVERE: The web application [/CrudApp] registered the JDBC driver [com.microsoft.sqlserver.jdbc.SQLServerDriver] but failed to unregister it when the web application was stopped. To prevent a memory leak, the JDBC Driver has been forcibly unregistered.
août 04, 2015 10:22:40 AM org.apache.catalina.loader.WebappClassLoader checkThreadLocalMapForLeaks
SEVERE: The web application [/CrudApp] created a ThreadLocal with key of type [com.microsoft.sqlserver.jdbc.ActivityCorrelator$1] (value [com.microsoft.sqlserver.jdbc.ActivityCorrelator$1@59d6a5bb]) and a value of type [com.microsoft.sqlserver.jdbc.ActivityId] (value [ca6fb489-9dfe-4c8c-8ae9-0088b9c6a4e4-1]) but failed to remove it when the web application was stopped. Threads are going to be renewed over time to try and avoid a probable memory leak.
août 04, 2015 10:22:40 AM org.apache.catalina.loader.WebappClassLoader checkThreadLocalMapForLeaks
SEVERE: The web application [/CrudApp] created a ThreadLocal with key of type [com.microsoft.sqlserver.jdbc.ActivityCorrelator$1] (value [com.microsoft.sqlserver.jdbc.ActivityCorrelator$1@59d6a5bb]) and a value of type [com.microsoft.sqlserver.jdbc.ActivityId] (value [e685901a-cb39-4cb8-9593-17ccef7dd7a6-0]) but failed to remove it when the web application was stopped. Threads are going to be renewed over time to try and avoid a probable memory leak.
août 04, 2015 10:22:40 AM org.apache.catalina.loader.WebappClassLoader checkThreadLocalMapForLeaks
SEVERE: The web application [/CrudApp] created a ThreadLocal with key of type [com.microsoft.sqlserver.jdbc.ActivityCorrelator$1] (value [com.microsoft.sqlserver.jdbc.ActivityCorrelator$1@59d6a5bb]) and a value of type [com.microsoft.sqlserver.jdbc.ActivityId] (value [cc41169e-ef8e-417d-b492-4fc44a1cfa48-0]) but failed to remove it when the web application was stopped. Threads are going to be renewed over time to try and avoid a probable memory leak.
août 04, 2015 10:22:40 AM org.apache.catalina.startup.TldConfig execute
INFO: At least one JAR was scanned for TLDs yet contained no TLDs. Enable debug logging for this logger for a complete list of JARs that were scanned but no TLDs were found in them. Skipping unneeded JARs during scanning can improve startup time and JSP compilation time.
août 04, 2015 10:22:40 AM org.apache.catalina.core.StandardContext reload
INFO: Reloading Context with name [/CrudApp] is completed
août 04, 2015 11:35:15 AM org.apache.catalina.core.StandardContext reload
INFO: Reloading Context with name [/CrudApp] has started
août 04, 2015 11:35:15 AM org.apache.catalina.loader.WebappClassLoader clearReferencesJdbc
SEVERE: The web application [/CrudApp] registered the JDBC driver [com.microsoft.sqlserver.jdbc.SQLServerDriver] but failed to unregister it when the web application was stopped. To prevent a memory leak, the JDBC Driver has been forcibly unregistered.
août 04, 2015 11:35:15 AM org.apache.catalina.startup.TldConfig execute
INFO: At least one JAR was scanned for TLDs yet contained no TLDs. Enable debug logging for this logger for a complete list of JARs that were scanned but no TLDs were found in them. Skipping unneeded JARs during scanning can improve startup time and JSP compilation time.
août 04, 2015 11:35:15 AM org.apache.catalina.core.StandardContext reload
INFO: Reloading Context with name [/CrudApp] is completed
août 04, 2015 11:35:28 AM org.apache.catalina.core.StandardContext reload
INFO: Reloading Context with name [/CrudApp] has started
août 04, 2015 11:35:29 AM org.apache.catalina.startup.TldConfig execute
INFO: At least one JAR was scanned for TLDs yet contained no TLDs. Enable debug logging for this logger for a complete list of JARs that were scanned but no TLDs were found in them. Skipping unneeded JARs during scanning can improve startup time and JSP compilation time.
août 04, 2015 11:35:29 AM org.apache.catalina.core.StandardContext reload
INFO: Reloading Context with name [/CrudApp] is completed
août 04, 2015 11:35:40 AM org.apache.catalina.core.StandardContext reload
INFO: Reloading Context with name [/CrudApp] has started
août 04, 2015 11:35:40 AM org.apache.catalina.startup.TldConfig execute
INFO: At least one JAR was scanned for TLDs yet contained no TLDs. Enable debug logging for this logger for a complete list of JARs that were scanned but no TLDs were found in them. Skipping unneeded JARs during scanning can improve startup time and JSP compilation time.
août 04, 2015 11:35:40 AM org.apache.catalina.core.StandardContext reload
INFO: Reloading Context with name [/CrudApp] is completed
août 04, 2015 11:36:42 AM org.apache.catalina.core.StandardContext reload
INFO: Reloading Context with name [/CrudApp] has started
août 04, 2015 11:36:42 AM org.apache.catalina.loader.WebappClassLoader clearReferencesJdbc
SEVERE: The web application [/CrudApp] registered the JDBC driver [com.microsoft.sqlserver.jdbc.SQLServerDriver] but failed to unregister it when the web application was stopped. To prevent a memory leak, the JDBC Driver has been forcibly unregistered.
août 04, 2015 11:36:42 AM org.apache.catalina.startup.TldConfig execute
INFO: At least one JAR was scanned for TLDs yet contained no TLDs. Enable debug logging for this logger for a complete list of JARs that were scanned but no TLDs were found in them. Skipping unneeded JARs during scanning can improve startup time and JSP compilation time.
août 04, 2015 11:36:42 AM org.apache.catalina.core.StandardContext reload
INFO: Reloading Context with name [/CrudApp] is completed
août 04, 2015 11:36:44 AM org.apache.catalina.core.StandardContext reload
INFO: Reloading Context with name [/CrudApp] has started
août 04, 2015 11:36:44 AM org.apache.catalina.startup.TldConfig execute
INFO: At least one JAR was scanned for TLDs yet contained no TLDs. Enable debug logging for this logger for a complete list of JARs that were scanned but no TLDs were found in them. Skipping unneeded JARs during scanning can improve startup time and JSP compilation time.
août 04, 2015 11:36:44 AM org.apache.catalina.core.StandardContext reload
INFO: Reloading Context with name [/CrudApp] is completed
août 04, 2015 11:37:21 AM org.apache.catalina.core.StandardContext reload
INFO: Reloading Context with name [/CrudApp] has started
août 04, 2015 11:37:21 AM org.apache.catalina.startup.TldConfig execute
INFO: At least one JAR was scanned for TLDs yet contained no TLDs. Enable debug logging for this logger for a complete list of JARs that were scanned but no TLDs were found in them. Skipping unneeded JARs during scanning can improve startup time and JSP compilation time.
août 04, 2015 11:37:21 AM org.apache.catalina.core.StandardContext reload
INFO: Reloading Context with name [/CrudApp] is completed
août 04, 2015 11:38:06 AM org.apache.catalina.core.StandardContext reload
INFO: Reloading Context with name [/CrudApp] has started
août 04, 2015 11:38:06 AM org.apache.catalina.startup.TldConfig execute
INFO: At least one JAR was scanned for TLDs yet contained no TLDs. Enable debug logging for this logger for a complete list of JARs that were scanned but no TLDs were found in them. Skipping unneeded JARs during scanning can improve startup time and JSP compilation time.
août 04, 2015 11:38:06 AM org.apache.catalina.core.StandardContext reload
INFO: Reloading Context with name [/CrudApp] is completed
août 04, 2015 11:38:32 AM org.apache.catalina.core.StandardContext reload
INFO: Reloading Context with name [/CrudApp] has started
août 04, 2015 11:38:32 AM org.apache.catalina.startup.TldConfig execute
INFO: At least one JAR was scanned for TLDs yet contained no TLDs. Enable debug logging for this logger for a complete list of JARs that were scanned but no TLDs were found in them. Skipping unneeded JARs during scanning can improve startup time and JSP compilation time.
août 04, 2015 11:38:32 AM org.apache.catalina.core.StandardContext reload
INFO: Reloading Context with name [/CrudApp] is completed
août 04, 2015 11:38:55 AM org.apache.catalina.core.StandardContext reload
INFO: Reloading Context with name [/CrudApp] has started
août 04, 2015 11:38:55 AM org.apache.catalina.startup.TldConfig execute
INFO: At least one JAR was scanned for TLDs yet contained no TLDs. Enable debug logging for this logger for a complete list of JARs that were scanned but no TLDs were found in them. Skipping unneeded JARs during scanning can improve startup time and JSP compilation time.
août 04, 2015 11:38:55 AM org.apache.catalina.core.StandardContext reload
INFO: Reloading Context with name [/CrudApp] is completed
août 04, 2015 11:39:17 AM org.apache.catalina.core.StandardContext reload
INFO: Reloading Context with name [/CrudApp] has started
août 04, 2015 11:39:18 AM org.apache.catalina.startup.TldConfig execute
INFO: At least one JAR was scanned for TLDs yet contained no TLDs. Enable debug logging for this logger for a complete list of JARs that were scanned but no TLDs were found in them. Skipping unneeded JARs during scanning can improve startup time and JSP compilation time.
août 04, 2015 11:39:18 AM org.apache.catalina.core.StandardContext reload
INFO: Reloading Context with name [/CrudApp] is completed
août 04, 2015 11:39:31 AM org.apache.catalina.core.StandardContext reload
INFO: Reloading Context with name [/CrudApp] has started
août 04, 2015 11:39:31 AM org.apache.catalina.startup.TldConfig execute
INFO: At least one JAR was scanned for TLDs yet contained no TLDs. Enable debug logging for this logger for a complete list of JARs that were scanned but no TLDs were found in them. Skipping unneeded JARs during scanning can improve startup time and JSP compilation time.
août 04, 2015 11:39:31 AM org.apache.catalina.core.StandardContext reload
INFO: Reloading Context with name [/CrudApp] is completed
août 04, 2015 11:39:39 AM org.apache.catalina.core.StandardContext reload
INFO: Reloading Context with name [/CrudApp] has started
août 04, 2015 11:39:39 AM org.apache.catalina.startup.TldConfig execute
INFO: At least one JAR was scanned for TLDs yet contained no TLDs. Enable debug logging for this logger for a complete list of JARs that were scanned but no TLDs were found in them. Skipping unneeded JARs during scanning can improve startup time and JSP compilation time.
août 04, 2015 11:39:39 AM org.apache.catalina.core.StandardContext reload
INFO: Reloading Context with name [/CrudApp] is completed
août 04, 2015 11:39:51 AM org.apache.catalina.core.StandardContext reload
INFO: Reloading Context with name [/CrudApp] has started
août 04, 2015 11:39:52 AM org.apache.catalina.startup.TldConfig execute
INFO: At least one JAR was scanned for TLDs yet contained no TLDs. Enable debug logging for this logger for a complete list of JARs that were scanned but no TLDs were found in them. Skipping unneeded JARs during scanning can improve startup time and JSP compilation time.
août 04, 2015 11:39:52 AM org.apache.catalina.core.StandardContext reload
INFO: Reloading Context with name [/CrudApp] is completed
août 04, 2015 11:40:07 AM org.apache.catalina.core.StandardContext reload
INFO: Reloading Context with name [/CrudApp] has started
août 04, 2015 11:40:07 AM org.apache.catalina.startup.TldConfig execute
INFO: At least one JAR was scanned for TLDs yet contained no TLDs. Enable debug logging for this logger for a complete list of JARs that were scanned but no TLDs were found in them. Skipping unneeded JARs during scanning can improve startup time and JSP compilation time.
août 04, 2015 11:40:07 AM org.apache.catalina.core.StandardContext reload
INFO: Reloading Context with name [/CrudApp] is completed
août 04, 2015 11:40:09 AM org.apache.catalina.core.StandardContext reload
INFO: Reloading Context with name [/CrudApp] has started
août 04, 2015 11:40:09 AM org.apache.catalina.startup.TldConfig execute
INFO: At least one JAR was scanned for TLDs yet contained no TLDs. Enable debug logging for this logger for a complete list of JARs that were scanned but no TLDs were found in them. Skipping unneeded JARs during scanning can improve startup time and JSP compilation time.
août 04, 2015 11:40:09 AM org.apache.catalina.core.StandardContext reload
INFO: Reloading Context with name [/CrudApp] is completed
août 04, 2015 11:40:17 AM org.apache.catalina.core.StandardContext reload
INFO: Reloading Context with name [/CrudApp] has started
août 04, 2015 11:40:18 AM org.apache.catalina.startup.TldConfig execute
INFO: At least one JAR was scanned for TLDs yet contained no TLDs. Enable debug logging for this logger for a complete list of JARs that were scanned but no TLDs were found in them. Skipping unneeded JARs during scanning can improve startup time and JSP compilation time.
août 04, 2015 11:40:18 AM org.apache.catalina.core.StandardContext reload
INFO: Reloading Context with name [/CrudApp] is completed
août 04, 2015 11:40:24 AM org.apache.catalina.core.StandardContext reload
INFO: Reloading Context with name [/CrudApp] has started
août 04, 2015 11:40:25 AM org.apache.catalina.startup.TldConfig execute
INFO: At least one JAR was scanned for TLDs yet contained no TLDs. Enable debug logging for this logger for a complete list of JARs that were scanned but no TLDs were found in them. Skipping unneeded JARs during scanning can improve startup time and JSP compilation time.
août 04, 2015 11:40:25 AM org.apache.catalina.core.StandardContext reload
INFO: Reloading Context with name [/CrudApp] is completed
août 04, 2015 11:40:32 AM org.apache.catalina.core.StandardContext reload
INFO: Reloading Context with name [/CrudApp] has started
août 04, 2015 11:40:32 AM org.apache.catalina.startup.TldConfig execute
INFO: At least one JAR was scanned for TLDs yet contained no TLDs. Enable debug logging for this logger for a complete list of JARs that were scanned but no TLDs were found in them. Skipping unneeded JARs during scanning can improve startup time and JSP compilation time.
août 04, 2015 11:40:32 AM org.apache.catalina.core.StandardContext reload
INFO: Reloading Context with name [/CrudApp] is completed
août 04, 2015 11:40:43 AM org.apache.catalina.core.StandardContext reload
INFO: Reloading Context with name [/CrudApp] has started
août 04, 2015 11:40:43 AM org.apache.catalina.startup.TldConfig execute
INFO: At least one JAR was scanned for TLDs yet contained no TLDs. Enable debug logging for this logger for a complete list of JARs that were scanned but no TLDs were found in them. Skipping unneeded JARs during scanning can improve startup time and JSP compilation time.
août 04, 2015 11:40:43 AM org.apache.catalina.core.StandardContext reload
INFO: Reloading Context with name [/CrudApp] is completed
août 04, 2015 11:41:40 AM org.apache.catalina.core.StandardContext reload
INFO: Reloading Context with name [/CrudApp] has started
août 04, 2015 11:41:40 AM org.apache.catalina.loader.WebappClassLoader clearReferencesJdbc
SEVERE: The web application [/CrudApp] registered the JDBC driver [com.microsoft.sqlserver.jdbc.SQLServerDriver] but failed to unregister it when the web application was stopped. To prevent a memory leak, the JDBC Driver has been forcibly unregistered.
août 04, 2015 11:41:40 AM org.apache.catalina.startup.TldConfig execute
INFO: At least one JAR was scanned for TLDs yet contained no TLDs. Enable debug logging for this logger for a complete list of JARs that were scanned but no TLDs were found in them. Skipping unneeded JARs during scanning can improve startup time and JSP compilation time.
août 04, 2015 11:41:40 AM org.apache.catalina.core.StandardContext reload
INFO: Reloading Context with name [/CrudApp] is completed
août 04, 2015 11:41:43 AM org.apache.catalina.core.StandardContext reload
INFO: Reloading Context with name [/CrudApp] has started
août 04, 2015 11:41:44 AM org.apache.catalina.startup.TldConfig execute
INFO: At least one JAR was scanned for TLDs yet contained no TLDs. Enable debug logging for this logger for a complete list of JARs that were scanned but no TLDs were found in them. Skipping unneeded JARs during scanning can improve startup time and JSP compilation time.
août 04, 2015 11:41:44 AM org.apache.catalina.core.StandardContext reload
INFO: Reloading Context with name [/CrudApp] is completed
août 04, 2015 11:42:13 AM org.apache.catalina.core.StandardContext reload
INFO: Reloading Context with name [/CrudApp] has started
août 04, 2015 11:42:13 AM org.apache.catalina.loader.WebappClassLoader clearReferencesJdbc
SEVERE: The web application [/CrudApp] registered the JDBC driver [com.microsoft.sqlserver.jdbc.SQLServerDriver] but failed to unregister it when the web application was stopped. To prevent a memory leak, the JDBC Driver has been forcibly unregistered.
août 04, 2015 11:42:13 AM org.apache.catalina.startup.TldConfig execute
INFO: At least one JAR was scanned for TLDs yet contained no TLDs. Enable debug logging for this logger for a complete list of JARs that were scanned but no TLDs were found in them. Skipping unneeded JARs during scanning can improve startup time and JSP compilation time.
août 04, 2015 11:42:13 AM org.apache.catalina.core.StandardContext reload
INFO: Reloading Context with name [/CrudApp] is completed
août 04, 2015 11:42:32 AM org.apache.catalina.core.StandardContext reload
INFO: Reloading Context with name [/CrudApp] has started
août 04, 2015 11:42:32 AM org.apache.catalina.startup.TldConfig execute
INFO: At least one JAR was scanned for TLDs yet contained no TLDs. Enable debug logging for this logger for a complete list of JARs that were scanned but no TLDs were found in them. Skipping unneeded JARs during scanning can improve startup time and JSP compilation time.
août 04, 2015 11:42:32 AM org.apache.catalina.core.StandardContext reload
INFO: Reloading Context with name [/CrudApp] is completed
août 04, 2015 11:42:44 AM org.apache.catalina.core.StandardContext reload
INFO: Reloading Context with name [/CrudApp] has started
août 04, 2015 11:42:44 AM org.apache.catalina.startup.TldConfig execute
INFO: At least one JAR was scanned for TLDs yet contained no TLDs. Enable debug logging for this logger for a complete list of JARs that were scanned but no TLDs were found in them. Skipping unneeded JARs during scanning can improve startup time and JSP compilation time.
août 04, 2015 11:42:44 AM org.apache.catalina.core.StandardContext reload
INFO: Reloading Context with name [/CrudApp] is completed
août 04, 2015 11:51:22 AM org.apache.catalina.core.StandardContext reload
INFO: Reloading Context with name [/CrudApp] has started
août 04, 2015 11:51:22 AM org.apache.catalina.loader.WebappClassLoader clearReferencesJdbc
SEVERE: The web application [/CrudApp] registered the JDBC driver [com.microsoft.sqlserver.jdbc.SQLServerDriver] but failed to unregister it when the web application was stopped. To prevent a memory leak, the JDBC Driver has been forcibly unregistered.
août 04, 2015 11:51:23 AM org.apache.catalina.startup.TldConfig execute
INFO: At least one JAR was scanned for TLDs yet contained no TLDs. Enable debug logging for this logger for a complete list of JARs that were scanned but no TLDs were found in them. Skipping unneeded JARs during scanning can improve startup time and JSP compilation time.
août 04, 2015 11:51:23 AM org.apache.catalina.core.StandardContext reload
INFO: Reloading Context with name [/CrudApp] is completed
août 04, 2015 11:51:31 AM org.apache.catalina.core.StandardContext reload
INFO: Reloading Context with name [/CrudApp] has started
août 04, 2015 11:51:31 AM org.apache.catalina.startup.TldConfig execute
INFO: At least one JAR was scanned for TLDs yet contained no TLDs. Enable debug logging for this logger for a complete list of JARs that were scanned but no TLDs were found in them. Skipping unneeded JARs during scanning can improve startup time and JSP compilation time.
août 04, 2015 11:51:31 AM org.apache.catalina.core.StandardContext reload
INFO: Reloading Context with name [/CrudApp] is completed
août 04, 2015 11:51:54 AM org.apache.catalina.core.StandardContext reload
INFO: Reloading Context with name [/CrudApp] has started
août 04, 2015 11:51:55 AM org.apache.catalina.startup.TldConfig execute
INFO: At least one JAR was scanned for TLDs yet contained no TLDs. Enable debug logging for this logger for a complete list of JARs that were scanned but no TLDs were found in them. Skipping unneeded JARs during scanning can improve startup time and JSP compilation time.
août 04, 2015 11:51:55 AM org.apache.catalina.core.StandardContext reload
INFO: Reloading Context with name [/CrudApp] is completed
août 04, 2015 11:52:10 AM org.apache.catalina.core.StandardContext reload
INFO: Reloading Context with name [/CrudApp] has started
août 04, 2015 11:52:10 AM org.apache.catalina.startup.TldConfig execute
INFO: At least one JAR was scanned for TLDs yet contained no TLDs. Enable debug logging for this logger for a complete list of JARs that were scanned but no TLDs were found in them. Skipping unneeded JARs during scanning can improve startup time and JSP compilation time.
août 04, 2015 11:52:10 AM org.apache.catalina.core.StandardContext reload
INFO: Reloading Context with name [/CrudApp] is completed
août 04, 2015 11:52:25 AM org.apache.catalina.core.StandardContext reload
INFO: Reloading Context with name [/CrudApp] has started
août 04, 2015 11:52:25 AM org.apache.catalina.startup.TldConfig execute
INFO: At least one JAR was scanned for TLDs yet contained no TLDs. Enable debug logging for this logger for a complete list of JARs that were scanned but no TLDs were found in them. Skipping unneeded JARs during scanning can improve startup time and JSP compilation time.
août 04, 2015 11:52:25 AM org.apache.catalina.core.StandardContext reload
INFO: Reloading Context with name [/CrudApp] is completed
août 04, 2015 11:52:35 AM org.apache.catalina.core.StandardContext reload
INFO: Reloading Context with name [/CrudApp] has started
août 04, 2015 11:52:35 AM org.apache.catalina.startup.TldConfig execute
INFO: At least one JAR was scanned for TLDs yet contained no TLDs. Enable debug logging for this logger for a complete list of JARs that were scanned but no TLDs were found in them. Skipping unneeded JARs during scanning can improve startup time and JSP compilation time.
août 04, 2015 11:52:35 AM org.apache.catalina.core.StandardContext reload
INFO: Reloading Context with name [/CrudApp] is completed
août 04, 2015 11:53:02 AM org.apache.catalina.core.StandardContext reload
INFO: Reloading Context with name [/CrudApp] has started
août 04, 2015 11:53:02 AM org.apache.catalina.startup.TldConfig execute
INFO: At least one JAR was scanned for TLDs yet contained no TLDs. Enable debug logging for this logger for a complete list of JARs that were scanned but no TLDs were found in them. Skipping unneeded JARs during scanning can improve startup time and JSP compilation time.
août 04, 2015 11:53:02 AM org.apache.catalina.core.StandardContext reload
INFO: Reloading Context with name [/CrudApp] is completed
août 04, 2015 11:53:24 AM org.apache.catalina.core.StandardContext reload
INFO: Reloading Context with name [/CrudApp] has started
août 04, 2015 11:53:24 AM org.apache.catalina.startup.TldConfig execute
INFO: At least one JAR was scanned for TLDs yet contained no TLDs. Enable debug logging for this logger for a complete list of JARs that were scanned but no TLDs were found in them. Skipping unneeded JARs during scanning can improve startup time and JSP compilation time.
août 04, 2015 11:53:24 AM org.apache.catalina.core.StandardContext reload
INFO: Reloading Context with name [/CrudApp] is completed
août 04, 2015 11:53:34 AM org.apache.catalina.core.StandardContext reload
INFO: Reloading Context with name [/CrudApp] has started
août 04, 2015 11:53:34 AM org.apache.catalina.startup.TldConfig execute
INFO: At least one JAR was scanned for TLDs yet contained no TLDs. Enable debug logging for this logger for a complete list of JARs that were scanned but no TLDs were found in them. Skipping unneeded JARs during scanning can improve startup time and JSP compilation time.
août 04, 2015 11:53:34 AM org.apache.catalina.core.StandardContext reload
INFO: Reloading Context with name [/CrudApp] is completed
août 04, 2015 11:54:20 AM org.apache.catalina.core.StandardContext reload
INFO: Reloading Context with name [/CrudApp] has started
août 04, 2015 11:54:20 AM org.apache.catalina.loader.WebappClassLoader clearReferencesJdbc
SEVERE: The web application [/CrudApp] registered the JDBC driver [com.microsoft.sqlserver.jdbc.SQLServerDriver] but failed to unregister it when the web application was stopped. To prevent a memory leak, the JDBC Driver has been forcibly unregistered.
août 04, 2015 11:54:21 AM org.apache.catalina.startup.TldConfig execute
INFO: At least one JAR was scanned for TLDs yet contained no TLDs. Enable debug logging for this logger for a complete list of JARs that were scanned but no TLDs were found in them. Skipping unneeded JARs during scanning can improve startup time and JSP compilation time.
août 04, 2015 11:54:21 AM org.apache.catalina.core.StandardContext reload
INFO: Reloading Context with name [/CrudApp] is completed
août 04, 2015 11:54:43 AM org.apache.catalina.core.StandardContext reload
INFO: Reloading Context with name [/CrudApp] has started
août 04, 2015 11:54:43 AM org.apache.catalina.startup.TldConfig execute
INFO: At least one JAR was scanned for TLDs yet contained no TLDs. Enable debug logging for this logger for a complete list of JARs that were scanned but no TLDs were found in them. Skipping unneeded JARs during scanning can improve startup time and JSP compilation time.
août 04, 2015 11:54:43 AM org.apache.catalina.core.StandardContext reload
INFO: Reloading Context with name [/CrudApp] is completed
août 04, 2015 11:55:24 AM org.apache.catalina.core.StandardContext reload
INFO: Reloading Context with name [/CrudApp] has started
août 04, 2015 11:55:24 AM org.apache.catalina.loader.WebappClassLoader clearReferencesJdbc
SEVERE: The web application [/CrudApp] registered the JDBC driver [com.microsoft.sqlserver.jdbc.SQLServerDriver] but failed to unregister it when the web application was stopped. To prevent a memory leak, the JDBC Driver has been forcibly unregistered.
août 04, 2015 11:55:24 AM org.apache.catalina.startup.TldConfig execute
INFO: At least one JAR was scanned for TLDs yet contained no TLDs. Enable debug logging for this logger for a complete list of JARs that were scanned but no TLDs were found in them. Skipping unneeded JARs during scanning can improve startup time and JSP compilation time.
août 04, 2015 11:55:24 AM org.apache.catalina.core.StandardContext reload
INFO: Reloading Context with name [/CrudApp] is completed
août 04, 2015 11:58:11 AM org.apache.catalina.core.StandardContext reload
INFO: Reloading Context with name [/CrudApp] has started
août 04, 2015 11:58:11 AM org.apache.catalina.loader.WebappClassLoader clearReferencesJdbc
SEVERE: The web application [/CrudApp] registered the JDBC driver [com.microsoft.sqlserver.jdbc.SQLServerDriver] but failed to unregister it when the web application was stopped. To prevent a memory leak, the JDBC Driver has been forcibly unregistered.
août 04, 2015 11:58:12 AM org.apache.catalina.startup.TldConfig execute
INFO: At least one JAR was scanned for TLDs yet contained no TLDs. Enable debug logging for this logger for a complete list of JARs that were scanned but no TLDs were found in them. Skipping unneeded JARs during scanning can improve startup time and JSP compilation time.
août 04, 2015 11:58:12 AM org.apache.catalina.core.StandardContext reload
INFO: Reloading Context with name [/CrudApp] is completed
août 04, 2015 11:58:17 AM org.apache.catalina.core.StandardContext reload
INFO: Reloading Context with name [/CrudApp] has started
août 04, 2015 11:58:18 AM org.apache.catalina.startup.TldConfig execute
INFO: At least one JAR was scanned for TLDs yet contained no TLDs. Enable debug logging for this logger for a complete list of JARs that were scanned but no TLDs were found in them. Skipping unneeded JARs during scanning can improve startup time and JSP compilation time.
août 04, 2015 11:58:18 AM org.apache.catalina.core.StandardContext reload
INFO: Reloading Context with name [/CrudApp] is completed
août 04, 2015 11:58:47 AM org.apache.catalina.core.StandardContext reload
INFO: Reloading Context with name [/CrudApp] has started
août 04, 2015 11:58:47 AM org.apache.catalina.loader.WebappClassLoader clearReferencesJdbc
SEVERE: The web application [/CrudApp] registered the JDBC driver [com.microsoft.sqlserver.jdbc.SQLServerDriver] but failed to unregister it when the web application was stopped. To prevent a memory leak, the JDBC Driver has been forcibly unregistered.
août 04, 2015 11:58:47 AM org.apache.catalina.startup.TldConfig execute
INFO: At least one JAR was scanned for TLDs yet contained no TLDs. Enable debug logging for this logger for a complete list of JARs that were scanned but no TLDs were found in them. Skipping unneeded JARs during scanning can improve startup time and JSP compilation time.
août 04, 2015 11:58:47 AM org.apache.catalina.core.StandardContext reload
INFO: Reloading Context with name [/CrudApp] is completed
août 04, 2015 11:59:31 AM org.apache.catalina.core.StandardContext reload
INFO: Reloading Context with name [/CrudApp] has started
août 04, 2015 11:59:31 AM org.apache.catalina.loader.WebappClassLoader clearReferencesJdbc
SEVERE: The web application [/CrudApp] registered the JDBC driver [com.microsoft.sqlserver.jdbc.SQLServerDriver] but failed to unregister it when the web application was stopped. To prevent a memory leak, the JDBC Driver has been forcibly unregistered.
août 04, 2015 11:59:32 AM org.apache.catalina.startup.TldConfig execute
INFO: At least one JAR was scanned for TLDs yet contained no TLDs. Enable debug logging for this logger for a complete list of JARs that were scanned but no TLDs were found in them. Skipping unneeded JARs during scanning can improve startup time and JSP compilation time.
août 04, 2015 11:59:32 AM org.apache.catalina.core.StandardContext reload
INFO: Reloading Context with name [/CrudApp] is completed
août 04, 2015 12:01:19 PM org.apache.catalina.core.StandardContext reload
INFO: Reloading Context with name [/CrudApp] has started
août 04, 2015 12:01:19 PM org.apache.catalina.loader.WebappClassLoader clearReferencesJdbc
SEVERE: The web application [/CrudApp] registered the JDBC driver [com.microsoft.sqlserver.jdbc.SQLServerDriver] but failed to unregister it when the web application was stopped. To prevent a memory leak, the JDBC Driver has been forcibly unregistered.
août 04, 2015 12:01:20 PM org.apache.catalina.startup.TldConfig execute
INFO: At least one JAR was scanned for TLDs yet contained no TLDs. Enable debug logging for this logger for a complete list of JARs that were scanned but no TLDs were found in them. Skipping unneeded JARs during scanning can improve startup time and JSP compilation time.
août 04, 2015 12:01:20 PM org.apache.catalina.core.StandardContext reload
INFO: Reloading Context with name [/CrudApp] is completed
août 04, 2015 12:04:44 PM org.apache.catalina.core.StandardContext reload
INFO: Reloading Context with name [/CrudApp] has started
août 04, 2015 12:04:44 PM org.apache.catalina.loader.WebappClassLoader clearReferencesJdbc
SEVERE: The web application [/CrudApp] registered the JDBC driver [com.microsoft.sqlserver.jdbc.SQLServerDriver] but failed to unregister it when the web application was stopped. To prevent a memory leak, the JDBC Driver has been forcibly unregistered.
août 04, 2015 12:04:44 PM org.apache.catalina.startup.TldConfig execute
INFO: At least one JAR was scanned for TLDs yet contained no TLDs. Enable debug logging for this logger for a complete list of JARs that were scanned but no TLDs were found in them. Skipping unneeded JARs during scanning can improve startup time and JSP compilation time.
août 04, 2015 12:04:44 PM org.apache.catalina.core.StandardContext reload
INFO: Reloading Context with name [/CrudApp] is completed
août 04, 2015 12:23:16 PM org.apache.catalina.core.StandardContext reload
INFO: Reloading Context with name [/CrudApp] has started
août 04, 2015 12:23:16 PM org.apache.catalina.loader.WebappClassLoader clearReferencesJdbc
SEVERE: The web application [/CrudApp] registered the JDBC driver [com.microsoft.sqlserver.jdbc.SQLServerDriver] but failed to unregister it when the web application was stopped. To prevent a memory leak, the JDBC Driver has been forcibly unregistered.
août 04, 2015 12:23:16 PM org.apache.catalina.startup.TldConfig execute
INFO: At least one JAR was scanned for TLDs yet contained no TLDs. Enable debug logging for this logger for a complete list of JARs that were scanned but no TLDs were found in them. Skipping unneeded JARs during scanning can improve startup time and JSP compilation time.
août 04, 2015 12:23:16 PM org.apache.catalina.core.StandardContext reload
INFO: Reloading Context with name [/CrudApp] is completed
août 04, 2015 12:44:37 PM org.apache.catalina.core.StandardContext reload
INFO: Reloading Context with name [/CrudApp] has started
août 04, 2015 12:44:37 PM org.apache.catalina.loader.WebappClassLoader clearReferencesJdbc
SEVERE: The web application [/CrudApp] registered the JDBC driver [com.microsoft.sqlserver.jdbc.SQLServerDriver] but failed to unregister it when the web application was stopped. To prevent a memory leak, the JDBC Driver has been forcibly unregistered.
août 04, 2015 12:44:38 PM org.apache.catalina.startup.TldConfig execute
INFO: At least one JAR was scanned for TLDs yet contained no TLDs. Enable debug logging for this logger for a complete list of JARs that were scanned but no TLDs were found in them. Skipping unneeded JARs during scanning can improve startup time and JSP compilation time.
août 04, 2015 12:44:38 PM org.apache.catalina.core.StandardContext reload
INFO: Reloading Context with name [/CrudApp] is completed
août 04, 2015 12:44:57 PM org.apache.catalina.core.StandardContext reload
INFO: Reloading Context with name [/CrudApp] has started
août 04, 2015 12:44:57 PM org.apache.catalina.startup.TldConfig execute
INFO: At least one JAR was scanned for TLDs yet contained no TLDs. Enable debug logging for this logger for a complete list of JARs that were scanned but no TLDs were found in them. Skipping unneeded JARs during scanning can improve startup time and JSP compilation time.
août 04, 2015 12:44:57 PM org.apache.catalina.core.StandardContext reload
INFO: Reloading Context with name [/CrudApp] is completed
août 04, 2015 12:45:36 PM org.apache.catalina.core.StandardContext reload
INFO: Reloading Context with name [/CrudApp] has started
août 04, 2015 12:45:37 PM org.apache.catalina.startup.TldConfig execute
INFO: At least one JAR was scanned for TLDs yet contained no TLDs. Enable debug logging for this logger for a complete list of JARs that were scanned but no TLDs were found in them. Skipping unneeded JARs during scanning can improve startup time and JSP compilation time.
août 04, 2015 12:45:37 PM org.apache.catalina.core.StandardContext reload
INFO: Reloading Context with name [/CrudApp] is completed
août 04, 2015 12:45:44 PM org.apache.catalina.core.StandardContext reload
INFO: Reloading Context with name [/CrudApp] has started
août 04, 2015 12:45:45 PM org.apache.catalina.startup.TldConfig execute
INFO: At least one JAR was scanned for TLDs yet contained no TLDs. Enable debug logging for this logger for a complete list of JARs that were scanned but no TLDs were found in them. Skipping unneeded JARs during scanning can improve startup time and JSP compilation time.
août 04, 2015 12:45:45 PM org.apache.catalina.core.StandardContext reload
INFO: Reloading Context with name [/CrudApp] is completed
août 04, 2015 12:45:45 PM org.apache.catalina.core.StandardContext reload
INFO: Reloading Context with name [/CrudApp] has started
août 04, 2015 12:45:45 PM org.apache.catalina.startup.TldConfig execute
INFO: At least one JAR was scanned for TLDs yet contained no TLDs. Enable debug logging for this logger for a complete list of JARs that were scanned but no TLDs were found in them. Skipping unneeded JARs during scanning can improve startup time and JSP compilation time.
août 04, 2015 12:45:45 PM org.apache.catalina.core.StandardContext reload
INFO: Reloading Context with name [/CrudApp] is completed
août 04, 2015 12:46:42 PM org.apache.catalina.core.StandardContext reload
INFO: Reloading Context with name [/CrudApp] has started
août 04, 2015 12:46:42 PM org.apache.catalina.startup.TldConfig execute
INFO: At least one JAR was scanned for TLDs yet contained no TLDs. Enable debug logging for this logger for a complete list of JARs that were scanned but no TLDs were found in them. Skipping unneeded JARs during scanning can improve startup time and JSP compilation time.
août 04, 2015 12:46:42 PM org.apache.catalina.core.StandardContext reload
INFO: Reloading Context with name [/CrudApp] is completed
août 04, 2015 12:46:49 PM org.apache.catalina.core.StandardContext reload
INFO: Reloading Context with name [/CrudApp] has started
août 04, 2015 12:46:49 PM org.apache.catalina.startup.TldConfig execute
INFO: At least one JAR was scanned for TLDs yet contained no TLDs. Enable debug logging for this logger for a complete list of JARs that were scanned but no TLDs were found in them. Skipping unneeded JARs during scanning can improve startup time and JSP compilation time.
août 04, 2015 12:46:49 PM org.apache.catalina.core.StandardContext reload
INFO: Reloading Context with name [/CrudApp] is completed
août 04, 2015 12:46:55 PM org.apache.catalina.core.StandardContext reload
INFO: Reloading Context with name [/CrudApp] has started
août 04, 2015 12:46:55 PM org.apache.catalina.startup.TldConfig execute
INFO: At least one JAR was scanned for TLDs yet contained no TLDs. Enable debug logging for this logger for a complete list of JARs that were scanned but no TLDs were found in them. Skipping unneeded JARs during scanning can improve startup time and JSP compilation time.
août 04, 2015 12:46:55 PM org.apache.catalina.core.StandardContext reload
INFO: Reloading Context with name [/CrudApp] is completed
août 04, 2015 12:47:47 PM org.apache.catalina.core.StandardContext reload
INFO: Reloading Context with name [/CrudApp] has started
août 04, 2015 12:47:48 PM org.apache.catalina.startup.TldConfig execute
INFO: At least one JAR was scanned for TLDs yet contained no TLDs. Enable debug logging for this logger for a complete list of JARs that were scanned but no TLDs were found in them. Skipping unneeded JARs during scanning can improve startup time and JSP compilation time.
août 04, 2015 12:47:48 PM org.apache.catalina.core.StandardContext reload
INFO: Reloading Context with name [/CrudApp] is completed
août 04, 2015 12:47:48 PM org.apache.catalina.core.StandardContext reload
INFO: Reloading Context with name [/CrudApp] has started
août 04, 2015 12:47:48 PM org.apache.catalina.startup.TldConfig execute
INFO: At least one JAR was scanned for TLDs yet contained no TLDs. Enable debug logging for this logger for a complete list of JARs that were scanned but no TLDs were found in them. Skipping unneeded JARs during scanning can improve startup time and JSP compilation time.
août 04, 2015 12:47:48 PM org.apache.catalina.core.StandardContext reload
INFO: Reloading Context with name [/CrudApp] is completed
août 04, 2015 12:48:23 PM org.apache.catalina.core.StandardContext reload
INFO: Reloading Context with name [/CrudApp] has started
août 04, 2015 12:48:23 PM org.apache.catalina.startup.TldConfig execute
INFO: At least one JAR was scanned for TLDs yet contained no TLDs. Enable debug logging for this logger for a complete list of JARs that were scanned but no TLDs were found in them. Skipping unneeded JARs during scanning can improve startup time and JSP compilation time.
août 04, 2015 12:48:24 PM org.apache.catalina.core.StandardContext reload
INFO: Reloading Context with name [/CrudApp] is completed
août 04, 2015 12:48:45 PM org.apache.catalina.core.StandardContext reload
INFO: Reloading Context with name [/CrudApp] has started
août 04, 2015 12:48:45 PM org.apache.catalina.startup.TldConfig execute
INFO: At least one JAR was scanned for TLDs yet contained no TLDs. Enable debug logging for this logger for a complete list of JARs that were scanned but no TLDs were found in them. Skipping unneeded JARs during scanning can improve startup time and JSP compilation time.
août 04, 2015 12:48:45 PM org.apache.catalina.core.StandardContext reload
INFO: Reloading Context with name [/CrudApp] is completed
août 04, 2015 12:48:51 PM org.apache.catalina.core.StandardContext reload
INFO: Reloading Context with name [/CrudApp] has started
août 04, 2015 12:48:52 PM org.apache.catalina.startup.TldConfig execute
INFO: At least one JAR was scanned for TLDs yet contained no TLDs. Enable debug logging for this logger for a complete list of JARs that were scanned but no TLDs were found in them. Skipping unneeded JARs during scanning can improve startup time and JSP compilation time.
août 04, 2015 12:48:52 PM org.apache.catalina.core.StandardContext reload
INFO: Reloading Context with name [/CrudApp] is completed
août 04, 2015 12:48:54 PM org.apache.catalina.core.StandardContext reload
INFO: Reloading Context with name [/CrudApp] has started
août 04, 2015 12:48:55 PM org.apache.catalina.startup.TldConfig execute
INFO: At least one JAR was scanned for TLDs yet contained no TLDs. Enable debug logging for this logger for a complete list of JARs that were scanned but no TLDs were found in them. Skipping unneeded JARs during scanning can improve startup time and JSP compilation time.
août 04, 2015 12:48:55 PM org.apache.catalina.core.StandardContext reload
INFO: Reloading Context with name [/CrudApp] is completed
août 04, 2015 12:49:21 PM org.apache.catalina.core.StandardContext reload
INFO: Reloading Context with name [/CrudApp] has started
août 04, 2015 12:49:21 PM org.apache.catalina.startup.TldConfig execute
INFO: At least one JAR was scanned for TLDs yet contained no TLDs. Enable debug logging for this logger for a complete list of JARs that were scanned but no TLDs were found in them. Skipping unneeded JARs during scanning can improve startup time and JSP compilation time.
août 04, 2015 12:49:21 PM org.apache.catalina.core.StandardContext reload
INFO: Reloading Context with name [/CrudApp] is completed
août 04, 2015 1:47:34 PM hudson.model.AsyncPeriodicWork$1 run
INFO: Started Fingerprint cleanup
août 04, 2015 1:47:34 PM hudson.model.AsyncPeriodicWork$1 run
INFO: Finished Fingerprint cleanup. 1 ms
août 04, 2015 2:07:55 PM hudson.model.AsyncPeriodicWork$1 run
INFO: Started Download metadata
août 04, 2015 2:07:55 PM hudson.model.AsyncPeriodicWork$1 run
INFO: Finished Download metadata. 2 ms
août 04, 2015 9:35:19 PM hudson.model.AsyncPeriodicWork$1 run
INFO: Started Workspace clean-up
août 04, 2015 9:35:19 PM hudson.model.AsyncPeriodicWork$1 run
INFO: Finished Workspace clean-up. 23 ms
