juin 23, 2015 2:17:37 PM org.apache.coyote.http11.AbstractHttp11Processor process
INFO: Error parsing HTTP request header
 Note: further occurrences of HTTP header parsing errors will be logged at DEBUG level.
juin 23, 2015 2:18:30 PM org.apache.catalina.startup.HostConfig undeploy
INFO: Undeploying context [/NunitToDbREST]
juin 23, 2015 2:18:30 PM org.apache.catalina.startup.HostConfig deployWAR
INFO: Deploying web application archive C:\apache-tomcat-7.0.62\webapps\NunitToDbREST.war
juin 23, 2015 2:18:30 PM org.apache.catalina.startup.TldConfig execute
INFO: At least one JAR was scanned for TLDs yet contained no TLDs. Enable debug logging for this logger for a complete list of JARs that were scanned but no TLDs were found in them. Skipping unneeded JARs during scanning can improve startup time and JSP compilation time.
juin 23, 2015 2:18:30 PM org.apache.catalina.core.StandardContext startInternal
SEVERE: One or more listeners failed to start. Full details will be found in the appropriate container log file
juin 23, 2015 2:18:30 PM org.apache.catalina.core.StandardContext startInternal
SEVERE: Context [/NunitToDbREST] startup failed due to previous errors
juin 23, 2015 2:18:30 PM org.apache.catalina.startup.HostConfig deployWAR
INFO: Deployment of web application archive C:\apache-tomcat-7.0.62\webapps\NunitToDbREST.war has finished in 381 ms
juin 23, 2015 2:18:49 PM org.apache.catalina.core.StandardServer await
INFO: A valid shutdown command was received via the shutdown port. Stopping the Server instance.
juin 23, 2015 2:18:49 PM org.apache.coyote.AbstractProtocol pause
INFO: Pausing ProtocolHandler ["http-bio-8080"]
juin 23, 2015 2:18:49 PM org.apache.coyote.AbstractProtocol pause
INFO: Pausing ProtocolHandler ["ajp-bio-8009"]
juin 23, 2015 2:18:49 PM org.apache.catalina.core.StandardService stopInternal
INFO: Stopping service Catalina
juin 23, 2015 2:18:49 PM org.apache.coyote.AbstractProtocol stop
INFO: Stopping ProtocolHandler ["http-bio-8080"]
juin 23, 2015 2:18:49 PM org.apache.coyote.AbstractProtocol stop
INFO: Stopping ProtocolHandler ["ajp-bio-8009"]
juin 23, 2015 2:18:49 PM org.apache.coyote.AbstractProtocol destroy
INFO: Destroying ProtocolHandler ["http-bio-8080"]
juin 23, 2015 2:18:49 PM org.apache.coyote.AbstractProtocol destroy
INFO: Destroying ProtocolHandler ["ajp-bio-8009"]
juin 23, 2015 2:18:51 PM org.apache.catalina.startup.VersionLoggerListener log
INFO: Server version:        Apache Tomcat/7.0.62
juin 23, 2015 2:18:51 PM org.apache.catalina.startup.VersionLoggerListener log
INFO: Server built:          May 7 2015 17:14:55 UTC
juin 23, 2015 2:18:51 PM org.apache.catalina.startup.VersionLoggerListener log
INFO: Server number:         7.0.62.0
juin 23, 2015 2:18:51 PM org.apache.catalina.startup.VersionLoggerListener log
INFO: OS Name:               Windows 7
juin 23, 2015 2:18:51 PM org.apache.catalina.startup.VersionLoggerListener log
INFO: OS Version:            6.1
juin 23, 2015 2:18:51 PM org.apache.catalina.startup.VersionLoggerListener log
INFO: Architecture:          amd64
juin 23, 2015 2:18:51 PM org.apache.catalina.startup.VersionLoggerListener log
INFO: Java Home:             c:\Program Files\Java\jdk1.7.0_75\jre
juin 23, 2015 2:18:51 PM org.apache.catalina.startup.VersionLoggerListener log
INFO: JVM Version:           1.7.0_75-b13
juin 23, 2015 2:18:51 PM org.apache.catalina.startup.VersionLoggerListener log
INFO: JVM Vendor:            Oracle Corporation
juin 23, 2015 2:18:51 PM org.apache.catalina.startup.VersionLoggerListener log
INFO: CATALINA_BASE:         c:/apache-tomcat-7.0.62
juin 23, 2015 2:18:51 PM org.apache.catalina.startup.VersionLoggerListener log
INFO: CATALINA_HOME:         c:/apache-tomcat-7.0.62
juin 23, 2015 2:18:51 PM org.apache.catalina.startup.VersionLoggerListener log
INFO: Command line argument: -Djava.util.logging.config.file=c:/apache-tomcat-7.0.62/conf/logging.properties
juin 23, 2015 2:18:51 PM org.apache.catalina.startup.VersionLoggerListener log
INFO: Command line argument: -Djava.util.logging.manager=org.apache.juli.ClassLoaderLogManager
juin 23, 2015 2:18:51 PM org.apache.catalina.startup.VersionLoggerListener log
INFO: Command line argument: -Djava.endorsed.dirs=c:/apache-tomcat-7.0.62/endorsed
juin 23, 2015 2:18:51 PM org.apache.catalina.startup.VersionLoggerListener log
INFO: Command line argument: -Dcatalina.base=c:/apache-tomcat-7.0.62
juin 23, 2015 2:18:51 PM org.apache.catalina.startup.VersionLoggerListener log
INFO: Command line argument: -Dcatalina.home=c:/apache-tomcat-7.0.62
juin 23, 2015 2:18:51 PM org.apache.catalina.startup.VersionLoggerListener log
INFO: Command line argument: -Djava.io.tmpdir=c:/apache-tomcat-7.0.62/temp
juin 23, 2015 2:18:51 PM org.apache.catalina.core.AprLifecycleListener lifecycleEvent
INFO: The APR based Apache Tomcat Native library which allows optimal performance in production environments was not found on the java.library.path: c:\Program Files\Java\jdk1.7.0_75\bin;C:\WINDOWS\Sun\Java\bin;C:\WINDOWS\system32;C:\WINDOWS;u:\bin;.;C:\Program Files (x86)\Git\local\bin;C:\Program Files (x86)\Git\mingw\bin;C:\Program Files (x86)\Git\bin;c:\WINDOWS\system32;c:\WINDOWS;c:\WINDOWS\System32\Wbem;c:\WINDOWS\System32\WindowsPowerShell\v1.0\;c:\Program Files (x86)\Microsoft ASP.NET\ASP.NET Web Pages\v1.0\;c:\Program Files (x86)\Windows Kits\8.0\Windows Performance Toolkit\;c:\Program Files\Microsoft SQL Server\110\Tools\Binn\;d:\PFE Chedli Utilities\apache-maven-3.2.5\bin;C:\Program Files (x86)\Git\cmd;c:\Program Files\TortoiseGit\bin;c:\Program Files (x86)\NUnit 2.6.4\bin;c:\Windows\Microsoft.NET\Framework64\v4.0.30319\;c:\Program Files (x86)\Microsoft SQL Server\100\Tools\Binn\VSShell\Common7\IDE\;c:\Program Files (x86)\Microsoft SQL Server\100\Tools\Binn\;c:\Program Files\Microsoft SQL Server\100\Tools\Binn\;c:\Program Files (x86)\Microsoft SQL Server\100\DTS\Binn\;c:\Program Files\Microsoft SQL Server\100\DTS\Binn\;c:\Program Files (x86)\Microsoft Visual Studio 9.0\Common7\IDE\PrivateAssemblies\;c:\Program Files (x86)\Subversion\bin;c:\Program Files (x86)\Subversion\bin;c:\msysgit\bin;c:\Program Files\Java\jdk1.7.0_75\bin;c:\WINDOWS\System32\WindowsPowerShell\v1.0\;c:\Program Files\Microsoft\Web Platform Installer\;c:\ProgramData\chocolatey\bin;.;.
juin 23, 2015 2:18:51 PM org.apache.coyote.AbstractProtocol init
INFO: Initializing ProtocolHandler ["http-bio-8080"]
juin 23, 2015 2:18:51 PM org.apache.coyote.AbstractProtocol init
INFO: Initializing ProtocolHandler ["ajp-bio-8009"]
juin 23, 2015 2:18:51 PM org.apache.catalina.startup.Catalina load
INFO: Initialization processed in 463 ms
juin 23, 2015 2:18:51 PM org.apache.catalina.core.StandardService startInternal
INFO: Starting service Catalina
juin 23, 2015 2:18:51 PM org.apache.catalina.core.StandardEngine startInternal
INFO: Starting Servlet Engine: Apache Tomcat/7.0.62
juin 23, 2015 2:18:51 PM org.apache.catalina.startup.HostConfig deployWAR
INFO: Deploying web application archive C:\apache-tomcat-7.0.62\webapps\NunitToDbREST.war
juin 23, 2015 2:18:52 PM org.apache.catalina.core.ContainerBase addChildInternal
SEVERE: ContainerBase.addChild: start: 
org.apache.catalina.LifecycleException: Failed to start component [StandardEngine[Catalina].StandardHost[localhost].StandardContext[/NunitToDbREST]]
	at org.apache.catalina.util.LifecycleBase.start(LifecycleBase.java:154)
	at org.apache.catalina.core.ContainerBase.addChildInternal(ContainerBase.java:901)
	at org.apache.catalina.core.ContainerBase.addChild(ContainerBase.java:877)
	at org.apache.catalina.core.StandardHost.addChild(StandardHost.java:652)
	at org.apache.catalina.startup.HostConfig.deployWAR(HostConfig.java:1095)
	at org.apache.catalina.startup.HostConfig$DeployWar.run(HostConfig.java:1930)
	at java.util.concurrent.Executors$RunnableAdapter.call(Executors.java:471)
	at java.util.concurrent.FutureTask.run(FutureTask.java:262)
	at java.util.concurrent.ThreadPoolExecutor.runWorker(ThreadPoolExecutor.java:1145)
	at java.util.concurrent.ThreadPoolExecutor$Worker.run(ThreadPoolExecutor.java:615)
	at java.lang.Thread.run(Thread.java:745)
Caused by: java.lang.NoClassDefFoundError: com/sun/istack/localization/Localizable
	at java.lang.ClassLoader.defineClass1(Native Method)
	at java.lang.ClassLoader.defineClass(ClassLoader.java:800)
	at java.security.SecureClassLoader.defineClass(SecureClassLoader.java:142)
	at java.net.URLClassLoader.defineClass(URLClassLoader.java:449)
	at java.net.URLClassLoader.access$100(URLClassLoader.java:71)
	at java.net.URLClassLoader$1.run(URLClassLoader.java:361)
	at java.net.URLClassLoader$1.run(URLClassLoader.java:355)
	at java.security.AccessController.doPrivileged(Native Method)
	at java.net.URLClassLoader.findClass(URLClassLoader.java:354)
	at java.lang.ClassLoader.loadClass(ClassLoader.java:425)
	at java.lang.ClassLoader.loadClass(ClassLoader.java:358)
	at java.lang.ClassLoader.defineClass1(Native Method)
	at java.lang.ClassLoader.defineClass(ClassLoader.java:800)
	at java.security.SecureClassLoader.defineClass(SecureClassLoader.java:142)
	at java.net.URLClassLoader.defineClass(URLClassLoader.java:449)
	at java.net.URLClassLoader.access$100(URLClassLoader.java:71)
	at java.net.URLClassLoader$1.run(URLClassLoader.java:361)
	at java.net.URLClassLoader$1.run(URLClassLoader.java:355)
	at java.security.AccessController.doPrivileged(Native Method)
	at java.net.URLClassLoader.findClass(URLClassLoader.java:354)
	at java.lang.ClassLoader.loadClass(ClassLoader.java:425)
	at java.lang.ClassLoader.loadClass(ClassLoader.java:358)
	at java.lang.Class.getDeclaredFields0(Native Method)
	at java.lang.Class.privateGetDeclaredFields(Class.java:2499)
	at java.lang.Class.getDeclaredFields(Class.java:1811)
	at org.apache.catalina.util.Introspection.getDeclaredFields(Introspection.java:106)
	at org.apache.catalina.startup.WebAnnotationSet.loadFieldsAnnotation(WebAnnotationSet.java:270)
	at org.apache.catalina.startup.WebAnnotationSet.loadApplicationListenerAnnotations(WebAnnotationSet.java:89)
	at org.apache.catalina.startup.WebAnnotationSet.loadApplicationAnnotations(WebAnnotationSet.java:63)
	at org.apache.catalina.startup.ContextConfig.applicationAnnotationsConfig(ContextConfig.java:415)
	at org.apache.catalina.startup.ContextConfig.configureStart(ContextConfig.java:892)
	at org.apache.catalina.startup.ContextConfig.lifecycleEvent(ContextConfig.java:386)
	at org.apache.catalina.util.LifecycleSupport.fireLifecycleEvent(LifecycleSupport.java:117)
	at org.apache.catalina.util.LifecycleBase.fireLifecycleEvent(LifecycleBase.java:90)
	at org.apache.catalina.core.StandardContext.startInternal(StandardContext.java:5416)
	at org.apache.catalina.util.LifecycleBase.start(LifecycleBase.java:150)
	... 10 more
Caused by: java.lang.ClassNotFoundException: com.sun.istack.localization.Localizable
	at java.net.URLClassLoader$1.run(URLClassLoader.java:366)
	at java.net.URLClassLoader$1.run(URLClassLoader.java:355)
	at java.security.AccessController.doPrivileged(Native Method)
	at java.net.URLClassLoader.findClass(URLClassLoader.java:354)
	at java.lang.ClassLoader.loadClass(ClassLoader.java:425)
	at java.lang.ClassLoader.loadClass(ClassLoader.java:358)
	... 46 more

juin 23, 2015 2:18:52 PM org.apache.catalina.startup.HostConfig deployWAR
SEVERE: Error deploying web application archive C:\apache-tomcat-7.0.62\webapps\NunitToDbREST.war
java.lang.IllegalStateException: ContainerBase.addChild: start: org.apache.catalina.LifecycleException: Failed to start component [StandardEngine[Catalina].StandardHost[localhost].StandardContext[/NunitToDbREST]]
	at org.apache.catalina.core.ContainerBase.addChildInternal(ContainerBase.java:904)
	at org.apache.catalina.core.ContainerBase.addChild(ContainerBase.java:877)
	at org.apache.catalina.core.StandardHost.addChild(StandardHost.java:652)
	at org.apache.catalina.startup.HostConfig.deployWAR(HostConfig.java:1095)
	at org.apache.catalina.startup.HostConfig$DeployWar.run(HostConfig.java:1930)
	at java.util.concurrent.Executors$RunnableAdapter.call(Executors.java:471)
	at java.util.concurrent.FutureTask.run(FutureTask.java:262)
	at java.util.concurrent.ThreadPoolExecutor.runWorker(ThreadPoolExecutor.java:1145)
	at java.util.concurrent.ThreadPoolExecutor$Worker.run(ThreadPoolExecutor.java:615)
	at java.lang.Thread.run(Thread.java:745)

juin 23, 2015 2:18:52 PM org.apache.catalina.startup.HostConfig deployWAR
INFO: Deployment of web application archive C:\apache-tomcat-7.0.62\webapps\NunitToDbREST.war has finished in 873 ms
juin 23, 2015 2:18:52 PM org.apache.catalina.startup.HostConfig deployDirectory
INFO: Deploying web application directory C:\apache-tomcat-7.0.62\webapps\docs
juin 23, 2015 2:18:53 PM org.apache.catalina.startup.TldConfig execute
INFO: At least one JAR was scanned for TLDs yet contained no TLDs. Enable debug logging for this logger for a complete list of JARs that were scanned but no TLDs were found in them. Skipping unneeded JARs during scanning can improve startup time and JSP compilation time.
juin 23, 2015 2:18:53 PM org.apache.catalina.startup.HostConfig deployDirectory
INFO: Deployment of web application directory C:\apache-tomcat-7.0.62\webapps\docs has finished in 465 ms
juin 23, 2015 2:18:53 PM org.apache.catalina.startup.HostConfig deployDirectory
INFO: Deploying web application directory C:\apache-tomcat-7.0.62\webapps\examples
juin 23, 2015 2:18:54 PM org.apache.catalina.startup.TldConfig execute
INFO: At least one JAR was scanned for TLDs yet contained no TLDs. Enable debug logging for this logger for a complete list of JARs that were scanned but no TLDs were found in them. Skipping unneeded JARs during scanning can improve startup time and JSP compilation time.
juin 23, 2015 2:18:54 PM org.apache.catalina.startup.HostConfig deployDirectory
INFO: Deployment of web application directory C:\apache-tomcat-7.0.62\webapps\examples has finished in 1,075 ms
juin 23, 2015 2:18:54 PM org.apache.catalina.startup.HostConfig deployDirectory
INFO: Deploying web application directory C:\apache-tomcat-7.0.62\webapps\host-manager
juin 23, 2015 2:18:54 PM org.apache.catalina.startup.TldConfig execute
INFO: At least one JAR was scanned for TLDs yet contained no TLDs. Enable debug logging for this logger for a complete list of JARs that were scanned but no TLDs were found in them. Skipping unneeded JARs during scanning can improve startup time and JSP compilation time.
juin 23, 2015 2:18:54 PM org.apache.catalina.startup.HostConfig deployDirectory
INFO: Deployment of web application directory C:\apache-tomcat-7.0.62\webapps\host-manager has finished in 374 ms
juin 23, 2015 2:18:54 PM org.apache.catalina.startup.HostConfig deployDirectory
INFO: Deploying web application directory C:\apache-tomcat-7.0.62\webapps\manager
juin 23, 2015 2:18:55 PM org.apache.catalina.startup.TldConfig execute
INFO: At least one JAR was scanned for TLDs yet contained no TLDs. Enable debug logging for this logger for a complete list of JARs that were scanned but no TLDs were found in them. Skipping unneeded JARs during scanning can improve startup time and JSP compilation time.
juin 23, 2015 2:18:55 PM org.apache.catalina.startup.HostConfig deployDirectory
INFO: Deployment of web application directory C:\apache-tomcat-7.0.62\webapps\manager has finished in 263 ms
juin 23, 2015 2:18:55 PM org.apache.catalina.startup.HostConfig deployDirectory
INFO: Deploying web application directory C:\apache-tomcat-7.0.62\webapps\ROOT
juin 23, 2015 2:18:55 PM org.apache.catalina.startup.TldConfig execute
INFO: At least one JAR was scanned for TLDs yet contained no TLDs. Enable debug logging for this logger for a complete list of JARs that were scanned but no TLDs were found in them. Skipping unneeded JARs during scanning can improve startup time and JSP compilation time.
juin 23, 2015 2:18:55 PM org.apache.catalina.startup.HostConfig deployDirectory
INFO: Deployment of web application directory C:\apache-tomcat-7.0.62\webapps\ROOT has finished in 243 ms
juin 23, 2015 2:18:55 PM org.apache.coyote.AbstractProtocol start
INFO: Starting ProtocolHandler ["http-bio-8080"]
juin 23, 2015 2:18:55 PM org.apache.coyote.AbstractProtocol start
INFO: Starting ProtocolHandler ["ajp-bio-8009"]
juin 23, 2015 2:18:55 PM org.apache.catalina.startup.Catalina start
INFO: Server startup in 3352 ms
juin 23, 2015 2:19:56 PM org.apache.catalina.core.StandardServer await
INFO: A valid shutdown command was received via the shutdown port. Stopping the Server instance.
juin 23, 2015 2:19:56 PM org.apache.coyote.AbstractProtocol pause
INFO: Pausing ProtocolHandler ["http-bio-8080"]
juin 23, 2015 2:19:56 PM org.apache.coyote.AbstractProtocol pause
INFO: Pausing ProtocolHandler ["ajp-bio-8009"]
juin 23, 2015 2:19:56 PM org.apache.catalina.core.StandardService stopInternal
INFO: Stopping service Catalina
juin 23, 2015 2:19:56 PM org.apache.coyote.AbstractProtocol stop
INFO: Stopping ProtocolHandler ["http-bio-8080"]
juin 23, 2015 2:19:56 PM org.apache.coyote.AbstractProtocol stop
INFO: Stopping ProtocolHandler ["ajp-bio-8009"]
juin 23, 2015 2:19:56 PM org.apache.coyote.AbstractProtocol destroy
INFO: Destroying ProtocolHandler ["http-bio-8080"]
juin 23, 2015 2:19:56 PM org.apache.coyote.AbstractProtocol destroy
INFO: Destroying ProtocolHandler ["ajp-bio-8009"]
juin 23, 2015 2:45:52 PM org.apache.catalina.startup.VersionLoggerListener log
INFO: Server version:        Apache Tomcat/7.0.62
juin 23, 2015 2:45:52 PM org.apache.catalina.startup.VersionLoggerListener log
INFO: Server built:          May 7 2015 17:14:55 UTC
juin 23, 2015 2:45:52 PM org.apache.catalina.startup.VersionLoggerListener log
INFO: Server number:         7.0.62.0
juin 23, 2015 2:45:52 PM org.apache.catalina.startup.VersionLoggerListener log
INFO: OS Name:               Windows 7
juin 23, 2015 2:45:52 PM org.apache.catalina.startup.VersionLoggerListener log
INFO: OS Version:            6.1
juin 23, 2015 2:45:52 PM org.apache.catalina.startup.VersionLoggerListener log
INFO: Architecture:          amd64
juin 23, 2015 2:45:52 PM org.apache.catalina.startup.VersionLoggerListener log
INFO: Java Home:             c:\Program Files\Java\jdk1.7.0_75\jre
juin 23, 2015 2:45:52 PM org.apache.catalina.startup.VersionLoggerListener log
INFO: JVM Version:           1.7.0_75-b13
juin 23, 2015 2:45:52 PM org.apache.catalina.startup.VersionLoggerListener log
INFO: JVM Vendor:            Oracle Corporation
juin 23, 2015 2:45:52 PM org.apache.catalina.startup.VersionLoggerListener log
INFO: CATALINA_BASE:         c:/apache-tomcat-7.0.62
juin 23, 2015 2:45:52 PM org.apache.catalina.startup.VersionLoggerListener log
INFO: CATALINA_HOME:         c:/apache-tomcat-7.0.62
juin 23, 2015 2:45:52 PM org.apache.catalina.startup.VersionLoggerListener log
INFO: Command line argument: -Djava.util.logging.config.file=c:/apache-tomcat-7.0.62/conf/logging.properties
juin 23, 2015 2:45:52 PM org.apache.catalina.startup.VersionLoggerListener log
INFO: Command line argument: -Djava.util.logging.manager=org.apache.juli.ClassLoaderLogManager
juin 23, 2015 2:45:52 PM org.apache.catalina.startup.VersionLoggerListener log
INFO: Command line argument: -Djava.endorsed.dirs=c:/apache-tomcat-7.0.62/endorsed
juin 23, 2015 2:45:52 PM org.apache.catalina.startup.VersionLoggerListener log
INFO: Command line argument: -Dcatalina.base=c:/apache-tomcat-7.0.62
juin 23, 2015 2:45:52 PM org.apache.catalina.startup.VersionLoggerListener log
INFO: Command line argument: -Dcatalina.home=c:/apache-tomcat-7.0.62
juin 23, 2015 2:45:52 PM org.apache.catalina.startup.VersionLoggerListener log
INFO: Command line argument: -Djava.io.tmpdir=c:/apache-tomcat-7.0.62/temp
juin 23, 2015 2:45:52 PM org.apache.catalina.core.AprLifecycleListener lifecycleEvent
INFO: The APR based Apache Tomcat Native library which allows optimal performance in production environments was not found on the java.library.path: c:\Program Files\Java\jdk1.7.0_75\bin;C:\WINDOWS\Sun\Java\bin;C:\WINDOWS\system32;C:\WINDOWS;u:\bin;.;C:\Program Files (x86)\Git\local\bin;C:\Program Files (x86)\Git\mingw\bin;C:\Program Files (x86)\Git\bin;c:\WINDOWS\system32;c:\WINDOWS;c:\WINDOWS\System32\Wbem;c:\WINDOWS\System32\WindowsPowerShell\v1.0\;c:\Program Files (x86)\Microsoft ASP.NET\ASP.NET Web Pages\v1.0\;c:\Program Files (x86)\Windows Kits\8.0\Windows Performance Toolkit\;c:\Program Files\Microsoft SQL Server\110\Tools\Binn\;d:\PFE Chedli Utilities\apache-maven-3.2.5\bin;C:\Program Files (x86)\Git\cmd;c:\Program Files\TortoiseGit\bin;c:\Program Files (x86)\NUnit 2.6.4\bin;c:\Windows\Microsoft.NET\Framework64\v4.0.30319\;c:\Program Files (x86)\Microsoft SQL Server\100\Tools\Binn\VSShell\Common7\IDE\;c:\Program Files (x86)\Microsoft SQL Server\100\Tools\Binn\;c:\Program Files\Microsoft SQL Server\100\Tools\Binn\;c:\Program Files (x86)\Microsoft SQL Server\100\DTS\Binn\;c:\Program Files\Microsoft SQL Server\100\DTS\Binn\;c:\Program Files (x86)\Microsoft Visual Studio 9.0\Common7\IDE\PrivateAssemblies\;c:\Program Files (x86)\Subversion\bin;c:\Program Files (x86)\Subversion\bin;c:\msysgit\bin;c:\Program Files\Java\jdk1.7.0_75\bin;c:\WINDOWS\System32\WindowsPowerShell\v1.0\;c:\Program Files\Microsoft\Web Platform Installer\;c:\ProgramData\chocolatey\bin;.;.
juin 23, 2015 2:45:52 PM org.apache.coyote.AbstractProtocol init
INFO: Initializing ProtocolHandler ["http-bio-8080"]
juin 23, 2015 2:45:52 PM org.apache.coyote.AbstractProtocol init
INFO: Initializing ProtocolHandler ["ajp-bio-8009"]
juin 23, 2015 2:45:52 PM org.apache.catalina.startup.Catalina load
INFO: Initialization processed in 474 ms
juin 23, 2015 2:45:52 PM org.apache.catalina.core.StandardService startInternal
INFO: Starting service Catalina
juin 23, 2015 2:45:52 PM org.apache.catalina.core.StandardEngine startInternal
INFO: Starting Servlet Engine: Apache Tomcat/7.0.62
juin 23, 2015 2:45:52 PM org.apache.catalina.startup.HostConfig deployWAR
INFO: Deploying web application archive C:\apache-tomcat-7.0.62\webapps\NunitToDbREST.war
juin 23, 2015 2:45:53 PM org.apache.catalina.core.ContainerBase addChildInternal
SEVERE: ContainerBase.addChild: start: 
org.apache.catalina.LifecycleException: Failed to start component [StandardEngine[Catalina].StandardHost[localhost].StandardContext[/NunitToDbREST]]
	at org.apache.catalina.util.LifecycleBase.start(LifecycleBase.java:154)
	at org.apache.catalina.core.ContainerBase.addChildInternal(ContainerBase.java:901)
	at org.apache.catalina.core.ContainerBase.addChild(ContainerBase.java:877)
	at org.apache.catalina.core.StandardHost.addChild(StandardHost.java:652)
	at org.apache.catalina.startup.HostConfig.deployWAR(HostConfig.java:1095)
	at org.apache.catalina.startup.HostConfig$DeployWar.run(HostConfig.java:1930)
	at java.util.concurrent.Executors$RunnableAdapter.call(Executors.java:471)
	at java.util.concurrent.FutureTask.run(FutureTask.java:262)
	at java.util.concurrent.ThreadPoolExecutor.runWorker(ThreadPoolExecutor.java:1145)
	at java.util.concurrent.ThreadPoolExecutor$Worker.run(ThreadPoolExecutor.java:615)
	at java.lang.Thread.run(Thread.java:745)
Caused by: java.lang.NoClassDefFoundError: com/sun/istack/localization/Localizable
	at java.lang.ClassLoader.defineClass1(Native Method)
	at java.lang.ClassLoader.defineClass(ClassLoader.java:800)
	at java.security.SecureClassLoader.defineClass(SecureClassLoader.java:142)
	at java.net.URLClassLoader.defineClass(URLClassLoader.java:449)
	at java.net.URLClassLoader.access$100(URLClassLoader.java:71)
	at java.net.URLClassLoader$1.run(URLClassLoader.java:361)
	at java.net.URLClassLoader$1.run(URLClassLoader.java:355)
	at java.security.AccessController.doPrivileged(Native Method)
	at java.net.URLClassLoader.findClass(URLClassLoader.java:354)
	at java.lang.ClassLoader.loadClass(ClassLoader.java:425)
	at java.lang.ClassLoader.loadClass(ClassLoader.java:358)
	at java.lang.ClassLoader.defineClass1(Native Method)
	at java.lang.ClassLoader.defineClass(ClassLoader.java:800)
	at java.security.SecureClassLoader.defineClass(SecureClassLoader.java:142)
	at java.net.URLClassLoader.defineClass(URLClassLoader.java:449)
	at java.net.URLClassLoader.access$100(URLClassLoader.java:71)
	at java.net.URLClassLoader$1.run(URLClassLoader.java:361)
	at java.net.URLClassLoader$1.run(URLClassLoader.java:355)
	at java.security.AccessController.doPrivileged(Native Method)
	at java.net.URLClassLoader.findClass(URLClassLoader.java:354)
	at java.lang.ClassLoader.loadClass(ClassLoader.java:425)
	at java.lang.ClassLoader.loadClass(ClassLoader.java:358)
	at java.lang.Class.getDeclaredFields0(Native Method)
	at java.lang.Class.privateGetDeclaredFields(Class.java:2499)
	at java.lang.Class.getDeclaredFields(Class.java:1811)
	at org.apache.catalina.util.Introspection.getDeclaredFields(Introspection.java:106)
	at org.apache.catalina.startup.WebAnnotationSet.loadFieldsAnnotation(WebAnnotationSet.java:270)
	at org.apache.catalina.startup.WebAnnotationSet.loadApplicationListenerAnnotations(WebAnnotationSet.java:89)
	at org.apache.catalina.startup.WebAnnotationSet.loadApplicationAnnotations(WebAnnotationSet.java:63)
	at org.apache.catalina.startup.ContextConfig.applicationAnnotationsConfig(ContextConfig.java:415)
	at org.apache.catalina.startup.ContextConfig.configureStart(ContextConfig.java:892)
	at org.apache.catalina.startup.ContextConfig.lifecycleEvent(ContextConfig.java:386)
	at org.apache.catalina.util.LifecycleSupport.fireLifecycleEvent(LifecycleSupport.java:117)
	at org.apache.catalina.util.LifecycleBase.fireLifecycleEvent(LifecycleBase.java:90)
	at org.apache.catalina.core.StandardContext.startInternal(StandardContext.java:5416)
	at org.apache.catalina.util.LifecycleBase.start(LifecycleBase.java:150)
	... 10 more
Caused by: java.lang.ClassNotFoundException: com.sun.istack.localization.Localizable
	at java.net.URLClassLoader$1.run(URLClassLoader.java:366)
	at java.net.URLClassLoader$1.run(URLClassLoader.java:355)
	at java.security.AccessController.doPrivileged(Native Method)
	at java.net.URLClassLoader.findClass(URLClassLoader.java:354)
	at java.lang.ClassLoader.loadClass(ClassLoader.java:425)
	at java.lang.ClassLoader.loadClass(ClassLoader.java:358)
	... 46 more

juin 23, 2015 2:45:53 PM org.apache.catalina.startup.HostConfig deployWAR
SEVERE: Error deploying web application archive C:\apache-tomcat-7.0.62\webapps\NunitToDbREST.war
java.lang.IllegalStateException: ContainerBase.addChild: start: org.apache.catalina.LifecycleException: Failed to start component [StandardEngine[Catalina].StandardHost[localhost].StandardContext[/NunitToDbREST]]
	at org.apache.catalina.core.ContainerBase.addChildInternal(ContainerBase.java:904)
	at org.apache.catalina.core.ContainerBase.addChild(ContainerBase.java:877)
	at org.apache.catalina.core.StandardHost.addChild(StandardHost.java:652)
	at org.apache.catalina.startup.HostConfig.deployWAR(HostConfig.java:1095)
	at org.apache.catalina.startup.HostConfig$DeployWar.run(HostConfig.java:1930)
	at java.util.concurrent.Executors$RunnableAdapter.call(Executors.java:471)
	at java.util.concurrent.FutureTask.run(FutureTask.java:262)
	at java.util.concurrent.ThreadPoolExecutor.runWorker(ThreadPoolExecutor.java:1145)
	at java.util.concurrent.ThreadPoolExecutor$Worker.run(ThreadPoolExecutor.java:615)
	at java.lang.Thread.run(Thread.java:745)

juin 23, 2015 2:45:53 PM org.apache.catalina.startup.HostConfig deployWAR
INFO: Deployment of web application archive C:\apache-tomcat-7.0.62\webapps\NunitToDbREST.war has finished in 863 ms
juin 23, 2015 2:45:53 PM org.apache.catalina.startup.HostConfig deployWAR
INFO: Deploying web application archive C:\apache-tomcat-7.0.62\webapps\WebApplication1.war
juin 23, 2015 2:45:53 PM org.apache.catalina.startup.TldConfig execute
INFO: At least one JAR was scanned for TLDs yet contained no TLDs. Enable debug logging for this logger for a complete list of JARs that were scanned but no TLDs were found in them. Skipping unneeded JARs during scanning can improve startup time and JSP compilation time.
juin 23, 2015 2:45:53 PM org.apache.catalina.startup.HostConfig deployWAR
INFO: Deployment of web application archive C:\apache-tomcat-7.0.62\webapps\WebApplication1.war has finished in 531 ms
juin 23, 2015 2:45:53 PM org.apache.catalina.startup.HostConfig deployDirectory
INFO: Deploying web application directory C:\apache-tomcat-7.0.62\webapps\docs
juin 23, 2015 2:45:54 PM org.apache.catalina.startup.TldConfig execute
INFO: At least one JAR was scanned for TLDs yet contained no TLDs. Enable debug logging for this logger for a complete list of JARs that were scanned but no TLDs were found in them. Skipping unneeded JARs during scanning can improve startup time and JSP compilation time.
juin 23, 2015 2:45:54 PM org.apache.catalina.startup.HostConfig deployDirectory
INFO: Deployment of web application directory C:\apache-tomcat-7.0.62\webapps\docs has finished in 289 ms
juin 23, 2015 2:45:54 PM org.apache.catalina.startup.HostConfig deployDirectory
INFO: Deploying web application directory C:\apache-tomcat-7.0.62\webapps\examples
juin 23, 2015 2:45:54 PM org.apache.catalina.startup.TldConfig execute
INFO: At least one JAR was scanned for TLDs yet contained no TLDs. Enable debug logging for this logger for a complete list of JARs that were scanned but no TLDs were found in them. Skipping unneeded JARs during scanning can improve startup time and JSP compilation time.
juin 23, 2015 2:45:54 PM org.apache.catalina.startup.HostConfig deployDirectory
INFO: Deployment of web application directory C:\apache-tomcat-7.0.62\webapps\examples has finished in 588 ms
juin 23, 2015 2:45:54 PM org.apache.catalina.startup.HostConfig deployDirectory
INFO: Deploying web application directory C:\apache-tomcat-7.0.62\webapps\host-manager
juin 23, 2015 2:45:55 PM org.apache.catalina.startup.TldConfig execute
INFO: At least one JAR was scanned for TLDs yet contained no TLDs. Enable debug logging for this logger for a complete list of JARs that were scanned but no TLDs were found in them. Skipping unneeded JARs during scanning can improve startup time and JSP compilation time.
juin 23, 2015 2:45:55 PM org.apache.catalina.startup.HostConfig deployDirectory
INFO: Deployment of web application directory C:\apache-tomcat-7.0.62\webapps\host-manager has finished in 263 ms
juin 23, 2015 2:45:55 PM org.apache.catalina.startup.HostConfig deployDirectory
INFO: Deploying web application directory C:\apache-tomcat-7.0.62\webapps\manager
juin 23, 2015 2:45:55 PM org.apache.catalina.startup.TldConfig execute
INFO: At least one JAR was scanned for TLDs yet contained no TLDs. Enable debug logging for this logger for a complete list of JARs that were scanned but no TLDs were found in them. Skipping unneeded JARs during scanning can improve startup time and JSP compilation time.
juin 23, 2015 2:45:55 PM org.apache.catalina.startup.HostConfig deployDirectory
INFO: Deployment of web application directory C:\apache-tomcat-7.0.62\webapps\manager has finished in 327 ms
juin 23, 2015 2:45:55 PM org.apache.catalina.startup.HostConfig deployDirectory
INFO: Deploying web application directory C:\apache-tomcat-7.0.62\webapps\ROOT
juin 23, 2015 2:45:55 PM org.apache.catalina.startup.TldConfig execute
INFO: At least one JAR was scanned for TLDs yet contained no TLDs. Enable debug logging for this logger for a complete list of JARs that were scanned but no TLDs were found in them. Skipping unneeded JARs during scanning can improve startup time and JSP compilation time.
juin 23, 2015 2:45:55 PM org.apache.catalina.startup.HostConfig deployDirectory
INFO: Deployment of web application directory C:\apache-tomcat-7.0.62\webapps\ROOT has finished in 326 ms
juin 23, 2015 2:45:55 PM org.apache.coyote.AbstractProtocol start
INFO: Starting ProtocolHandler ["http-bio-8080"]
juin 23, 2015 2:45:55 PM org.apache.coyote.AbstractProtocol start
INFO: Starting ProtocolHandler ["ajp-bio-8009"]
juin 23, 2015 2:45:55 PM org.apache.catalina.startup.Catalina start
INFO: Server startup in 3243 ms
juin 23, 2015 2:49:05 PM org.apache.catalina.startup.HostConfig undeploy
INFO: Undeploying context [/WebApplication1]
juin 23, 2015 2:49:05 PM org.apache.catalina.startup.HostConfig deployWAR
INFO: Deploying web application archive C:\apache-tomcat-7.0.62\webapps\WebApplication1.war
juin 23, 2015 2:49:06 PM org.apache.catalina.startup.TldConfig execute
INFO: At least one JAR was scanned for TLDs yet contained no TLDs. Enable debug logging for this logger for a complete list of JARs that were scanned but no TLDs were found in them. Skipping unneeded JARs during scanning can improve startup time and JSP compilation time.
juin 23, 2015 2:49:06 PM org.apache.catalina.startup.HostConfig deployWAR
INFO: Deployment of web application archive C:\apache-tomcat-7.0.62\webapps\WebApplication1.war has finished in 275 ms
juin 23, 2015 2:49:13 PM org.apache.catalina.core.StandardContext reload
INFO: Reloading Context with name [/WebApplication1] has started
juin 23, 2015 2:49:13 PM org.apache.catalina.startup.TldConfig execute
INFO: At least one JAR was scanned for TLDs yet contained no TLDs. Enable debug logging for this logger for a complete list of JARs that were scanned but no TLDs were found in them. Skipping unneeded JARs during scanning can improve startup time and JSP compilation time.
juin 23, 2015 2:49:13 PM org.apache.catalina.core.StandardContext reload
INFO: Reloading Context with name [/WebApplication1] is completed
juin 23, 2015 2:49:16 PM org.apache.catalina.core.StandardContext reload
INFO: Reloading Context with name [/WebApplication1] has started
juin 23, 2015 2:49:17 PM org.apache.catalina.startup.TldConfig execute
INFO: At least one JAR was scanned for TLDs yet contained no TLDs. Enable debug logging for this logger for a complete list of JARs that were scanned but no TLDs were found in them. Skipping unneeded JARs during scanning can improve startup time and JSP compilation time.
juin 23, 2015 2:49:17 PM org.apache.catalina.core.StandardContext reload
INFO: Reloading Context with name [/WebApplication1] is completed
juin 23, 2015 3:27:26 PM org.apache.catalina.core.StandardServer await
INFO: A valid shutdown command was received via the shutdown port. Stopping the Server instance.
juin 23, 2015 3:27:26 PM org.apache.coyote.AbstractProtocol pause
INFO: Pausing ProtocolHandler ["http-bio-8080"]
juin 23, 2015 3:27:26 PM org.apache.coyote.AbstractProtocol pause
INFO: Pausing ProtocolHandler ["ajp-bio-8009"]
juin 23, 2015 3:27:26 PM org.apache.catalina.core.StandardService stopInternal
INFO: Stopping service Catalina
juin 23, 2015 3:27:26 PM org.apache.coyote.AbstractProtocol stop
INFO: Stopping ProtocolHandler ["http-bio-8080"]
juin 23, 2015 3:27:26 PM org.apache.coyote.AbstractProtocol stop
INFO: Stopping ProtocolHandler ["ajp-bio-8009"]
juin 23, 2015 3:27:26 PM org.apache.coyote.AbstractProtocol destroy
INFO: Destroying ProtocolHandler ["http-bio-8080"]
juin 23, 2015 3:27:26 PM org.apache.coyote.AbstractProtocol destroy
INFO: Destroying ProtocolHandler ["ajp-bio-8009"]
juin 23, 2015 3:27:36 PM org.apache.catalina.startup.VersionLoggerListener log
INFO: Server version:        Apache Tomcat/7.0.62
juin 23, 2015 3:27:36 PM org.apache.catalina.startup.VersionLoggerListener log
INFO: Server built:          May 7 2015 17:14:55 UTC
juin 23, 2015 3:27:36 PM org.apache.catalina.startup.VersionLoggerListener log
INFO: Server number:         7.0.62.0
juin 23, 2015 3:27:36 PM org.apache.catalina.startup.VersionLoggerListener log
INFO: OS Name:               Windows 7
juin 23, 2015 3:27:36 PM org.apache.catalina.startup.VersionLoggerListener log
INFO: OS Version:            6.1
juin 23, 2015 3:27:36 PM org.apache.catalina.startup.VersionLoggerListener log
INFO: Architecture:          amd64
juin 23, 2015 3:27:36 PM org.apache.catalina.startup.VersionLoggerListener log
INFO: Java Home:             c:\Program Files\Java\jdk1.7.0_75\jre
juin 23, 2015 3:27:36 PM org.apache.catalina.startup.VersionLoggerListener log
INFO: JVM Version:           1.7.0_75-b13
juin 23, 2015 3:27:36 PM org.apache.catalina.startup.VersionLoggerListener log
INFO: JVM Vendor:            Oracle Corporation
juin 23, 2015 3:27:36 PM org.apache.catalina.startup.VersionLoggerListener log
INFO: CATALINA_BASE:         c:/apache-tomcat-7.0.62
juin 23, 2015 3:27:36 PM org.apache.catalina.startup.VersionLoggerListener log
INFO: CATALINA_HOME:         c:/apache-tomcat-7.0.62
juin 23, 2015 3:27:36 PM org.apache.catalina.startup.VersionLoggerListener log
INFO: Command line argument: -Djava.util.logging.config.file=c:/apache-tomcat-7.0.62/conf/logging.properties
juin 23, 2015 3:27:36 PM org.apache.catalina.startup.VersionLoggerListener log
INFO: Command line argument: -Djava.util.logging.manager=org.apache.juli.ClassLoaderLogManager
juin 23, 2015 3:27:36 PM org.apache.catalina.startup.VersionLoggerListener log
INFO: Command line argument: -Djava.endorsed.dirs=c:/apache-tomcat-7.0.62/endorsed
juin 23, 2015 3:27:36 PM org.apache.catalina.startup.VersionLoggerListener log
INFO: Command line argument: -Dcatalina.base=c:/apache-tomcat-7.0.62
juin 23, 2015 3:27:36 PM org.apache.catalina.startup.VersionLoggerListener log
INFO: Command line argument: -Dcatalina.home=c:/apache-tomcat-7.0.62
juin 23, 2015 3:27:36 PM org.apache.catalina.startup.VersionLoggerListener log
INFO: Command line argument: -Djava.io.tmpdir=c:/apache-tomcat-7.0.62/temp
juin 23, 2015 3:27:36 PM org.apache.catalina.core.AprLifecycleListener lifecycleEvent
INFO: The APR based Apache Tomcat Native library which allows optimal performance in production environments was not found on the java.library.path: c:\Program Files\Java\jdk1.7.0_75\bin;C:\WINDOWS\Sun\Java\bin;C:\WINDOWS\system32;C:\WINDOWS;u:\bin;.;C:\Program Files (x86)\Git\local\bin;C:\Program Files (x86)\Git\mingw\bin;C:\Program Files (x86)\Git\bin;c:\WINDOWS\system32;c:\WINDOWS;c:\WINDOWS\System32\Wbem;c:\WINDOWS\System32\WindowsPowerShell\v1.0\;c:\Program Files (x86)\Microsoft ASP.NET\ASP.NET Web Pages\v1.0\;c:\Program Files (x86)\Windows Kits\8.0\Windows Performance Toolkit\;c:\Program Files\Microsoft SQL Server\110\Tools\Binn\;d:\PFE Chedli Utilities\apache-maven-3.2.5\bin;C:\Program Files (x86)\Git\cmd;c:\Program Files\TortoiseGit\bin;c:\Program Files (x86)\NUnit 2.6.4\bin;c:\Windows\Microsoft.NET\Framework64\v4.0.30319\;c:\Program Files (x86)\Microsoft SQL Server\100\Tools\Binn\VSShell\Common7\IDE\;c:\Program Files (x86)\Microsoft SQL Server\100\Tools\Binn\;c:\Program Files\Microsoft SQL Server\100\Tools\Binn\;c:\Program Files (x86)\Microsoft SQL Server\100\DTS\Binn\;c:\Program Files\Microsoft SQL Server\100\DTS\Binn\;c:\Program Files (x86)\Microsoft Visual Studio 9.0\Common7\IDE\PrivateAssemblies\;c:\Program Files (x86)\Subversion\bin;c:\Program Files (x86)\Subversion\bin;c:\msysgit\bin;c:\Program Files\Java\jdk1.7.0_75\bin;c:\WINDOWS\System32\WindowsPowerShell\v1.0\;c:\Program Files\Microsoft\Web Platform Installer\;c:\ProgramData\chocolatey\bin;.;.
juin 23, 2015 3:27:36 PM org.apache.coyote.AbstractProtocol init
INFO: Initializing ProtocolHandler ["http-bio-8080"]
juin 23, 2015 3:27:36 PM org.apache.coyote.AbstractProtocol init
INFO: Initializing ProtocolHandler ["ajp-bio-8009"]
juin 23, 2015 3:27:36 PM org.apache.catalina.startup.Catalina load
INFO: Initialization processed in 481 ms
juin 23, 2015 3:27:36 PM org.apache.catalina.core.StandardService startInternal
INFO: Starting service Catalina
juin 23, 2015 3:27:36 PM org.apache.catalina.core.StandardEngine startInternal
INFO: Starting Servlet Engine: Apache Tomcat/7.0.62
juin 23, 2015 3:27:36 PM org.apache.catalina.startup.HostConfig deployWAR
INFO: Deploying web application archive C:\apache-tomcat-7.0.62\webapps\NunitToDbREST.war
juin 23, 2015 3:27:37 PM org.apache.catalina.core.ContainerBase addChildInternal
SEVERE: ContainerBase.addChild: start: 
org.apache.catalina.LifecycleException: Failed to start component [StandardEngine[Catalina].StandardHost[localhost].StandardContext[/NunitToDbREST]]
	at org.apache.catalina.util.LifecycleBase.start(LifecycleBase.java:154)
	at org.apache.catalina.core.ContainerBase.addChildInternal(ContainerBase.java:901)
	at org.apache.catalina.core.ContainerBase.addChild(ContainerBase.java:877)
	at org.apache.catalina.core.StandardHost.addChild(StandardHost.java:652)
	at org.apache.catalina.startup.HostConfig.deployWAR(HostConfig.java:1095)
	at org.apache.catalina.startup.HostConfig$DeployWar.run(HostConfig.java:1930)
	at java.util.concurrent.Executors$RunnableAdapter.call(Executors.java:471)
	at java.util.concurrent.FutureTask.run(FutureTask.java:262)
	at java.util.concurrent.ThreadPoolExecutor.runWorker(ThreadPoolExecutor.java:1145)
	at java.util.concurrent.ThreadPoolExecutor$Worker.run(ThreadPoolExecutor.java:615)
	at java.lang.Thread.run(Thread.java:745)
Caused by: java.lang.NoClassDefFoundError: com/sun/istack/localization/Localizable
	at java.lang.ClassLoader.defineClass1(Native Method)
	at java.lang.ClassLoader.defineClass(ClassLoader.java:800)
	at java.security.SecureClassLoader.defineClass(SecureClassLoader.java:142)
	at java.net.URLClassLoader.defineClass(URLClassLoader.java:449)
	at java.net.URLClassLoader.access$100(URLClassLoader.java:71)
	at java.net.URLClassLoader$1.run(URLClassLoader.java:361)
	at java.net.URLClassLoader$1.run(URLClassLoader.java:355)
	at java.security.AccessController.doPrivileged(Native Method)
	at java.net.URLClassLoader.findClass(URLClassLoader.java:354)
	at java.lang.ClassLoader.loadClass(ClassLoader.java:425)
	at java.lang.ClassLoader.loadClass(ClassLoader.java:358)
	at java.lang.ClassLoader.defineClass1(Native Method)
	at java.lang.ClassLoader.defineClass(ClassLoader.java:800)
	at java.security.SecureClassLoader.defineClass(SecureClassLoader.java:142)
	at java.net.URLClassLoader.defineClass(URLClassLoader.java:449)
	at java.net.URLClassLoader.access$100(URLClassLoader.java:71)
	at java.net.URLClassLoader$1.run(URLClassLoader.java:361)
	at java.net.URLClassLoader$1.run(URLClassLoader.java:355)
	at java.security.AccessController.doPrivileged(Native Method)
	at java.net.URLClassLoader.findClass(URLClassLoader.java:354)
	at java.lang.ClassLoader.loadClass(ClassLoader.java:425)
	at java.lang.ClassLoader.loadClass(ClassLoader.java:358)
	at java.lang.Class.getDeclaredFields0(Native Method)
	at java.lang.Class.privateGetDeclaredFields(Class.java:2499)
	at java.lang.Class.getDeclaredFields(Class.java:1811)
	at org.apache.catalina.util.Introspection.getDeclaredFields(Introspection.java:106)
	at org.apache.catalina.startup.WebAnnotationSet.loadFieldsAnnotation(WebAnnotationSet.java:270)
	at org.apache.catalina.startup.WebAnnotationSet.loadApplicationListenerAnnotations(WebAnnotationSet.java:89)
	at org.apache.catalina.startup.WebAnnotationSet.loadApplicationAnnotations(WebAnnotationSet.java:63)
	at org.apache.catalina.startup.ContextConfig.applicationAnnotationsConfig(ContextConfig.java:415)
	at org.apache.catalina.startup.ContextConfig.configureStart(ContextConfig.java:892)
	at org.apache.catalina.startup.ContextConfig.lifecycleEvent(ContextConfig.java:386)
	at org.apache.catalina.util.LifecycleSupport.fireLifecycleEvent(LifecycleSupport.java:117)
	at org.apache.catalina.util.LifecycleBase.fireLifecycleEvent(LifecycleBase.java:90)
	at org.apache.catalina.core.StandardContext.startInternal(StandardContext.java:5416)
	at org.apache.catalina.util.LifecycleBase.start(LifecycleBase.java:150)
	... 10 more
Caused by: java.lang.ClassNotFoundException: com.sun.istack.localization.Localizable
	at java.net.URLClassLoader$1.run(URLClassLoader.java:366)
	at java.net.URLClassLoader$1.run(URLClassLoader.java:355)
	at java.security.AccessController.doPrivileged(Native Method)
	at java.net.URLClassLoader.findClass(URLClassLoader.java:354)
	at java.lang.ClassLoader.loadClass(ClassLoader.java:425)
	at java.lang.ClassLoader.loadClass(ClassLoader.java:358)
	... 46 more

juin 23, 2015 3:27:37 PM org.apache.catalina.startup.HostConfig deployWAR
SEVERE: Error deploying web application archive C:\apache-tomcat-7.0.62\webapps\NunitToDbREST.war
java.lang.IllegalStateException: ContainerBase.addChild: start: org.apache.catalina.LifecycleException: Failed to start component [StandardEngine[Catalina].StandardHost[localhost].StandardContext[/NunitToDbREST]]
	at org.apache.catalina.core.ContainerBase.addChildInternal(ContainerBase.java:904)
	at org.apache.catalina.core.ContainerBase.addChild(ContainerBase.java:877)
	at org.apache.catalina.core.StandardHost.addChild(StandardHost.java:652)
	at org.apache.catalina.startup.HostConfig.deployWAR(HostConfig.java:1095)
	at org.apache.catalina.startup.HostConfig$DeployWar.run(HostConfig.java:1930)
	at java.util.concurrent.Executors$RunnableAdapter.call(Executors.java:471)
	at java.util.concurrent.FutureTask.run(FutureTask.java:262)
	at java.util.concurrent.ThreadPoolExecutor.runWorker(ThreadPoolExecutor.java:1145)
	at java.util.concurrent.ThreadPoolExecutor$Worker.run(ThreadPoolExecutor.java:615)
	at java.lang.Thread.run(Thread.java:745)

juin 23, 2015 3:27:37 PM org.apache.catalina.startup.HostConfig deployWAR
INFO: Deployment of web application archive C:\apache-tomcat-7.0.62\webapps\NunitToDbREST.war has finished in 843 ms
juin 23, 2015 3:27:37 PM org.apache.catalina.startup.HostConfig deployWAR
INFO: Deploying web application archive C:\apache-tomcat-7.0.62\webapps\WebApplication1.war
juin 23, 2015 3:27:37 PM org.apache.catalina.startup.TldConfig execute
INFO: At least one JAR was scanned for TLDs yet contained no TLDs. Enable debug logging for this logger for a complete list of JARs that were scanned but no TLDs were found in them. Skipping unneeded JARs during scanning can improve startup time and JSP compilation time.
juin 23, 2015 3:27:37 PM org.apache.catalina.startup.HostConfig deployWAR
INFO: Deployment of web application archive C:\apache-tomcat-7.0.62\webapps\WebApplication1.war has finished in 555 ms
juin 23, 2015 3:27:37 PM org.apache.catalina.startup.HostConfig deployWAR
INFO: Deploying web application archive C:\apache-tomcat-7.0.62\webapps\WebApplication2.war
juin 23, 2015 3:27:38 PM org.apache.catalina.loader.WebappClassLoader validateJarFile
INFO: validateJarFile(c:\apache-tomcat-7.0.62\webapps\WebApplication2\WEB-INF\lib\javax.servlet-api-3.0.1.jar) - jar not loaded. See Servlet Spec 3.0, section 10.7.2. Offending class: javax/servlet/Servlet.class
juin 23, 2015 3:27:39 PM org.apache.catalina.startup.TldConfig execute
INFO: At least one JAR was scanned for TLDs yet contained no TLDs. Enable debug logging for this logger for a complete list of JARs that were scanned but no TLDs were found in them. Skipping unneeded JARs during scanning can improve startup time and JSP compilation time.
juin 23, 2015 3:27:39 PM org.glassfish.jersey.servlet.init.JerseyServletContainerInitializer addServletWithApplication
INFO: Registering the Jersey servlet application, named helloworld.ApplicationConfig, at the servlet mapping /resources/*, with the Application class of the same name.
juin 23, 2015 3:27:39 PM org.glassfish.jersey.server.ApplicationHandler initialize
INFO: Initiating Jersey application, version Jersey: 2.5.1 2014-01-02 13:43:00...
juin 23, 2015 3:27:40 PM org.apache.catalina.startup.HostConfig deployWAR
INFO: Deployment of web application archive C:\apache-tomcat-7.0.62\webapps\WebApplication2.war has finished in 2,276 ms
juin 23, 2015 3:27:40 PM org.apache.catalina.startup.HostConfig deployDirectory
INFO: Deploying web application directory C:\apache-tomcat-7.0.62\webapps\docs
juin 23, 2015 3:27:40 PM org.apache.catalina.startup.TldConfig execute
INFO: At least one JAR was scanned for TLDs yet contained no TLDs. Enable debug logging for this logger for a complete list of JARs that were scanned but no TLDs were found in them. Skipping unneeded JARs during scanning can improve startup time and JSP compilation time.
juin 23, 2015 3:27:40 PM org.apache.catalina.startup.HostConfig deployDirectory
INFO: Deployment of web application directory C:\apache-tomcat-7.0.62\webapps\docs has finished in 260 ms
juin 23, 2015 3:27:40 PM org.apache.catalina.startup.HostConfig deployDirectory
INFO: Deploying web application directory C:\apache-tomcat-7.0.62\webapps\examples
juin 23, 2015 3:27:40 PM org.apache.catalina.startup.TldConfig execute
INFO: At least one JAR was scanned for TLDs yet contained no TLDs. Enable debug logging for this logger for a complete list of JARs that were scanned but no TLDs were found in them. Skipping unneeded JARs during scanning can improve startup time and JSP compilation time.
juin 23, 2015 3:27:40 PM org.apache.catalina.startup.HostConfig deployDirectory
INFO: Deployment of web application directory C:\apache-tomcat-7.0.62\webapps\examples has finished in 451 ms
juin 23, 2015 3:27:40 PM org.apache.catalina.startup.HostConfig deployDirectory
INFO: Deploying web application directory C:\apache-tomcat-7.0.62\webapps\host-manager
juin 23, 2015 3:27:41 PM org.apache.catalina.startup.TldConfig execute
INFO: At least one JAR was scanned for TLDs yet contained no TLDs. Enable debug logging for this logger for a complete list of JARs that were scanned but no TLDs were found in them. Skipping unneeded JARs during scanning can improve startup time and JSP compilation time.
juin 23, 2015 3:27:41 PM org.apache.catalina.startup.HostConfig deployDirectory
INFO: Deployment of web application directory C:\apache-tomcat-7.0.62\webapps\host-manager has finished in 340 ms
juin 23, 2015 3:27:41 PM org.apache.catalina.startup.HostConfig deployDirectory
INFO: Deploying web application directory C:\apache-tomcat-7.0.62\webapps\manager
juin 23, 2015 3:27:41 PM org.apache.catalina.startup.TldConfig execute
INFO: At least one JAR was scanned for TLDs yet contained no TLDs. Enable debug logging for this logger for a complete list of JARs that were scanned but no TLDs were found in them. Skipping unneeded JARs during scanning can improve startup time and JSP compilation time.
juin 23, 2015 3:27:41 PM org.apache.catalina.startup.HostConfig deployDirectory
INFO: Deployment of web application directory C:\apache-tomcat-7.0.62\webapps\manager has finished in 281 ms
juin 23, 2015 3:27:41 PM org.apache.catalina.startup.HostConfig deployDirectory
INFO: Deploying web application directory C:\apache-tomcat-7.0.62\webapps\ROOT
juin 23, 2015 3:27:41 PM org.apache.catalina.startup.TldConfig execute
INFO: At least one JAR was scanned for TLDs yet contained no TLDs. Enable debug logging for this logger for a complete list of JARs that were scanned but no TLDs were found in them. Skipping unneeded JARs during scanning can improve startup time and JSP compilation time.
juin 23, 2015 3:27:41 PM org.apache.catalina.startup.HostConfig deployDirectory
INFO: Deployment of web application directory C:\apache-tomcat-7.0.62\webapps\ROOT has finished in 318 ms
juin 23, 2015 3:27:41 PM org.apache.coyote.AbstractProtocol start
INFO: Starting ProtocolHandler ["http-bio-8080"]
juin 23, 2015 3:27:41 PM org.apache.coyote.AbstractProtocol start
INFO: Starting ProtocolHandler ["ajp-bio-8009"]
juin 23, 2015 3:27:41 PM org.apache.catalina.startup.Catalina start
INFO: Server startup in 5384 ms
juin 23, 2015 3:46:12 PM org.apache.catalina.core.StandardServer await
INFO: A valid shutdown command was received via the shutdown port. Stopping the Server instance.
juin 23, 2015 3:46:12 PM org.apache.coyote.AbstractProtocol pause
INFO: Pausing ProtocolHandler ["http-bio-8080"]
juin 23, 2015 3:46:12 PM org.apache.coyote.AbstractProtocol pause
INFO: Pausing ProtocolHandler ["ajp-bio-8009"]
juin 23, 2015 3:46:12 PM org.apache.catalina.core.StandardService stopInternal
INFO: Stopping service Catalina
juin 23, 2015 3:46:12 PM org.apache.coyote.AbstractProtocol stop
INFO: Stopping ProtocolHandler ["http-bio-8080"]
juin 23, 2015 3:46:12 PM org.apache.coyote.AbstractProtocol stop
INFO: Stopping ProtocolHandler ["ajp-bio-8009"]
juin 23, 2015 3:46:12 PM org.apache.coyote.AbstractProtocol destroy
INFO: Destroying ProtocolHandler ["http-bio-8080"]
juin 23, 2015 3:46:12 PM org.apache.coyote.AbstractProtocol destroy
INFO: Destroying ProtocolHandler ["ajp-bio-8009"]
juin 23, 2015 3:46:14 PM org.apache.catalina.startup.VersionLoggerListener log
INFO: Server version:        Apache Tomcat/7.0.62
juin 23, 2015 3:46:14 PM org.apache.catalina.startup.VersionLoggerListener log
INFO: Server built:          May 7 2015 17:14:55 UTC
juin 23, 2015 3:46:14 PM org.apache.catalina.startup.VersionLoggerListener log
INFO: Server number:         7.0.62.0
juin 23, 2015 3:46:14 PM org.apache.catalina.startup.VersionLoggerListener log
INFO: OS Name:               Windows 7
juin 23, 2015 3:46:14 PM org.apache.catalina.startup.VersionLoggerListener log
INFO: OS Version:            6.1
juin 23, 2015 3:46:14 PM org.apache.catalina.startup.VersionLoggerListener log
INFO: Architecture:          amd64
juin 23, 2015 3:46:14 PM org.apache.catalina.startup.VersionLoggerListener log
INFO: Java Home:             c:\Program Files\Java\jdk1.7.0_75\jre
juin 23, 2015 3:46:14 PM org.apache.catalina.startup.VersionLoggerListener log
INFO: JVM Version:           1.7.0_75-b13
juin 23, 2015 3:46:14 PM org.apache.catalina.startup.VersionLoggerListener log
INFO: JVM Vendor:            Oracle Corporation
juin 23, 2015 3:46:14 PM org.apache.catalina.startup.VersionLoggerListener log
INFO: CATALINA_BASE:         c:/apache-tomcat-7.0.62
juin 23, 2015 3:46:14 PM org.apache.catalina.startup.VersionLoggerListener log
INFO: CATALINA_HOME:         c:/apache-tomcat-7.0.62
juin 23, 2015 3:46:14 PM org.apache.catalina.startup.VersionLoggerListener log
INFO: Command line argument: -Djava.util.logging.config.file=c:/apache-tomcat-7.0.62/conf/logging.properties
juin 23, 2015 3:46:14 PM org.apache.catalina.startup.VersionLoggerListener log
INFO: Command line argument: -Djava.util.logging.manager=org.apache.juli.ClassLoaderLogManager
juin 23, 2015 3:46:14 PM org.apache.catalina.startup.VersionLoggerListener log
INFO: Command line argument: -Djava.endorsed.dirs=c:/apache-tomcat-7.0.62/endorsed
juin 23, 2015 3:46:14 PM org.apache.catalina.startup.VersionLoggerListener log
INFO: Command line argument: -Dcatalina.base=c:/apache-tomcat-7.0.62
juin 23, 2015 3:46:14 PM org.apache.catalina.startup.VersionLoggerListener log
INFO: Command line argument: -Dcatalina.home=c:/apache-tomcat-7.0.62
juin 23, 2015 3:46:14 PM org.apache.catalina.startup.VersionLoggerListener log
INFO: Command line argument: -Djava.io.tmpdir=c:/apache-tomcat-7.0.62/temp
juin 23, 2015 3:46:14 PM org.apache.catalina.core.AprLifecycleListener lifecycleEvent
INFO: The APR based Apache Tomcat Native library which allows optimal performance in production environments was not found on the java.library.path: c:\Program Files\Java\jdk1.7.0_75\bin;C:\WINDOWS\Sun\Java\bin;C:\WINDOWS\system32;C:\WINDOWS;u:\bin;.;C:\Program Files (x86)\Git\local\bin;C:\Program Files (x86)\Git\mingw\bin;C:\Program Files (x86)\Git\bin;c:\WINDOWS\system32;c:\WINDOWS;c:\WINDOWS\System32\Wbem;c:\WINDOWS\System32\WindowsPowerShell\v1.0\;c:\Program Files (x86)\Microsoft ASP.NET\ASP.NET Web Pages\v1.0\;c:\Program Files (x86)\Windows Kits\8.0\Windows Performance Toolkit\;c:\Program Files\Microsoft SQL Server\110\Tools\Binn\;d:\PFE Chedli Utilities\apache-maven-3.2.5\bin;C:\Program Files (x86)\Git\cmd;c:\Program Files\TortoiseGit\bin;c:\Program Files (x86)\NUnit 2.6.4\bin;c:\Windows\Microsoft.NET\Framework64\v4.0.30319\;c:\Program Files (x86)\Microsoft SQL Server\100\Tools\Binn\VSShell\Common7\IDE\;c:\Program Files (x86)\Microsoft SQL Server\100\Tools\Binn\;c:\Program Files\Microsoft SQL Server\100\Tools\Binn\;c:\Program Files (x86)\Microsoft SQL Server\100\DTS\Binn\;c:\Program Files\Microsoft SQL Server\100\DTS\Binn\;c:\Program Files (x86)\Microsoft Visual Studio 9.0\Common7\IDE\PrivateAssemblies\;c:\Program Files (x86)\Subversion\bin;c:\Program Files (x86)\Subversion\bin;c:\msysgit\bin;c:\Program Files\Java\jdk1.7.0_75\bin;c:\WINDOWS\System32\WindowsPowerShell\v1.0\;c:\Program Files\Microsoft\Web Platform Installer\;c:\ProgramData\chocolatey\bin;.;.
juin 23, 2015 3:46:14 PM org.apache.coyote.AbstractProtocol init
INFO: Initializing ProtocolHandler ["http-bio-8080"]
juin 23, 2015 3:46:14 PM org.apache.coyote.AbstractProtocol init
INFO: Initializing ProtocolHandler ["ajp-bio-8009"]
juin 23, 2015 3:46:14 PM org.apache.catalina.startup.Catalina load
INFO: Initialization processed in 447 ms
juin 23, 2015 3:46:14 PM org.apache.catalina.core.StandardService startInternal
INFO: Starting service Catalina
juin 23, 2015 3:46:14 PM org.apache.catalina.core.StandardEngine startInternal
INFO: Starting Servlet Engine: Apache Tomcat/7.0.62
juin 23, 2015 3:46:14 PM org.apache.catalina.startup.HostConfig deployWAR
INFO: Deploying web application archive C:\apache-tomcat-7.0.62\webapps\NunitToDbREST.war
juin 23, 2015 3:46:15 PM org.apache.catalina.core.ContainerBase addChildInternal
SEVERE: ContainerBase.addChild: start: 
org.apache.catalina.LifecycleException: Failed to start component [StandardEngine[Catalina].StandardHost[localhost].StandardContext[/NunitToDbREST]]
	at org.apache.catalina.util.LifecycleBase.start(LifecycleBase.java:154)
	at org.apache.catalina.core.ContainerBase.addChildInternal(ContainerBase.java:901)
	at org.apache.catalina.core.ContainerBase.addChild(ContainerBase.java:877)
	at org.apache.catalina.core.StandardHost.addChild(StandardHost.java:652)
	at org.apache.catalina.startup.HostConfig.deployWAR(HostConfig.java:1095)
	at org.apache.catalina.startup.HostConfig$DeployWar.run(HostConfig.java:1930)
	at java.util.concurrent.Executors$RunnableAdapter.call(Executors.java:471)
	at java.util.concurrent.FutureTask.run(FutureTask.java:262)
	at java.util.concurrent.ThreadPoolExecutor.runWorker(ThreadPoolExecutor.java:1145)
	at java.util.concurrent.ThreadPoolExecutor$Worker.run(ThreadPoolExecutor.java:615)
	at java.lang.Thread.run(Thread.java:745)
Caused by: java.lang.NoClassDefFoundError: com/sun/istack/localization/Localizable
	at java.lang.ClassLoader.defineClass1(Native Method)
	at java.lang.ClassLoader.defineClass(ClassLoader.java:800)
	at java.security.SecureClassLoader.defineClass(SecureClassLoader.java:142)
	at java.net.URLClassLoader.defineClass(URLClassLoader.java:449)
	at java.net.URLClassLoader.access$100(URLClassLoader.java:71)
	at java.net.URLClassLoader$1.run(URLClassLoader.java:361)
	at java.net.URLClassLoader$1.run(URLClassLoader.java:355)
	at java.security.AccessController.doPrivileged(Native Method)
	at java.net.URLClassLoader.findClass(URLClassLoader.java:354)
	at java.lang.ClassLoader.loadClass(ClassLoader.java:425)
	at java.lang.ClassLoader.loadClass(ClassLoader.java:358)
	at java.lang.ClassLoader.defineClass1(Native Method)
	at java.lang.ClassLoader.defineClass(ClassLoader.java:800)
	at java.security.SecureClassLoader.defineClass(SecureClassLoader.java:142)
	at java.net.URLClassLoader.defineClass(URLClassLoader.java:449)
	at java.net.URLClassLoader.access$100(URLClassLoader.java:71)
	at java.net.URLClassLoader$1.run(URLClassLoader.java:361)
	at java.net.URLClassLoader$1.run(URLClassLoader.java:355)
	at java.security.AccessController.doPrivileged(Native Method)
	at java.net.URLClassLoader.findClass(URLClassLoader.java:354)
	at java.lang.ClassLoader.loadClass(ClassLoader.java:425)
	at java.lang.ClassLoader.loadClass(ClassLoader.java:358)
	at java.lang.Class.getDeclaredFields0(Native Method)
	at java.lang.Class.privateGetDeclaredFields(Class.java:2499)
	at java.lang.Class.getDeclaredFields(Class.java:1811)
	at org.apache.catalina.util.Introspection.getDeclaredFields(Introspection.java:106)
	at org.apache.catalina.startup.WebAnnotationSet.loadFieldsAnnotation(WebAnnotationSet.java:270)
	at org.apache.catalina.startup.WebAnnotationSet.loadApplicationListenerAnnotations(WebAnnotationSet.java:89)
	at org.apache.catalina.startup.WebAnnotationSet.loadApplicationAnnotations(WebAnnotationSet.java:63)
	at org.apache.catalina.startup.ContextConfig.applicationAnnotationsConfig(ContextConfig.java:415)
	at org.apache.catalina.startup.ContextConfig.configureStart(ContextConfig.java:892)
	at org.apache.catalina.startup.ContextConfig.lifecycleEvent(ContextConfig.java:386)
	at org.apache.catalina.util.LifecycleSupport.fireLifecycleEvent(LifecycleSupport.java:117)
	at org.apache.catalina.util.LifecycleBase.fireLifecycleEvent(LifecycleBase.java:90)
	at org.apache.catalina.core.StandardContext.startInternal(StandardContext.java:5416)
	at org.apache.catalina.util.LifecycleBase.start(LifecycleBase.java:150)
	... 10 more
Caused by: java.lang.ClassNotFoundException: com.sun.istack.localization.Localizable
	at java.net.URLClassLoader$1.run(URLClassLoader.java:366)
	at java.net.URLClassLoader$1.run(URLClassLoader.java:355)
	at java.security.AccessController.doPrivileged(Native Method)
	at java.net.URLClassLoader.findClass(URLClassLoader.java:354)
	at java.lang.ClassLoader.loadClass(ClassLoader.java:425)
	at java.lang.ClassLoader.loadClass(ClassLoader.java:358)
	... 46 more

juin 23, 2015 3:46:15 PM org.apache.catalina.startup.HostConfig deployWAR
SEVERE: Error deploying web application archive C:\apache-tomcat-7.0.62\webapps\NunitToDbREST.war
java.lang.IllegalStateException: ContainerBase.addChild: start: org.apache.catalina.LifecycleException: Failed to start component [StandardEngine[Catalina].StandardHost[localhost].StandardContext[/NunitToDbREST]]
	at org.apache.catalina.core.ContainerBase.addChildInternal(ContainerBase.java:904)
	at org.apache.catalina.core.ContainerBase.addChild(ContainerBase.java:877)
	at org.apache.catalina.core.StandardHost.addChild(StandardHost.java:652)
	at org.apache.catalina.startup.HostConfig.deployWAR(HostConfig.java:1095)
	at org.apache.catalina.startup.HostConfig$DeployWar.run(HostConfig.java:1930)
	at java.util.concurrent.Executors$RunnableAdapter.call(Executors.java:471)
	at java.util.concurrent.FutureTask.run(FutureTask.java:262)
	at java.util.concurrent.ThreadPoolExecutor.runWorker(ThreadPoolExecutor.java:1145)
	at java.util.concurrent.ThreadPoolExecutor$Worker.run(ThreadPoolExecutor.java:615)
	at java.lang.Thread.run(Thread.java:745)

juin 23, 2015 3:46:15 PM org.apache.catalina.startup.HostConfig deployWAR
INFO: Deployment of web application archive C:\apache-tomcat-7.0.62\webapps\NunitToDbREST.war has finished in 917 ms
juin 23, 2015 3:46:15 PM org.apache.catalina.startup.HostConfig deployWAR
INFO: Deploying web application archive C:\apache-tomcat-7.0.62\webapps\NunitToDbRESTful.war
juin 23, 2015 3:46:15 PM org.apache.catalina.loader.WebappClassLoader validateJarFile
INFO: validateJarFile(c:\apache-tomcat-7.0.62\webapps\NunitToDbRESTful\WEB-INF\lib\javax.servlet-api-3.0.1.jar) - jar not loaded. See Servlet Spec 3.0, section 10.7.2. Offending class: javax/servlet/Servlet.class
juin 23, 2015 3:46:17 PM org.apache.catalina.startup.TldConfig execute
INFO: At least one JAR was scanned for TLDs yet contained no TLDs. Enable debug logging for this logger for a complete list of JARs that were scanned but no TLDs were found in them. Skipping unneeded JARs during scanning can improve startup time and JSP compilation time.
juin 23, 2015 3:46:17 PM org.glassfish.jersey.servlet.init.JerseyServletContainerInitializer addServletWithApplication
INFO: Registering the Jersey servlet application, named REST.ApplicationConfig, at the servlet mapping /resources/*, with the Application class of the same name.
juin 23, 2015 3:46:17 PM org.glassfish.jersey.server.ApplicationHandler initialize
INFO: Initiating Jersey application, version Jersey: 2.5.1 2014-01-02 13:43:00...
juin 23, 2015 3:46:17 PM org.apache.catalina.startup.HostConfig deployWAR
INFO: Deployment of web application archive C:\apache-tomcat-7.0.62\webapps\NunitToDbRESTful.war has finished in 2,673 ms
juin 23, 2015 3:46:17 PM org.apache.catalina.startup.HostConfig deployWAR
INFO: Deploying web application archive C:\apache-tomcat-7.0.62\webapps\WebApplication1.war
juin 23, 2015 3:46:18 PM org.apache.catalina.startup.TldConfig execute
INFO: At least one JAR was scanned for TLDs yet contained no TLDs. Enable debug logging for this logger for a complete list of JARs that were scanned but no TLDs were found in them. Skipping unneeded JARs during scanning can improve startup time and JSP compilation time.
juin 23, 2015 3:46:18 PM org.apache.catalina.startup.HostConfig deployWAR
INFO: Deployment of web application archive C:\apache-tomcat-7.0.62\webapps\WebApplication1.war has finished in 342 ms
juin 23, 2015 3:46:18 PM org.apache.catalina.startup.HostConfig deployWAR
INFO: Deploying web application archive C:\apache-tomcat-7.0.62\webapps\WebApplication2.war
juin 23, 2015 3:46:18 PM org.apache.catalina.loader.WebappClassLoader validateJarFile
INFO: validateJarFile(c:\apache-tomcat-7.0.62\webapps\WebApplication2\WEB-INF\lib\javax.servlet-api-3.0.1.jar) - jar not loaded. See Servlet Spec 3.0, section 10.7.2. Offending class: javax/servlet/Servlet.class
juin 23, 2015 3:46:19 PM org.apache.catalina.startup.TldConfig execute
INFO: At least one JAR was scanned for TLDs yet contained no TLDs. Enable debug logging for this logger for a complete list of JARs that were scanned but no TLDs were found in them. Skipping unneeded JARs during scanning can improve startup time and JSP compilation time.
juin 23, 2015 3:46:19 PM org.glassfish.jersey.servlet.init.JerseyServletContainerInitializer addServletWithApplication
INFO: Registering the Jersey servlet application, named helloworld.ApplicationConfig, at the servlet mapping /resources/*, with the Application class of the same name.
juin 23, 2015 3:46:19 PM org.glassfish.jersey.server.ApplicationHandler initialize
INFO: Initiating Jersey application, version Jersey: 2.5.1 2014-01-02 13:43:00...
juin 23, 2015 3:46:20 PM org.apache.catalina.startup.HostConfig deployWAR
INFO: Deployment of web application archive C:\apache-tomcat-7.0.62\webapps\WebApplication2.war has finished in 1,924 ms
juin 23, 2015 3:46:20 PM org.apache.catalina.startup.HostConfig deployDirectory
INFO: Deploying web application directory C:\apache-tomcat-7.0.62\webapps\docs
juin 23, 2015 3:46:20 PM org.apache.catalina.startup.TldConfig execute
INFO: At least one JAR was scanned for TLDs yet contained no TLDs. Enable debug logging for this logger for a complete list of JARs that were scanned but no TLDs were found in them. Skipping unneeded JARs during scanning can improve startup time and JSP compilation time.
juin 23, 2015 3:46:20 PM org.apache.catalina.startup.HostConfig deployDirectory
INFO: Deployment of web application directory C:\apache-tomcat-7.0.62\webapps\docs has finished in 265 ms
juin 23, 2015 3:46:20 PM org.apache.catalina.startup.HostConfig deployDirectory
INFO: Deploying web application directory C:\apache-tomcat-7.0.62\webapps\examples
juin 23, 2015 3:46:20 PM org.apache.catalina.startup.TldConfig execute
INFO: At least one JAR was scanned for TLDs yet contained no TLDs. Enable debug logging for this logger for a complete list of JARs that were scanned but no TLDs were found in them. Skipping unneeded JARs during scanning can improve startup time and JSP compilation time.
juin 23, 2015 3:46:21 PM org.apache.catalina.startup.HostConfig deployDirectory
INFO: Deployment of web application directory C:\apache-tomcat-7.0.62\webapps\examples has finished in 476 ms
juin 23, 2015 3:46:21 PM org.apache.catalina.startup.HostConfig deployDirectory
INFO: Deploying web application directory C:\apache-tomcat-7.0.62\webapps\host-manager
juin 23, 2015 3:46:21 PM org.apache.catalina.startup.TldConfig execute
INFO: At least one JAR was scanned for TLDs yet contained no TLDs. Enable debug logging for this logger for a complete list of JARs that were scanned but no TLDs were found in them. Skipping unneeded JARs during scanning can improve startup time and JSP compilation time.
juin 23, 2015 3:46:21 PM org.apache.catalina.startup.HostConfig deployDirectory
INFO: Deployment of web application directory C:\apache-tomcat-7.0.62\webapps\host-manager has finished in 276 ms
juin 23, 2015 3:46:21 PM org.apache.catalina.startup.HostConfig deployDirectory
INFO: Deploying web application directory C:\apache-tomcat-7.0.62\webapps\manager
juin 23, 2015 3:46:21 PM org.apache.catalina.startup.TldConfig execute
INFO: At least one JAR was scanned for TLDs yet contained no TLDs. Enable debug logging for this logger for a complete list of JARs that were scanned but no TLDs were found in them. Skipping unneeded JARs during scanning can improve startup time and JSP compilation time.
juin 23, 2015 3:46:21 PM org.apache.catalina.startup.HostConfig deployDirectory
INFO: Deployment of web application directory C:\apache-tomcat-7.0.62\webapps\manager has finished in 245 ms
juin 23, 2015 3:46:21 PM org.apache.catalina.startup.HostConfig deployDirectory
INFO: Deploying web application directory C:\apache-tomcat-7.0.62\webapps\ROOT
juin 23, 2015 3:46:21 PM org.apache.catalina.startup.TldConfig execute
INFO: At least one JAR was scanned for TLDs yet contained no TLDs. Enable debug logging for this logger for a complete list of JARs that were scanned but no TLDs were found in them. Skipping unneeded JARs during scanning can improve startup time and JSP compilation time.
juin 23, 2015 3:46:21 PM org.apache.catalina.startup.HostConfig deployDirectory
INFO: Deployment of web application directory C:\apache-tomcat-7.0.62\webapps\ROOT has finished in 286 ms
juin 23, 2015 3:46:21 PM org.apache.coyote.AbstractProtocol start
INFO: Starting ProtocolHandler ["http-bio-8080"]
juin 23, 2015 3:46:21 PM org.apache.coyote.AbstractProtocol start
INFO: Starting ProtocolHandler ["ajp-bio-8009"]
juin 23, 2015 3:46:21 PM org.apache.catalina.startup.Catalina start
INFO: Server startup in 7469 ms
