juil. 24, 2015 10:57:34 AM org.apache.catalina.core.StandardContext reload
INFO: Reloading Context with name [/CrudApp] has started
juil. 24, 2015 10:57:34 AM org.apache.catalina.loader.WebappClassLoader clearReferencesJdbc
SEVERE: The web application [/CrudApp] registered the JDBC driver [com.microsoft.sqlserver.jdbc.SQLServerDriver] but failed to unregister it when the web application was stopped. To prevent a memory leak, the JDBC Driver has been forcibly unregistered.
juil. 24, 2015 10:57:35 AM org.apache.catalina.startup.TldConfig execute
INFO: At least one JAR was scanned for TLDs yet contained no TLDs. Enable debug logging for this logger for a complete list of JARs that were scanned but no TLDs were found in them. Skipping unneeded JARs during scanning can improve startup time and JSP compilation time.
juil. 24, 2015 10:57:35 AM org.apache.catalina.core.StandardContext reload
INFO: Reloading Context with name [/CrudApp] is completed
juil. 24, 2015 10:57:45 AM org.apache.catalina.core.StandardContext reload
INFO: Reloading Context with name [/CrudApp] has started
juil. 24, 2015 10:57:46 AM org.apache.catalina.startup.TldConfig execute
INFO: At least one JAR was scanned for TLDs yet contained no TLDs. Enable debug logging for this logger for a complete list of JARs that were scanned but no TLDs were found in them. Skipping unneeded JARs during scanning can improve startup time and JSP compilation time.
juil. 24, 2015 10:57:46 AM org.apache.catalina.core.StandardContext reload
INFO: Reloading Context with name [/CrudApp] is completed
juil. 24, 2015 10:58:20 AM org.apache.catalina.core.StandardContext reload
INFO: Reloading Context with name [/CrudApp] has started
juil. 24, 2015 10:58:20 AM org.apache.catalina.startup.TldConfig execute
INFO: At least one JAR was scanned for TLDs yet contained no TLDs. Enable debug logging for this logger for a complete list of JARs that were scanned but no TLDs were found in them. Skipping unneeded JARs during scanning can improve startup time and JSP compilation time.
juil. 24, 2015 10:58:20 AM org.apache.catalina.core.StandardContext reload
INFO: Reloading Context with name [/CrudApp] is completed
juil. 24, 2015 11:02:14 AM org.apache.catalina.core.StandardContext reload
INFO: Reloading Context with name [/CrudApp] has started
juil. 24, 2015 11:02:14 AM org.apache.catalina.startup.TldConfig execute
INFO: At least one JAR was scanned for TLDs yet contained no TLDs. Enable debug logging for this logger for a complete list of JARs that were scanned but no TLDs were found in them. Skipping unneeded JARs during scanning can improve startup time and JSP compilation time.
juil. 24, 2015 11:02:14 AM org.apache.catalina.core.StandardContext reload
INFO: Reloading Context with name [/CrudApp] is completed
juil. 24, 2015 11:02:44 AM org.apache.catalina.core.StandardContext reload
INFO: Reloading Context with name [/CrudApp] has started
juil. 24, 2015 11:02:44 AM org.apache.catalina.startup.TldConfig execute
INFO: At least one JAR was scanned for TLDs yet contained no TLDs. Enable debug logging for this logger for a complete list of JARs that were scanned but no TLDs were found in them. Skipping unneeded JARs during scanning can improve startup time and JSP compilation time.
juil. 24, 2015 11:02:44 AM org.apache.catalina.core.StandardContext reload
INFO: Reloading Context with name [/CrudApp] is completed
juil. 24, 2015 11:02:45 AM org.apache.catalina.core.StandardContext reload
INFO: Reloading Context with name [/CrudApp] has started
juil. 24, 2015 11:02:45 AM org.apache.catalina.startup.TldConfig execute
INFO: At least one JAR was scanned for TLDs yet contained no TLDs. Enable debug logging for this logger for a complete list of JARs that were scanned but no TLDs were found in them. Skipping unneeded JARs during scanning can improve startup time and JSP compilation time.
juil. 24, 2015 11:02:45 AM org.apache.catalina.core.StandardContext reload
INFO: Reloading Context with name [/CrudApp] is completed
juil. 24, 2015 11:02:48 AM org.apache.catalina.core.StandardContext reload
INFO: Reloading Context with name [/CrudApp] has started
juil. 24, 2015 11:02:48 AM org.apache.catalina.startup.TldConfig execute
INFO: At least one JAR was scanned for TLDs yet contained no TLDs. Enable debug logging for this logger for a complete list of JARs that were scanned but no TLDs were found in them. Skipping unneeded JARs during scanning can improve startup time and JSP compilation time.
juil. 24, 2015 11:02:48 AM org.apache.catalina.core.StandardContext reload
INFO: Reloading Context with name [/CrudApp] is completed
juil. 24, 2015 11:03:09 AM org.apache.catalina.core.StandardContext reload
INFO: Reloading Context with name [/CrudApp] has started
juil. 24, 2015 11:03:10 AM org.apache.catalina.startup.TldConfig execute
INFO: At least one JAR was scanned for TLDs yet contained no TLDs. Enable debug logging for this logger for a complete list of JARs that were scanned but no TLDs were found in them. Skipping unneeded JARs during scanning can improve startup time and JSP compilation time.
juil. 24, 2015 11:03:10 AM org.apache.catalina.core.StandardContext reload
INFO: Reloading Context with name [/CrudApp] is completed
juil. 24, 2015 11:07:03 AM org.apache.catalina.core.StandardContext reload
INFO: Reloading Context with name [/CrudApp] has started
juil. 24, 2015 11:07:04 AM org.apache.catalina.startup.TldConfig execute
INFO: At least one JAR was scanned for TLDs yet contained no TLDs. Enable debug logging for this logger for a complete list of JARs that were scanned but no TLDs were found in them. Skipping unneeded JARs during scanning can improve startup time and JSP compilation time.
juil. 24, 2015 11:07:04 AM org.apache.catalina.core.StandardContext reload
INFO: Reloading Context with name [/CrudApp] is completed
juil. 24, 2015 11:07:32 AM org.apache.catalina.core.StandardContext reload
INFO: Reloading Context with name [/CrudApp] has started
juil. 24, 2015 11:07:33 AM org.apache.catalina.startup.TldConfig execute
INFO: At least one JAR was scanned for TLDs yet contained no TLDs. Enable debug logging for this logger for a complete list of JARs that were scanned but no TLDs were found in them. Skipping unneeded JARs during scanning can improve startup time and JSP compilation time.
juil. 24, 2015 11:07:33 AM org.apache.catalina.core.StandardContext reload
INFO: Reloading Context with name [/CrudApp] is completed
juil. 24, 2015 11:07:46 AM org.apache.catalina.core.StandardContext reload
INFO: Reloading Context with name [/CrudApp] has started
juil. 24, 2015 11:07:46 AM org.apache.catalina.startup.TldConfig execute
INFO: At least one JAR was scanned for TLDs yet contained no TLDs. Enable debug logging for this logger for a complete list of JARs that were scanned but no TLDs were found in them. Skipping unneeded JARs during scanning can improve startup time and JSP compilation time.
juil. 24, 2015 11:07:46 AM org.apache.catalina.core.StandardContext reload
INFO: Reloading Context with name [/CrudApp] is completed
juil. 24, 2015 11:07:57 AM org.apache.catalina.core.StandardContext reload
INFO: Reloading Context with name [/CrudApp] has started
juil. 24, 2015 11:07:58 AM org.apache.catalina.startup.TldConfig execute
INFO: At least one JAR was scanned for TLDs yet contained no TLDs. Enable debug logging for this logger for a complete list of JARs that were scanned but no TLDs were found in them. Skipping unneeded JARs during scanning can improve startup time and JSP compilation time.
juil. 24, 2015 11:07:58 AM org.apache.catalina.core.StandardContext reload
INFO: Reloading Context with name [/CrudApp] is completed
juil. 24, 2015 11:09:47 AM org.apache.catalina.startup.TldConfig execute
INFO: At least one JAR was scanned for TLDs yet contained no TLDs. Enable debug logging for this logger for a complete list of JARs that were scanned but no TLDs were found in them. Skipping unneeded JARs during scanning can improve startup time and JSP compilation time.
juil. 24, 2015 11:09:47 AM org.apache.catalina.core.StandardContext reload
INFO: Reloading Context with name [/CrudApp] has started
juil. 24, 2015 11:09:48 AM org.apache.catalina.startup.TldConfig execute
INFO: At least one JAR was scanned for TLDs yet contained no TLDs. Enable debug logging for this logger for a complete list of JARs that were scanned but no TLDs were found in them. Skipping unneeded JARs during scanning can improve startup time and JSP compilation time.
juil. 24, 2015 11:09:48 AM org.apache.catalina.core.StandardContext reload
INFO: Reloading Context with name [/CrudApp] is completed
juil. 24, 2015 11:09:55 AM org.apache.catalina.startup.HostConfig reload
INFO: Reloading context [/CrudApp]
juil. 24, 2015 11:09:55 AM org.apache.catalina.core.StandardContext reload
INFO: Reloading Context with name [/CrudApp] has started
juil. 24, 2015 11:09:56 AM org.apache.catalina.startup.TldConfig execute
INFO: At least one JAR was scanned for TLDs yet contained no TLDs. Enable debug logging for this logger for a complete list of JARs that were scanned but no TLDs were found in them. Skipping unneeded JARs during scanning can improve startup time and JSP compilation time.
juil. 24, 2015 11:09:56 AM org.apache.catalina.core.StandardContext reload
INFO: Reloading Context with name [/CrudApp] is completed
juil. 24, 2015 11:10:12 AM org.apache.catalina.startup.TldConfig execute
INFO: At least one JAR was scanned for TLDs yet contained no TLDs. Enable debug logging for this logger for a complete list of JARs that were scanned but no TLDs were found in them. Skipping unneeded JARs during scanning can improve startup time and JSP compilation time.
juil. 24, 2015 11:10:16 AM org.apache.catalina.startup.HostConfig reload
INFO: Reloading context [/CrudApp]
juil. 24, 2015 11:10:16 AM org.apache.catalina.core.StandardContext reload
INFO: Reloading Context with name [/CrudApp] has started
juil. 24, 2015 11:10:16 AM org.apache.catalina.startup.TldConfig execute
INFO: At least one JAR was scanned for TLDs yet contained no TLDs. Enable debug logging for this logger for a complete list of JARs that were scanned but no TLDs were found in them. Skipping unneeded JARs during scanning can improve startup time and JSP compilation time.
juil. 24, 2015 11:10:16 AM org.apache.catalina.core.StandardContext reload
INFO: Reloading Context with name [/CrudApp] is completed
juil. 24, 2015 11:11:57 AM org.apache.catalina.core.StandardContext reload
INFO: Reloading Context with name [/CrudApp] has started
juil. 24, 2015 11:11:57 AM org.apache.catalina.loader.WebappClassLoader clearReferencesJdbc
SEVERE: The web application [/CrudApp] registered the JDBC driver [com.microsoft.sqlserver.jdbc.SQLServerDriver] but failed to unregister it when the web application was stopped. To prevent a memory leak, the JDBC Driver has been forcibly unregistered.
juil. 24, 2015 11:11:57 AM org.apache.catalina.loader.WebappClassLoader checkThreadLocalMapForLeaks
SEVERE: The web application [/CrudApp] created a ThreadLocal with key of type [com.microsoft.sqlserver.jdbc.ActivityCorrelator$1] (value [com.microsoft.sqlserver.jdbc.ActivityCorrelator$1@53c318ce]) and a value of type [com.microsoft.sqlserver.jdbc.ActivityId] (value [79452abb-b562-4db7-8dd9-77b472cd0310-1]) but failed to remove it when the web application was stopped. Threads are going to be renewed over time to try and avoid a probable memory leak.
juil. 24, 2015 11:11:57 AM org.apache.catalina.startup.TldConfig execute
INFO: At least one JAR was scanned for TLDs yet contained no TLDs. Enable debug logging for this logger for a complete list of JARs that were scanned but no TLDs were found in them. Skipping unneeded JARs during scanning can improve startup time and JSP compilation time.
juil. 24, 2015 11:11:57 AM org.apache.catalina.core.StandardContext reload
INFO: Reloading Context with name [/CrudApp] is completed
juil. 24, 2015 11:13:10 AM org.apache.catalina.core.StandardContext reload
INFO: Reloading Context with name [/CrudApp] has started
juil. 24, 2015 11:13:10 AM org.apache.catalina.loader.WebappClassLoader clearReferencesJdbc
SEVERE: The web application [/CrudApp] registered the JDBC driver [com.microsoft.sqlserver.jdbc.SQLServerDriver] but failed to unregister it when the web application was stopped. To prevent a memory leak, the JDBC Driver has been forcibly unregistered.
juil. 24, 2015 11:13:10 AM org.apache.catalina.startup.TldConfig execute
INFO: At least one JAR was scanned for TLDs yet contained no TLDs. Enable debug logging for this logger for a complete list of JARs that were scanned but no TLDs were found in them. Skipping unneeded JARs during scanning can improve startup time and JSP compilation time.
juil. 24, 2015 11:13:10 AM org.apache.catalina.core.StandardContext reload
INFO: Reloading Context with name [/CrudApp] is completed
juil. 24, 2015 11:13:16 AM org.apache.catalina.core.StandardContext reload
INFO: Reloading Context with name [/CrudApp] has started
juil. 24, 2015 11:13:16 AM org.apache.catalina.startup.TldConfig execute
INFO: At least one JAR was scanned for TLDs yet contained no TLDs. Enable debug logging for this logger for a complete list of JARs that were scanned but no TLDs were found in them. Skipping unneeded JARs during scanning can improve startup time and JSP compilation time.
juil. 24, 2015 11:13:16 AM org.apache.catalina.core.StandardContext reload
INFO: Reloading Context with name [/CrudApp] is completed
juil. 24, 2015 11:14:13 AM org.apache.catalina.core.StandardContext reload
INFO: Reloading Context with name [/CrudApp] has started
juil. 24, 2015 11:14:14 AM org.apache.catalina.startup.TldConfig execute
INFO: At least one JAR was scanned for TLDs yet contained no TLDs. Enable debug logging for this logger for a complete list of JARs that were scanned but no TLDs were found in them. Skipping unneeded JARs during scanning can improve startup time and JSP compilation time.
juil. 24, 2015 11:14:14 AM org.apache.catalina.core.StandardContext reload
INFO: Reloading Context with name [/CrudApp] is completed
juil. 24, 2015 11:14:25 AM org.apache.catalina.core.StandardContext reload
INFO: Reloading Context with name [/CrudApp] has started
juil. 24, 2015 11:14:25 AM org.apache.catalina.startup.TldConfig execute
INFO: At least one JAR was scanned for TLDs yet contained no TLDs. Enable debug logging for this logger for a complete list of JARs that were scanned but no TLDs were found in them. Skipping unneeded JARs during scanning can improve startup time and JSP compilation time.
juil. 24, 2015 11:14:25 AM org.apache.catalina.core.StandardContext reload
INFO: Reloading Context with name [/CrudApp] is completed
juil. 24, 2015 11:16:04 AM org.apache.catalina.core.StandardContext reload
INFO: Reloading Context with name [/CrudApp] has started
juil. 24, 2015 11:16:04 AM org.apache.catalina.loader.WebappClassLoader clearReferencesJdbc
SEVERE: The web application [/CrudApp] registered the JDBC driver [com.microsoft.sqlserver.jdbc.SQLServerDriver] but failed to unregister it when the web application was stopped. To prevent a memory leak, the JDBC Driver has been forcibly unregistered.
juil. 24, 2015 11:16:05 AM org.apache.catalina.startup.TldConfig execute
INFO: At least one JAR was scanned for TLDs yet contained no TLDs. Enable debug logging for this logger for a complete list of JARs that were scanned but no TLDs were found in them. Skipping unneeded JARs during scanning can improve startup time and JSP compilation time.
juil. 24, 2015 11:16:05 AM org.apache.catalina.core.StandardContext reload
INFO: Reloading Context with name [/CrudApp] is completed
juil. 24, 2015 11:16:07 AM org.apache.catalina.core.StandardContext reload
INFO: Reloading Context with name [/CrudApp] has started
juil. 24, 2015 11:16:08 AM org.apache.catalina.startup.TldConfig execute
INFO: At least one JAR was scanned for TLDs yet contained no TLDs. Enable debug logging for this logger for a complete list of JARs that were scanned but no TLDs were found in them. Skipping unneeded JARs during scanning can improve startup time and JSP compilation time.
juil. 24, 2015 11:16:08 AM org.apache.catalina.core.StandardContext reload
INFO: Reloading Context with name [/CrudApp] is completed
juil. 24, 2015 11:16:13 AM org.apache.catalina.core.StandardContext reload
INFO: Reloading Context with name [/CrudApp] has started
juil. 24, 2015 11:16:14 AM org.apache.catalina.startup.TldConfig execute
INFO: At least one JAR was scanned for TLDs yet contained no TLDs. Enable debug logging for this logger for a complete list of JARs that were scanned but no TLDs were found in them. Skipping unneeded JARs during scanning can improve startup time and JSP compilation time.
juil. 24, 2015 11:16:14 AM org.apache.catalina.core.StandardContext reload
INFO: Reloading Context with name [/CrudApp] is completed
juil. 24, 2015 11:16:21 AM org.apache.catalina.core.StandardContext reload
INFO: Reloading Context with name [/CrudApp] has started
juil. 24, 2015 11:16:21 AM org.apache.catalina.startup.TldConfig execute
INFO: At least one JAR was scanned for TLDs yet contained no TLDs. Enable debug logging for this logger for a complete list of JARs that were scanned but no TLDs were found in them. Skipping unneeded JARs during scanning can improve startup time and JSP compilation time.
juil. 24, 2015 11:16:21 AM org.apache.catalina.core.StandardContext reload
INFO: Reloading Context with name [/CrudApp] is completed
juil. 24, 2015 11:21:23 AM org.apache.catalina.core.StandardContext reload
INFO: Reloading Context with name [/CrudApp] has started
juil. 24, 2015 11:21:23 AM org.apache.catalina.loader.WebappClassLoader clearReferencesJdbc
SEVERE: The web application [/CrudApp] registered the JDBC driver [com.microsoft.sqlserver.jdbc.SQLServerDriver] but failed to unregister it when the web application was stopped. To prevent a memory leak, the JDBC Driver has been forcibly unregistered.
juil. 24, 2015 11:21:23 AM org.apache.catalina.startup.TldConfig execute
INFO: At least one JAR was scanned for TLDs yet contained no TLDs. Enable debug logging for this logger for a complete list of JARs that were scanned but no TLDs were found in them. Skipping unneeded JARs during scanning can improve startup time and JSP compilation time.
juil. 24, 2015 11:21:23 AM org.apache.catalina.core.StandardContext reload
INFO: Reloading Context with name [/CrudApp] is completed
juil. 24, 2015 11:21:24 AM org.apache.catalina.core.StandardContext reload
INFO: Reloading Context with name [/CrudApp] has started
juil. 24, 2015 11:21:25 AM org.apache.catalina.startup.TldConfig execute
INFO: At least one JAR was scanned for TLDs yet contained no TLDs. Enable debug logging for this logger for a complete list of JARs that were scanned but no TLDs were found in them. Skipping unneeded JARs during scanning can improve startup time and JSP compilation time.
juil. 24, 2015 11:21:25 AM org.apache.catalina.core.StandardContext reload
INFO: Reloading Context with name [/CrudApp] is completed
juil. 24, 2015 11:21:41 AM org.apache.catalina.core.StandardContext reload
INFO: Reloading Context with name [/CrudApp] has started
juil. 24, 2015 11:21:42 AM org.apache.catalina.startup.TldConfig execute
INFO: At least one JAR was scanned for TLDs yet contained no TLDs. Enable debug logging for this logger for a complete list of JARs that were scanned but no TLDs were found in them. Skipping unneeded JARs during scanning can improve startup time and JSP compilation time.
juil. 24, 2015 11:21:42 AM org.apache.catalina.core.StandardContext reload
INFO: Reloading Context with name [/CrudApp] is completed
juil. 24, 2015 11:22:42 AM org.apache.catalina.core.StandardContext reload
INFO: Reloading Context with name [/CrudApp] has started
juil. 24, 2015 11:22:42 AM org.apache.catalina.startup.TldConfig execute
INFO: At least one JAR was scanned for TLDs yet contained no TLDs. Enable debug logging for this logger for a complete list of JARs that were scanned but no TLDs were found in them. Skipping unneeded JARs during scanning can improve startup time and JSP compilation time.
juil. 24, 2015 11:22:42 AM org.apache.catalina.core.StandardContext reload
INFO: Reloading Context with name [/CrudApp] is completed
juil. 24, 2015 11:22:51 AM org.apache.catalina.core.StandardContext reload
INFO: Reloading Context with name [/CrudApp] has started
juil. 24, 2015 11:22:51 AM org.apache.catalina.startup.TldConfig execute
INFO: At least one JAR was scanned for TLDs yet contained no TLDs. Enable debug logging for this logger for a complete list of JARs that were scanned but no TLDs were found in them. Skipping unneeded JARs during scanning can improve startup time and JSP compilation time.
juil. 24, 2015 11:22:51 AM org.apache.catalina.core.StandardContext reload
INFO: Reloading Context with name [/CrudApp] is completed
juil. 24, 2015 11:23:30 AM org.apache.catalina.core.StandardContext reload
INFO: Reloading Context with name [/CrudApp] has started
juil. 24, 2015 11:23:31 AM org.apache.catalina.startup.TldConfig execute
INFO: At least one JAR was scanned for TLDs yet contained no TLDs. Enable debug logging for this logger for a complete list of JARs that were scanned but no TLDs were found in them. Skipping unneeded JARs during scanning can improve startup time and JSP compilation time.
juil. 24, 2015 11:23:31 AM org.apache.catalina.core.StandardContext reload
INFO: Reloading Context with name [/CrudApp] is completed
juil. 24, 2015 11:24:09 AM org.apache.catalina.core.StandardContext reload
INFO: Reloading Context with name [/CrudApp] has started
juil. 24, 2015 11:24:09 AM org.apache.catalina.startup.TldConfig execute
INFO: At least one JAR was scanned for TLDs yet contained no TLDs. Enable debug logging for this logger for a complete list of JARs that were scanned but no TLDs were found in them. Skipping unneeded JARs during scanning can improve startup time and JSP compilation time.
juil. 24, 2015 11:24:09 AM org.apache.catalina.core.StandardContext reload
INFO: Reloading Context with name [/CrudApp] is completed
juil. 24, 2015 11:24:22 AM org.apache.catalina.core.StandardContext reload
INFO: Reloading Context with name [/CrudApp] has started
juil. 24, 2015 11:24:22 AM org.apache.catalina.startup.TldConfig execute
INFO: At least one JAR was scanned for TLDs yet contained no TLDs. Enable debug logging for this logger for a complete list of JARs that were scanned but no TLDs were found in them. Skipping unneeded JARs during scanning can improve startup time and JSP compilation time.
juil. 24, 2015 11:24:22 AM org.apache.catalina.core.StandardContext reload
INFO: Reloading Context with name [/CrudApp] is completed
juil. 24, 2015 11:24:32 AM org.apache.catalina.core.StandardContext reload
INFO: Reloading Context with name [/CrudApp] has started
juil. 24, 2015 11:24:32 AM org.apache.catalina.startup.TldConfig execute
INFO: At least one JAR was scanned for TLDs yet contained no TLDs. Enable debug logging for this logger for a complete list of JARs that were scanned but no TLDs were found in them. Skipping unneeded JARs during scanning can improve startup time and JSP compilation time.
juil. 24, 2015 11:24:32 AM org.apache.catalina.core.StandardContext reload
INFO: Reloading Context with name [/CrudApp] is completed
juil. 24, 2015 11:25:42 AM org.apache.catalina.core.StandardContext reload
INFO: Reloading Context with name [/CrudApp] has started
juil. 24, 2015 11:25:42 AM org.apache.catalina.loader.WebappClassLoader clearReferencesJdbc
SEVERE: The web application [/CrudApp] registered the JDBC driver [com.microsoft.sqlserver.jdbc.SQLServerDriver] but failed to unregister it when the web application was stopped. To prevent a memory leak, the JDBC Driver has been forcibly unregistered.
juil. 24, 2015 11:25:43 AM org.apache.catalina.startup.TldConfig execute
INFO: At least one JAR was scanned for TLDs yet contained no TLDs. Enable debug logging for this logger for a complete list of JARs that were scanned but no TLDs were found in them. Skipping unneeded JARs during scanning can improve startup time and JSP compilation time.
juil. 24, 2015 11:25:43 AM org.apache.catalina.core.StandardContext reload
INFO: Reloading Context with name [/CrudApp] is completed
juil. 24, 2015 11:26:23 AM org.apache.catalina.loader.WebappClassLoader clearReferencesJdbc
SEVERE: The web application [/CrudApp] registered the JDBC driver [com.microsoft.sqlserver.jdbc.SQLServerDriver] but failed to unregister it when the web application was stopped. To prevent a memory leak, the JDBC Driver has been forcibly unregistered.
juil. 24, 2015 11:26:23 AM org.apache.catalina.startup.HostConfig undeploy
INFO: Undeploying context [/CrudApp]
juil. 24, 2015 11:29:26 AM org.apache.catalina.startup.HostConfig deployDescriptor
INFO: Deploying configuration descriptor C:\apache-tomcat-7.0.62\conf\Catalina\localhost\CrudApp.xml
juil. 24, 2015 11:29:27 AM org.apache.catalina.startup.TldConfig execute
INFO: At least one JAR was scanned for TLDs yet contained no TLDs. Enable debug logging for this logger for a complete list of JARs that were scanned but no TLDs were found in them. Skipping unneeded JARs during scanning can improve startup time and JSP compilation time.
juil. 24, 2015 11:29:27 AM org.apache.catalina.startup.HostConfig deployDescriptor
INFO: Deployment of configuration descriptor C:\apache-tomcat-7.0.62\conf\Catalina\localhost\CrudApp.xml has finished in 475 ms
juil. 24, 2015 11:29:27 AM org.apache.catalina.util.LifecycleBase start
INFO: The start() method was called on component [StandardEngine[Catalina].StandardHost[localhost].StandardContext[/CrudApp]] after start() had already been called. The second call will be ignored.
juil. 24, 2015 11:30:59 AM org.apache.catalina.core.StandardContext reload
INFO: Reloading Context with name [/CrudApp] has started
juil. 24, 2015 11:30:59 AM org.apache.catalina.loader.WebappClassLoader clearReferencesJdbc
SEVERE: The web application [/CrudApp] registered the JDBC driver [com.microsoft.sqlserver.jdbc.SQLServerDriver] but failed to unregister it when the web application was stopped. To prevent a memory leak, the JDBC Driver has been forcibly unregistered.
juil. 24, 2015 11:30:59 AM org.apache.catalina.loader.WebappClassLoader checkThreadLocalMapForLeaks
SEVERE: The web application [/CrudApp] created a ThreadLocal with key of type [com.microsoft.sqlserver.jdbc.ActivityCorrelator$1] (value [com.microsoft.sqlserver.jdbc.ActivityCorrelator$1@53f558c6]) and a value of type [com.microsoft.sqlserver.jdbc.ActivityId] (value [51f2657c-86cf-4fc1-98aa-e7b857b6b897-1]) but failed to remove it when the web application was stopped. Threads are going to be renewed over time to try and avoid a probable memory leak.
juil. 24, 2015 11:30:59 AM org.apache.catalina.startup.TldConfig execute
INFO: At least one JAR was scanned for TLDs yet contained no TLDs. Enable debug logging for this logger for a complete list of JARs that were scanned but no TLDs were found in them. Skipping unneeded JARs during scanning can improve startup time and JSP compilation time.
juil. 24, 2015 11:30:59 AM org.apache.catalina.core.StandardContext reload
INFO: Reloading Context with name [/CrudApp] is completed
juil. 24, 2015 11:31:00 AM org.apache.catalina.core.StandardContext reload
INFO: Reloading Context with name [/CrudApp] has started
juil. 24, 2015 11:31:00 AM org.apache.catalina.startup.TldConfig execute
INFO: At least one JAR was scanned for TLDs yet contained no TLDs. Enable debug logging for this logger for a complete list of JARs that were scanned but no TLDs were found in them. Skipping unneeded JARs during scanning can improve startup time and JSP compilation time.
juil. 24, 2015 11:31:00 AM org.apache.catalina.core.StandardContext reload
INFO: Reloading Context with name [/CrudApp] is completed
juil. 24, 2015 11:31:30 AM org.apache.catalina.loader.WebappClassLoader clearReferencesJdbc
SEVERE: The web application [/CrudApp] registered the JDBC driver [com.microsoft.sqlserver.jdbc.SQLServerDriver] but failed to unregister it when the web application was stopped. To prevent a memory leak, the JDBC Driver has been forcibly unregistered.
juil. 24, 2015 11:31:31 AM org.apache.catalina.startup.HostConfig undeploy
INFO: Undeploying context [/CrudApp]
juil. 24, 2015 11:31:35 AM org.apache.catalina.startup.HostConfig deployDescriptor
INFO: Deploying configuration descriptor C:\apache-tomcat-7.0.62\conf\Catalina\localhost\CrudApp.xml
juil. 24, 2015 11:31:36 AM org.apache.catalina.startup.TldConfig execute
INFO: At least one JAR was scanned for TLDs yet contained no TLDs. Enable debug logging for this logger for a complete list of JARs that were scanned but no TLDs were found in them. Skipping unneeded JARs during scanning can improve startup time and JSP compilation time.
juil. 24, 2015 11:31:36 AM org.apache.catalina.startup.HostConfig deployDescriptor
INFO: Deployment of configuration descriptor C:\apache-tomcat-7.0.62\conf\Catalina\localhost\CrudApp.xml has finished in 448 ms
juil. 24, 2015 11:31:36 AM org.apache.catalina.util.LifecycleBase start
INFO: The start() method was called on component [StandardEngine[Catalina].StandardHost[localhost].StandardContext[/CrudApp]] after start() had already been called. The second call will be ignored.
juil. 24, 2015 11:32:40 AM org.apache.catalina.core.StandardContext reload
INFO: Reloading Context with name [/CrudApp] has started
juil. 24, 2015 11:32:40 AM org.apache.catalina.loader.WebappClassLoader clearReferencesJdbc
SEVERE: The web application [/CrudApp] registered the JDBC driver [com.microsoft.sqlserver.jdbc.SQLServerDriver] but failed to unregister it when the web application was stopped. To prevent a memory leak, the JDBC Driver has been forcibly unregistered.
juil. 24, 2015 11:32:40 AM org.apache.catalina.startup.TldConfig execute
INFO: At least one JAR was scanned for TLDs yet contained no TLDs. Enable debug logging for this logger for a complete list of JARs that were scanned but no TLDs were found in them. Skipping unneeded JARs during scanning can improve startup time and JSP compilation time.
juil. 24, 2015 11:32:40 AM org.apache.catalina.core.StandardContext reload
INFO: Reloading Context with name [/CrudApp] is completed
juil. 24, 2015 11:33:07 AM org.apache.catalina.core.StandardContext reload
INFO: Reloading Context with name [/CrudApp] has started
juil. 24, 2015 11:33:07 AM org.apache.catalina.startup.TldConfig execute
INFO: At least one JAR was scanned for TLDs yet contained no TLDs. Enable debug logging for this logger for a complete list of JARs that were scanned but no TLDs were found in them. Skipping unneeded JARs during scanning can improve startup time and JSP compilation time.
juil. 24, 2015 11:33:07 AM org.apache.catalina.core.StandardContext reload
INFO: Reloading Context with name [/CrudApp] is completed
juil. 24, 2015 11:38:28 AM org.apache.catalina.core.StandardContext reload
INFO: Reloading Context with name [/CrudApp] has started
juil. 24, 2015 11:38:28 AM org.apache.catalina.loader.WebappClassLoader clearReferencesJdbc
SEVERE: The web application [/CrudApp] registered the JDBC driver [com.microsoft.sqlserver.jdbc.SQLServerDriver] but failed to unregister it when the web application was stopped. To prevent a memory leak, the JDBC Driver has been forcibly unregistered.
juil. 24, 2015 11:38:28 AM org.apache.catalina.startup.TldConfig execute
INFO: At least one JAR was scanned for TLDs yet contained no TLDs. Enable debug logging for this logger for a complete list of JARs that were scanned but no TLDs were found in them. Skipping unneeded JARs during scanning can improve startup time and JSP compilation time.
juil. 24, 2015 11:38:28 AM org.apache.catalina.core.StandardContext reload
INFO: Reloading Context with name [/CrudApp] is completed
juil. 24, 2015 11:38:54 AM org.apache.catalina.core.StandardContext reload
INFO: Reloading Context with name [/CrudApp] has started
juil. 24, 2015 11:38:55 AM org.apache.catalina.startup.TldConfig execute
INFO: At least one JAR was scanned for TLDs yet contained no TLDs. Enable debug logging for this logger for a complete list of JARs that were scanned but no TLDs were found in them. Skipping unneeded JARs during scanning can improve startup time and JSP compilation time.
juil. 24, 2015 11:38:55 AM org.apache.catalina.core.StandardContext reload
INFO: Reloading Context with name [/CrudApp] is completed
juil. 24, 2015 11:40:36 AM org.apache.catalina.core.StandardContext reload
INFO: Reloading Context with name [/CrudApp] has started
juil. 24, 2015 11:40:37 AM org.apache.catalina.startup.TldConfig execute
INFO: At least one JAR was scanned for TLDs yet contained no TLDs. Enable debug logging for this logger for a complete list of JARs that were scanned but no TLDs were found in them. Skipping unneeded JARs during scanning can improve startup time and JSP compilation time.
juil. 24, 2015 11:40:37 AM org.apache.catalina.core.StandardContext reload
INFO: Reloading Context with name [/CrudApp] is completed
juil. 24, 2015 11:40:53 AM org.apache.catalina.core.StandardContext reload
INFO: Reloading Context with name [/CrudApp] has started
juil. 24, 2015 11:40:54 AM org.apache.catalina.startup.TldConfig execute
INFO: At least one JAR was scanned for TLDs yet contained no TLDs. Enable debug logging for this logger for a complete list of JARs that were scanned but no TLDs were found in them. Skipping unneeded JARs during scanning can improve startup time and JSP compilation time.
juil. 24, 2015 11:40:54 AM org.apache.catalina.core.StandardContext reload
INFO: Reloading Context with name [/CrudApp] is completed
juil. 24, 2015 11:40:56 AM org.apache.catalina.core.StandardContext reload
INFO: Reloading Context with name [/CrudApp] has started
juil. 24, 2015 11:40:56 AM org.apache.catalina.startup.TldConfig execute
INFO: At least one JAR was scanned for TLDs yet contained no TLDs. Enable debug logging for this logger for a complete list of JARs that were scanned but no TLDs were found in them. Skipping unneeded JARs during scanning can improve startup time and JSP compilation time.
juil. 24, 2015 11:40:56 AM org.apache.catalina.core.StandardContext reload
INFO: Reloading Context with name [/CrudApp] is completed
juil. 24, 2015 11:42:13 AM org.apache.catalina.core.StandardContext reload
INFO: Reloading Context with name [/CrudApp] has started
juil. 24, 2015 11:42:13 AM org.apache.catalina.startup.TldConfig execute
INFO: At least one JAR was scanned for TLDs yet contained no TLDs. Enable debug logging for this logger for a complete list of JARs that were scanned but no TLDs were found in them. Skipping unneeded JARs during scanning can improve startup time and JSP compilation time.
juil. 24, 2015 11:42:13 AM org.apache.catalina.core.StandardContext reload
INFO: Reloading Context with name [/CrudApp] is completed
juil. 24, 2015 11:42:19 AM org.apache.catalina.core.StandardContext reload
INFO: Reloading Context with name [/CrudApp] has started
juil. 24, 2015 11:42:19 AM org.apache.catalina.startup.TldConfig execute
INFO: At least one JAR was scanned for TLDs yet contained no TLDs. Enable debug logging for this logger for a complete list of JARs that were scanned but no TLDs were found in them. Skipping unneeded JARs during scanning can improve startup time and JSP compilation time.
juil. 24, 2015 11:42:19 AM org.apache.catalina.core.StandardContext reload
INFO: Reloading Context with name [/CrudApp] is completed
juil. 24, 2015 11:42:34 AM org.apache.catalina.core.StandardContext reload
INFO: Reloading Context with name [/CrudApp] has started
juil. 24, 2015 11:42:34 AM org.apache.catalina.startup.TldConfig execute
INFO: At least one JAR was scanned for TLDs yet contained no TLDs. Enable debug logging for this logger for a complete list of JARs that were scanned but no TLDs were found in them. Skipping unneeded JARs during scanning can improve startup time and JSP compilation time.
juil. 24, 2015 11:42:34 AM org.apache.catalina.core.StandardContext reload
INFO: Reloading Context with name [/CrudApp] is completed
juil. 24, 2015 11:43:04 AM org.apache.catalina.core.StandardContext reload
INFO: Reloading Context with name [/CrudApp] has started
juil. 24, 2015 11:43:05 AM org.apache.catalina.startup.TldConfig execute
INFO: At least one JAR was scanned for TLDs yet contained no TLDs. Enable debug logging for this logger for a complete list of JARs that were scanned but no TLDs were found in them. Skipping unneeded JARs during scanning can improve startup time and JSP compilation time.
juil. 24, 2015 11:43:05 AM org.apache.catalina.core.StandardContext reload
INFO: Reloading Context with name [/CrudApp] is completed
juil. 24, 2015 11:43:10 AM org.apache.catalina.core.StandardContext reload
INFO: Reloading Context with name [/CrudApp] has started
juil. 24, 2015 11:43:11 AM org.apache.catalina.startup.TldConfig execute
INFO: At least one JAR was scanned for TLDs yet contained no TLDs. Enable debug logging for this logger for a complete list of JARs that were scanned but no TLDs were found in them. Skipping unneeded JARs during scanning can improve startup time and JSP compilation time.
juil. 24, 2015 11:43:11 AM org.apache.catalina.core.StandardContext reload
INFO: Reloading Context with name [/CrudApp] is completed
juil. 24, 2015 11:44:34 AM org.apache.catalina.core.StandardContext reload
INFO: Reloading Context with name [/CrudApp] has started
juil. 24, 2015 11:44:35 AM org.apache.catalina.startup.TldConfig execute
INFO: At least one JAR was scanned for TLDs yet contained no TLDs. Enable debug logging for this logger for a complete list of JARs that were scanned but no TLDs were found in them. Skipping unneeded JARs during scanning can improve startup time and JSP compilation time.
juil. 24, 2015 11:44:35 AM org.apache.catalina.core.StandardContext reload
INFO: Reloading Context with name [/CrudApp] is completed
juil. 24, 2015 11:44:52 AM org.apache.catalina.core.StandardContext reload
INFO: Reloading Context with name [/CrudApp] has started
juil. 24, 2015 11:44:52 AM org.apache.catalina.startup.TldConfig execute
INFO: At least one JAR was scanned for TLDs yet contained no TLDs. Enable debug logging for this logger for a complete list of JARs that were scanned but no TLDs were found in them. Skipping unneeded JARs during scanning can improve startup time and JSP compilation time.
juil. 24, 2015 11:44:52 AM org.apache.catalina.core.StandardContext reload
INFO: Reloading Context with name [/CrudApp] is completed
juil. 24, 2015 11:45:08 AM org.apache.catalina.core.StandardContext reload
INFO: Reloading Context with name [/CrudApp] has started
juil. 24, 2015 11:45:08 AM org.apache.catalina.startup.TldConfig execute
INFO: At least one JAR was scanned for TLDs yet contained no TLDs. Enable debug logging for this logger for a complete list of JARs that were scanned but no TLDs were found in them. Skipping unneeded JARs during scanning can improve startup time and JSP compilation time.
juil. 24, 2015 11:45:08 AM org.apache.catalina.core.StandardContext reload
INFO: Reloading Context with name [/CrudApp] is completed
juil. 24, 2015 11:45:23 AM org.apache.catalina.core.StandardContext reload
INFO: Reloading Context with name [/CrudApp] has started
juil. 24, 2015 11:45:23 AM org.apache.catalina.startup.TldConfig execute
INFO: At least one JAR was scanned for TLDs yet contained no TLDs. Enable debug logging for this logger for a complete list of JARs that were scanned but no TLDs were found in them. Skipping unneeded JARs during scanning can improve startup time and JSP compilation time.
juil. 24, 2015 11:45:23 AM org.apache.catalina.core.StandardContext reload
INFO: Reloading Context with name [/CrudApp] is completed
juil. 24, 2015 11:46:43 AM org.apache.catalina.core.StandardContext reload
INFO: Reloading Context with name [/CrudApp] has started
juil. 24, 2015 11:46:44 AM org.apache.catalina.startup.TldConfig execute
INFO: At least one JAR was scanned for TLDs yet contained no TLDs. Enable debug logging for this logger for a complete list of JARs that were scanned but no TLDs were found in them. Skipping unneeded JARs during scanning can improve startup time and JSP compilation time.
juil. 24, 2015 11:46:44 AM org.apache.catalina.core.StandardContext reload
INFO: Reloading Context with name [/CrudApp] is completed
juil. 24, 2015 11:46:59 AM org.apache.catalina.core.StandardContext reload
INFO: Reloading Context with name [/CrudApp] has started
juil. 24, 2015 11:47:00 AM org.apache.catalina.startup.TldConfig execute
INFO: At least one JAR was scanned for TLDs yet contained no TLDs. Enable debug logging for this logger for a complete list of JARs that were scanned but no TLDs were found in them. Skipping unneeded JARs during scanning can improve startup time and JSP compilation time.
juil. 24, 2015 11:47:00 AM org.apache.catalina.core.StandardContext reload
INFO: Reloading Context with name [/CrudApp] is completed
juil. 24, 2015 11:47:36 AM org.apache.catalina.core.StandardContext reload
INFO: Reloading Context with name [/CrudApp] has started
juil. 24, 2015 11:47:37 AM org.apache.catalina.startup.TldConfig execute
INFO: At least one JAR was scanned for TLDs yet contained no TLDs. Enable debug logging for this logger for a complete list of JARs that were scanned but no TLDs were found in them. Skipping unneeded JARs during scanning can improve startup time and JSP compilation time.
juil. 24, 2015 11:47:37 AM org.apache.catalina.core.StandardContext reload
INFO: Reloading Context with name [/CrudApp] is completed
juil. 24, 2015 11:49:02 AM org.apache.catalina.core.StandardContext reload
INFO: Reloading Context with name [/CrudApp] has started
juil. 24, 2015 11:49:03 AM org.apache.catalina.startup.TldConfig execute
INFO: At least one JAR was scanned for TLDs yet contained no TLDs. Enable debug logging for this logger for a complete list of JARs that were scanned but no TLDs were found in them. Skipping unneeded JARs during scanning can improve startup time and JSP compilation time.
juil. 24, 2015 11:49:03 AM org.apache.catalina.core.StandardContext reload
INFO: Reloading Context with name [/CrudApp] is completed
juil. 24, 2015 11:49:17 AM org.apache.catalina.core.StandardContext reload
INFO: Reloading Context with name [/CrudApp] has started
juil. 24, 2015 11:49:17 AM org.apache.catalina.startup.TldConfig execute
INFO: At least one JAR was scanned for TLDs yet contained no TLDs. Enable debug logging for this logger for a complete list of JARs that were scanned but no TLDs were found in them. Skipping unneeded JARs during scanning can improve startup time and JSP compilation time.
juil. 24, 2015 11:49:17 AM org.apache.catalina.core.StandardContext reload
INFO: Reloading Context with name [/CrudApp] is completed
juil. 24, 2015 11:54:10 AM org.apache.catalina.core.StandardContext reload
INFO: Reloading Context with name [/CrudApp] has started
juil. 24, 2015 11:54:10 AM org.apache.catalina.startup.TldConfig execute
INFO: At least one JAR was scanned for TLDs yet contained no TLDs. Enable debug logging for this logger for a complete list of JARs that were scanned but no TLDs were found in them. Skipping unneeded JARs during scanning can improve startup time and JSP compilation time.
juil. 24, 2015 11:54:10 AM org.apache.catalina.core.StandardContext reload
INFO: Reloading Context with name [/CrudApp] is completed
juil. 24, 2015 11:54:10 AM org.apache.catalina.core.StandardContext reload
INFO: Reloading Context with name [/CrudApp] has started
juil. 24, 2015 11:54:11 AM org.apache.catalina.startup.TldConfig execute
INFO: At least one JAR was scanned for TLDs yet contained no TLDs. Enable debug logging for this logger for a complete list of JARs that were scanned but no TLDs were found in them. Skipping unneeded JARs during scanning can improve startup time and JSP compilation time.
juil. 24, 2015 11:54:11 AM org.apache.catalina.core.StandardContext reload
INFO: Reloading Context with name [/CrudApp] is completed
juil. 24, 2015 11:54:16 AM org.apache.catalina.core.StandardContext reload
INFO: Reloading Context with name [/CrudApp] has started
juil. 24, 2015 11:54:16 AM org.apache.catalina.startup.TldConfig execute
INFO: At least one JAR was scanned for TLDs yet contained no TLDs. Enable debug logging for this logger for a complete list of JARs that were scanned but no TLDs were found in them. Skipping unneeded JARs during scanning can improve startup time and JSP compilation time.
juil. 24, 2015 11:54:16 AM org.apache.catalina.core.StandardContext reload
INFO: Reloading Context with name [/CrudApp] is completed
juil. 24, 2015 11:55:03 AM org.apache.catalina.core.StandardContext reload
INFO: Reloading Context with name [/CrudApp] has started
juil. 24, 2015 11:55:03 AM org.apache.catalina.startup.TldConfig execute
INFO: At least one JAR was scanned for TLDs yet contained no TLDs. Enable debug logging for this logger for a complete list of JARs that were scanned but no TLDs were found in them. Skipping unneeded JARs during scanning can improve startup time and JSP compilation time.
juil. 24, 2015 11:55:03 AM org.apache.catalina.core.StandardContext reload
INFO: Reloading Context with name [/CrudApp] is completed
juil. 24, 2015 11:56:03 AM org.apache.catalina.core.StandardContext reload
INFO: Reloading Context with name [/CrudApp] has started
juil. 24, 2015 11:56:03 AM org.apache.catalina.startup.TldConfig execute
INFO: At least one JAR was scanned for TLDs yet contained no TLDs. Enable debug logging for this logger for a complete list of JARs that were scanned but no TLDs were found in them. Skipping unneeded JARs during scanning can improve startup time and JSP compilation time.
juil. 24, 2015 11:56:03 AM org.apache.catalina.core.StandardContext reload
INFO: Reloading Context with name [/CrudApp] is completed
juil. 24, 2015 11:56:40 AM org.apache.catalina.core.StandardContext reload
INFO: Reloading Context with name [/CrudApp] has started
juil. 24, 2015 11:56:40 AM org.apache.catalina.startup.TldConfig execute
INFO: At least one JAR was scanned for TLDs yet contained no TLDs. Enable debug logging for this logger for a complete list of JARs that were scanned but no TLDs were found in them. Skipping unneeded JARs during scanning can improve startup time and JSP compilation time.
juil. 24, 2015 11:56:40 AM org.apache.catalina.core.StandardContext reload
INFO: Reloading Context with name [/CrudApp] is completed
juil. 24, 2015 11:56:42 AM org.apache.catalina.core.StandardContext reload
INFO: Reloading Context with name [/CrudApp] has started
juil. 24, 2015 11:56:43 AM org.apache.catalina.startup.TldConfig execute
INFO: At least one JAR was scanned for TLDs yet contained no TLDs. Enable debug logging for this logger for a complete list of JARs that were scanned but no TLDs were found in them. Skipping unneeded JARs during scanning can improve startup time and JSP compilation time.
juil. 24, 2015 11:56:43 AM org.apache.catalina.core.StandardContext reload
INFO: Reloading Context with name [/CrudApp] is completed
juil. 24, 2015 11:57:21 AM org.apache.catalina.core.StandardContext reload
INFO: Reloading Context with name [/CrudApp] has started
juil. 24, 2015 11:57:21 AM org.apache.catalina.startup.TldConfig execute
INFO: At least one JAR was scanned for TLDs yet contained no TLDs. Enable debug logging for this logger for a complete list of JARs that were scanned but no TLDs were found in them. Skipping unneeded JARs during scanning can improve startup time and JSP compilation time.
juil. 24, 2015 11:57:21 AM org.apache.catalina.core.StandardContext reload
INFO: Reloading Context with name [/CrudApp] is completed
juil. 24, 2015 11:57:33 AM org.apache.catalina.core.StandardContext reload
INFO: Reloading Context with name [/CrudApp] has started
juil. 24, 2015 11:57:34 AM org.apache.catalina.startup.TldConfig execute
INFO: At least one JAR was scanned for TLDs yet contained no TLDs. Enable debug logging for this logger for a complete list of JARs that were scanned but no TLDs were found in them. Skipping unneeded JARs during scanning can improve startup time and JSP compilation time.
juil. 24, 2015 11:57:34 AM org.apache.catalina.core.StandardContext reload
INFO: Reloading Context with name [/CrudApp] is completed
juil. 24, 2015 11:57:40 AM org.apache.catalina.core.StandardContext reload
INFO: Reloading Context with name [/CrudApp] has started
juil. 24, 2015 11:57:40 AM org.apache.catalina.startup.TldConfig execute
INFO: At least one JAR was scanned for TLDs yet contained no TLDs. Enable debug logging for this logger for a complete list of JARs that were scanned but no TLDs were found in them. Skipping unneeded JARs during scanning can improve startup time and JSP compilation time.
juil. 24, 2015 11:57:40 AM org.apache.catalina.core.StandardContext reload
INFO: Reloading Context with name [/CrudApp] is completed
juil. 24, 2015 11:57:58 AM org.apache.catalina.core.StandardContext reload
INFO: Reloading Context with name [/CrudApp] has started
juil. 24, 2015 11:57:58 AM org.apache.catalina.startup.TldConfig execute
INFO: At least one JAR was scanned for TLDs yet contained no TLDs. Enable debug logging for this logger for a complete list of JARs that were scanned but no TLDs were found in them. Skipping unneeded JARs during scanning can improve startup time and JSP compilation time.
juil. 24, 2015 11:57:58 AM org.apache.catalina.core.StandardContext reload
INFO: Reloading Context with name [/CrudApp] is completed
juil. 24, 2015 11:58:08 AM org.apache.catalina.core.StandardContext reload
INFO: Reloading Context with name [/CrudApp] has started
juil. 24, 2015 11:58:09 AM org.apache.catalina.startup.TldConfig execute
INFO: At least one JAR was scanned for TLDs yet contained no TLDs. Enable debug logging for this logger for a complete list of JARs that were scanned but no TLDs were found in them. Skipping unneeded JARs during scanning can improve startup time and JSP compilation time.
juil. 24, 2015 11:58:09 AM org.apache.catalina.core.StandardContext reload
INFO: Reloading Context with name [/CrudApp] is completed
juil. 24, 2015 11:59:21 AM org.apache.catalina.core.StandardContext reload
INFO: Reloading Context with name [/CrudApp] has started
juil. 24, 2015 11:59:22 AM org.apache.catalina.startup.TldConfig execute
INFO: At least one JAR was scanned for TLDs yet contained no TLDs. Enable debug logging for this logger for a complete list of JARs that were scanned but no TLDs were found in them. Skipping unneeded JARs during scanning can improve startup time and JSP compilation time.
juil. 24, 2015 11:59:22 AM org.apache.catalina.core.StandardContext reload
INFO: Reloading Context with name [/CrudApp] is completed
juil. 24, 2015 11:59:39 AM org.apache.catalina.core.StandardContext reload
INFO: Reloading Context with name [/CrudApp] has started
juil. 24, 2015 11:59:40 AM org.apache.catalina.startup.TldConfig execute
INFO: At least one JAR was scanned for TLDs yet contained no TLDs. Enable debug logging for this logger for a complete list of JARs that were scanned but no TLDs were found in them. Skipping unneeded JARs during scanning can improve startup time and JSP compilation time.
juil. 24, 2015 11:59:40 AM org.apache.catalina.core.StandardContext reload
INFO: Reloading Context with name [/CrudApp] is completed
juil. 24, 2015 11:59:46 AM org.apache.catalina.core.StandardContext reload
INFO: Reloading Context with name [/CrudApp] has started
juil. 24, 2015 11:59:47 AM org.apache.catalina.startup.TldConfig execute
INFO: At least one JAR was scanned for TLDs yet contained no TLDs. Enable debug logging for this logger for a complete list of JARs that were scanned but no TLDs were found in them. Skipping unneeded JARs during scanning can improve startup time and JSP compilation time.
juil. 24, 2015 11:59:47 AM org.apache.catalina.core.StandardContext reload
INFO: Reloading Context with name [/CrudApp] is completed
juil. 24, 2015 12:00:37 PM org.apache.catalina.core.StandardContext reload
INFO: Reloading Context with name [/CrudApp] has started
juil. 24, 2015 12:00:37 PM org.apache.catalina.startup.TldConfig execute
INFO: At least one JAR was scanned for TLDs yet contained no TLDs. Enable debug logging for this logger for a complete list of JARs that were scanned but no TLDs were found in them. Skipping unneeded JARs during scanning can improve startup time and JSP compilation time.
juil. 24, 2015 12:00:37 PM org.apache.catalina.core.StandardContext reload
INFO: Reloading Context with name [/CrudApp] is completed
juil. 24, 2015 12:01:39 PM org.apache.catalina.core.StandardContext reload
INFO: Reloading Context with name [/CrudApp] has started
juil. 24, 2015 12:01:39 PM org.apache.catalina.startup.TldConfig execute
INFO: At least one JAR was scanned for TLDs yet contained no TLDs. Enable debug logging for this logger for a complete list of JARs that were scanned but no TLDs were found in them. Skipping unneeded JARs during scanning can improve startup time and JSP compilation time.
juil. 24, 2015 12:01:39 PM org.apache.catalina.core.StandardContext reload
INFO: Reloading Context with name [/CrudApp] is completed
juil. 24, 2015 12:01:53 PM org.apache.catalina.core.StandardContext reload
INFO: Reloading Context with name [/CrudApp] has started
juil. 24, 2015 12:01:53 PM org.apache.catalina.startup.TldConfig execute
INFO: At least one JAR was scanned for TLDs yet contained no TLDs. Enable debug logging for this logger for a complete list of JARs that were scanned but no TLDs were found in them. Skipping unneeded JARs during scanning can improve startup time and JSP compilation time.
juil. 24, 2015 12:01:53 PM org.apache.catalina.core.StandardContext reload
INFO: Reloading Context with name [/CrudApp] is completed
juil. 24, 2015 12:02:23 PM org.apache.catalina.core.StandardContext reload
INFO: Reloading Context with name [/CrudApp] has started
juil. 24, 2015 12:02:24 PM org.apache.catalina.startup.TldConfig execute
INFO: At least one JAR was scanned for TLDs yet contained no TLDs. Enable debug logging for this logger for a complete list of JARs that were scanned but no TLDs were found in them. Skipping unneeded JARs during scanning can improve startup time and JSP compilation time.
juil. 24, 2015 12:02:24 PM org.apache.catalina.core.StandardContext reload
INFO: Reloading Context with name [/CrudApp] is completed
juil. 24, 2015 12:04:02 PM org.apache.catalina.core.StandardContext reload
INFO: Reloading Context with name [/CrudApp] has started
juil. 24, 2015 12:04:02 PM org.apache.catalina.startup.TldConfig execute
INFO: At least one JAR was scanned for TLDs yet contained no TLDs. Enable debug logging for this logger for a complete list of JARs that were scanned but no TLDs were found in them. Skipping unneeded JARs during scanning can improve startup time and JSP compilation time.
juil. 24, 2015 12:04:02 PM org.apache.catalina.core.StandardContext reload
INFO: Reloading Context with name [/CrudApp] is completed
juil. 24, 2015 12:04:15 PM org.apache.catalina.core.StandardContext reload
INFO: Reloading Context with name [/CrudApp] has started
juil. 24, 2015 12:04:15 PM org.apache.catalina.startup.TldConfig execute
INFO: At least one JAR was scanned for TLDs yet contained no TLDs. Enable debug logging for this logger for a complete list of JARs that were scanned but no TLDs were found in them. Skipping unneeded JARs during scanning can improve startup time and JSP compilation time.
juil. 24, 2015 12:04:15 PM org.apache.catalina.core.StandardContext reload
INFO: Reloading Context with name [/CrudApp] is completed
juil. 24, 2015 12:05:17 PM org.apache.catalina.core.StandardContext reload
INFO: Reloading Context with name [/CrudApp] has started
juil. 24, 2015 12:05:18 PM org.apache.catalina.startup.TldConfig execute
INFO: At least one JAR was scanned for TLDs yet contained no TLDs. Enable debug logging for this logger for a complete list of JARs that were scanned but no TLDs were found in them. Skipping unneeded JARs during scanning can improve startup time and JSP compilation time.
juil. 24, 2015 12:05:18 PM org.apache.catalina.core.StandardContext reload
INFO: Reloading Context with name [/CrudApp] is completed
juil. 24, 2015 12:05:18 PM org.apache.catalina.core.StandardContext reload
INFO: Reloading Context with name [/CrudApp] has started
juil. 24, 2015 12:05:18 PM org.apache.catalina.startup.TldConfig execute
INFO: At least one JAR was scanned for TLDs yet contained no TLDs. Enable debug logging for this logger for a complete list of JARs that were scanned but no TLDs were found in them. Skipping unneeded JARs during scanning can improve startup time and JSP compilation time.
juil. 24, 2015 12:05:18 PM org.apache.catalina.core.StandardContext reload
INFO: Reloading Context with name [/CrudApp] is completed
juil. 24, 2015 12:05:18 PM org.apache.catalina.core.StandardContext reload
INFO: Reloading Context with name [/CrudApp] has started
juil. 24, 2015 12:05:19 PM org.apache.catalina.startup.TldConfig execute
INFO: At least one JAR was scanned for TLDs yet contained no TLDs. Enable debug logging for this logger for a complete list of JARs that were scanned but no TLDs were found in them. Skipping unneeded JARs during scanning can improve startup time and JSP compilation time.
juil. 24, 2015 12:05:19 PM org.apache.catalina.core.StandardContext reload
INFO: Reloading Context with name [/CrudApp] is completed
juil. 24, 2015 12:05:22 PM org.apache.catalina.core.StandardContext reload
INFO: Reloading Context with name [/CrudApp] has started
juil. 24, 2015 12:05:22 PM org.apache.catalina.startup.TldConfig execute
INFO: At least one JAR was scanned for TLDs yet contained no TLDs. Enable debug logging for this logger for a complete list of JARs that were scanned but no TLDs were found in them. Skipping unneeded JARs during scanning can improve startup time and JSP compilation time.
juil. 24, 2015 12:05:22 PM org.apache.catalina.core.StandardContext reload
INFO: Reloading Context with name [/CrudApp] is completed
juil. 24, 2015 12:05:24 PM org.apache.catalina.core.StandardContext reload
INFO: Reloading Context with name [/CrudApp] has started
juil. 24, 2015 12:05:24 PM org.apache.catalina.core.StandardContext reload
SEVERE: Exception starting Context with name [/CrudApp]
org.apache.catalina.LifecycleException: Failed to start component [StandardEngine[Catalina].StandardHost[localhost].StandardContext[/CrudApp]]
	at org.apache.catalina.util.LifecycleBase.start(LifecycleBase.java:154)
	at org.apache.catalina.core.StandardContext.reload(StandardContext.java:4033)
	at org.apache.catalina.manager.ManagerServlet.reload(ManagerServlet.java:1012)
	at org.apache.catalina.manager.ManagerServlet.doGet(ManagerServlet.java:381)
	at javax.servlet.http.HttpServlet.service(HttpServlet.java:624)
	at javax.servlet.http.HttpServlet.service(HttpServlet.java:731)
	at org.apache.catalina.core.ApplicationFilterChain.internalDoFilter(ApplicationFilterChain.java:303)
	at org.apache.catalina.core.ApplicationFilterChain.doFilter(ApplicationFilterChain.java:208)
	at org.apache.tomcat.websocket.server.WsFilter.doFilter(WsFilter.java:52)
	at org.apache.catalina.core.ApplicationFilterChain.internalDoFilter(ApplicationFilterChain.java:241)
	at org.apache.catalina.core.ApplicationFilterChain.doFilter(ApplicationFilterChain.java:208)
	at org.apache.catalina.filters.SetCharacterEncodingFilter.doFilter(SetCharacterEncodingFilter.java:108)
	at org.apache.catalina.core.ApplicationFilterChain.internalDoFilter(ApplicationFilterChain.java:241)
	at org.apache.catalina.core.ApplicationFilterChain.doFilter(ApplicationFilterChain.java:208)
	at org.apache.catalina.core.StandardWrapperValve.invoke(StandardWrapperValve.java:220)
	at org.apache.catalina.core.StandardContextValve.invoke(StandardContextValve.java:122)
	at org.apache.catalina.authenticator.AuthenticatorBase.invoke(AuthenticatorBase.java:614)
	at org.apache.catalina.core.StandardHostValve.invoke(StandardHostValve.java:170)
	at org.apache.catalina.valves.ErrorReportValve.invoke(ErrorReportValve.java:103)
	at org.apache.catalina.valves.AccessLogValve.invoke(AccessLogValve.java:957)
	at org.apache.catalina.core.StandardEngineValve.invoke(StandardEngineValve.java:116)
	at org.apache.catalina.connector.CoyoteAdapter.service(CoyoteAdapter.java:423)
	at org.apache.coyote.http11.AbstractHttp11Processor.process(AbstractHttp11Processor.java:1079)
	at org.apache.coyote.AbstractProtocol$AbstractConnectionHandler.process(AbstractProtocol.java:620)
	at org.apache.tomcat.util.net.JIoEndpoint$SocketProcessor.run(JIoEndpoint.java:318)
	at java.util.concurrent.ThreadPoolExecutor.runWorker(ThreadPoolExecutor.java:1145)
	at java.util.concurrent.ThreadPoolExecutor$Worker.run(ThreadPoolExecutor.java:615)
	at org.apache.tomcat.util.threads.TaskThread$WrappingRunnable.run(TaskThread.java:61)
	at java.lang.Thread.run(Thread.java:745)
Caused by: java.lang.NoClassDefFoundError: Ldao/PSTdao;
	at java.lang.Class.getDeclaredFields0(Native Method)
	at java.lang.Class.privateGetDeclaredFields(Class.java:2499)
	at java.lang.Class.getDeclaredFields(Class.java:1811)
	at org.apache.catalina.util.Introspection.getDeclaredFields(Introspection.java:106)
	at org.apache.catalina.startup.WebAnnotationSet.loadFieldsAnnotation(WebAnnotationSet.java:270)
	at org.apache.catalina.startup.WebAnnotationSet.loadApplicationServletAnnotations(WebAnnotationSet.java:139)
	at org.apache.catalina.startup.WebAnnotationSet.loadApplicationAnnotations(WebAnnotationSet.java:65)
	at org.apache.catalina.startup.ContextConfig.applicationAnnotationsConfig(ContextConfig.java:415)
	at org.apache.catalina.startup.ContextConfig.configureStart(ContextConfig.java:892)
	at org.apache.catalina.startup.ContextConfig.lifecycleEvent(ContextConfig.java:386)
	at org.apache.catalina.util.LifecycleSupport.fireLifecycleEvent(LifecycleSupport.java:117)
	at org.apache.catalina.util.LifecycleBase.fireLifecycleEvent(LifecycleBase.java:90)
	at org.apache.catalina.core.StandardContext.startInternal(StandardContext.java:5416)
	at org.apache.catalina.util.LifecycleBase.start(LifecycleBase.java:150)
	... 28 more
Caused by: java.lang.ClassNotFoundException: dao.PSTdao
	at org.apache.catalina.loader.WebappClassLoader.loadClass(WebappClassLoader.java:1720)
	at org.apache.catalina.loader.WebappClassLoader.loadClass(WebappClassLoader.java:1571)
	... 42 more

juil. 24, 2015 12:05:24 PM org.apache.catalina.core.StandardContext reload
INFO: Reloading Context with name [/CrudApp] is completed
juil. 24, 2015 12:05:46 PM org.apache.catalina.startup.HostConfig undeploy
INFO: Undeploying context [/CrudApp]
juil. 24, 2015 12:05:47 PM org.apache.catalina.startup.HostConfig deployDescriptor
INFO: Deploying configuration descriptor C:\apache-tomcat-7.0.62\conf\Catalina\localhost\CrudApp.xml
juil. 24, 2015 12:05:47 PM org.apache.catalina.startup.TldConfig execute
INFO: At least one JAR was scanned for TLDs yet contained no TLDs. Enable debug logging for this logger for a complete list of JARs that were scanned but no TLDs were found in them. Skipping unneeded JARs during scanning can improve startup time and JSP compilation time.
juil. 24, 2015 12:05:47 PM org.apache.catalina.startup.HostConfig deployDescriptor
INFO: Deployment of configuration descriptor C:\apache-tomcat-7.0.62\conf\Catalina\localhost\CrudApp.xml has finished in 399 ms
juil. 24, 2015 12:05:47 PM org.apache.catalina.util.LifecycleBase start
INFO: The start() method was called on component [StandardEngine[Catalina].StandardHost[localhost].StandardContext[/CrudApp]] after start() had already been called. The second call will be ignored.
juil. 24, 2015 12:06:04 PM org.apache.catalina.core.StandardContext reload
INFO: Reloading Context with name [/CrudApp] has started
juil. 24, 2015 12:06:05 PM org.apache.catalina.startup.TldConfig execute
INFO: At least one JAR was scanned for TLDs yet contained no TLDs. Enable debug logging for this logger for a complete list of JARs that were scanned but no TLDs were found in them. Skipping unneeded JARs during scanning can improve startup time and JSP compilation time.
juil. 24, 2015 12:06:05 PM org.apache.catalina.core.StandardContext reload
INFO: Reloading Context with name [/CrudApp] is completed
juil. 24, 2015 12:06:41 PM org.apache.catalina.core.StandardContext reload
INFO: Reloading Context with name [/CrudApp] has started
juil. 24, 2015 12:06:41 PM org.apache.catalina.startup.TldConfig execute
INFO: At least one JAR was scanned for TLDs yet contained no TLDs. Enable debug logging for this logger for a complete list of JARs that were scanned but no TLDs were found in them. Skipping unneeded JARs during scanning can improve startup time and JSP compilation time.
juil. 24, 2015 12:06:41 PM org.apache.catalina.core.StandardContext reload
INFO: Reloading Context with name [/CrudApp] is completed
juil. 24, 2015 12:08:08 PM org.apache.catalina.core.StandardContext reload
INFO: Reloading Context with name [/CrudApp] has started
juil. 24, 2015 12:08:09 PM org.apache.catalina.startup.TldConfig execute
INFO: At least one JAR was scanned for TLDs yet contained no TLDs. Enable debug logging for this logger for a complete list of JARs that were scanned but no TLDs were found in them. Skipping unneeded JARs during scanning can improve startup time and JSP compilation time.
juil. 24, 2015 12:08:09 PM org.apache.catalina.core.StandardContext reload
INFO: Reloading Context with name [/CrudApp] is completed
juil. 24, 2015 12:08:17 PM org.apache.catalina.core.StandardContext reload
INFO: Reloading Context with name [/CrudApp] has started
juil. 24, 2015 12:08:17 PM org.apache.catalina.startup.TldConfig execute
INFO: At least one JAR was scanned for TLDs yet contained no TLDs. Enable debug logging for this logger for a complete list of JARs that were scanned but no TLDs were found in them. Skipping unneeded JARs during scanning can improve startup time and JSP compilation time.
juil. 24, 2015 12:08:17 PM org.apache.catalina.core.StandardContext reload
INFO: Reloading Context with name [/CrudApp] is completed
juil. 24, 2015 12:08:25 PM org.apache.catalina.core.StandardContext reload
INFO: Reloading Context with name [/CrudApp] has started
juil. 24, 2015 12:08:26 PM org.apache.catalina.startup.TldConfig execute
INFO: At least one JAR was scanned for TLDs yet contained no TLDs. Enable debug logging for this logger for a complete list of JARs that were scanned but no TLDs were found in them. Skipping unneeded JARs during scanning can improve startup time and JSP compilation time.
juil. 24, 2015 12:08:26 PM org.apache.catalina.core.StandardContext reload
INFO: Reloading Context with name [/CrudApp] is completed
juil. 24, 2015 12:08:32 PM org.apache.catalina.core.StandardContext reload
INFO: Reloading Context with name [/CrudApp] has started
juil. 24, 2015 12:08:33 PM org.apache.catalina.startup.TldConfig execute
INFO: At least one JAR was scanned for TLDs yet contained no TLDs. Enable debug logging for this logger for a complete list of JARs that were scanned but no TLDs were found in them. Skipping unneeded JARs during scanning can improve startup time and JSP compilation time.
juil. 24, 2015 12:08:33 PM org.apache.catalina.core.StandardContext reload
INFO: Reloading Context with name [/CrudApp] is completed
juil. 24, 2015 12:08:37 PM org.apache.catalina.core.StandardContext reload
INFO: Reloading Context with name [/CrudApp] has started
juil. 24, 2015 12:08:38 PM org.apache.catalina.startup.TldConfig execute
INFO: At least one JAR was scanned for TLDs yet contained no TLDs. Enable debug logging for this logger for a complete list of JARs that were scanned but no TLDs were found in them. Skipping unneeded JARs during scanning can improve startup time and JSP compilation time.
juil. 24, 2015 12:08:38 PM org.apache.catalina.core.StandardContext reload
INFO: Reloading Context with name [/CrudApp] is completed
juil. 24, 2015 12:09:08 PM org.apache.catalina.core.StandardContext reload
INFO: Reloading Context with name [/CrudApp] has started
juil. 24, 2015 12:09:09 PM org.apache.catalina.startup.TldConfig execute
INFO: At least one JAR was scanned for TLDs yet contained no TLDs. Enable debug logging for this logger for a complete list of JARs that were scanned but no TLDs were found in them. Skipping unneeded JARs during scanning can improve startup time and JSP compilation time.
juil. 24, 2015 12:09:09 PM org.apache.catalina.core.StandardContext reload
INFO: Reloading Context with name [/CrudApp] is completed
juil. 24, 2015 12:33:17 PM hudson.model.AsyncPeriodicWork$1 run
INFO: Started Download metadata
juil. 24, 2015 12:33:17 PM hudson.model.AsyncPeriodicWork$1 run
INFO: Finished Download metadata. 1 ms
juil. 24, 2015 3:13:29 PM hudson.model.AsyncPeriodicWork$1 run
INFO: Started Fingerprint cleanup
juil. 24, 2015 3:13:29 PM hudson.model.AsyncPeriodicWork$1 run
INFO: Finished Fingerprint cleanup. 2 ms
juil. 24, 2015 8:47:01 PM hudson.model.AsyncPeriodicWork$1 run
INFO: Started Workspace clean-up
juil. 24, 2015 8:47:01 PM hudson.model.AsyncPeriodicWork$1 run
INFO: Finished Workspace clean-up. 20 ms
