juil. 15, 2015 3:21:39 PM org.apache.catalina.startup.VersionLoggerListener log
INFO: Server version:        Apache Tomcat/7.0.62
juil. 15, 2015 3:21:39 PM org.apache.catalina.startup.VersionLoggerListener log
INFO: Server built:          May 7 2015 17:14:55 UTC
juil. 15, 2015 3:21:39 PM org.apache.catalina.startup.VersionLoggerListener log
INFO: Server number:         7.0.62.0
juil. 15, 2015 3:21:39 PM org.apache.catalina.startup.VersionLoggerListener log
INFO: OS Name:               Windows 7
juil. 15, 2015 3:21:39 PM org.apache.catalina.startup.VersionLoggerListener log
INFO: OS Version:            6.1
juil. 15, 2015 3:21:39 PM org.apache.catalina.startup.VersionLoggerListener log
INFO: Architecture:          amd64
juil. 15, 2015 3:21:39 PM org.apache.catalina.startup.VersionLoggerListener log
INFO: Java Home:             C:\Program Files\Java\jdk1.7.0_75\jre
juil. 15, 2015 3:21:39 PM org.apache.catalina.startup.VersionLoggerListener log
INFO: JVM Version:           1.7.0_75-b13
juil. 15, 2015 3:21:39 PM org.apache.catalina.startup.VersionLoggerListener log
INFO: JVM Vendor:            Oracle Corporation
juil. 15, 2015 3:21:39 PM org.apache.catalina.startup.VersionLoggerListener log
INFO: CATALINA_BASE:         C:\apache-tomcat-7.0.62
juil. 15, 2015 3:21:39 PM org.apache.catalina.startup.VersionLoggerListener log
INFO: CATALINA_HOME:         C:\apache-tomcat-7.0.62
juil. 15, 2015 3:21:39 PM org.apache.catalina.startup.VersionLoggerListener log
INFO: Command line argument: -Djava.util.logging.config.file=C:\apache-tomcat-7.0.62\conf\logging.properties
juil. 15, 2015 3:21:39 PM org.apache.catalina.startup.VersionLoggerListener log
INFO: Command line argument: -Djava.util.logging.manager=org.apache.juli.ClassLoaderLogManager
juil. 15, 2015 3:21:39 PM org.apache.catalina.startup.VersionLoggerListener log
INFO: Command line argument: -Djava.endorsed.dirs=C:\apache-tomcat-7.0.62\endorsed
juil. 15, 2015 3:21:39 PM org.apache.catalina.startup.VersionLoggerListener log
INFO: Command line argument: -Dcatalina.base=C:\apache-tomcat-7.0.62
juil. 15, 2015 3:21:39 PM org.apache.catalina.startup.VersionLoggerListener log
INFO: Command line argument: -Dcatalina.home=C:\apache-tomcat-7.0.62
juil. 15, 2015 3:21:39 PM org.apache.catalina.startup.VersionLoggerListener log
INFO: Command line argument: -Djava.io.tmpdir=C:\apache-tomcat-7.0.62\temp
juil. 15, 2015 3:21:39 PM org.apache.catalina.core.AprLifecycleListener lifecycleEvent
INFO: The APR based Apache Tomcat Native library which allows optimal performance in production environments was not found on the java.library.path: C:\Program Files\Java\jdk1.7.0_75\bin;C:\WINDOWS\Sun\Java\bin;C:\WINDOWS\system32;C:\WINDOWS;C:\WINDOWS\system32;C:\WINDOWS;C:\WINDOWS\System32\Wbem;C:\WINDOWS\System32\WindowsPowerShell\v1.0\;C:\Program Files (x86)\Microsoft ASP.NET\ASP.NET Web Pages\v1.0\;C:\Program Files (x86)\Windows Kits\8.0\Windows Performance Toolkit\;C:\Program Files\Microsoft SQL Server\110\Tools\Binn\;D:\PFE Chedli Utilities\apache-maven-3.2.5\bin;C:\Program Files (x86)\Git\cmd;C:\Program Files\TortoiseGit\bin;C:\Program Files (x86)\NUnit 2.6.4\bin;C:\Windows\Microsoft.NET\Framework64\v4.0.30319\;C:\Program Files (x86)\Microsoft SQL Server\100\Tools\Binn\VSShell\Common7\IDE\;C:\Program Files (x86)\Microsoft SQL Server\100\Tools\Binn\;C:\Program Files\Microsoft SQL Server\100\Tools\Binn\;C:\Program Files (x86)\Microsoft SQL Server\100\DTS\Binn\;C:\Program Files\Microsoft SQL Server\100\DTS\Binn\;C:\Program Files (x86)\Microsoft Visual Studio 9.0\Common7\IDE\PrivateAssemblies\;C:\Program Files (x86)\Subversion\bin;C:\Program Files (x86)\Subversion\bin;C:\msysgit\bin;C:\Program Files\Java\jdk1.7.0_75\bin;C:\WINDOWS\System32\WindowsPowerShell\v1.0\;C:\Program Files\Microsoft\Web Platform Installer\;C:\apache-ant-1.9.5\bin;C:\ProgramData\chocolatey\bin;;.
juil. 15, 2015 3:21:39 PM org.apache.coyote.AbstractProtocol init
INFO: Initializing ProtocolHandler ["http-bio-8080"]
juil. 15, 2015 3:21:39 PM org.apache.coyote.AbstractProtocol init
INFO: Initializing ProtocolHandler ["http-bio-8443"]
juil. 15, 2015 3:21:40 PM org.apache.coyote.AbstractProtocol init
INFO: Initializing ProtocolHandler ["ajp-bio-8009"]
juil. 15, 2015 3:21:40 PM org.apache.catalina.startup.Catalina load
INFO: Initialization processed in 724 ms
juil. 15, 2015 3:21:40 PM org.apache.catalina.core.StandardService startInternal
INFO: Starting service Catalina
juil. 15, 2015 3:21:40 PM org.apache.catalina.core.StandardEngine startInternal
INFO: Starting Servlet Engine: Apache Tomcat/7.0.62
juil. 15, 2015 3:21:40 PM org.apache.catalina.startup.HostConfig deployDescriptor
INFO: Deploying configuration descriptor C:\apache-tomcat-7.0.62\conf\Catalina\localhost\NunitToDbRESTful.xml
juil. 15, 2015 3:21:40 PM org.apache.catalina.loader.WebappClassLoader validateJarFile
INFO: validateJarFile(C:\NunitToDbREST\build\web\WEB-INF\lib\javax.servlet-api-3.0.1.jar) - jar not loaded. See Servlet Spec 3.0, section 10.7.2. Offending class: javax/servlet/Servlet.class
juil. 15, 2015 3:21:42 PM org.apache.catalina.startup.TldConfig execute
INFO: At least one JAR was scanned for TLDs yet contained no TLDs. Enable debug logging for this logger for a complete list of JARs that were scanned but no TLDs were found in them. Skipping unneeded JARs during scanning can improve startup time and JSP compilation time.
juil. 15, 2015 3:21:42 PM org.glassfish.jersey.servlet.init.JerseyServletContainerInitializer addServletWithApplication
INFO: Registering the Jersey servlet application, named REST.ApplicationConfig, at the servlet mapping /resources/*, with the Application class of the same name.
juil. 15, 2015 3:21:42 PM org.glassfish.jersey.server.ApplicationHandler initialize
INFO: Initiating Jersey application, version Jersey: 2.5.1 2014-01-02 13:43:00...
juil. 15, 2015 3:21:42 PM org.apache.catalina.startup.HostConfig deployDescriptor
INFO: Deployment of configuration descriptor C:\apache-tomcat-7.0.62\conf\Catalina\localhost\NunitToDbRESTful.xml has finished in 2,858 ms
juil. 15, 2015 3:21:42 PM org.apache.catalina.startup.HostConfig deployWAR
INFO: Deploying web application archive C:\apache-tomcat-7.0.62\webapps\jenkins.war
juil. 15, 2015 3:21:47 PM org.apache.catalina.startup.TldConfig execute
INFO: At least one JAR was scanned for TLDs yet contained no TLDs. Enable debug logging for this logger for a complete list of JARs that were scanned but no TLDs were found in them. Skipping unneeded JARs during scanning can improve startup time and JSP compilation time.
juil. 15, 2015 3:21:48 PM org.apache.catalina.startup.HostConfig deployWAR
INFO: Deployment of web application archive C:\apache-tomcat-7.0.62\webapps\jenkins.war has finished in 5,324 ms
juil. 15, 2015 3:21:48 PM org.apache.catalina.startup.HostConfig deployDirectory
INFO: Deploying web application directory C:\apache-tomcat-7.0.62\webapps\host-manager
juil. 15, 2015 3:21:48 PM org.apache.catalina.startup.TldConfig execute
INFO: At least one JAR was scanned for TLDs yet contained no TLDs. Enable debug logging for this logger for a complete list of JARs that were scanned but no TLDs were found in them. Skipping unneeded JARs during scanning can improve startup time and JSP compilation time.
juil. 15, 2015 3:21:48 PM org.apache.catalina.startup.HostConfig deployDirectory
INFO: Deployment of web application directory C:\apache-tomcat-7.0.62\webapps\host-manager has finished in 357 ms
juil. 15, 2015 3:21:48 PM org.apache.catalina.startup.HostConfig deployDirectory
INFO: Deploying web application directory C:\apache-tomcat-7.0.62\webapps\manager
juil. 15, 2015 3:21:48 PM jenkins.InitReactorRunner$1 onAttained
INFO: Started initialization
juil. 15, 2015 3:21:48 PM org.apache.catalina.startup.TldConfig execute
INFO: At least one JAR was scanned for TLDs yet contained no TLDs. Enable debug logging for this logger for a complete list of JARs that were scanned but no TLDs were found in them. Skipping unneeded JARs during scanning can improve startup time and JSP compilation time.
juil. 15, 2015 3:21:48 PM org.apache.catalina.startup.HostConfig deployDirectory
INFO: Deployment of web application directory C:\apache-tomcat-7.0.62\webapps\manager has finished in 250 ms
juil. 15, 2015 3:21:48 PM org.apache.catalina.startup.HostConfig deployDirectory
INFO: Deploying web application directory C:\apache-tomcat-7.0.62\webapps\ROOT
juil. 15, 2015 3:21:49 PM org.apache.catalina.startup.TldConfig execute
INFO: At least one JAR was scanned for TLDs yet contained no TLDs. Enable debug logging for this logger for a complete list of JARs that were scanned but no TLDs were found in them. Skipping unneeded JARs during scanning can improve startup time and JSP compilation time.
juil. 15, 2015 3:21:49 PM org.apache.catalina.startup.HostConfig deployDirectory
INFO: Deployment of web application directory C:\apache-tomcat-7.0.62\webapps\ROOT has finished in 230 ms
juil. 15, 2015 3:21:49 PM org.apache.coyote.AbstractProtocol start
INFO: Starting ProtocolHandler ["http-bio-8080"]
juil. 15, 2015 3:21:49 PM org.apache.coyote.AbstractProtocol start
INFO: Starting ProtocolHandler ["http-bio-8443"]
juil. 15, 2015 3:21:49 PM org.apache.coyote.AbstractProtocol start
INFO: Starting ProtocolHandler ["ajp-bio-8009"]
juil. 15, 2015 3:21:49 PM org.apache.catalina.startup.Catalina start
INFO: Server startup in 9074 ms
juil. 15, 2015 3:21:49 PM jenkins.InitReactorRunner$1 onAttained
INFO: Listed all plugins
juil. 15, 2015 3:21:49 PM jenkins.InitReactorRunner$1 onAttained
INFO: Prepared all plugins
juil. 15, 2015 3:21:49 PM jenkins.InitReactorRunner$1 onAttained
INFO: Started all plugins
juil. 15, 2015 3:21:49 PM jenkins.InitReactorRunner$1 onAttained
INFO: Augmented all extensions
juil. 15, 2015 3:21:51 PM jenkins.InitReactorRunner$1 onAttained
INFO: Loaded all jobs
juil. 15, 2015 3:21:53 PM org.jenkinsci.main.modules.sshd.SSHD start
INFO: Started SSHD at port 60299
juil. 15, 2015 3:21:53 PM jenkins.InitReactorRunner$1 onAttained
INFO: Completed initialization
juil. 15, 2015 3:21:53 PM hudson.WebAppMain$3 run
INFO: Jenkins is fully up and running
juil. 15, 2015 3:22:40 PM org.apache.catalina.startup.HostConfig undeploy
INFO: Undeploying context [/NunitToDbRESTful]
juil. 15, 2015 3:23:39 PM org.apache.catalina.startup.HostConfig deployWAR
INFO: Deploying web application archive C:\apache-tomcat-7.0.62\webapps\NunitToDbRESTful.war
juil. 15, 2015 3:23:39 PM org.apache.catalina.loader.WebappClassLoader validateJarFile
INFO: validateJarFile(C:\apache-tomcat-7.0.62\webapps\NunitToDbRESTful\WEB-INF\lib\javax.servlet-api-3.0.1.jar) - jar not loaded. See Servlet Spec 3.0, section 10.7.2. Offending class: javax/servlet/Servlet.class
juil. 15, 2015 3:23:41 PM org.apache.catalina.startup.TldConfig execute
INFO: At least one JAR was scanned for TLDs yet contained no TLDs. Enable debug logging for this logger for a complete list of JARs that were scanned but no TLDs were found in them. Skipping unneeded JARs during scanning can improve startup time and JSP compilation time.
juil. 15, 2015 3:23:41 PM org.glassfish.jersey.servlet.init.JerseyServletContainerInitializer addServletWithApplication
INFO: Registering the Jersey servlet application, named REST.ApplicationConfig, at the servlet mapping /resources/*, with the Application class of the same name.
juil. 15, 2015 3:23:41 PM org.glassfish.jersey.server.ApplicationHandler initialize
INFO: Initiating Jersey application, version Jersey: 2.5.1 2014-01-02 13:43:00...
juil. 15, 2015 3:23:42 PM org.apache.catalina.startup.HostConfig deployWAR
INFO: Deployment of web application archive C:\apache-tomcat-7.0.62\webapps\NunitToDbRESTful.war has finished in 2,991 ms
juil. 15, 2015 3:33:43 PM org.apache.catalina.startup.HostConfig undeploy
INFO: Undeploying context [/NunitToDbRESTful]
juil. 15, 2015 3:33:43 PM org.apache.catalina.startup.ExpandWar deleteDir
SEVERE: [C:\apache-tomcat-7.0.62\webapps\NunitToDbRESTful\WEB-INF\lib] could not be completely deleted. The presence of the remaining files may cause problems
juil. 15, 2015 3:33:43 PM org.apache.catalina.startup.ExpandWar deleteDir
SEVERE: [C:\apache-tomcat-7.0.62\webapps\NunitToDbRESTful\WEB-INF] could not be completely deleted. The presence of the remaining files may cause problems
juil. 15, 2015 3:33:43 PM org.apache.catalina.startup.ExpandWar deleteDir
SEVERE: [C:\apache-tomcat-7.0.62\webapps\NunitToDbRESTful] could not be completely deleted. The presence of the remaining files may cause problems
juil. 15, 2015 3:33:43 PM org.apache.catalina.startup.ExpandWar delete
SEVERE: [C:\apache-tomcat-7.0.62\webapps\NunitToDbRESTful] could not be completely deleted. The presence of the remaining files may cause problems
juil. 15, 2015 3:33:43 PM org.apache.catalina.startup.HostConfig deployDirectory
INFO: Deploying web application directory C:\apache-tomcat-7.0.62\webapps\NunitToDbRESTful
juil. 15, 2015 3:33:43 PM org.apache.catalina.loader.WebappClassLoader validateJarFile
INFO: validateJarFile(C:\apache-tomcat-7.0.62\webapps\NunitToDbRESTful\WEB-INF\lib\javax.servlet-api-3.0.1.jar) - jar not loaded. See Servlet Spec 3.0, section 10.7.2. Offending class: javax/servlet/Servlet.class
juil. 15, 2015 3:33:43 PM org.apache.catalina.startup.TldConfig execute
INFO: At least one JAR was scanned for TLDs yet contained no TLDs. Enable debug logging for this logger for a complete list of JARs that were scanned but no TLDs were found in them. Skipping unneeded JARs during scanning can improve startup time and JSP compilation time.
juil. 15, 2015 3:33:43 PM org.apache.catalina.startup.HostConfig deployDirectory
INFO: Deployment of web application directory C:\apache-tomcat-7.0.62\webapps\NunitToDbRESTful has finished in 393 ms
juil. 15, 2015 3:34:13 PM org.apache.catalina.startup.HostConfig undeploy
INFO: Undeploying context [/NunitToDbRESTful]
juil. 15, 2015 3:34:13 PM org.apache.catalina.startup.HostConfig deployWAR
INFO: Deploying web application archive C:\apache-tomcat-7.0.62\webapps\NunitToDbRESTful.war
juil. 15, 2015 3:34:13 PM org.apache.catalina.loader.WebappClassLoader validateJarFile
INFO: validateJarFile(C:\apache-tomcat-7.0.62\webapps\NunitToDbRESTful\WEB-INF\lib\javax.servlet-api-3.0.1.jar) - jar not loaded. See Servlet Spec 3.0, section 10.7.2. Offending class: javax/servlet/Servlet.class
juil. 15, 2015 3:34:15 PM org.apache.catalina.startup.TldConfig execute
INFO: At least one JAR was scanned for TLDs yet contained no TLDs. Enable debug logging for this logger for a complete list of JARs that were scanned but no TLDs were found in them. Skipping unneeded JARs during scanning can improve startup time and JSP compilation time.
juil. 15, 2015 3:34:15 PM org.glassfish.jersey.servlet.init.JerseyServletContainerInitializer addServletWithApplication
INFO: Registering the Jersey servlet application, named REST.ApplicationConfig, at the servlet mapping /resources/*, with the Application class of the same name.
juil. 15, 2015 3:34:15 PM org.glassfish.jersey.server.ApplicationHandler initialize
INFO: Initiating Jersey application, version Jersey: 2.5.1 2014-01-02 13:43:00...
juil. 15, 2015 3:34:16 PM org.apache.catalina.startup.HostConfig deployWAR
INFO: Deployment of web application archive C:\apache-tomcat-7.0.62\webapps\NunitToDbRESTful.war has finished in 2,774 ms
juil. 15, 2015 3:38:56 PM org.apache.catalina.startup.HostConfig undeploy
INFO: Undeploying context [/NunitToDbRESTful]
juil. 15, 2015 3:38:56 PM org.apache.catalina.startup.ExpandWar deleteDir
SEVERE: [C:\apache-tomcat-7.0.62\webapps\NunitToDbRESTful\WEB-INF\lib] could not be completely deleted. The presence of the remaining files may cause problems
juil. 15, 2015 3:38:56 PM org.apache.catalina.startup.ExpandWar deleteDir
SEVERE: [C:\apache-tomcat-7.0.62\webapps\NunitToDbRESTful\WEB-INF] could not be completely deleted. The presence of the remaining files may cause problems
juil. 15, 2015 3:38:56 PM org.apache.catalina.startup.ExpandWar deleteDir
SEVERE: [C:\apache-tomcat-7.0.62\webapps\NunitToDbRESTful] could not be completely deleted. The presence of the remaining files may cause problems
juil. 15, 2015 3:38:56 PM org.apache.catalina.startup.ExpandWar delete
SEVERE: [C:\apache-tomcat-7.0.62\webapps\NunitToDbRESTful] could not be completely deleted. The presence of the remaining files may cause problems
juil. 15, 2015 3:38:56 PM org.apache.catalina.startup.HostConfig deployDirectory
INFO: Deploying web application directory C:\apache-tomcat-7.0.62\webapps\NunitToDbRESTful
juil. 15, 2015 3:38:56 PM org.apache.catalina.loader.WebappClassLoader validateJarFile
INFO: validateJarFile(C:\apache-tomcat-7.0.62\webapps\NunitToDbRESTful\WEB-INF\lib\javax.servlet-api-3.0.1.jar) - jar not loaded. See Servlet Spec 3.0, section 10.7.2. Offending class: javax/servlet/Servlet.class
juil. 15, 2015 3:38:56 PM org.apache.catalina.startup.TldConfig execute
INFO: At least one JAR was scanned for TLDs yet contained no TLDs. Enable debug logging for this logger for a complete list of JARs that were scanned but no TLDs were found in them. Skipping unneeded JARs during scanning can improve startup time and JSP compilation time.
juil. 15, 2015 3:38:56 PM org.apache.catalina.startup.HostConfig deployDirectory
INFO: Deployment of web application directory C:\apache-tomcat-7.0.62\webapps\NunitToDbRESTful has finished in 220 ms
juil. 15, 2015 5:20:32 PM org.apache.catalina.core.StandardContext reload
INFO: Reloading Context with name [/NunitToDbRESTful] has started
juil. 15, 2015 5:20:32 PM org.apache.catalina.loader.WebappClassLoader validateJarFile
INFO: validateJarFile(C:\apache-tomcat-7.0.62\webapps\NunitToDbRESTful\WEB-INF\lib\javax.servlet-api-3.0.1.jar) - jar not loaded. See Servlet Spec 3.0, section 10.7.2. Offending class: javax/servlet/Servlet.class
juil. 15, 2015 5:20:32 PM org.apache.catalina.startup.TldConfig execute
INFO: At least one JAR was scanned for TLDs yet contained no TLDs. Enable debug logging for this logger for a complete list of JARs that were scanned but no TLDs were found in them. Skipping unneeded JARs during scanning can improve startup time and JSP compilation time.
juil. 15, 2015 5:20:32 PM org.apache.catalina.core.StandardContext reload
INFO: Reloading Context with name [/NunitToDbRESTful] is completed
juil. 15, 2015 5:27:06 PM org.apache.catalina.util.LifecycleBase stop
INFO: The stop() method was called on component [StandardEngine[Catalina].StandardHost[localhost].StandardContext[/NunitToDbRESTful]] after stop() had already been called. The second call will be ignored.
juil. 15, 2015 5:30:39 PM org.apache.catalina.util.LifecycleBase stop
INFO: The stop() method was called on component [StandardEngine[Catalina].StandardHost[localhost].StandardContext[/NunitToDbRESTful]] after stop() had already been called. The second call will be ignored.
juil. 15, 2015 5:30:47 PM org.apache.catalina.util.LifecycleBase stop
INFO: The stop() method was called on component [StandardEngine[Catalina].StandardHost[localhost].StandardContext[/NunitToDbRESTful]] after stop() had already been called. The second call will be ignored.
juil. 15, 2015 5:33:26 PM org.apache.catalina.util.LifecycleBase stop
INFO: The stop() method was called on component [StandardEngine[Catalina].StandardHost[localhost].StandardContext[/NunitToDbRESTful]] after stop() had already been called. The second call will be ignored.
juil. 15, 2015 5:33:32 PM org.apache.catalina.util.LifecycleBase stop
INFO: The stop() method was called on component [StandardEngine[Catalina].StandardHost[localhost].StandardContext[/NunitToDbRESTful]] after stop() had already been called. The second call will be ignored.
juil. 15, 2015 5:36:20 PM org.apache.catalina.util.LifecycleBase stop
INFO: The stop() method was called on component [StandardEngine[Catalina].StandardHost[localhost].StandardContext[/NunitToDbRESTful]] after stop() had already been called. The second call will be ignored.
juil. 15, 2015 5:36:26 PM org.apache.catalina.util.LifecycleBase stop
INFO: The stop() method was called on component [StandardEngine[Catalina].StandardHost[localhost].StandardContext[/NunitToDbRESTful]] after stop() had already been called. The second call will be ignored.
juil. 15, 2015 5:38:22 PM org.apache.catalina.util.LifecycleBase stop
INFO: The stop() method was called on component [StandardEngine[Catalina].StandardHost[localhost].StandardContext[/NunitToDbRESTful]] after stop() had already been called. The second call will be ignored.
juil. 15, 2015 8:47:00 PM hudson.model.AsyncPeriodicWork$1 run
INFO: Started Workspace clean-up
juil. 15, 2015 8:47:00 PM hudson.model.AsyncPeriodicWork$1 run
INFO: Finished Workspace clean-up. 45 ms
