juil. 27, 2015 11:19:10 AM org.apache.catalina.startup.VersionLoggerListener log
INFO: Server version:        Apache Tomcat/7.0.62
juil. 27, 2015 11:19:10 AM org.apache.catalina.startup.VersionLoggerListener log
INFO: Server built:          May 7 2015 17:14:55 UTC
juil. 27, 2015 11:19:10 AM org.apache.catalina.startup.VersionLoggerListener log
INFO: Server number:         7.0.62.0
juil. 27, 2015 11:19:10 AM org.apache.catalina.startup.VersionLoggerListener log
INFO: OS Name:               Windows 7
juil. 27, 2015 11:19:10 AM org.apache.catalina.startup.VersionLoggerListener log
INFO: OS Version:            6.1
juil. 27, 2015 11:19:10 AM org.apache.catalina.startup.VersionLoggerListener log
INFO: Architecture:          amd64
juil. 27, 2015 11:19:10 AM org.apache.catalina.startup.VersionLoggerListener log
INFO: Java Home:             C:\Program Files\Java\jdk1.7.0_75\jre
juil. 27, 2015 11:19:10 AM org.apache.catalina.startup.VersionLoggerListener log
INFO: JVM Version:           1.7.0_75-b13
juil. 27, 2015 11:19:10 AM org.apache.catalina.startup.VersionLoggerListener log
INFO: JVM Vendor:            Oracle Corporation
juil. 27, 2015 11:19:10 AM org.apache.catalina.startup.VersionLoggerListener log
INFO: CATALINA_BASE:         C:\apache-tomcat-7.0.62
juil. 27, 2015 11:19:10 AM org.apache.catalina.startup.VersionLoggerListener log
INFO: CATALINA_HOME:         C:\apache-tomcat-7.0.62
juil. 27, 2015 11:19:10 AM org.apache.catalina.startup.VersionLoggerListener log
INFO: Command line argument: -Dhttp.nonProxyHosts=localhost|127.0.0.1|TUN8108
juil. 27, 2015 11:19:10 AM org.apache.catalina.startup.VersionLoggerListener log
INFO: Command line argument: -Djava.util.logging.config.file=C:\apache-tomcat-7.0.62\conf\logging.properties
juil. 27, 2015 11:19:10 AM org.apache.catalina.startup.VersionLoggerListener log
INFO: Command line argument: -Djava.util.logging.manager=org.apache.juli.ClassLoaderLogManager
juil. 27, 2015 11:19:10 AM org.apache.catalina.startup.VersionLoggerListener log
INFO: Command line argument: -Djava.endorsed.dirs=C:\apache-tomcat-7.0.62\endorsed
juil. 27, 2015 11:19:10 AM org.apache.catalina.startup.VersionLoggerListener log
INFO: Command line argument: -Dcatalina.base=C:\apache-tomcat-7.0.62
juil. 27, 2015 11:19:10 AM org.apache.catalina.startup.VersionLoggerListener log
INFO: Command line argument: -Dcatalina.home=C:\apache-tomcat-7.0.62
juil. 27, 2015 11:19:10 AM org.apache.catalina.startup.VersionLoggerListener log
INFO: Command line argument: -Djava.io.tmpdir=C:\apache-tomcat-7.0.62\temp
juil. 27, 2015 11:19:10 AM org.apache.catalina.core.AprLifecycleListener lifecycleEvent
INFO: The APR based Apache Tomcat Native library which allows optimal performance in production environments was not found on the java.library.path: C:\Program Files\Java\jdk1.7.0_75\bin;C:\WINDOWS\Sun\Java\bin;C:\WINDOWS\system32;C:\WINDOWS;C:\WINDOWS\system32;C:\WINDOWS;C:\WINDOWS\System32\Wbem;C:\WINDOWS\System32\WindowsPowerShell\v1.0\;C:\Program Files (x86)\Microsoft ASP.NET\ASP.NET Web Pages\v1.0\;C:\Program Files (x86)\Windows Kits\8.0\Windows Performance Toolkit\;C:\Program Files\Microsoft SQL Server\110\Tools\Binn\;D:\PFE Chedli Utilities\apache-maven-3.2.5\bin;C:\Program Files (x86)\Git\cmd;C:\Program Files\TortoiseGit\bin;C:\Program Files (x86)\NUnit 2.6.4\bin;C:\Windows\Microsoft.NET\Framework64\v4.0.30319\;C:\Program Files (x86)\Microsoft SQL Server\100\Tools\Binn\VSShell\Common7\IDE\;C:\Program Files (x86)\Microsoft SQL Server\100\Tools\Binn\;C:\Program Files\Microsoft SQL Server\100\Tools\Binn\;C:\Program Files (x86)\Microsoft SQL Server\100\DTS\Binn\;C:\Program Files\Microsoft SQL Server\100\DTS\Binn\;C:\Program Files (x86)\Microsoft Visual Studio 9.0\Common7\IDE\PrivateAssemblies\;C:\Program Files (x86)\Subversion\bin;C:\Program Files (x86)\Subversion\bin;C:\msysgit\bin;C:\Program Files\Java\jdk1.7.0_75\bin;C:\WINDOWS\System32\WindowsPowerShell\v1.0\;C:\Program Files\Microsoft\Web Platform Installer\;C:\apache-ant-1.9.5\bin;C:\ProgramData\chocolatey\bin;;.
juil. 27, 2015 11:19:10 AM org.apache.coyote.AbstractProtocol init
INFO: Initializing ProtocolHandler ["http-bio-8080"]
juil. 27, 2015 11:19:10 AM org.apache.coyote.AbstractProtocol init
INFO: Initializing ProtocolHandler ["http-bio-8443"]
juil. 27, 2015 11:19:11 AM org.apache.coyote.AbstractProtocol init
INFO: Initializing ProtocolHandler ["ajp-bio-8009"]
juil. 27, 2015 11:19:11 AM org.apache.catalina.startup.Catalina load
INFO: Initialization processed in 729 ms
juil. 27, 2015 11:19:11 AM org.apache.catalina.core.StandardService startInternal
INFO: Starting service Catalina
juil. 27, 2015 11:19:11 AM org.apache.catalina.core.StandardEngine startInternal
INFO: Starting Servlet Engine: Apache Tomcat/7.0.62
juil. 27, 2015 11:19:11 AM org.apache.catalina.startup.HostConfig deployDescriptor
INFO: Deploying configuration descriptor C:\apache-tomcat-7.0.62\conf\Catalina\localhost\CrudApp.xml
juil. 27, 2015 11:19:12 AM org.apache.catalina.startup.TldConfig execute
INFO: At least one JAR was scanned for TLDs yet contained no TLDs. Enable debug logging for this logger for a complete list of JARs that were scanned but no TLDs were found in them. Skipping unneeded JARs during scanning can improve startup time and JSP compilation time.
juil. 27, 2015 11:19:12 AM org.apache.catalina.startup.HostConfig deployDescriptor
INFO: Deployment of configuration descriptor C:\apache-tomcat-7.0.62\conf\Catalina\localhost\CrudApp.xml has finished in 1,123 ms
juil. 27, 2015 11:19:12 AM org.apache.catalina.startup.HostConfig deployDescriptor
INFO: Deploying configuration descriptor C:\apache-tomcat-7.0.62\conf\Catalina\localhost\NunitToDbRESTful.xml
juil. 27, 2015 11:19:12 AM org.apache.catalina.loader.WebappClassLoader validateJarFile
INFO: validateJarFile(C:\NunitToDbREST\build\web\WEB-INF\lib\javax.servlet-api-3.0.1.jar) - jar not loaded. See Servlet Spec 3.0, section 10.7.2. Offending class: javax/servlet/Servlet.class
juil. 27, 2015 11:19:14 AM org.apache.catalina.startup.TldConfig execute
INFO: At least one JAR was scanned for TLDs yet contained no TLDs. Enable debug logging for this logger for a complete list of JARs that were scanned but no TLDs were found in them. Skipping unneeded JARs during scanning can improve startup time and JSP compilation time.
juil. 27, 2015 11:19:14 AM org.glassfish.jersey.servlet.init.JerseyServletContainerInitializer addServletWithApplication
INFO: Registering the Jersey servlet application, named REST.ApplicationConfig, at the servlet mapping /resources/*, with the Application class of the same name.
juil. 27, 2015 11:19:14 AM org.glassfish.jersey.server.ApplicationHandler initialize
INFO: Initiating Jersey application, version Jersey: 2.5.1 2014-01-02 13:43:00...
juil. 27, 2015 11:19:15 AM org.apache.catalina.startup.HostConfig deployDescriptor
INFO: Deployment of configuration descriptor C:\apache-tomcat-7.0.62\conf\Catalina\localhost\NunitToDbRESTful.xml has finished in 3,074 ms
juil. 27, 2015 11:19:15 AM org.apache.catalina.startup.HostConfig deployWAR
INFO: Deploying web application archive C:\apache-tomcat-7.0.62\webapps\jenkins.war
juil. 27, 2015 11:19:19 AM org.apache.catalina.startup.TldConfig execute
INFO: At least one JAR was scanned for TLDs yet contained no TLDs. Enable debug logging for this logger for a complete list of JARs that were scanned but no TLDs were found in them. Skipping unneeded JARs during scanning can improve startup time and JSP compilation time.
juil. 27, 2015 11:19:20 AM org.apache.catalina.startup.HostConfig deployWAR
INFO: Deployment of web application archive C:\apache-tomcat-7.0.62\webapps\jenkins.war has finished in 4,773 ms
juil. 27, 2015 11:19:20 AM org.apache.catalina.startup.HostConfig deployDirectory
INFO: Deploying web application directory C:\apache-tomcat-7.0.62\webapps\host-manager
juil. 27, 2015 11:19:20 AM org.apache.catalina.startup.TldConfig execute
INFO: At least one JAR was scanned for TLDs yet contained no TLDs. Enable debug logging for this logger for a complete list of JARs that were scanned but no TLDs were found in them. Skipping unneeded JARs during scanning can improve startup time and JSP compilation time.
juil. 27, 2015 11:19:20 AM org.apache.catalina.startup.HostConfig deployDirectory
INFO: Deployment of web application directory C:\apache-tomcat-7.0.62\webapps\host-manager has finished in 292 ms
juil. 27, 2015 11:19:20 AM org.apache.catalina.startup.HostConfig deployDirectory
INFO: Deploying web application directory C:\apache-tomcat-7.0.62\webapps\manager
juil. 27, 2015 11:19:20 AM jenkins.InitReactorRunner$1 onAttained
INFO: Started initialization
juil. 27, 2015 11:19:20 AM org.apache.catalina.startup.TldConfig execute
INFO: At least one JAR was scanned for TLDs yet contained no TLDs. Enable debug logging for this logger for a complete list of JARs that were scanned but no TLDs were found in them. Skipping unneeded JARs during scanning can improve startup time and JSP compilation time.
juil. 27, 2015 11:19:20 AM org.apache.catalina.startup.HostConfig deployDirectory
INFO: Deployment of web application directory C:\apache-tomcat-7.0.62\webapps\manager has finished in 269 ms
juil. 27, 2015 11:19:20 AM org.apache.catalina.startup.HostConfig deployDirectory
INFO: Deploying web application directory C:\apache-tomcat-7.0.62\webapps\ROOT
juil. 27, 2015 11:19:20 AM org.apache.catalina.startup.TldConfig execute
INFO: At least one JAR was scanned for TLDs yet contained no TLDs. Enable debug logging for this logger for a complete list of JARs that were scanned but no TLDs were found in them. Skipping unneeded JARs during scanning can improve startup time and JSP compilation time.
juil. 27, 2015 11:19:20 AM org.apache.catalina.startup.HostConfig deployDirectory
INFO: Deployment of web application directory C:\apache-tomcat-7.0.62\webapps\ROOT has finished in 239 ms
juil. 27, 2015 11:19:20 AM org.apache.coyote.AbstractProtocol start
INFO: Starting ProtocolHandler ["http-bio-8080"]
juil. 27, 2015 11:19:20 AM org.apache.coyote.AbstractProtocol start
INFO: Starting ProtocolHandler ["http-bio-8443"]
juil. 27, 2015 11:19:20 AM org.apache.coyote.AbstractProtocol start
INFO: Starting ProtocolHandler ["ajp-bio-8009"]
juil. 27, 2015 11:19:20 AM org.apache.catalina.startup.Catalina start
INFO: Server startup in 9826 ms
juil. 27, 2015 11:19:21 AM jenkins.InitReactorRunner$1 onAttained
INFO: Listed all plugins
juil. 27, 2015 11:19:21 AM jenkins.InitReactorRunner$1 onAttained
INFO: Prepared all plugins
juil. 27, 2015 11:19:21 AM jenkins.InitReactorRunner$1 onAttained
INFO: Started all plugins
juil. 27, 2015 11:19:21 AM jenkins.InitReactorRunner$1 onAttained
INFO: Augmented all extensions
juil. 27, 2015 11:19:21 AM org.apache.catalina.core.StandardContext reload
INFO: Reloading Context with name [/CrudApp] has started
juil. 27, 2015 11:19:22 AM org.apache.catalina.startup.TldConfig execute
INFO: At least one JAR was scanned for TLDs yet contained no TLDs. Enable debug logging for this logger for a complete list of JARs that were scanned but no TLDs were found in them. Skipping unneeded JARs during scanning can improve startup time and JSP compilation time.
juil. 27, 2015 11:19:22 AM org.apache.catalina.core.StandardContext reload
INFO: Reloading Context with name [/CrudApp] is completed
juil. 27, 2015 11:19:23 AM jenkins.InitReactorRunner$1 onAttained
INFO: Loaded all jobs
juil. 27, 2015 11:19:25 AM org.jenkinsci.main.modules.sshd.SSHD start
INFO: Started SSHD at port 56130
juil. 27, 2015 11:19:25 AM jenkins.InitReactorRunner$1 onAttained
INFO: Completed initialization
juil. 27, 2015 11:19:25 AM hudson.WebAppMain$3 run
INFO: Jenkins is fully up and running
juil. 27, 2015 12:39:28 PM org.apache.catalina.loader.WebappClassLoader clearReferencesJdbc
SEVERE: The web application [/CrudApp] registered the JDBC driver [com.microsoft.sqlserver.jdbc.SQLServerDriver] but failed to unregister it when the web application was stopped. To prevent a memory leak, the JDBC Driver has been forcibly unregistered.
juil. 27, 2015 12:39:29 PM org.apache.catalina.startup.HostConfig undeploy
INFO: Undeploying context [/CrudApp]
juil. 27, 2015 12:40:49 PM org.apache.catalina.startup.HostConfig deployDescriptor
INFO: Deploying configuration descriptor C:\apache-tomcat-7.0.62\conf\Catalina\localhost\CrudApp.xml
juil. 27, 2015 12:40:50 PM org.apache.catalina.startup.TldConfig execute
INFO: At least one JAR was scanned for TLDs yet contained no TLDs. Enable debug logging for this logger for a complete list of JARs that were scanned but no TLDs were found in them. Skipping unneeded JARs during scanning can improve startup time and JSP compilation time.
juil. 27, 2015 12:40:50 PM org.apache.catalina.startup.HostConfig deployDescriptor
INFO: Deployment of configuration descriptor C:\apache-tomcat-7.0.62\conf\Catalina\localhost\CrudApp.xml has finished in 385 ms
juil. 27, 2015 12:40:50 PM org.apache.catalina.util.LifecycleBase start
INFO: The start() method was called on component [StandardEngine[Catalina].StandardHost[localhost].StandardContext[/CrudApp]] after start() had already been called. The second call will be ignored.
juil. 27, 2015 1:02:15 PM org.apache.catalina.core.StandardContext reload
INFO: Reloading Context with name [/CrudApp] has started
juil. 27, 2015 1:02:15 PM org.apache.catalina.loader.WebappClassLoader clearReferencesJdbc
SEVERE: The web application [/CrudApp] registered the JDBC driver [com.microsoft.sqlserver.jdbc.SQLServerDriver] but failed to unregister it when the web application was stopped. To prevent a memory leak, the JDBC Driver has been forcibly unregistered.
juil. 27, 2015 1:02:15 PM org.apache.catalina.loader.WebappClassLoader checkThreadLocalMapForLeaks
SEVERE: The web application [/CrudApp] created a ThreadLocal with key of type [com.microsoft.sqlserver.jdbc.ActivityCorrelator$1] (value [com.microsoft.sqlserver.jdbc.ActivityCorrelator$1@7f677b94]) and a value of type [com.microsoft.sqlserver.jdbc.ActivityId] (value [7b3be560-b982-4c36-a92c-ad4cc7a73153-1]) but failed to remove it when the web application was stopped. Threads are going to be renewed over time to try and avoid a probable memory leak.
juil. 27, 2015 1:02:15 PM org.apache.catalina.startup.TldConfig execute
INFO: At least one JAR was scanned for TLDs yet contained no TLDs. Enable debug logging for this logger for a complete list of JARs that were scanned but no TLDs were found in them. Skipping unneeded JARs during scanning can improve startup time and JSP compilation time.
juil. 27, 2015 1:02:15 PM org.apache.catalina.core.StandardContext reload
INFO: Reloading Context with name [/CrudApp] is completed
juil. 27, 2015 1:15:48 PM org.apache.catalina.core.StandardContext reload
INFO: Reloading Context with name [/CrudApp] has started
juil. 27, 2015 1:15:49 PM org.apache.catalina.startup.TldConfig execute
INFO: At least one JAR was scanned for TLDs yet contained no TLDs. Enable debug logging for this logger for a complete list of JARs that were scanned but no TLDs were found in them. Skipping unneeded JARs during scanning can improve startup time and JSP compilation time.
juil. 27, 2015 1:15:49 PM org.apache.catalina.core.StandardContext reload
INFO: Reloading Context with name [/CrudApp] is completed
juil. 27, 2015 1:15:59 PM org.apache.catalina.core.StandardContext reload
INFO: Reloading Context with name [/CrudApp] has started
juil. 27, 2015 1:15:59 PM org.apache.catalina.startup.TldConfig execute
INFO: At least one JAR was scanned for TLDs yet contained no TLDs. Enable debug logging for this logger for a complete list of JARs that were scanned but no TLDs were found in them. Skipping unneeded JARs during scanning can improve startup time and JSP compilation time.
juil. 27, 2015 1:15:59 PM org.apache.catalina.core.StandardContext reload
INFO: Reloading Context with name [/CrudApp] is completed
juil. 27, 2015 1:16:09 PM org.apache.catalina.core.StandardContext reload
INFO: Reloading Context with name [/CrudApp] has started
juil. 27, 2015 1:16:09 PM org.apache.catalina.startup.TldConfig execute
INFO: At least one JAR was scanned for TLDs yet contained no TLDs. Enable debug logging for this logger for a complete list of JARs that were scanned but no TLDs were found in them. Skipping unneeded JARs during scanning can improve startup time and JSP compilation time.
juil. 27, 2015 1:16:09 PM org.apache.catalina.core.StandardContext reload
INFO: Reloading Context with name [/CrudApp] is completed
juil. 27, 2015 1:20:45 PM org.apache.catalina.core.StandardContext reload
INFO: Reloading Context with name [/CrudApp] has started
juil. 27, 2015 1:20:45 PM org.apache.catalina.loader.WebappClassLoader clearReferencesJdbc
SEVERE: The web application [/CrudApp] registered the JDBC driver [com.microsoft.sqlserver.jdbc.SQLServerDriver] but failed to unregister it when the web application was stopped. To prevent a memory leak, the JDBC Driver has been forcibly unregistered.
juil. 27, 2015 1:20:45 PM org.apache.catalina.startup.TldConfig execute
INFO: At least one JAR was scanned for TLDs yet contained no TLDs. Enable debug logging for this logger for a complete list of JARs that were scanned but no TLDs were found in them. Skipping unneeded JARs during scanning can improve startup time and JSP compilation time.
juil. 27, 2015 1:20:45 PM org.apache.catalina.core.StandardContext reload
INFO: Reloading Context with name [/CrudApp] is completed
juil. 27, 2015 1:20:48 PM org.apache.catalina.core.StandardContext reload
INFO: Reloading Context with name [/CrudApp] has started
juil. 27, 2015 1:20:48 PM org.apache.catalina.startup.TldConfig execute
INFO: At least one JAR was scanned for TLDs yet contained no TLDs. Enable debug logging for this logger for a complete list of JARs that were scanned but no TLDs were found in them. Skipping unneeded JARs during scanning can improve startup time and JSP compilation time.
juil. 27, 2015 1:20:48 PM org.apache.catalina.core.StandardContext reload
INFO: Reloading Context with name [/CrudApp] is completed
juil. 27, 2015 1:20:56 PM org.apache.catalina.core.StandardContext reload
INFO: Reloading Context with name [/CrudApp] has started
juil. 27, 2015 1:20:56 PM org.apache.catalina.startup.TldConfig execute
INFO: At least one JAR was scanned for TLDs yet contained no TLDs. Enable debug logging for this logger for a complete list of JARs that were scanned but no TLDs were found in them. Skipping unneeded JARs during scanning can improve startup time and JSP compilation time.
juil. 27, 2015 1:20:56 PM org.apache.catalina.core.StandardContext reload
INFO: Reloading Context with name [/CrudApp] is completed
juil. 27, 2015 1:47:12 PM hudson.model.AsyncPeriodicWork$1 run
INFO: Started Fingerprint cleanup
juil. 27, 2015 1:47:12 PM hudson.model.AsyncPeriodicWork$1 run
INFO: Finished Fingerprint cleanup. 2 ms
juil. 27, 2015 2:07:32 PM hudson.model.AsyncPeriodicWork$1 run
INFO: Started Download metadata
juil. 27, 2015 2:07:32 PM hudson.model.AsyncPeriodicWork$1 run
INFO: Finished Download metadata. 2 ms
juil. 27, 2015 2:43:24 PM org.apache.catalina.core.StandardContext reload
INFO: Reloading Context with name [/CrudApp] has started
juil. 27, 2015 2:43:24 PM org.apache.catalina.loader.WebappClassLoader clearReferencesJdbc
SEVERE: The web application [/CrudApp] registered the JDBC driver [com.microsoft.sqlserver.jdbc.SQLServerDriver] but failed to unregister it when the web application was stopped. To prevent a memory leak, the JDBC Driver has been forcibly unregistered.
juil. 27, 2015 2:43:25 PM org.apache.catalina.startup.TldConfig execute
INFO: At least one JAR was scanned for TLDs yet contained no TLDs. Enable debug logging for this logger for a complete list of JARs that were scanned but no TLDs were found in them. Skipping unneeded JARs during scanning can improve startup time and JSP compilation time.
juil. 27, 2015 2:43:25 PM org.apache.catalina.core.StandardContext reload
INFO: Reloading Context with name [/CrudApp] is completed
juil. 27, 2015 2:43:47 PM org.apache.catalina.core.StandardContext reload
INFO: Reloading Context with name [/CrudApp] has started
juil. 27, 2015 2:43:47 PM org.apache.catalina.startup.TldConfig execute
INFO: At least one JAR was scanned for TLDs yet contained no TLDs. Enable debug logging for this logger for a complete list of JARs that were scanned but no TLDs were found in them. Skipping unneeded JARs during scanning can improve startup time and JSP compilation time.
juil. 27, 2015 2:43:47 PM org.apache.catalina.core.StandardContext reload
INFO: Reloading Context with name [/CrudApp] is completed
juil. 27, 2015 2:44:03 PM org.apache.catalina.core.StandardContext reload
INFO: Reloading Context with name [/CrudApp] has started
juil. 27, 2015 2:44:03 PM org.apache.catalina.startup.TldConfig execute
INFO: At least one JAR was scanned for TLDs yet contained no TLDs. Enable debug logging for this logger for a complete list of JARs that were scanned but no TLDs were found in them. Skipping unneeded JARs during scanning can improve startup time and JSP compilation time.
juil. 27, 2015 2:44:03 PM org.apache.catalina.core.StandardContext reload
INFO: Reloading Context with name [/CrudApp] is completed
juil. 27, 2015 2:45:33 PM org.apache.catalina.core.StandardContext reload
INFO: Reloading Context with name [/CrudApp] has started
juil. 27, 2015 2:45:33 PM org.apache.catalina.loader.WebappClassLoader clearReferencesJdbc
SEVERE: The web application [/CrudApp] registered the JDBC driver [com.microsoft.sqlserver.jdbc.SQLServerDriver] but failed to unregister it when the web application was stopped. To prevent a memory leak, the JDBC Driver has been forcibly unregistered.
juil. 27, 2015 2:45:33 PM org.apache.catalina.loader.WebappClassLoader checkThreadLocalMapForLeaks
SEVERE: The web application [/CrudApp] created a ThreadLocal with key of type [com.microsoft.sqlserver.jdbc.ActivityCorrelator$1] (value [com.microsoft.sqlserver.jdbc.ActivityCorrelator$1@45d261c7]) and a value of type [com.microsoft.sqlserver.jdbc.ActivityId] (value [43b224b2-43e1-45df-85a4-1883fa57187c-1]) but failed to remove it when the web application was stopped. Threads are going to be renewed over time to try and avoid a probable memory leak.
juil. 27, 2015 2:45:33 PM org.apache.catalina.startup.TldConfig execute
INFO: At least one JAR was scanned for TLDs yet contained no TLDs. Enable debug logging for this logger for a complete list of JARs that were scanned but no TLDs were found in them. Skipping unneeded JARs during scanning can improve startup time and JSP compilation time.
juil. 27, 2015 2:45:33 PM org.apache.catalina.core.StandardContext reload
INFO: Reloading Context with name [/CrudApp] is completed
juil. 27, 2015 2:51:44 PM org.apache.catalina.core.StandardContext reload
INFO: Reloading Context with name [/CrudApp] has started
juil. 27, 2015 2:51:44 PM org.apache.catalina.loader.WebappClassLoader clearReferencesJdbc
SEVERE: The web application [/CrudApp] registered the JDBC driver [com.microsoft.sqlserver.jdbc.SQLServerDriver] but failed to unregister it when the web application was stopped. To prevent a memory leak, the JDBC Driver has been forcibly unregistered.
juil. 27, 2015 2:51:45 PM org.apache.catalina.startup.TldConfig execute
INFO: At least one JAR was scanned for TLDs yet contained no TLDs. Enable debug logging for this logger for a complete list of JARs that were scanned but no TLDs were found in them. Skipping unneeded JARs during scanning can improve startup time and JSP compilation time.
juil. 27, 2015 2:51:45 PM org.apache.catalina.core.StandardContext reload
INFO: Reloading Context with name [/CrudApp] is completed
juil. 27, 2015 2:51:59 PM org.apache.catalina.core.StandardContext reload
INFO: Reloading Context with name [/CrudApp] has started
juil. 27, 2015 2:52:00 PM org.apache.catalina.startup.TldConfig execute
INFO: At least one JAR was scanned for TLDs yet contained no TLDs. Enable debug logging for this logger for a complete list of JARs that were scanned but no TLDs were found in them. Skipping unneeded JARs during scanning can improve startup time and JSP compilation time.
juil. 27, 2015 2:52:00 PM org.apache.catalina.core.StandardContext reload
INFO: Reloading Context with name [/CrudApp] is completed
juil. 27, 2015 2:52:07 PM org.apache.catalina.core.StandardContext reload
INFO: Reloading Context with name [/CrudApp] has started
juil. 27, 2015 2:52:08 PM org.apache.catalina.startup.TldConfig execute
INFO: At least one JAR was scanned for TLDs yet contained no TLDs. Enable debug logging for this logger for a complete list of JARs that were scanned but no TLDs were found in them. Skipping unneeded JARs during scanning can improve startup time and JSP compilation time.
juil. 27, 2015 2:52:08 PM org.apache.catalina.core.StandardContext reload
INFO: Reloading Context with name [/CrudApp] is completed
juil. 27, 2015 2:52:46 PM org.apache.catalina.core.StandardContext reload
INFO: Reloading Context with name [/CrudApp] has started
juil. 27, 2015 2:52:47 PM org.apache.catalina.startup.TldConfig execute
INFO: At least one JAR was scanned for TLDs yet contained no TLDs. Enable debug logging for this logger for a complete list of JARs that were scanned but no TLDs were found in them. Skipping unneeded JARs during scanning can improve startup time and JSP compilation time.
juil. 27, 2015 2:52:47 PM org.apache.catalina.core.StandardContext reload
INFO: Reloading Context with name [/CrudApp] is completed
juil. 27, 2015 2:52:53 PM org.apache.catalina.core.StandardContext reload
INFO: Reloading Context with name [/CrudApp] has started
juil. 27, 2015 2:52:53 PM org.apache.catalina.startup.TldConfig execute
INFO: At least one JAR was scanned for TLDs yet contained no TLDs. Enable debug logging for this logger for a complete list of JARs that were scanned but no TLDs were found in them. Skipping unneeded JARs during scanning can improve startup time and JSP compilation time.
juil. 27, 2015 2:52:53 PM org.apache.catalina.core.StandardContext reload
INFO: Reloading Context with name [/CrudApp] is completed
juil. 27, 2015 2:53:02 PM org.apache.catalina.core.StandardContext reload
INFO: Reloading Context with name [/CrudApp] has started
juil. 27, 2015 2:53:03 PM org.apache.catalina.startup.TldConfig execute
INFO: At least one JAR was scanned for TLDs yet contained no TLDs. Enable debug logging for this logger for a complete list of JARs that were scanned but no TLDs were found in them. Skipping unneeded JARs during scanning can improve startup time and JSP compilation time.
juil. 27, 2015 2:53:03 PM org.apache.catalina.core.StandardContext reload
INFO: Reloading Context with name [/CrudApp] is completed
juil. 27, 2015 2:53:09 PM org.apache.catalina.core.StandardContext reload
INFO: Reloading Context with name [/CrudApp] has started
juil. 27, 2015 2:53:09 PM org.apache.catalina.startup.TldConfig execute
INFO: At least one JAR was scanned for TLDs yet contained no TLDs. Enable debug logging for this logger for a complete list of JARs that were scanned but no TLDs were found in them. Skipping unneeded JARs during scanning can improve startup time and JSP compilation time.
juil. 27, 2015 2:53:09 PM org.apache.catalina.core.StandardContext reload
INFO: Reloading Context with name [/CrudApp] is completed
juil. 27, 2015 2:53:09 PM org.apache.catalina.core.StandardContext reload
INFO: Reloading Context with name [/CrudApp] has started
juil. 27, 2015 2:53:10 PM org.apache.catalina.startup.TldConfig execute
INFO: At least one JAR was scanned for TLDs yet contained no TLDs. Enable debug logging for this logger for a complete list of JARs that were scanned but no TLDs were found in them. Skipping unneeded JARs during scanning can improve startup time and JSP compilation time.
juil. 27, 2015 2:53:10 PM org.apache.catalina.core.StandardContext reload
INFO: Reloading Context with name [/CrudApp] is completed
juil. 27, 2015 2:53:42 PM org.apache.catalina.core.StandardContext reload
INFO: Reloading Context with name [/CrudApp] has started
juil. 27, 2015 2:53:43 PM org.apache.catalina.startup.TldConfig execute
INFO: At least one JAR was scanned for TLDs yet contained no TLDs. Enable debug logging for this logger for a complete list of JARs that were scanned but no TLDs were found in them. Skipping unneeded JARs during scanning can improve startup time and JSP compilation time.
juil. 27, 2015 2:53:43 PM org.apache.catalina.core.StandardContext reload
INFO: Reloading Context with name [/CrudApp] is completed
juil. 27, 2015 2:54:05 PM org.apache.catalina.core.StandardContext reload
INFO: Reloading Context with name [/CrudApp] has started
juil. 27, 2015 2:54:05 PM org.apache.catalina.startup.TldConfig execute
INFO: At least one JAR was scanned for TLDs yet contained no TLDs. Enable debug logging for this logger for a complete list of JARs that were scanned but no TLDs were found in them. Skipping unneeded JARs during scanning can improve startup time and JSP compilation time.
juil. 27, 2015 2:54:05 PM org.apache.catalina.core.StandardContext reload
INFO: Reloading Context with name [/CrudApp] is completed
juil. 27, 2015 2:54:11 PM org.apache.catalina.core.StandardContext reload
INFO: Reloading Context with name [/CrudApp] has started
juil. 27, 2015 2:54:12 PM org.apache.catalina.startup.TldConfig execute
INFO: At least one JAR was scanned for TLDs yet contained no TLDs. Enable debug logging for this logger for a complete list of JARs that were scanned but no TLDs were found in them. Skipping unneeded JARs during scanning can improve startup time and JSP compilation time.
juil. 27, 2015 2:54:12 PM org.apache.catalina.core.StandardContext reload
INFO: Reloading Context with name [/CrudApp] is completed
juil. 27, 2015 2:54:34 PM org.apache.catalina.core.StandardContext reload
INFO: Reloading Context with name [/CrudApp] has started
juil. 27, 2015 2:54:35 PM org.apache.catalina.startup.TldConfig execute
INFO: At least one JAR was scanned for TLDs yet contained no TLDs. Enable debug logging for this logger for a complete list of JARs that were scanned but no TLDs were found in them. Skipping unneeded JARs during scanning can improve startup time and JSP compilation time.
juil. 27, 2015 2:54:35 PM org.apache.catalina.core.StandardContext reload
INFO: Reloading Context with name [/CrudApp] is completed
juil. 27, 2015 2:55:40 PM org.apache.catalina.core.StandardContext reload
INFO: Reloading Context with name [/CrudApp] has started
juil. 27, 2015 2:55:40 PM org.apache.catalina.startup.TldConfig execute
INFO: At least one JAR was scanned for TLDs yet contained no TLDs. Enable debug logging for this logger for a complete list of JARs that were scanned but no TLDs were found in them. Skipping unneeded JARs during scanning can improve startup time and JSP compilation time.
juil. 27, 2015 2:55:40 PM org.apache.catalina.core.StandardContext reload
INFO: Reloading Context with name [/CrudApp] is completed
juil. 27, 2015 3:01:00 PM org.apache.catalina.core.StandardContext reload
INFO: Reloading Context with name [/CrudApp] has started
juil. 27, 2015 3:01:00 PM org.apache.catalina.startup.TldConfig execute
INFO: At least one JAR was scanned for TLDs yet contained no TLDs. Enable debug logging for this logger for a complete list of JARs that were scanned but no TLDs were found in them. Skipping unneeded JARs during scanning can improve startup time and JSP compilation time.
juil. 27, 2015 3:01:00 PM org.apache.catalina.core.StandardContext reload
INFO: Reloading Context with name [/CrudApp] is completed
juil. 27, 2015 3:01:16 PM org.apache.catalina.core.StandardContext reload
INFO: Reloading Context with name [/CrudApp] has started
juil. 27, 2015 3:01:16 PM org.apache.catalina.startup.TldConfig execute
INFO: At least one JAR was scanned for TLDs yet contained no TLDs. Enable debug logging for this logger for a complete list of JARs that were scanned but no TLDs were found in them. Skipping unneeded JARs during scanning can improve startup time and JSP compilation time.
juil. 27, 2015 3:01:16 PM org.apache.catalina.core.StandardContext reload
INFO: Reloading Context with name [/CrudApp] is completed
juil. 27, 2015 3:01:22 PM org.apache.catalina.core.StandardContext reload
INFO: Reloading Context with name [/CrudApp] has started
juil. 27, 2015 3:01:23 PM org.apache.catalina.startup.TldConfig execute
INFO: At least one JAR was scanned for TLDs yet contained no TLDs. Enable debug logging for this logger for a complete list of JARs that were scanned but no TLDs were found in them. Skipping unneeded JARs during scanning can improve startup time and JSP compilation time.
juil. 27, 2015 3:01:23 PM org.apache.catalina.core.StandardContext reload
INFO: Reloading Context with name [/CrudApp] is completed
juil. 27, 2015 3:01:53 PM org.apache.catalina.core.StandardContext reload
INFO: Reloading Context with name [/CrudApp] has started
juil. 27, 2015 3:01:54 PM org.apache.catalina.startup.TldConfig execute
INFO: At least one JAR was scanned for TLDs yet contained no TLDs. Enable debug logging for this logger for a complete list of JARs that were scanned but no TLDs were found in them. Skipping unneeded JARs during scanning can improve startup time and JSP compilation time.
juil. 27, 2015 3:01:54 PM org.apache.catalina.core.StandardContext reload
INFO: Reloading Context with name [/CrudApp] is completed
juil. 27, 2015 3:02:02 PM org.apache.catalina.core.StandardContext reload
INFO: Reloading Context with name [/CrudApp] has started
juil. 27, 2015 3:02:02 PM org.apache.catalina.startup.TldConfig execute
INFO: At least one JAR was scanned for TLDs yet contained no TLDs. Enable debug logging for this logger for a complete list of JARs that were scanned but no TLDs were found in them. Skipping unneeded JARs during scanning can improve startup time and JSP compilation time.
juil. 27, 2015 3:02:02 PM org.apache.catalina.core.StandardContext reload
INFO: Reloading Context with name [/CrudApp] is completed
juil. 27, 2015 3:02:11 PM org.apache.catalina.core.StandardContext reload
INFO: Reloading Context with name [/CrudApp] has started
juil. 27, 2015 3:02:11 PM org.apache.catalina.startup.TldConfig execute
INFO: At least one JAR was scanned for TLDs yet contained no TLDs. Enable debug logging for this logger for a complete list of JARs that were scanned but no TLDs were found in them. Skipping unneeded JARs during scanning can improve startup time and JSP compilation time.
juil. 27, 2015 3:02:11 PM org.apache.catalina.core.StandardContext reload
INFO: Reloading Context with name [/CrudApp] is completed
juil. 27, 2015 3:02:27 PM org.apache.catalina.core.StandardContext reload
INFO: Reloading Context with name [/CrudApp] has started
juil. 27, 2015 3:02:28 PM org.apache.catalina.startup.TldConfig execute
INFO: At least one JAR was scanned for TLDs yet contained no TLDs. Enable debug logging for this logger for a complete list of JARs that were scanned but no TLDs were found in them. Skipping unneeded JARs during scanning can improve startup time and JSP compilation time.
juil. 27, 2015 3:02:28 PM org.apache.catalina.core.StandardContext reload
INFO: Reloading Context with name [/CrudApp] is completed
juil. 27, 2015 3:02:37 PM org.apache.catalina.core.StandardContext reload
INFO: Reloading Context with name [/CrudApp] has started
juil. 27, 2015 3:02:38 PM org.apache.catalina.startup.TldConfig execute
INFO: At least one JAR was scanned for TLDs yet contained no TLDs. Enable debug logging for this logger for a complete list of JARs that were scanned but no TLDs were found in them. Skipping unneeded JARs during scanning can improve startup time and JSP compilation time.
juil. 27, 2015 3:02:38 PM org.apache.catalina.core.StandardContext reload
INFO: Reloading Context with name [/CrudApp] is completed
juil. 27, 2015 3:03:40 PM org.apache.catalina.core.StandardContext reload
INFO: Reloading Context with name [/CrudApp] has started
juil. 27, 2015 3:03:41 PM org.apache.catalina.startup.TldConfig execute
INFO: At least one JAR was scanned for TLDs yet contained no TLDs. Enable debug logging for this logger for a complete list of JARs that were scanned but no TLDs were found in them. Skipping unneeded JARs during scanning can improve startup time and JSP compilation time.
juil. 27, 2015 3:03:41 PM org.apache.catalina.core.StandardContext reload
INFO: Reloading Context with name [/CrudApp] is completed
juil. 27, 2015 3:04:12 PM org.apache.catalina.core.StandardContext reload
INFO: Reloading Context with name [/CrudApp] has started
juil. 27, 2015 3:04:12 PM org.apache.catalina.startup.TldConfig execute
INFO: At least one JAR was scanned for TLDs yet contained no TLDs. Enable debug logging for this logger for a complete list of JARs that were scanned but no TLDs were found in them. Skipping unneeded JARs during scanning can improve startup time and JSP compilation time.
juil. 27, 2015 3:04:12 PM org.apache.catalina.core.StandardContext reload
INFO: Reloading Context with name [/CrudApp] is completed
juil. 27, 2015 3:04:20 PM org.apache.catalina.core.StandardContext reload
INFO: Reloading Context with name [/CrudApp] has started
juil. 27, 2015 3:04:20 PM org.apache.catalina.startup.TldConfig execute
INFO: At least one JAR was scanned for TLDs yet contained no TLDs. Enable debug logging for this logger for a complete list of JARs that were scanned but no TLDs were found in them. Skipping unneeded JARs during scanning can improve startup time and JSP compilation time.
juil. 27, 2015 3:04:20 PM org.apache.catalina.core.StandardContext reload
INFO: Reloading Context with name [/CrudApp] is completed
juil. 27, 2015 3:04:30 PM org.apache.catalina.core.StandardContext reload
INFO: Reloading Context with name [/CrudApp] has started
juil. 27, 2015 3:04:30 PM org.apache.catalina.startup.TldConfig execute
INFO: At least one JAR was scanned for TLDs yet contained no TLDs. Enable debug logging for this logger for a complete list of JARs that were scanned but no TLDs were found in them. Skipping unneeded JARs during scanning can improve startup time and JSP compilation time.
juil. 27, 2015 3:04:30 PM org.apache.catalina.core.StandardContext reload
INFO: Reloading Context with name [/CrudApp] is completed
juil. 27, 2015 3:06:57 PM org.apache.catalina.core.StandardContext reload
INFO: Reloading Context with name [/CrudApp] has started
juil. 27, 2015 3:06:58 PM org.apache.catalina.startup.TldConfig execute
INFO: At least one JAR was scanned for TLDs yet contained no TLDs. Enable debug logging for this logger for a complete list of JARs that were scanned but no TLDs were found in them. Skipping unneeded JARs during scanning can improve startup time and JSP compilation time.
juil. 27, 2015 3:06:58 PM org.apache.catalina.core.StandardContext reload
INFO: Reloading Context with name [/CrudApp] is completed
juil. 27, 2015 3:07:41 PM org.apache.catalina.core.StandardContext reload
INFO: Reloading Context with name [/CrudApp] has started
juil. 27, 2015 3:07:41 PM org.apache.catalina.startup.TldConfig execute
INFO: At least one JAR was scanned for TLDs yet contained no TLDs. Enable debug logging for this logger for a complete list of JARs that were scanned but no TLDs were found in them. Skipping unneeded JARs during scanning can improve startup time and JSP compilation time.
juil. 27, 2015 3:07:41 PM org.apache.catalina.core.StandardContext reload
INFO: Reloading Context with name [/CrudApp] is completed
juil. 27, 2015 3:08:51 PM org.apache.catalina.core.StandardContext reload
INFO: Reloading Context with name [/CrudApp] has started
juil. 27, 2015 3:08:51 PM org.apache.catalina.startup.TldConfig execute
INFO: At least one JAR was scanned for TLDs yet contained no TLDs. Enable debug logging for this logger for a complete list of JARs that were scanned but no TLDs were found in them. Skipping unneeded JARs during scanning can improve startup time and JSP compilation time.
juil. 27, 2015 3:08:51 PM org.apache.catalina.core.StandardContext reload
INFO: Reloading Context with name [/CrudApp] is completed
juil. 27, 2015 3:09:17 PM org.apache.catalina.core.StandardContext reload
INFO: Reloading Context with name [/CrudApp] has started
juil. 27, 2015 3:09:17 PM org.apache.catalina.startup.TldConfig execute
INFO: At least one JAR was scanned for TLDs yet contained no TLDs. Enable debug logging for this logger for a complete list of JARs that were scanned but no TLDs were found in them. Skipping unneeded JARs during scanning can improve startup time and JSP compilation time.
juil. 27, 2015 3:09:17 PM org.apache.catalina.core.StandardContext reload
INFO: Reloading Context with name [/CrudApp] is completed
juil. 27, 2015 3:09:23 PM org.apache.catalina.core.StandardContext reload
INFO: Reloading Context with name [/CrudApp] has started
juil. 27, 2015 3:09:23 PM org.apache.catalina.startup.TldConfig execute
INFO: At least one JAR was scanned for TLDs yet contained no TLDs. Enable debug logging for this logger for a complete list of JARs that were scanned but no TLDs were found in them. Skipping unneeded JARs during scanning can improve startup time and JSP compilation time.
juil. 27, 2015 3:09:23 PM org.apache.catalina.core.StandardContext reload
INFO: Reloading Context with name [/CrudApp] is completed
juil. 27, 2015 3:09:54 PM org.apache.catalina.core.StandardContext reload
INFO: Reloading Context with name [/CrudApp] has started
juil. 27, 2015 3:09:54 PM org.apache.catalina.startup.TldConfig execute
INFO: At least one JAR was scanned for TLDs yet contained no TLDs. Enable debug logging for this logger for a complete list of JARs that were scanned but no TLDs were found in them. Skipping unneeded JARs during scanning can improve startup time and JSP compilation time.
juil. 27, 2015 3:09:54 PM org.apache.catalina.core.StandardContext reload
INFO: Reloading Context with name [/CrudApp] is completed
juil. 27, 2015 3:10:02 PM org.apache.catalina.core.StandardContext reload
INFO: Reloading Context with name [/CrudApp] has started
juil. 27, 2015 3:10:03 PM org.apache.catalina.startup.TldConfig execute
INFO: At least one JAR was scanned for TLDs yet contained no TLDs. Enable debug logging for this logger for a complete list of JARs that were scanned but no TLDs were found in them. Skipping unneeded JARs during scanning can improve startup time and JSP compilation time.
juil. 27, 2015 3:10:03 PM org.apache.catalina.core.StandardContext reload
INFO: Reloading Context with name [/CrudApp] is completed
juil. 27, 2015 3:10:15 PM org.apache.catalina.core.StandardContext reload
INFO: Reloading Context with name [/CrudApp] has started
juil. 27, 2015 3:10:15 PM org.apache.catalina.startup.TldConfig execute
INFO: At least one JAR was scanned for TLDs yet contained no TLDs. Enable debug logging for this logger for a complete list of JARs that were scanned but no TLDs were found in them. Skipping unneeded JARs during scanning can improve startup time and JSP compilation time.
juil. 27, 2015 3:10:15 PM org.apache.catalina.core.StandardContext reload
INFO: Reloading Context with name [/CrudApp] is completed
juil. 27, 2015 3:11:49 PM org.apache.catalina.core.StandardContext reload
INFO: Reloading Context with name [/CrudApp] has started
juil. 27, 2015 3:11:49 PM org.apache.catalina.startup.TldConfig execute
INFO: At least one JAR was scanned for TLDs yet contained no TLDs. Enable debug logging for this logger for a complete list of JARs that were scanned but no TLDs were found in them. Skipping unneeded JARs during scanning can improve startup time and JSP compilation time.
juil. 27, 2015 3:11:49 PM org.apache.catalina.core.StandardContext reload
INFO: Reloading Context with name [/CrudApp] is completed
juil. 27, 2015 3:12:06 PM org.apache.catalina.core.StandardContext reload
INFO: Reloading Context with name [/CrudApp] has started
juil. 27, 2015 3:12:07 PM org.apache.catalina.startup.TldConfig execute
INFO: At least one JAR was scanned for TLDs yet contained no TLDs. Enable debug logging for this logger for a complete list of JARs that were scanned but no TLDs were found in them. Skipping unneeded JARs during scanning can improve startup time and JSP compilation time.
juil. 27, 2015 3:12:07 PM org.apache.catalina.core.StandardContext reload
INFO: Reloading Context with name [/CrudApp] is completed
juil. 27, 2015 3:12:09 PM org.apache.coyote.http11.AbstractHttp11Processor process
INFO: Error parsing HTTP request header
 Note: further occurrences of HTTP header parsing errors will be logged at DEBUG level.
juil. 27, 2015 3:12:38 PM org.apache.catalina.core.StandardContext reload
INFO: Reloading Context with name [/CrudApp] has started
juil. 27, 2015 3:12:38 PM org.apache.catalina.startup.TldConfig execute
INFO: At least one JAR was scanned for TLDs yet contained no TLDs. Enable debug logging for this logger for a complete list of JARs that were scanned but no TLDs were found in them. Skipping unneeded JARs during scanning can improve startup time and JSP compilation time.
juil. 27, 2015 3:12:38 PM org.apache.catalina.core.StandardContext reload
INFO: Reloading Context with name [/CrudApp] is completed
juil. 27, 2015 3:13:43 PM org.apache.catalina.core.StandardContext reload
INFO: Reloading Context with name [/CrudApp] has started
juil. 27, 2015 3:13:43 PM org.apache.catalina.startup.TldConfig execute
INFO: At least one JAR was scanned for TLDs yet contained no TLDs. Enable debug logging for this logger for a complete list of JARs that were scanned but no TLDs were found in them. Skipping unneeded JARs during scanning can improve startup time and JSP compilation time.
juil. 27, 2015 3:13:43 PM org.apache.catalina.core.StandardContext reload
INFO: Reloading Context with name [/CrudApp] is completed
juil. 27, 2015 3:14:01 PM org.apache.catalina.core.StandardContext reload
INFO: Reloading Context with name [/CrudApp] has started
juil. 27, 2015 3:14:01 PM org.apache.catalina.startup.TldConfig execute
INFO: At least one JAR was scanned for TLDs yet contained no TLDs. Enable debug logging for this logger for a complete list of JARs that were scanned but no TLDs were found in them. Skipping unneeded JARs during scanning can improve startup time and JSP compilation time.
juil. 27, 2015 3:14:01 PM org.apache.catalina.core.StandardContext reload
INFO: Reloading Context with name [/CrudApp] is completed
juil. 27, 2015 3:14:01 PM org.apache.catalina.core.StandardContext reload
INFO: Reloading Context with name [/CrudApp] has started
juil. 27, 2015 3:14:02 PM org.apache.catalina.startup.TldConfig execute
INFO: At least one JAR was scanned for TLDs yet contained no TLDs. Enable debug logging for this logger for a complete list of JARs that were scanned but no TLDs were found in them. Skipping unneeded JARs during scanning can improve startup time and JSP compilation time.
juil. 27, 2015 3:14:02 PM org.apache.catalina.core.StandardContext reload
INFO: Reloading Context with name [/CrudApp] is completed
juil. 27, 2015 3:22:51 PM org.apache.catalina.loader.WebappClassLoader clearReferencesJdbc
SEVERE: The web application [/CrudApp] registered the JDBC driver [com.microsoft.sqlserver.jdbc.SQLServerDriver] but failed to unregister it when the web application was stopped. To prevent a memory leak, the JDBC Driver has been forcibly unregistered.
juil. 27, 2015 3:22:52 PM org.apache.catalina.startup.HostConfig undeploy
INFO: Undeploying context [/CrudApp]
juil. 27, 2015 3:27:34 PM org.apache.catalina.startup.HostConfig deployDescriptor
INFO: Deploying configuration descriptor C:\apache-tomcat-7.0.62\conf\Catalina\localhost\CrudApp.xml
juil. 27, 2015 3:27:34 PM org.apache.catalina.startup.TldConfig execute
INFO: At least one JAR was scanned for TLDs yet contained no TLDs. Enable debug logging for this logger for a complete list of JARs that were scanned but no TLDs were found in them. Skipping unneeded JARs during scanning can improve startup time and JSP compilation time.
juil. 27, 2015 3:27:34 PM org.apache.catalina.startup.HostConfig deployDescriptor
INFO: Deployment of configuration descriptor C:\apache-tomcat-7.0.62\conf\Catalina\localhost\CrudApp.xml has finished in 425 ms
juil. 27, 2015 3:27:34 PM org.apache.catalina.util.LifecycleBase start
INFO: The start() method was called on component [StandardEngine[Catalina].StandardHost[localhost].StandardContext[/CrudApp]] after start() had already been called. The second call will be ignored.
juil. 27, 2015 9:34:56 PM hudson.model.AsyncPeriodicWork$1 run
INFO: Started Workspace clean-up
juil. 27, 2015 9:34:58 PM hudson.model.AsyncPeriodicWork$1 run
INFO: Finished Workspace clean-up. 1 199 ms
