juin 22, 2015 3:10:43 PM org.apache.catalina.core.ApplicationContext log
INFO: ContextListener: contextInitialized()
juin 22, 2015 3:10:43 PM org.apache.catalina.core.ApplicationContext log
INFO: SessionListener: contextInitialized()
juin 22, 2015 3:10:43 PM org.apache.catalina.core.ApplicationContext log
INFO: ContextListener: attributeAdded('org.apache.jasper.compiler.TldLocationsCache', 'org.apache.jasper.compiler.TldLocationsCache@593fa6c5')
juin 22, 2015 3:10:50 PM org.apache.catalina.core.ApplicationContext log
INFO: SessionListener: contextDestroyed()
juin 22, 2015 3:10:50 PM org.apache.catalina.core.ApplicationContext log
INFO: ContextListener: contextDestroyed()
juin 22, 2015 3:11:43 PM org.apache.catalina.core.ApplicationContext log
INFO: ContextListener: contextInitialized()
juin 22, 2015 3:11:43 PM org.apache.catalina.core.ApplicationContext log
INFO: SessionListener: contextInitialized()
juin 22, 2015 3:11:43 PM org.apache.catalina.core.ApplicationContext log
INFO: ContextListener: attributeAdded('org.apache.jasper.compiler.TldLocationsCache', 'org.apache.jasper.compiler.TldLocationsCache@705da7e0')
juin 22, 2015 3:12:56 PM org.apache.catalina.core.ApplicationContext log
INFO: ContextListener: contextInitialized()
juin 22, 2015 3:12:56 PM org.apache.catalina.core.ApplicationContext log
INFO: SessionListener: contextInitialized()
juin 22, 2015 3:12:56 PM org.apache.catalina.core.ApplicationContext log
INFO: ContextListener: attributeAdded('org.apache.jasper.compiler.TldLocationsCache', 'org.apache.jasper.compiler.TldLocationsCache@10f23791')
juin 22, 2015 3:13:14 PM org.apache.catalina.core.ApplicationContext log
INFO: ContextListener: contextInitialized()
juin 22, 2015 3:13:14 PM org.apache.catalina.core.ApplicationContext log
INFO: SessionListener: contextInitialized()
juin 22, 2015 3:13:14 PM org.apache.catalina.core.ApplicationContext log
INFO: ContextListener: attributeAdded('org.apache.jasper.compiler.TldLocationsCache', 'org.apache.jasper.compiler.TldLocationsCache@2da8c7c1')
juin 22, 2015 3:13:14 PM org.apache.catalina.core.ApplicationContext log
INFO: SessionListener: contextDestroyed()
juin 22, 2015 3:13:14 PM org.apache.catalina.core.ApplicationContext log
INFO: ContextListener: contextDestroyed()
juin 22, 2015 3:13:19 PM org.apache.catalina.core.ApplicationContext log
INFO: ContextListener: contextInitialized()
juin 22, 2015 3:13:19 PM org.apache.catalina.core.ApplicationContext log
INFO: SessionListener: contextInitialized()
juin 22, 2015 3:13:19 PM org.apache.catalina.core.ApplicationContext log
INFO: ContextListener: attributeAdded('org.apache.jasper.compiler.TldLocationsCache', 'org.apache.jasper.compiler.TldLocationsCache@7081212b')
juin 22, 2015 3:13:19 PM org.apache.catalina.core.ApplicationContext log
INFO: SessionListener: contextDestroyed()
juin 22, 2015 3:13:19 PM org.apache.catalina.core.ApplicationContext log
INFO: ContextListener: contextDestroyed()
juin 22, 2015 3:14:07 PM org.apache.catalina.core.ApplicationContext log
INFO: ContextListener: contextInitialized()
juin 22, 2015 3:14:07 PM org.apache.catalina.core.ApplicationContext log
INFO: SessionListener: contextInitialized()
juin 22, 2015 3:14:07 PM org.apache.catalina.core.ApplicationContext log
INFO: ContextListener: attributeAdded('org.apache.jasper.compiler.TldLocationsCache', 'org.apache.jasper.compiler.TldLocationsCache@29efafae')
juin 22, 2015 3:16:37 PM org.apache.catalina.core.ApplicationContext log
INFO: SessionListener: contextDestroyed()
juin 22, 2015 3:16:37 PM org.apache.catalina.core.ApplicationContext log
INFO: ContextListener: contextDestroyed()
juin 22, 2015 3:16:40 PM org.apache.catalina.core.ApplicationContext log
INFO: ContextListener: contextInitialized()
juin 22, 2015 3:16:40 PM org.apache.catalina.core.ApplicationContext log
INFO: SessionListener: contextInitialized()
juin 22, 2015 3:16:40 PM org.apache.catalina.core.ApplicationContext log
INFO: ContextListener: attributeAdded('org.apache.jasper.compiler.TldLocationsCache', 'org.apache.jasper.compiler.TldLocationsCache@7f1b048c')
juin 22, 2015 3:17:51 PM org.apache.catalina.core.ApplicationContext log
INFO: SessionListener: contextDestroyed()
juin 22, 2015 3:17:51 PM org.apache.catalina.core.ApplicationContext log
INFO: ContextListener: contextDestroyed()
juin 22, 2015 3:17:54 PM org.apache.catalina.core.ApplicationContext log
INFO: ContextListener: contextInitialized()
juin 22, 2015 3:17:54 PM org.apache.catalina.core.ApplicationContext log
INFO: SessionListener: contextInitialized()
juin 22, 2015 3:17:54 PM org.apache.catalina.core.ApplicationContext log
INFO: ContextListener: attributeAdded('org.apache.jasper.compiler.TldLocationsCache', 'org.apache.jasper.compiler.TldLocationsCache@7f1b048c')
