juin 23, 2015 2:18:30 PM org.apache.catalina.core.StandardContext listenerStart
SEVERE: Error configuring application listener of class com.sun.xml.ws.transport.http.servlet.WSServletContextListener
java.lang.ClassNotFoundException: com.sun.xml.ws.transport.http.servlet.WSServletContextListener
	at org.apache.catalina.loader.WebappClassLoader.loadClass(WebappClassLoader.java:1720)
	at org.apache.catalina.loader.WebappClassLoader.loadClass(WebappClassLoader.java:1571)
	at org.apache.catalina.core.DefaultInstanceManager.loadClass(DefaultInstanceManager.java:506)
	at org.apache.catalina.core.DefaultInstanceManager.loadClassMaybePrivileged(DefaultInstanceManager.java:488)
	at org.apache.catalina.core.DefaultInstanceManager.newInstance(DefaultInstanceManager.java:115)
	at org.apache.catalina.core.StandardContext.listenerStart(StandardContext.java:4932)
	at org.apache.catalina.core.StandardContext.startInternal(StandardContext.java:5528)
	at org.apache.catalina.util.LifecycleBase.start(LifecycleBase.java:150)
	at org.apache.catalina.core.ContainerBase.addChildInternal(ContainerBase.java:901)
	at org.apache.catalina.core.ContainerBase.addChild(ContainerBase.java:877)
	at org.apache.catalina.core.StandardHost.addChild(StandardHost.java:652)
	at org.apache.catalina.startup.HostConfig.deployWAR(HostConfig.java:1095)
	at org.apache.catalina.startup.HostConfig$DeployWar.run(HostConfig.java:1930)
	at java.util.concurrent.Executors$RunnableAdapter.call(Executors.java:471)
	at java.util.concurrent.FutureTask.run(FutureTask.java:262)
	at java.util.concurrent.ThreadPoolExecutor.runWorker(ThreadPoolExecutor.java:1145)
	at java.util.concurrent.ThreadPoolExecutor$Worker.run(ThreadPoolExecutor.java:615)
	at java.lang.Thread.run(Thread.java:745)

juin 23, 2015 2:18:30 PM org.apache.catalina.core.StandardContext listenerStart
SEVERE: Skipped installing application listeners due to previous error(s)
juin 23, 2015 2:18:49 PM org.apache.catalina.core.ApplicationContext log
INFO: SessionListener: contextDestroyed()
juin 23, 2015 2:18:49 PM org.apache.catalina.core.ApplicationContext log
INFO: ContextListener: contextDestroyed()
juin 23, 2015 2:18:54 PM org.apache.catalina.core.ApplicationContext log
INFO: ContextListener: contextInitialized()
juin 23, 2015 2:18:54 PM org.apache.catalina.core.ApplicationContext log
INFO: SessionListener: contextInitialized()
juin 23, 2015 2:18:54 PM org.apache.catalina.core.ApplicationContext log
INFO: ContextListener: attributeAdded('org.apache.jasper.compiler.TldLocationsCache', 'org.apache.jasper.compiler.TldLocationsCache@5bb4d6c0')
juin 23, 2015 2:19:56 PM org.apache.catalina.core.ApplicationContext log
INFO: SessionListener: contextDestroyed()
juin 23, 2015 2:19:56 PM org.apache.catalina.core.ApplicationContext log
INFO: ContextListener: contextDestroyed()
juin 23, 2015 2:45:54 PM org.apache.catalina.core.ApplicationContext log
INFO: ContextListener: contextInitialized()
juin 23, 2015 2:45:54 PM org.apache.catalina.core.ApplicationContext log
INFO: SessionListener: contextInitialized()
juin 23, 2015 2:45:54 PM org.apache.catalina.core.ApplicationContext log
INFO: ContextListener: attributeAdded('org.apache.jasper.compiler.TldLocationsCache', 'org.apache.jasper.compiler.TldLocationsCache@39346bcc')
juin 23, 2015 3:27:26 PM org.apache.catalina.core.ApplicationContext log
INFO: SessionListener: contextDestroyed()
juin 23, 2015 3:27:26 PM org.apache.catalina.core.ApplicationContext log
INFO: ContextListener: contextDestroyed()
juin 23, 2015 3:27:40 PM org.apache.catalina.core.ApplicationContext log
INFO: ContextListener: contextInitialized()
juin 23, 2015 3:27:40 PM org.apache.catalina.core.ApplicationContext log
INFO: SessionListener: contextInitialized()
juin 23, 2015 3:27:40 PM org.apache.catalina.core.ApplicationContext log
INFO: ContextListener: attributeAdded('org.apache.jasper.compiler.TldLocationsCache', 'org.apache.jasper.compiler.TldLocationsCache@57d775df')
juin 23, 2015 3:46:12 PM org.apache.catalina.core.ApplicationContext log
INFO: SessionListener: contextDestroyed()
juin 23, 2015 3:46:12 PM org.apache.catalina.core.ApplicationContext log
INFO: ContextListener: contextDestroyed()
juin 23, 2015 3:46:20 PM org.apache.catalina.core.ApplicationContext log
INFO: ContextListener: contextInitialized()
juin 23, 2015 3:46:21 PM org.apache.catalina.core.ApplicationContext log
INFO: SessionListener: contextInitialized()
juin 23, 2015 3:46:21 PM org.apache.catalina.core.ApplicationContext log
INFO: ContextListener: attributeAdded('org.apache.jasper.compiler.TldLocationsCache', 'org.apache.jasper.compiler.TldLocationsCache@5a0c4d0f')
