juin 26, 2015 9:49:17 AM org.apache.catalina.core.ApplicationContext log
INFO: ContextListener: contextInitialized()
juin 26, 2015 9:49:17 AM org.apache.catalina.core.ApplicationContext log
INFO: SessionListener: contextInitialized()
juin 26, 2015 9:49:17 AM org.apache.catalina.core.ApplicationContext log
INFO: ContextListener: attributeAdded('org.apache.jasper.compiler.TldLocationsCache', 'org.apache.jasper.compiler.TldLocationsCache@420cf5e')
juin 26, 2015 9:50:05 AM org.apache.catalina.core.ApplicationContext log
INFO: SessionListener: contextDestroyed()
juin 26, 2015 9:50:05 AM org.apache.catalina.core.ApplicationContext log
INFO: ContextListener: contextDestroyed()
juin 26, 2015 9:52:32 AM org.apache.catalina.core.ApplicationContext log
INFO: ContextListener: contextInitialized()
juin 26, 2015 9:52:32 AM org.apache.catalina.core.ApplicationContext log
INFO: SessionListener: contextInitialized()
juin 26, 2015 9:52:32 AM org.apache.catalina.core.ApplicationContext log
INFO: ContextListener: attributeAdded('org.apache.jasper.compiler.TldLocationsCache', 'org.apache.jasper.compiler.TldLocationsCache@d185eeb')
juin 26, 2015 10:15:54 AM org.apache.catalina.core.ApplicationContext log
INFO: SessionListener: contextDestroyed()
juin 26, 2015 10:15:54 AM org.apache.catalina.core.ApplicationContext log
INFO: ContextListener: contextDestroyed()
juin 26, 2015 11:21:35 AM org.apache.catalina.core.ApplicationContext log
INFO: ContextListener: contextInitialized()
juin 26, 2015 11:21:35 AM org.apache.catalina.core.ApplicationContext log
INFO: SessionListener: contextInitialized()
juin 26, 2015 11:21:35 AM org.apache.catalina.core.ApplicationContext log
INFO: ContextListener: attributeAdded('org.apache.jasper.compiler.TldLocationsCache', 'org.apache.jasper.compiler.TldLocationsCache@5a056aad')
juin 26, 2015 11:22:04 AM org.apache.catalina.core.ApplicationContext log
INFO: SessionListener: contextDestroyed()
juin 26, 2015 11:22:04 AM org.apache.catalina.core.ApplicationContext log
INFO: ContextListener: contextDestroyed()
