juin 29, 2015 2:43:55 PM org.apache.catalina.core.ApplicationContext log
INFO: HTMLManager: list: Listing contexts for virtual host 'localhost'
juin 29, 2015 4:36:01 PM org.apache.catalina.core.ApplicationContext log
INFO: HTMLManager: init: Associated with Deployer 'Catalina:type=Deployer,host=localhost'
juin 29, 2015 4:36:01 PM org.apache.catalina.core.ApplicationContext log
INFO: HTMLManager: init: Global resources are available
juin 29, 2015 4:36:01 PM org.apache.catalina.core.ApplicationContext log
INFO: HTMLManager: list: Listing contexts for virtual host 'localhost'
juin 29, 2015 4:36:03 PM org.apache.catalina.core.ApplicationContext log
INFO: HTMLManager: restart: Reloading web application '/NunitToDbRESTful'
juin 29, 2015 4:36:05 PM org.apache.catalina.core.ApplicationContext log
INFO: HTMLManager: list: Listing contexts for virtual host 'localhost'
juin 29, 2015 4:56:06 PM org.apache.catalina.core.ApplicationContext log
INFO: HTMLManager: init: Associated with Deployer 'Catalina:type=Deployer,host=localhost'
juin 29, 2015 4:56:06 PM org.apache.catalina.core.ApplicationContext log
INFO: HTMLManager: init: Global resources are available
juin 29, 2015 4:56:11 PM org.apache.catalina.core.ApplicationContext log
INFO: HTMLManager: list: Listing contexts for virtual host 'localhost'
juin 29, 2015 4:56:13 PM org.apache.catalina.core.ApplicationContext log
INFO: HTMLManager: restart: Reloading web application '/NunitToDbRESTful'
juin 29, 2015 4:56:15 PM org.apache.catalina.core.ApplicationContext log
INFO: HTMLManager: list: Listing contexts for virtual host 'localhost'
juin 29, 2015 4:58:52 PM org.apache.catalina.core.ApplicationContext log
INFO: HTMLManager: init: Associated with Deployer 'Catalina:type=Deployer,host=localhost'
juin 29, 2015 4:58:52 PM org.apache.catalina.core.ApplicationContext log
INFO: HTMLManager: init: Global resources are available
juin 29, 2015 4:58:52 PM org.apache.catalina.core.ApplicationContext log
INFO: HTMLManager: restart: Reloading web application '/NunitToDbRESTful'
juin 29, 2015 4:58:53 PM org.apache.catalina.core.ApplicationContext log
INFO: HTMLManager: list: Listing contexts for virtual host 'localhost'
juin 29, 2015 4:58:57 PM org.apache.catalina.core.ApplicationContext log
INFO: HTMLManager: restart: Reloading web application '/NunitToDbRESTful'
juin 29, 2015 4:58:59 PM org.apache.catalina.core.ApplicationContext log
INFO: HTMLManager: list: Listing contexts for virtual host 'localhost'
juin 29, 2015 4:59:02 PM org.apache.catalina.core.ApplicationContext log
INFO: HTMLManager: restart: Reloading web application '/NunitToDbRESTful'
juin 29, 2015 4:59:03 PM org.apache.catalina.core.ApplicationContext log
INFO: HTMLManager: list: Listing contexts for virtual host 'localhost'
