août 11, 2015 10:21:55 AM org.apache.catalina.core.ApplicationContext log
INFO: Manager: list: Listing contexts for virtual host 'localhost'
août 11, 2015 10:22:00 AM org.apache.catalina.core.ApplicationContext log
INFO: Manager: list: Listing contexts for virtual host 'localhost'
août 11, 2015 10:22:00 AM org.apache.catalina.core.ApplicationContext log
INFO: Manager: list: Listing contexts for virtual host 'localhost'
août 11, 2015 10:22:44 AM org.apache.catalina.core.ApplicationContext log
INFO: Manager: list: Listing contexts for virtual host 'localhost'
août 11, 2015 10:22:44 AM org.apache.catalina.core.ApplicationContext log
INFO: Manager: undeploy: Undeploying web application at '/CrudApp'
août 11, 2015 1:43:21 PM org.apache.catalina.core.ApplicationContext log
INFO: Manager: list: Listing contexts for virtual host 'localhost'
août 11, 2015 1:43:46 PM org.apache.catalina.core.ApplicationContext log
INFO: Manager: list: Listing contexts for virtual host 'localhost'
août 11, 2015 1:43:50 PM org.apache.catalina.core.ApplicationContext log
INFO: Manager: list: Listing contexts for virtual host 'localhost'
août 11, 2015 1:43:50 PM org.apache.catalina.core.ApplicationContext log
INFO: Manager: list: Listing contexts for virtual host 'localhost'
août 11, 2015 1:43:50 PM org.apache.catalina.core.ApplicationContext log
INFO: Manager: install: Installing context configuration at 'file:/C:/Users/cdhouibi/AppData/Local/Temp/context2200267036932419248.xml'
août 11, 2015 1:43:50 PM org.apache.catalina.core.ApplicationContext log
INFO: Manager: start: Starting web application '/CrudApp'
août 11, 2015 1:45:44 PM org.apache.catalina.core.ApplicationContext log
INFO: Manager: list: Listing contexts for virtual host 'localhost'
août 11, 2015 1:45:57 PM org.apache.catalina.core.ApplicationContext log
INFO: Manager: list: Listing contexts for virtual host 'localhost'
août 11, 2015 1:51:21 PM org.apache.catalina.core.ApplicationContext log
INFO: Manager: list: Listing contexts for virtual host 'localhost'
août 11, 2015 1:51:43 PM org.apache.catalina.core.ApplicationContext log
INFO: Manager: list: Listing contexts for virtual host 'localhost'
août 11, 2015 1:52:15 PM org.apache.catalina.core.ApplicationContext log
INFO: Manager: list: Listing contexts for virtual host 'localhost'
août 11, 2015 2:07:03 PM org.apache.catalina.core.ApplicationContext log
INFO: Manager: list: Listing contexts for virtual host 'localhost'
août 11, 2015 2:07:59 PM org.apache.catalina.core.ApplicationContext log
INFO: Manager: list: Listing contexts for virtual host 'localhost'
août 11, 2015 2:08:26 PM org.apache.catalina.core.ApplicationContext log
INFO: Manager: list: Listing contexts for virtual host 'localhost'
août 11, 2015 2:09:05 PM org.apache.catalina.core.ApplicationContext log
INFO: Manager: list: Listing contexts for virtual host 'localhost'
août 11, 2015 2:18:58 PM org.apache.catalina.core.ApplicationContext log
INFO: Manager: list: Listing contexts for virtual host 'localhost'
août 11, 2015 2:19:00 PM org.apache.catalina.core.ApplicationContext log
INFO: Manager: list: Listing contexts for virtual host 'localhost'
août 11, 2015 2:19:37 PM org.apache.catalina.core.ApplicationContext log
INFO: Manager: list: Listing contexts for virtual host 'localhost'
août 11, 2015 2:19:58 PM org.apache.catalina.core.ApplicationContext log
INFO: Manager: list: Listing contexts for virtual host 'localhost'
août 11, 2015 2:20:13 PM org.apache.catalina.core.ApplicationContext log
INFO: Manager: list: Listing contexts for virtual host 'localhost'
août 11, 2015 2:20:25 PM org.apache.catalina.core.ApplicationContext log
INFO: Manager: list: Listing contexts for virtual host 'localhost'
août 11, 2015 2:20:52 PM org.apache.catalina.core.ApplicationContext log
INFO: Manager: list: Listing contexts for virtual host 'localhost'
août 11, 2015 2:20:54 PM org.apache.catalina.core.ApplicationContext log
INFO: Manager: list: Listing contexts for virtual host 'localhost'
août 11, 2015 2:21:16 PM org.apache.catalina.core.ApplicationContext log
INFO: Manager: list: Listing contexts for virtual host 'localhost'
août 11, 2015 2:21:54 PM org.apache.catalina.core.ApplicationContext log
INFO: Manager: list: Listing contexts for virtual host 'localhost'
août 11, 2015 2:22:01 PM org.apache.catalina.core.ApplicationContext log
INFO: Manager: list: Listing contexts for virtual host 'localhost'
août 11, 2015 2:22:25 PM org.apache.catalina.core.ApplicationContext log
INFO: Manager: list: Listing contexts for virtual host 'localhost'
août 11, 2015 2:22:59 PM org.apache.catalina.core.ApplicationContext log
INFO: Manager: list: Listing contexts for virtual host 'localhost'
août 11, 2015 2:23:04 PM org.apache.catalina.core.ApplicationContext log
INFO: Manager: list: Listing contexts for virtual host 'localhost'
août 11, 2015 2:23:27 PM org.apache.catalina.core.ApplicationContext log
INFO: Manager: list: Listing contexts for virtual host 'localhost'
août 11, 2015 2:23:47 PM org.apache.catalina.core.ApplicationContext log
INFO: Manager: list: Listing contexts for virtual host 'localhost'
août 11, 2015 2:24:08 PM org.apache.catalina.core.ApplicationContext log
INFO: Manager: list: Listing contexts for virtual host 'localhost'
août 11, 2015 2:24:39 PM org.apache.catalina.core.ApplicationContext log
INFO: Manager: list: Listing contexts for virtual host 'localhost'
août 11, 2015 2:25:44 PM org.apache.catalina.core.ApplicationContext log
INFO: Manager: list: Listing contexts for virtual host 'localhost'
août 11, 2015 2:26:26 PM org.apache.catalina.core.ApplicationContext log
INFO: Manager: list: Listing contexts for virtual host 'localhost'
août 11, 2015 2:27:24 PM org.apache.catalina.core.ApplicationContext log
INFO: Manager: list: Listing contexts for virtual host 'localhost'
août 11, 2015 2:27:44 PM org.apache.catalina.core.ApplicationContext log
INFO: Manager: list: Listing contexts for virtual host 'localhost'
août 11, 2015 2:28:28 PM org.apache.catalina.core.ApplicationContext log
INFO: Manager: list: Listing contexts for virtual host 'localhost'
août 11, 2015 2:28:41 PM org.apache.catalina.core.ApplicationContext log
INFO: Manager: list: Listing contexts for virtual host 'localhost'
août 11, 2015 2:28:59 PM org.apache.catalina.core.ApplicationContext log
INFO: Manager: list: Listing contexts for virtual host 'localhost'
août 11, 2015 2:29:15 PM org.apache.catalina.core.ApplicationContext log
INFO: Manager: list: Listing contexts for virtual host 'localhost'
août 11, 2015 2:29:17 PM org.apache.catalina.core.ApplicationContext log
INFO: Manager: list: Listing contexts for virtual host 'localhost'
août 11, 2015 2:29:28 PM org.apache.catalina.core.ApplicationContext log
INFO: Manager: list: Listing contexts for virtual host 'localhost'
août 11, 2015 2:29:39 PM org.apache.catalina.core.ApplicationContext log
INFO: Manager: list: Listing contexts for virtual host 'localhost'
août 11, 2015 2:29:54 PM org.apache.catalina.core.ApplicationContext log
INFO: Manager: list: Listing contexts for virtual host 'localhost'
août 11, 2015 2:29:59 PM org.apache.catalina.core.ApplicationContext log
INFO: Manager: list: Listing contexts for virtual host 'localhost'
août 11, 2015 2:30:16 PM org.apache.catalina.core.ApplicationContext log
INFO: Manager: list: Listing contexts for virtual host 'localhost'
août 11, 2015 2:30:43 PM org.apache.catalina.core.ApplicationContext log
INFO: Manager: list: Listing contexts for virtual host 'localhost'
août 11, 2015 2:31:45 PM org.apache.catalina.core.ApplicationContext log
INFO: Manager: list: Listing contexts for virtual host 'localhost'
août 11, 2015 2:32:07 PM org.apache.catalina.core.ApplicationContext log
INFO: Manager: list: Listing contexts for virtual host 'localhost'
août 11, 2015 2:32:47 PM org.apache.catalina.core.ApplicationContext log
INFO: Manager: list: Listing contexts for virtual host 'localhost'
août 11, 2015 2:33:07 PM org.apache.catalina.core.ApplicationContext log
INFO: Manager: list: Listing contexts for virtual host 'localhost'
août 11, 2015 2:33:26 PM org.apache.catalina.core.ApplicationContext log
INFO: Manager: list: Listing contexts for virtual host 'localhost'
août 11, 2015 2:33:47 PM org.apache.catalina.core.ApplicationContext log
INFO: Manager: list: Listing contexts for virtual host 'localhost'
août 11, 2015 2:37:54 PM org.apache.catalina.core.ApplicationContext log
INFO: Manager: list: Listing contexts for virtual host 'localhost'
août 11, 2015 2:50:31 PM org.apache.catalina.core.ApplicationContext log
INFO: Manager: list: Listing contexts for virtual host 'localhost'
août 11, 2015 2:50:31 PM org.apache.catalina.core.ApplicationContext log
INFO: Manager: restart: Reloading web application '/CrudApp'
août 11, 2015 2:55:57 PM org.apache.catalina.core.ApplicationContext log
INFO: Manager: list: Listing contexts for virtual host 'localhost'
août 11, 2015 2:55:57 PM org.apache.catalina.core.ApplicationContext log
INFO: Manager: restart: Reloading web application '/CrudApp'
août 11, 2015 3:00:20 PM org.apache.catalina.core.ApplicationContext log
INFO: Manager: list: Listing contexts for virtual host 'localhost'
août 11, 2015 3:00:20 PM org.apache.catalina.core.ApplicationContext log
INFO: Manager: restart: Reloading web application '/CrudApp'
août 11, 2015 3:00:34 PM org.apache.catalina.core.ApplicationContext log
INFO: Manager: list: Listing contexts for virtual host 'localhost'
août 11, 2015 3:00:34 PM org.apache.catalina.core.ApplicationContext log
INFO: Manager: restart: Reloading web application '/CrudApp'
août 11, 2015 3:00:37 PM org.apache.catalina.core.ApplicationContext log
INFO: Manager: list: Listing contexts for virtual host 'localhost'
août 11, 2015 3:00:37 PM org.apache.catalina.core.ApplicationContext log
INFO: Manager: restart: Reloading web application '/CrudApp'
août 11, 2015 3:01:08 PM org.apache.catalina.core.ApplicationContext log
INFO: Manager: list: Listing contexts for virtual host 'localhost'
août 11, 2015 3:01:08 PM org.apache.catalina.core.ApplicationContext log
INFO: Manager: restart: Reloading web application '/CrudApp'
août 11, 2015 3:01:45 PM org.apache.catalina.core.ApplicationContext log
INFO: Manager: list: Listing contexts for virtual host 'localhost'
août 11, 2015 3:02:38 PM org.apache.catalina.core.ApplicationContext log
INFO: Manager: list: Listing contexts for virtual host 'localhost'
août 11, 2015 3:04:06 PM org.apache.catalina.core.ApplicationContext log
INFO: Manager: list: Listing contexts for virtual host 'localhost'
août 11, 2015 3:04:06 PM org.apache.catalina.core.ApplicationContext log
INFO: Manager: restart: Reloading web application '/CrudApp'
août 11, 2015 3:04:29 PM org.apache.catalina.core.ApplicationContext log
INFO: Manager: list: Listing contexts for virtual host 'localhost'
août 11, 2015 3:04:29 PM org.apache.catalina.core.ApplicationContext log
INFO: Manager: restart: Reloading web application '/CrudApp'
août 11, 2015 3:04:50 PM org.apache.catalina.core.ApplicationContext log
INFO: Manager: list: Listing contexts for virtual host 'localhost'
août 11, 2015 3:04:50 PM org.apache.catalina.core.ApplicationContext log
INFO: Manager: restart: Reloading web application '/CrudApp'
août 11, 2015 3:05:29 PM org.apache.catalina.core.ApplicationContext log
INFO: Manager: list: Listing contexts for virtual host 'localhost'
août 11, 2015 3:05:29 PM org.apache.catalina.core.ApplicationContext log
INFO: Manager: restart: Reloading web application '/CrudApp'
août 11, 2015 3:08:19 PM org.apache.catalina.core.ApplicationContext log
INFO: Manager: list: Listing contexts for virtual host 'localhost'
août 11, 2015 3:08:19 PM org.apache.catalina.core.ApplicationContext log
INFO: Manager: restart: Reloading web application '/CrudApp'
août 11, 2015 3:08:28 PM org.apache.catalina.core.ApplicationContext log
INFO: Manager: list: Listing contexts for virtual host 'localhost'
août 11, 2015 3:08:28 PM org.apache.catalina.core.ApplicationContext log
INFO: Manager: restart: Reloading web application '/CrudApp'
août 11, 2015 3:12:12 PM org.apache.catalina.core.ApplicationContext log
INFO: Manager: list: Listing contexts for virtual host 'localhost'
août 11, 2015 3:12:12 PM org.apache.catalina.core.ApplicationContext log
INFO: Manager: restart: Reloading web application '/CrudApp'
août 11, 2015 3:14:08 PM org.apache.catalina.core.ApplicationContext log
INFO: Manager: list: Listing contexts for virtual host 'localhost'
août 11, 2015 3:14:11 PM org.apache.catalina.core.ApplicationContext log
INFO: Manager: list: Listing contexts for virtual host 'localhost'
août 11, 2015 3:15:01 PM org.apache.catalina.core.ApplicationContext log
INFO: Manager: list: Listing contexts for virtual host 'localhost'
août 11, 2015 3:15:05 PM org.apache.catalina.core.ApplicationContext log
INFO: Manager: list: Listing contexts for virtual host 'localhost'
août 11, 2015 3:15:47 PM org.apache.catalina.core.ApplicationContext log
INFO: Manager: list: Listing contexts for virtual host 'localhost'
août 11, 2015 3:15:47 PM org.apache.catalina.core.ApplicationContext log
INFO: Manager: restart: Reloading web application '/CrudApp'
août 11, 2015 3:16:21 PM org.apache.catalina.core.ApplicationContext log
INFO: Manager: list: Listing contexts for virtual host 'localhost'
août 11, 2015 3:16:21 PM org.apache.catalina.core.ApplicationContext log
INFO: Manager: restart: Reloading web application '/CrudApp'
août 11, 2015 3:16:29 PM org.apache.catalina.core.ApplicationContext log
INFO: Manager: list: Listing contexts for virtual host 'localhost'
août 11, 2015 3:16:29 PM org.apache.catalina.core.ApplicationContext log
INFO: Manager: restart: Reloading web application '/CrudApp'
août 11, 2015 3:17:08 PM org.apache.catalina.core.ApplicationContext log
INFO: Manager: list: Listing contexts for virtual host 'localhost'
août 11, 2015 3:17:08 PM org.apache.catalina.core.ApplicationContext log
INFO: Manager: restart: Reloading web application '/CrudApp'
août 11, 2015 3:17:30 PM org.apache.catalina.core.ApplicationContext log
INFO: Manager: list: Listing contexts for virtual host 'localhost'
août 11, 2015 3:17:30 PM org.apache.catalina.core.ApplicationContext log
INFO: Manager: restart: Reloading web application '/CrudApp'
août 11, 2015 3:18:43 PM org.apache.catalina.core.ApplicationContext log
INFO: Manager: list: Listing contexts for virtual host 'localhost'
août 11, 2015 3:19:10 PM org.apache.catalina.core.ApplicationContext log
INFO: Manager: list: Listing contexts for virtual host 'localhost'
août 11, 2015 3:19:39 PM org.apache.catalina.core.ApplicationContext log
INFO: Manager: list: Listing contexts for virtual host 'localhost'
août 11, 2015 3:20:00 PM org.apache.catalina.core.ApplicationContext log
INFO: Manager: list: Listing contexts for virtual host 'localhost'
août 11, 2015 3:20:28 PM org.apache.catalina.core.ApplicationContext log
INFO: Manager: list: Listing contexts for virtual host 'localhost'
août 11, 2015 3:22:07 PM org.apache.catalina.core.ApplicationContext log
INFO: Manager: list: Listing contexts for virtual host 'localhost'
août 11, 2015 3:24:09 PM org.apache.catalina.core.ApplicationContext log
INFO: Manager: list: Listing contexts for virtual host 'localhost'
août 11, 2015 3:25:07 PM org.apache.catalina.core.ApplicationContext log
INFO: Manager: list: Listing contexts for virtual host 'localhost'
août 11, 2015 3:25:07 PM org.apache.catalina.core.ApplicationContext log
INFO: Manager: restart: Reloading web application '/CrudApp'
août 11, 2015 3:27:36 PM org.apache.catalina.core.ApplicationContext log
INFO: Manager: list: Listing contexts for virtual host 'localhost'
août 11, 2015 3:29:40 PM org.apache.catalina.core.ApplicationContext log
INFO: Manager: list: Listing contexts for virtual host 'localhost'
août 11, 2015 3:29:40 PM org.apache.catalina.core.ApplicationContext log
INFO: Manager: undeploy: Undeploying web application at '/CrudApp'
