juil. 06, 2015 12:39:53 PM org.apache.catalina.core.ApplicationContext log
INFO: HTMLManager: list: Listing contexts for virtual host 'localhost'
juil. 06, 2015 12:55:18 PM org.apache.catalina.core.ApplicationContext log
INFO: HTMLManager: init: Associated with Deployer 'Catalina:type=Deployer,host=localhost'
juil. 06, 2015 12:55:19 PM org.apache.catalina.core.ApplicationContext log
INFO: HTMLManager: init: Global resources are available
juil. 06, 2015 12:55:19 PM org.apache.catalina.core.ApplicationContext log
INFO: HTMLManager: list: Listing contexts for virtual host 'localhost'
juil. 06, 2015 2:27:22 PM org.apache.catalina.core.ApplicationContext log
INFO: HTMLManager: init: Associated with Deployer 'Catalina:type=Deployer,host=localhost'
juil. 06, 2015 2:27:22 PM org.apache.catalina.core.ApplicationContext log
INFO: HTMLManager: init: Global resources are available
juil. 06, 2015 2:27:22 PM org.apache.catalina.core.ApplicationContext log
INFO: HTMLManager: list: Listing contexts for virtual host 'localhost'
juil. 06, 2015 2:27:24 PM org.apache.catalina.core.ApplicationContext log
INFO: HTMLManager: restart: Reloading web application '/NunitToDbRESTful'
juil. 06, 2015 2:27:26 PM org.apache.catalina.core.ApplicationContext log
INFO: HTMLManager: list: Listing contexts for virtual host 'localhost'
juil. 06, 2015 2:37:05 PM org.apache.catalina.core.ApplicationContext log
INFO: HTMLManager: init: Associated with Deployer 'Catalina:type=Deployer,host=localhost'
juil. 06, 2015 2:37:05 PM org.apache.catalina.core.ApplicationContext log
INFO: HTMLManager: init: Global resources are available
juil. 06, 2015 2:37:05 PM org.apache.catalina.core.ApplicationContext log
INFO: HTMLManager: restart: Reloading web application '/NunitToDbRESTful'
juil. 06, 2015 2:37:07 PM org.apache.catalina.core.ApplicationContext log
INFO: HTMLManager: list: Listing contexts for virtual host 'localhost'
juil. 06, 2015 2:45:47 PM org.apache.catalina.core.ApplicationContext log
INFO: HTMLManager: restart: Reloading web application '/NunitToDbRESTful'
juil. 06, 2015 2:45:49 PM org.apache.catalina.core.ApplicationContext log
INFO: HTMLManager: list: Listing contexts for virtual host 'localhost'
juil. 06, 2015 2:55:41 PM org.apache.catalina.core.ApplicationContext log
INFO: HTMLManager: restart: Reloading web application '/NunitToDbRESTful'
juil. 06, 2015 2:55:44 PM org.apache.catalina.core.ApplicationContext log
INFO: HTMLManager: list: Listing contexts for virtual host 'localhost'
juil. 06, 2015 3:14:50 PM org.apache.catalina.core.ApplicationContext log
INFO: HTMLManager: init: Associated with Deployer 'Catalina:type=Deployer,host=localhost'
juil. 06, 2015 3:14:50 PM org.apache.catalina.core.ApplicationContext log
INFO: HTMLManager: init: Global resources are available
juil. 06, 2015 3:15:00 PM org.apache.catalina.core.ApplicationContext log
INFO: HTMLManager: list: Listing contexts for virtual host 'localhost'
juil. 06, 2015 3:15:01 PM org.apache.catalina.core.ApplicationContext log
INFO: HTMLManager: restart: Reloading web application '/NunitToDbRESTful'
juil. 06, 2015 3:15:03 PM org.apache.catalina.core.ApplicationContext log
INFO: HTMLManager: list: Listing contexts for virtual host 'localhost'
juil. 06, 2015 3:15:47 PM org.apache.catalina.core.ApplicationContext log
INFO: HTMLManager: undeploy: Undeploying web application at '/NunitToDbRESTful'
juil. 06, 2015 3:15:47 PM org.apache.catalina.core.ApplicationContext log
INFO: HTMLManager: list: Listing contexts for virtual host 'localhost'
juil. 06, 2015 3:15:51 PM org.apache.catalina.core.ApplicationContext log
INFO: HTMLManager: undeploy: Undeploying web application at '/NunitToDbRESTful'
juil. 06, 2015 3:15:51 PM org.apache.catalina.core.ApplicationContext log
INFO: HTMLManager: list: Listing contexts for virtual host 'localhost'
juil. 06, 2015 3:16:03 PM org.apache.catalina.core.ApplicationContext log
INFO: HTMLManager: undeploy: Undeploying web application at '/NunitToDbRESTful'
juil. 06, 2015 3:16:03 PM org.apache.catalina.core.ApplicationContext log
INFO: HTMLManager: list: Listing contexts for virtual host 'localhost'
juil. 06, 2015 3:35:20 PM org.apache.catalina.core.ApplicationContext log
INFO: HTMLManager: init: Associated with Deployer 'Catalina:type=Deployer,host=localhost'
juil. 06, 2015 3:35:20 PM org.apache.catalina.core.ApplicationContext log
INFO: HTMLManager: init: Global resources are available
juil. 06, 2015 3:35:20 PM org.apache.catalina.core.ApplicationContext log
INFO: HTMLManager: undeploy: Undeploying web application at '/NunitToDbRESTful'
juil. 06, 2015 3:35:21 PM org.apache.catalina.core.ApplicationContext log
INFO: HTMLManager: list: Listing contexts for virtual host 'localhost'
juil. 06, 2015 3:35:24 PM org.apache.catalina.core.ApplicationContext log
INFO: HTMLManager: undeploy: Undeploying web application at '/NunitToDbRESTful'
juil. 06, 2015 3:35:24 PM org.apache.catalina.core.ApplicationContext log
INFO: HTMLManager: list: Listing contexts for virtual host 'localhost'
juil. 06, 2015 3:35:48 PM org.apache.catalina.core.ApplicationContext log
INFO: HTMLManager: list: Listing contexts for virtual host 'localhost'
juil. 06, 2015 3:35:50 PM org.apache.catalina.core.ApplicationContext log
INFO: HTMLManager: restart: Reloading web application '/NunitToDbRESTful'
juil. 06, 2015 3:35:52 PM org.apache.catalina.core.ApplicationContext log
INFO: HTMLManager: list: Listing contexts for virtual host 'localhost'
juil. 06, 2015 3:49:05 PM org.apache.catalina.core.ApplicationContext log
INFO: HTMLManager: restart: Reloading web application '/NunitToDbRESTful'
juil. 06, 2015 3:49:05 PM org.apache.catalina.core.ApplicationContext log
INFO: HTMLManager: list: Listing contexts for virtual host 'localhost'
juil. 06, 2015 3:49:09 PM org.apache.catalina.core.ApplicationContext log
INFO: HTMLManager: restart: Reloading web application '/NunitToDbRESTful'
juil. 06, 2015 3:49:09 PM org.apache.catalina.core.ApplicationContext log
INFO: HTMLManager: list: Listing contexts for virtual host 'localhost'
juil. 06, 2015 3:51:18 PM org.apache.catalina.core.ApplicationContext log
INFO: HTMLManager: init: Associated with Deployer 'Catalina:type=Deployer,host=localhost'
juil. 06, 2015 3:51:18 PM org.apache.catalina.core.ApplicationContext log
INFO: HTMLManager: init: Global resources are available
juil. 06, 2015 3:51:18 PM org.apache.catalina.core.ApplicationContext log
INFO: HTMLManager: restart: Reloading web application '/NunitToDbRESTful'
juil. 06, 2015 3:51:19 PM org.apache.catalina.core.ApplicationContext log
INFO: HTMLManager: list: Listing contexts for virtual host 'localhost'
juil. 06, 2015 3:51:31 PM org.apache.catalina.core.ApplicationContext log
INFO: HTMLManager: undeploy: Undeploying web application at '/NunitToDbRESTful'
juil. 06, 2015 3:51:31 PM org.apache.catalina.core.ApplicationContext log
INFO: HTMLManager: list: Listing contexts for virtual host 'localhost'
juil. 06, 2015 3:51:34 PM org.apache.catalina.core.ApplicationContext log
INFO: HTMLManager: undeploy: Undeploying web application at '/NunitToDbRESTful'
juil. 06, 2015 3:51:34 PM org.apache.catalina.core.ApplicationContext log
INFO: HTMLManager: list: Listing contexts for virtual host 'localhost'
juil. 06, 2015 3:51:35 PM org.apache.catalina.core.ApplicationContext log
INFO: HTMLManager: undeploy: Undeploying web application at '/NunitToDbRESTful'
juil. 06, 2015 3:51:35 PM org.apache.catalina.core.ApplicationContext log
INFO: HTMLManager: list: Listing contexts for virtual host 'localhost'
juil. 06, 2015 3:51:35 PM org.apache.catalina.core.ApplicationContext log
INFO: HTMLManager: undeploy: Undeploying web application at '/NunitToDbRESTful'
juil. 06, 2015 3:51:35 PM org.apache.catalina.core.ApplicationContext log
INFO: HTMLManager: list: Listing contexts for virtual host 'localhost'
juil. 06, 2015 3:51:35 PM org.apache.catalina.core.ApplicationContext log
INFO: HTMLManager: undeploy: Undeploying web application at '/NunitToDbRESTful'
juil. 06, 2015 3:51:35 PM org.apache.catalina.core.ApplicationContext log
INFO: HTMLManager: list: Listing contexts for virtual host 'localhost'
juil. 06, 2015 3:51:38 PM org.apache.catalina.core.ApplicationContext log
INFO: HTMLManager: undeploy: Undeploying web application at '/NunitToDbRESTful'
juil. 06, 2015 3:51:38 PM org.apache.catalina.core.ApplicationContext log
INFO: HTMLManager: list: Listing contexts for virtual host 'localhost'
juil. 06, 2015 3:51:38 PM org.apache.catalina.core.ApplicationContext log
INFO: HTMLManager: undeploy: Undeploying web application at '/NunitToDbRESTful'
juil. 06, 2015 3:51:38 PM org.apache.catalina.core.ApplicationContext log
INFO: HTMLManager: list: Listing contexts for virtual host 'localhost'
juil. 06, 2015 3:51:38 PM org.apache.catalina.core.ApplicationContext log
INFO: HTMLManager: undeploy: Undeploying web application at '/NunitToDbRESTful'
juil. 06, 2015 3:51:38 PM org.apache.catalina.core.ApplicationContext log
INFO: HTMLManager: list: Listing contexts for virtual host 'localhost'
juil. 06, 2015 3:52:11 PM org.apache.catalina.core.ApplicationContext log
INFO: HTMLManager: init: Associated with Deployer 'Catalina:type=Deployer,host=localhost'
juil. 06, 2015 3:52:11 PM org.apache.catalina.core.ApplicationContext log
INFO: HTMLManager: init: Global resources are available
juil. 06, 2015 3:52:11 PM org.apache.catalina.core.ApplicationContext log
INFO: HTMLManager: undeploy: Undeploying web application at '/NunitToDbRESTful'
juil. 06, 2015 3:52:11 PM org.apache.catalina.core.ApplicationContext log
INFO: HTMLManager: list: Listing contexts for virtual host 'localhost'
juil. 06, 2015 3:52:31 PM org.apache.catalina.core.ApplicationContext log
INFO: HTMLManager: undeploy: Undeploying web application at '/NunitToDbRESTful'
juil. 06, 2015 3:52:31 PM org.apache.catalina.core.ApplicationContext log
INFO: HTMLManager: list: Listing contexts for virtual host 'localhost'
juil. 06, 2015 3:52:33 PM org.apache.catalina.core.ApplicationContext log
INFO: HTMLManager: undeploy: Undeploying web application at '/NunitToDbRESTful'
juil. 06, 2015 3:52:33 PM org.apache.catalina.core.ApplicationContext log
INFO: HTMLManager: list: Listing contexts for virtual host 'localhost'
juil. 06, 2015 3:52:35 PM org.apache.catalina.core.ApplicationContext log
INFO: HTMLManager: undeploy: Undeploying web application at '/NunitToDbRESTful'
juil. 06, 2015 3:52:35 PM org.apache.catalina.core.ApplicationContext log
INFO: HTMLManager: list: Listing contexts for virtual host 'localhost'
juil. 06, 2015 3:53:35 PM org.apache.catalina.core.ApplicationContext log
INFO: HTMLManager: init: Associated with Deployer 'Catalina:type=Deployer,host=localhost'
juil. 06, 2015 3:53:35 PM org.apache.catalina.core.ApplicationContext log
INFO: HTMLManager: init: Global resources are available
juil. 06, 2015 3:53:38 PM org.apache.catalina.core.ApplicationContext log
INFO: HTMLManager: list: Listing contexts for virtual host 'localhost'
juil. 06, 2015 3:53:40 PM org.apache.catalina.core.ApplicationContext log
INFO: HTMLManager: list: Listing contexts for virtual host 'localhost'
juil. 06, 2015 5:28:56 PM org.apache.catalina.core.ApplicationContext log
INFO: HTMLManager: list: Listing contexts for virtual host 'localhost'
juil. 06, 2015 5:43:28 PM org.apache.catalina.core.ApplicationContext log
INFO: HTMLManager: list: Listing contexts for virtual host 'localhost'
juil. 06, 2015 5:43:33 PM org.apache.catalina.core.ApplicationContext log
INFO: HTMLManager: list: Listing contexts for virtual host 'localhost'
juil. 06, 2015 5:43:34 PM org.apache.catalina.core.ApplicationContext log
INFO: HTMLManager: list: Listing contexts for virtual host 'localhost'
juil. 06, 2015 5:43:37 PM org.apache.catalina.core.ApplicationContext log
INFO: HTMLManager: list: Listing contexts for virtual host 'localhost'
juil. 06, 2015 5:43:43 PM org.apache.catalina.core.ApplicationContext log
INFO: HTMLManager: list: Listing contexts for virtual host 'localhost'
juil. 06, 2015 5:49:50 PM org.apache.catalina.core.ApplicationContext log
INFO: HTMLManager: list: Listing contexts for virtual host 'localhost'
juil. 06, 2015 6:03:38 PM org.apache.catalina.core.ApplicationContext log
INFO: Manager: init: Associated with Deployer 'Catalina:type=Deployer,host=localhost'
juil. 06, 2015 6:03:38 PM org.apache.catalina.core.ApplicationContext log
INFO: Manager: init: Global resources are available
