juil. 16, 2015 10:48:42 AM org.apache.catalina.core.ApplicationContext log
INFO: Manager: list: Listing contexts for virtual host 'localhost'
juil. 16, 2015 10:48:43 AM org.apache.catalina.core.ApplicationContext log
INFO: Manager: undeploy: Undeploying web application at '/NunitToDbRESTful'
juil. 16, 2015 10:48:51 AM org.apache.catalina.core.ApplicationContext log
INFO: Manager: list: Listing contexts for virtual host 'localhost'
juil. 16, 2015 10:48:51 AM org.apache.catalina.core.ApplicationContext log
INFO: Manager: undeploy: Undeploying web application at '/NunitToDbRESTful'
juil. 16, 2015 12:24:19 PM org.apache.catalina.core.ApplicationContext log
INFO: Manager: list: Listing contexts for virtual host 'localhost'
juil. 16, 2015 12:24:19 PM org.apache.catalina.core.ApplicationContext log
INFO: Manager: list: Listing contexts for virtual host 'localhost'
juil. 16, 2015 12:24:19 PM org.apache.catalina.core.ApplicationContext log
INFO: Manager: undeploy: Undeploying web application at '/NunitToDbRESTful'
juil. 16, 2015 12:24:19 PM org.apache.catalina.core.ApplicationContext log
INFO: Manager: install: Installing context configuration at 'file:/C:/Users/cdhouibi/AppData/Local/Temp/context8014532601132412648.xml'
juil. 16, 2015 12:24:31 PM org.apache.catalina.core.ApplicationContext log
INFO: Manager: list: Listing contexts for virtual host 'localhost'
juil. 16, 2015 12:24:31 PM org.apache.catalina.core.ApplicationContext log
INFO: Manager: list: Listing contexts for virtual host 'localhost'
juil. 16, 2015 12:24:31 PM org.apache.catalina.core.ApplicationContext log
INFO: Manager: undeploy: Undeploying web application at '/NunitToDbRESTful'
juil. 16, 2015 12:24:31 PM org.apache.catalina.core.ApplicationContext log
INFO: Manager: install: Installing context configuration at 'file:/C:/Users/cdhouibi/AppData/Local/Temp/context8684892256365897647.xml'
juil. 16, 2015 12:24:46 PM org.apache.catalina.core.ApplicationContext log
INFO: Manager: list: Listing contexts for virtual host 'localhost'
juil. 16, 2015 12:24:46 PM org.apache.catalina.core.ApplicationContext log
INFO: Manager: undeploy: Undeploying web application at '/NunitToDbRESTful'
juil. 16, 2015 1:11:36 PM org.apache.catalina.core.ApplicationContext log
INFO: Manager: list: Listing contexts for virtual host 'localhost'
juil. 16, 2015 1:11:36 PM org.apache.catalina.core.ApplicationContext log
INFO: Manager: list: Listing contexts for virtual host 'localhost'
juil. 16, 2015 1:11:36 PM org.apache.catalina.core.ApplicationContext log
INFO: Manager: undeploy: Undeploying web application at '/NunitToDbRESTful'
juil. 16, 2015 1:11:36 PM org.apache.catalina.core.ApplicationContext log
INFO: Manager: install: Installing context configuration at 'file:/C:/Users/cdhouibi/AppData/Local/Temp/context8308779649707510474.xml'
juil. 16, 2015 1:13:36 PM org.apache.catalina.core.ApplicationContext log
INFO: HTMLManager: list: Listing contexts for virtual host 'localhost'
juil. 16, 2015 1:15:23 PM org.apache.catalina.core.ApplicationContext log
INFO: HTMLManager: list: Listing contexts for virtual host 'localhost'
juil. 16, 2015 1:15:24 PM org.apache.catalina.core.ApplicationContext log
INFO: HTMLManager: list: Listing contexts for virtual host 'localhost'
juil. 16, 2015 1:15:25 PM org.apache.catalina.core.ApplicationContext log
INFO: HTMLManager: restart: Reloading web application '/NunitToDbRESTful'
juil. 16, 2015 1:15:25 PM org.apache.catalina.core.ApplicationContext log
INFO: HTMLManager: list: Listing contexts for virtual host 'localhost'
juil. 16, 2015 1:15:26 PM org.apache.catalina.core.ApplicationContext log
INFO: HTMLManager: restart: Reloading web application '/NunitToDbRESTful'
juil. 16, 2015 1:15:26 PM org.apache.catalina.core.ApplicationContext log
INFO: HTMLManager: list: Listing contexts for virtual host 'localhost'
juil. 16, 2015 1:15:29 PM org.apache.catalina.core.ApplicationContext log
INFO: HTMLManager: restart: Reloading web application '/NunitToDbRESTful'
juil. 16, 2015 1:15:29 PM org.apache.catalina.core.ApplicationContext log
INFO: HTMLManager: list: Listing contexts for virtual host 'localhost'
juil. 16, 2015 1:15:39 PM org.apache.catalina.core.ApplicationContext log
INFO: HTMLManager: restart: Reloading web application '/NunitToDbRESTful'
juil. 16, 2015 1:15:39 PM org.apache.catalina.core.ApplicationContext log
INFO: HTMLManager: list: Listing contexts for virtual host 'localhost'
juil. 16, 2015 1:15:46 PM org.apache.catalina.core.ApplicationContext log
INFO: HTMLManager: undeploy: Undeploying web application at '/NunitToDbRESTful'
juil. 16, 2015 1:15:46 PM org.apache.catalina.core.ApplicationContext log
INFO: HTMLManager: list: Listing contexts for virtual host 'localhost'
juil. 16, 2015 1:15:48 PM org.apache.catalina.core.ApplicationContext log
INFO: HTMLManager: undeploy: Undeploying web application at '/NunitToDbRESTful'
juil. 16, 2015 1:15:48 PM org.apache.catalina.core.ApplicationContext log
INFO: HTMLManager: list: Listing contexts for virtual host 'localhost'
juil. 16, 2015 1:15:49 PM org.apache.catalina.core.ApplicationContext log
INFO: HTMLManager: undeploy: Undeploying web application at '/NunitToDbRESTful'
juil. 16, 2015 1:15:49 PM org.apache.catalina.core.ApplicationContext log
INFO: HTMLManager: list: Listing contexts for virtual host 'localhost'
juil. 16, 2015 1:15:50 PM org.apache.catalina.core.ApplicationContext log
INFO: HTMLManager: undeploy: Undeploying web application at '/NunitToDbRESTful'
juil. 16, 2015 1:15:50 PM org.apache.catalina.core.ApplicationContext log
INFO: HTMLManager: list: Listing contexts for virtual host 'localhost'
juil. 16, 2015 1:16:28 PM org.apache.catalina.core.ApplicationContext log
INFO: HTMLManager: list: Listing contexts for virtual host 'localhost'
juil. 16, 2015 1:16:37 PM org.apache.catalina.core.ApplicationContext log
INFO: HTMLManager: undeploy: Undeploying web application at '/NunitToDbRESTful'
juil. 16, 2015 1:16:37 PM org.apache.catalina.core.ApplicationContext log
INFO: HTMLManager: list: Listing contexts for virtual host 'localhost'
juil. 16, 2015 1:16:39 PM org.apache.catalina.core.ApplicationContext log
INFO: HTMLManager: undeploy: Undeploying web application at '/NunitToDbRESTful'
juil. 16, 2015 1:16:39 PM org.apache.catalina.core.ApplicationContext log
INFO: HTMLManager: list: Listing contexts for virtual host 'localhost'
juil. 16, 2015 1:16:40 PM org.apache.catalina.core.ApplicationContext log
INFO: HTMLManager: undeploy: Undeploying web application at '/NunitToDbRESTful'
juil. 16, 2015 1:16:40 PM org.apache.catalina.core.ApplicationContext log
INFO: HTMLManager: list: Listing contexts for virtual host 'localhost'
juil. 16, 2015 1:17:02 PM org.apache.catalina.core.ApplicationContext log
INFO: HTMLManager: undeploy: Undeploying web application at '/NunitToDbRESTful'
juil. 16, 2015 1:17:02 PM org.apache.catalina.core.ApplicationContext log
INFO: HTMLManager: list: Listing contexts for virtual host 'localhost'
juil. 16, 2015 1:18:09 PM org.apache.catalina.core.ApplicationContext log
INFO: HTMLManager: init: Associated with Deployer 'Catalina:type=Deployer,host=localhost'
juil. 16, 2015 1:18:09 PM org.apache.catalina.core.ApplicationContext log
INFO: HTMLManager: init: Global resources are available
juil. 16, 2015 1:18:09 PM org.apache.catalina.core.ApplicationContext log
INFO: HTMLManager: list: Listing contexts for virtual host 'localhost'
juil. 16, 2015 1:18:14 PM org.apache.catalina.core.ApplicationContext log
INFO: HTMLManager: undeploy: Undeploying web application at '/NunitToDbRESTful'
juil. 16, 2015 1:18:15 PM org.apache.catalina.core.ApplicationContext log
INFO: HTMLManager: list: Listing contexts for virtual host 'localhost'
juil. 16, 2015 1:18:27 PM org.apache.catalina.core.ApplicationContext log
INFO: HTMLManager: list: Listing contexts for virtual host 'localhost'
juil. 16, 2015 1:27:01 PM org.apache.catalina.core.ApplicationContext log
INFO: Manager: init: Associated with Deployer 'Catalina:type=Deployer,host=localhost'
juil. 16, 2015 1:27:01 PM org.apache.catalina.core.ApplicationContext log
INFO: Manager: init: Global resources are available
juil. 16, 2015 1:27:01 PM org.apache.catalina.core.ApplicationContext log
INFO: Manager: list: Listing contexts for virtual host 'localhost'
juil. 16, 2015 1:27:01 PM org.apache.catalina.core.ApplicationContext log
INFO: Manager: list: Listing contexts for virtual host 'localhost'
juil. 16, 2015 1:27:01 PM org.apache.catalina.core.ApplicationContext log
INFO: Manager: undeploy: Undeploying web application at '/NunitToDbRESTful'
juil. 16, 2015 1:27:01 PM org.apache.catalina.core.ApplicationContext log
INFO: Manager: install: Installing context configuration at 'file:/C:/Users/cdhouibi/AppData/Local/Temp/context7729993036503826150.xml'
juil. 16, 2015 1:27:03 PM org.apache.catalina.core.ApplicationContext log
INFO: Manager: start: Starting web application '/NunitToDbRESTful'
juil. 16, 2015 1:32:53 PM org.apache.catalina.core.ApplicationContext log
INFO: HTMLManager: list: Listing contexts for virtual host 'localhost'
juil. 16, 2015 1:34:42 PM org.apache.catalina.core.ApplicationContext log
INFO: HTMLManager: list: Listing contexts for virtual host 'localhost'
juil. 16, 2015 1:35:27 PM org.apache.catalina.core.ApplicationContext log
INFO: Manager: stop: Stopping web application '/NunitToDbRESTful'
juil. 16, 2015 1:36:45 PM org.apache.catalina.core.ApplicationContext log
INFO: Manager: start: Starting web application '/NunitToDbRESTful'
juil. 16, 2015 1:37:18 PM org.apache.catalina.core.ApplicationContext log
INFO: Manager: stop: Stopping web application '/NunitToDbRESTful'
juil. 16, 2015 1:37:18 PM org.apache.catalina.core.ApplicationContext log
INFO: Manager: start: Starting web application '/NunitToDbRESTful'
juil. 16, 2015 2:28:20 PM org.apache.catalina.core.ApplicationContext log
INFO: HTMLManager: list: Listing contexts for virtual host 'localhost'
juil. 16, 2015 2:28:24 PM org.apache.catalina.core.ApplicationContext log
INFO: HTMLManager: list: Listing contexts for virtual host 'localhost'
juil. 16, 2015 2:36:47 PM org.apache.catalina.core.ApplicationContext log
INFO: Manager: list: Listing contexts for virtual host 'localhost'
juil. 16, 2015 2:36:47 PM org.apache.catalina.core.ApplicationContext log
INFO: Manager: list: Listing contexts for virtual host 'localhost'
juil. 16, 2015 2:36:47 PM org.apache.catalina.core.ApplicationContext log
INFO: Manager: restart: Reloading web application '/NunitToDbRESTful'
juil. 16, 2015 2:37:26 PM org.apache.catalina.core.ApplicationContext log
INFO: Manager: list: Listing contexts for virtual host 'localhost'
juil. 16, 2015 2:37:26 PM org.apache.catalina.core.ApplicationContext log
INFO: Manager: restart: Reloading web application '/NunitToDbRESTful'
juil. 16, 2015 2:37:28 PM org.apache.catalina.core.ApplicationContext log
INFO: Manager: list: Listing contexts for virtual host 'localhost'
juil. 16, 2015 2:37:28 PM org.apache.catalina.core.ApplicationContext log
INFO: Manager: restart: Reloading web application '/NunitToDbRESTful'
juil. 16, 2015 5:59:13 PM org.apache.catalina.core.ApplicationContext log
INFO: Manager: list: Listing contexts for virtual host 'localhost'
juil. 16, 2015 5:59:13 PM org.apache.catalina.core.ApplicationContext log
INFO: Manager: list: Listing contexts for virtual host 'localhost'
juil. 16, 2015 5:59:13 PM org.apache.catalina.core.ApplicationContext log
INFO: Manager: install: Installing context configuration at 'file:/C:/Users/cdhouibi/AppData/Local/Temp/context1178160661035679470.xml'
juil. 16, 2015 5:59:13 PM org.apache.catalina.core.ApplicationContext log
INFO: Manager: start: Starting web application '/CrudApp'
juil. 16, 2015 5:59:34 PM org.apache.catalina.core.ApplicationContext log
INFO: HTMLManager: list: Listing contexts for virtual host 'localhost'
juil. 16, 2015 5:59:49 PM org.apache.catalina.core.ApplicationContext log
INFO: Manager: list: Listing contexts for virtual host 'localhost'
juil. 16, 2015 5:59:49 PM org.apache.catalina.core.ApplicationContext log
INFO: Manager: undeploy: Undeploying web application at '/CrudApp'
juil. 16, 2015 5:59:55 PM org.apache.catalina.core.ApplicationContext log
INFO: Manager: list: Listing contexts for virtual host 'localhost'
juil. 16, 2015 5:59:55 PM org.apache.catalina.core.ApplicationContext log
INFO: Manager: list: Listing contexts for virtual host 'localhost'
juil. 16, 2015 5:59:55 PM org.apache.catalina.core.ApplicationContext log
INFO: Manager: install: Installing context configuration at 'file:/C:/Users/cdhouibi/AppData/Local/Temp/context748176089098749948.xml'
juil. 16, 2015 5:59:55 PM org.apache.catalina.core.ApplicationContext log
INFO: Manager: start: Starting web application '/CrudApp'
juil. 16, 2015 6:00:02 PM org.apache.catalina.core.ApplicationContext log
INFO: HTMLManager: list: Listing contexts for virtual host 'localhost'
juil. 16, 2015 6:00:02 PM org.apache.catalina.core.ApplicationContext log
INFO: HTMLManager: list: Listing contexts for virtual host 'localhost'
juil. 16, 2015 6:01:11 PM org.apache.catalina.core.ApplicationContext log
INFO: Manager: list: Listing contexts for virtual host 'localhost'
juil. 16, 2015 6:01:20 PM org.apache.catalina.core.ApplicationContext log
INFO: Manager: list: Listing contexts for virtual host 'localhost'
juil. 16, 2015 6:01:20 PM org.apache.catalina.core.ApplicationContext log
INFO: Manager: restart: Reloading web application '/CrudApp'
juil. 16, 2015 6:01:29 PM org.apache.catalina.core.ApplicationContext log
INFO: Manager: list: Listing contexts for virtual host 'localhost'
juil. 16, 2015 6:01:29 PM org.apache.catalina.core.ApplicationContext log
INFO: Manager: undeploy: Undeploying web application at '/CrudApp'
juil. 16, 2015 6:01:35 PM org.apache.catalina.core.ApplicationContext log
INFO: Manager: list: Listing contexts for virtual host 'localhost'
juil. 16, 2015 6:01:35 PM org.apache.catalina.core.ApplicationContext log
INFO: Manager: list: Listing contexts for virtual host 'localhost'
juil. 16, 2015 6:01:35 PM org.apache.catalina.core.ApplicationContext log
INFO: Manager: install: Installing context configuration at 'file:/C:/Users/cdhouibi/AppData/Local/Temp/context8433352204665023516.xml'
juil. 16, 2015 6:01:35 PM org.apache.catalina.core.ApplicationContext log
INFO: Manager: start: Starting web application '/CrudApp'
juil. 16, 2015 6:01:39 PM org.apache.catalina.core.ApplicationContext log
INFO: Manager: list: Listing contexts for virtual host 'localhost'
juil. 16, 2015 6:01:39 PM org.apache.catalina.core.ApplicationContext log
INFO: Manager: list: Listing contexts for virtual host 'localhost'
juil. 16, 2015 6:02:04 PM org.apache.catalina.core.ApplicationContext log
INFO: Manager: list: Listing contexts for virtual host 'localhost'
juil. 16, 2015 6:02:04 PM org.apache.catalina.core.ApplicationContext log
INFO: Manager: restart: Reloading web application '/CrudApp'
juil. 16, 2015 6:02:15 PM org.apache.catalina.core.ApplicationContext log
INFO: Manager: list: Listing contexts for virtual host 'localhost'
juil. 16, 2015 6:02:15 PM org.apache.catalina.core.ApplicationContext log
INFO: Manager: restart: Reloading web application '/CrudApp'
juil. 16, 2015 6:02:24 PM org.apache.catalina.core.ApplicationContext log
INFO: Manager: list: Listing contexts for virtual host 'localhost'
juil. 16, 2015 6:02:24 PM org.apache.catalina.core.ApplicationContext log
INFO: Manager: list: Listing contexts for virtual host 'localhost'
juil. 16, 2015 6:02:24 PM org.apache.catalina.core.ApplicationContext log
INFO: Manager: restart: Reloading web application '/CrudApp'
juil. 16, 2015 6:04:45 PM org.apache.catalina.core.ApplicationContext log
INFO: Manager: list: Listing contexts for virtual host 'localhost'
juil. 16, 2015 6:04:45 PM org.apache.catalina.core.ApplicationContext log
INFO: Manager: restart: Reloading web application '/CrudApp'
juil. 16, 2015 6:04:47 PM org.apache.catalina.core.ApplicationContext log
INFO: Manager: list: Listing contexts for virtual host 'localhost'
juil. 16, 2015 6:04:47 PM org.apache.catalina.core.ApplicationContext log
INFO: Manager: restart: Reloading web application '/CrudApp'
juil. 16, 2015 6:04:52 PM org.apache.catalina.core.ApplicationContext log
INFO: Manager: list: Listing contexts for virtual host 'localhost'
juil. 16, 2015 6:04:52 PM org.apache.catalina.core.ApplicationContext log
INFO: Manager: list: Listing contexts for virtual host 'localhost'
juil. 16, 2015 6:04:52 PM org.apache.catalina.core.ApplicationContext log
INFO: Manager: restart: Reloading web application '/CrudApp'
juil. 16, 2015 6:05:17 PM org.apache.catalina.core.ApplicationContext log
INFO: Manager: list: Listing contexts for virtual host 'localhost'
juil. 16, 2015 6:05:17 PM org.apache.catalina.core.ApplicationContext log
INFO: Manager: restart: Reloading web application '/CrudApp'
juil. 16, 2015 6:05:41 PM org.apache.catalina.core.ApplicationContext log
INFO: Manager: list: Listing contexts for virtual host 'localhost'
juil. 16, 2015 6:05:49 PM org.apache.catalina.core.ApplicationContext log
INFO: Manager: list: Listing contexts for virtual host 'localhost'
juil. 16, 2015 6:05:49 PM org.apache.catalina.core.ApplicationContext log
INFO: Manager: list: Listing contexts for virtual host 'localhost'
juil. 16, 2015 6:05:49 PM org.apache.catalina.core.ApplicationContext log
INFO: Manager: restart: Reloading web application '/CrudApp'
