juin 30, 2015 10:27:10 AM org.apache.catalina.core.ApplicationContext log
INFO: Manager: init: Associated with Deployer 'Catalina:type=Deployer,host=localhost'
juin 30, 2015 10:27:10 AM org.apache.catalina.core.ApplicationContext log
INFO: Manager: init: Global resources are available
juin 30, 2015 10:27:10 AM org.apache.catalina.core.ApplicationContext log
INFO: Manager: list: Listing contexts for virtual host 'localhost'
juin 30, 2015 10:27:10 AM org.apache.catalina.core.ApplicationContext log
INFO: Manager: list: Listing contexts for virtual host 'localhost'
juin 30, 2015 10:27:10 AM org.apache.catalina.core.ApplicationContext log
INFO: Manager: undeploy: Undeploying web application at '/NunitToDbRESTful'
juin 30, 2015 10:27:10 AM org.apache.catalina.core.ApplicationContext log
INFO: Manager: install: Installing context configuration at 'file:/C:/Users/cdhouibi/AppData/Local/Temp/context1960173938257038767.xml'
juin 30, 2015 10:27:12 AM org.apache.catalina.core.ApplicationContext log
INFO: Manager: start: Starting web application '/NunitToDbRESTful'
juin 30, 2015 10:27:49 AM org.apache.catalina.core.ApplicationContext log
INFO: Manager: list: Listing contexts for virtual host 'localhost'
juin 30, 2015 10:27:49 AM org.apache.catalina.core.ApplicationContext log
INFO: Manager: restart: Reloading web application '/NunitToDbRESTful'
juin 30, 2015 10:27:56 AM org.apache.catalina.core.ApplicationContext log
INFO: Manager: list: Listing contexts for virtual host 'localhost'
juin 30, 2015 10:27:56 AM org.apache.catalina.core.ApplicationContext log
INFO: Manager: list: Listing contexts for virtual host 'localhost'
juin 30, 2015 10:27:56 AM org.apache.catalina.core.ApplicationContext log
INFO: Manager: restart: Reloading web application '/NunitToDbRESTful'
juin 30, 2015 11:54:42 AM org.apache.catalina.core.ApplicationContext log
INFO: HTMLManager: init: Associated with Deployer 'Catalina:type=Deployer,host=localhost'
juin 30, 2015 11:54:42 AM org.apache.catalina.core.ApplicationContext log
INFO: HTMLManager: init: Global resources are available
juin 30, 2015 11:54:42 AM org.apache.catalina.core.ApplicationContext log
INFO: HTMLManager: list: Listing contexts for virtual host 'localhost'
juin 30, 2015 12:00:24 PM org.apache.catalina.core.ApplicationContext log
INFO: HTMLManager: list: Listing contexts for virtual host 'localhost'
juin 30, 2015 12:00:26 PM org.apache.catalina.core.ApplicationContext log
INFO: HTMLManager: restart: Reloading web application '/NunitToDbRESTful'
juin 30, 2015 12:00:28 PM org.apache.catalina.core.ApplicationContext log
INFO: HTMLManager: list: Listing contexts for virtual host 'localhost'
juin 30, 2015 12:06:11 PM org.apache.catalina.core.ApplicationContext log
INFO: HTMLManager: init: Associated with Deployer 'Catalina:type=Deployer,host=localhost'
juin 30, 2015 12:06:11 PM org.apache.catalina.core.ApplicationContext log
INFO: HTMLManager: init: Global resources are available
juin 30, 2015 12:06:11 PM org.apache.catalina.core.ApplicationContext log
INFO: HTMLManager: restart: Reloading web application '/NunitToDbRESTful'
juin 30, 2015 12:06:13 PM org.apache.catalina.core.ApplicationContext log
INFO: HTMLManager: list: Listing contexts for virtual host 'localhost'
juin 30, 2015 12:13:43 PM org.apache.catalina.core.ApplicationContext log
INFO: HTMLManager: restart: Reloading web application '/NunitToDbRESTful'
juin 30, 2015 12:13:45 PM org.apache.catalina.core.ApplicationContext log
INFO: HTMLManager: list: Listing contexts for virtual host 'localhost'
juin 30, 2015 12:31:41 PM org.apache.catalina.core.ApplicationContext log
INFO: HTMLManager: restart: Reloading web application '/NunitToDbRESTful'
juin 30, 2015 12:31:43 PM org.apache.catalina.core.ApplicationContext log
INFO: HTMLManager: list: Listing contexts for virtual host 'localhost'
juin 30, 2015 12:50:04 PM org.apache.catalina.core.ApplicationContext log
INFO: HTMLManager: list: Listing contexts for virtual host 'localhost'
juin 30, 2015 12:50:07 PM org.apache.catalina.core.ApplicationContext log
INFO: HTMLManager: restart: Reloading web application '/NunitToDbRESTful'
juin 30, 2015 12:50:09 PM org.apache.catalina.core.ApplicationContext log
INFO: HTMLManager: list: Listing contexts for virtual host 'localhost'
juin 30, 2015 12:53:38 PM org.apache.catalina.core.ApplicationContext log
INFO: HTMLManager: restart: Reloading web application '/NunitToDbRESTful'
juin 30, 2015 12:53:40 PM org.apache.catalina.core.ApplicationContext log
INFO: HTMLManager: list: Listing contexts for virtual host 'localhost'
