juin 24, 2015 3:21:16 PM org.apache.catalina.core.ApplicationContext log
INFO: Manager: init: Associated with Deployer 'Catalina:type=Deployer,host=localhost'
juin 24, 2015 3:21:16 PM org.apache.catalina.core.ApplicationContext log
INFO: Manager: init: Global resources are available
juin 24, 2015 3:21:16 PM org.apache.catalina.core.ApplicationContext log
INFO: Manager: list: Listing contexts for virtual host 'localhost'
juin 24, 2015 3:21:16 PM org.apache.catalina.core.ApplicationContext log
INFO: Manager: undeploy: Undeploying web application at '/NunitToDbRESTful'
juin 24, 2015 3:21:17 PM org.apache.catalina.core.ApplicationContext log
INFO: Manager: install: Installing context configuration at 'file:/C:/Users/cdhouibi/AppData/Local/Temp/context49829927703033485.xml'
juin 24, 2015 3:21:18 PM org.apache.catalina.core.ApplicationContext log
INFO: Manager: start: Starting web application '/NunitToDbRESTful'
juin 24, 2015 3:29:32 PM org.apache.catalina.core.ApplicationContext log
INFO: Manager: list: Listing contexts for virtual host 'localhost'
juin 24, 2015 3:29:32 PM org.apache.catalina.core.ApplicationContext log
INFO: Manager: undeploy: Undeploying web application at '/NunitToDbRESTful'
juin 24, 2015 3:37:23 PM org.apache.catalina.core.ApplicationContext log
INFO: Manager: list: Listing contexts for virtual host 'localhost'
juin 24, 2015 3:37:23 PM org.apache.catalina.core.ApplicationContext log
INFO: Manager: list: Listing contexts for virtual host 'localhost'
juin 24, 2015 3:37:23 PM org.apache.catalina.core.ApplicationContext log
INFO: Manager: install: Installing context configuration at 'file:/C:/Users/cdhouibi/AppData/Local/Temp/context1592134607088972429.xml'
juin 24, 2015 3:37:25 PM org.apache.catalina.core.ApplicationContext log
INFO: Manager: start: Starting web application '/NunitToDbRESTful'
