juil. 23, 2015 4:38:29 PM org.apache.catalina.core.ApplicationContext log
INFO: Manager: list: Listing contexts for virtual host 'localhost'
juil. 23, 2015 4:38:36 PM org.apache.catalina.core.ApplicationContext log
INFO: Manager: list: Listing contexts for virtual host 'localhost'
juil. 23, 2015 4:38:42 PM org.apache.catalina.core.ApplicationContext log
INFO: Manager: list: Listing contexts for virtual host 'localhost'
juil. 23, 2015 4:38:42 PM org.apache.catalina.core.ApplicationContext log
INFO: Manager: list: Listing contexts for virtual host 'localhost'
juil. 23, 2015 4:38:42 PM org.apache.catalina.core.ApplicationContext log
INFO: Manager: install: Installing context configuration at 'file:/C:/Users/cdhouibi/AppData/Local/Temp/context5664823257984390306.xml'
juil. 23, 2015 4:38:43 PM org.apache.catalina.core.ApplicationContext log
INFO: Manager: start: Starting web application '/CrudApp'
juil. 23, 2015 4:38:47 PM org.apache.catalina.core.ApplicationContext log
INFO: Manager: list: Listing contexts for virtual host 'localhost'
juil. 23, 2015 4:38:47 PM org.apache.catalina.core.ApplicationContext log
INFO: Manager: list: Listing contexts for virtual host 'localhost'
juil. 23, 2015 4:39:44 PM org.apache.catalina.core.ApplicationContext log
INFO: Manager: list: Listing contexts for virtual host 'localhost'
juil. 23, 2015 4:39:58 PM org.apache.catalina.core.ApplicationContext log
INFO: Manager: list: Listing contexts for virtual host 'localhost'
juil. 23, 2015 4:39:58 PM org.apache.catalina.core.ApplicationContext log
INFO: Manager: list: Listing contexts for virtual host 'localhost'
juil. 23, 2015 4:39:58 PM org.apache.catalina.core.ApplicationContext log
INFO: Manager: undeploy: Undeploying web application at '/CrudApp'
juil. 23, 2015 4:39:58 PM org.apache.catalina.core.ApplicationContext log
INFO: Manager: install: Installing context configuration at 'file:/C:/Users/cdhouibi/AppData/Local/Temp/context3780937518938029375.xml'
juil. 23, 2015 4:39:59 PM org.apache.catalina.core.ApplicationContext log
INFO: Manager: start: Starting web application '/CrudApp'
juil. 23, 2015 4:40:15 PM org.apache.catalina.core.ApplicationContext log
INFO: Manager: list: Listing contexts for virtual host 'localhost'
juil. 23, 2015 4:40:55 PM org.apache.catalina.core.ApplicationContext log
INFO: Manager: list: Listing contexts for virtual host 'localhost'
juil. 23, 2015 4:41:07 PM org.apache.catalina.core.ApplicationContext log
INFO: Manager: list: Listing contexts for virtual host 'localhost'
juil. 23, 2015 4:41:29 PM org.apache.catalina.core.ApplicationContext log
INFO: Manager: list: Listing contexts for virtual host 'localhost'
juil. 23, 2015 4:41:36 PM org.apache.catalina.core.ApplicationContext log
INFO: Manager: list: Listing contexts for virtual host 'localhost'
juil. 23, 2015 4:41:36 PM org.apache.catalina.core.ApplicationContext log
INFO: Manager: list: Listing contexts for virtual host 'localhost'
juil. 23, 2015 4:41:36 PM org.apache.catalina.core.ApplicationContext log
INFO: Manager: undeploy: Undeploying web application at '/CrudApp'
juil. 23, 2015 4:41:37 PM org.apache.catalina.core.ApplicationContext log
INFO: Manager: install: Installing context configuration at 'file:/C:/Users/cdhouibi/AppData/Local/Temp/context4275383656078711669.xml'
juil. 23, 2015 4:41:37 PM org.apache.catalina.core.ApplicationContext log
INFO: Manager: start: Starting web application '/CrudApp'
juil. 23, 2015 4:42:47 PM org.apache.catalina.core.ApplicationContext log
INFO: Manager: list: Listing contexts for virtual host 'localhost'
juil. 23, 2015 4:43:01 PM org.apache.catalina.core.ApplicationContext log
INFO: Manager: list: Listing contexts for virtual host 'localhost'
juil. 23, 2015 4:44:19 PM org.apache.catalina.core.ApplicationContext log
INFO: Manager: list: Listing contexts for virtual host 'localhost'
juil. 23, 2015 4:44:31 PM org.apache.catalina.core.ApplicationContext log
INFO: Manager: list: Listing contexts for virtual host 'localhost'
juil. 23, 2015 4:46:24 PM org.apache.catalina.core.ApplicationContext log
INFO: Manager: list: Listing contexts for virtual host 'localhost'
juil. 23, 2015 4:47:03 PM org.apache.catalina.core.ApplicationContext log
INFO: Manager: list: Listing contexts for virtual host 'localhost'
juil. 23, 2015 4:47:32 PM org.apache.catalina.core.ApplicationContext log
INFO: Manager: list: Listing contexts for virtual host 'localhost'
juil. 23, 2015 4:47:53 PM org.apache.catalina.core.ApplicationContext log
INFO: Manager: list: Listing contexts for virtual host 'localhost'
juil. 23, 2015 4:49:02 PM org.apache.catalina.core.ApplicationContext log
INFO: Manager: list: Listing contexts for virtual host 'localhost'
juil. 23, 2015 4:49:15 PM org.apache.catalina.core.ApplicationContext log
INFO: Manager: list: Listing contexts for virtual host 'localhost'
juil. 23, 2015 4:50:13 PM org.apache.catalina.core.ApplicationContext log
INFO: Manager: list: Listing contexts for virtual host 'localhost'
juil. 23, 2015 4:52:39 PM org.apache.catalina.core.ApplicationContext log
INFO: Manager: list: Listing contexts for virtual host 'localhost'
juil. 23, 2015 4:52:39 PM org.apache.catalina.core.ApplicationContext log
INFO: Manager: restart: Reloading web application '/CrudApp'
juil. 23, 2015 4:52:40 PM org.apache.catalina.core.ApplicationContext log
INFO: Manager: list: Listing contexts for virtual host 'localhost'
juil. 23, 2015 4:52:40 PM org.apache.catalina.core.ApplicationContext log
INFO: Manager: restart: Reloading web application '/CrudApp'
juil. 23, 2015 4:52:46 PM org.apache.catalina.core.ApplicationContext log
INFO: Manager: list: Listing contexts for virtual host 'localhost'
juil. 23, 2015 4:52:46 PM org.apache.catalina.core.ApplicationContext log
INFO: Manager: restart: Reloading web application '/CrudApp'
juil. 23, 2015 4:53:32 PM org.apache.catalina.core.ApplicationContext log
INFO: Manager: list: Listing contexts for virtual host 'localhost'
juil. 23, 2015 4:53:32 PM org.apache.catalina.core.ApplicationContext log
INFO: Manager: restart: Reloading web application '/CrudApp'
juil. 23, 2015 4:55:27 PM org.apache.catalina.core.ApplicationContext log
INFO: Manager: list: Listing contexts for virtual host 'localhost'
juil. 23, 2015 4:55:27 PM org.apache.catalina.core.ApplicationContext log
INFO: Manager: restart: Reloading web application '/CrudApp'
juil. 23, 2015 4:55:30 PM org.apache.catalina.core.ApplicationContext log
INFO: Manager: list: Listing contexts for virtual host 'localhost'
juil. 23, 2015 4:55:30 PM org.apache.catalina.core.ApplicationContext log
INFO: Manager: restart: Reloading web application '/CrudApp'
juil. 23, 2015 4:55:30 PM org.apache.catalina.core.ApplicationContext log
SEVERE: Manager: ManagerServlet.reload[/CrudApp]
java.lang.IllegalStateException: Context with name [/CrudApp] has not yet been started
	at org.apache.catalina.core.StandardContext.reload(StandardContext.java:4015)
	at org.apache.catalina.manager.ManagerServlet.reload(ManagerServlet.java:1012)
	at org.apache.catalina.manager.ManagerServlet.doGet(ManagerServlet.java:381)
	at javax.servlet.http.HttpServlet.service(HttpServlet.java:624)
	at javax.servlet.http.HttpServlet.service(HttpServlet.java:731)
	at org.apache.catalina.core.ApplicationFilterChain.internalDoFilter(ApplicationFilterChain.java:303)
	at org.apache.catalina.core.ApplicationFilterChain.doFilter(ApplicationFilterChain.java:208)
	at org.apache.tomcat.websocket.server.WsFilter.doFilter(WsFilter.java:52)
	at org.apache.catalina.core.ApplicationFilterChain.internalDoFilter(ApplicationFilterChain.java:241)
	at org.apache.catalina.core.ApplicationFilterChain.doFilter(ApplicationFilterChain.java:208)
	at org.apache.catalina.filters.SetCharacterEncodingFilter.doFilter(SetCharacterEncodingFilter.java:108)
	at org.apache.catalina.core.ApplicationFilterChain.internalDoFilter(ApplicationFilterChain.java:241)
	at org.apache.catalina.core.ApplicationFilterChain.doFilter(ApplicationFilterChain.java:208)
	at org.apache.catalina.core.StandardWrapperValve.invoke(StandardWrapperValve.java:220)
	at org.apache.catalina.core.StandardContextValve.invoke(StandardContextValve.java:122)
	at org.apache.catalina.authenticator.AuthenticatorBase.invoke(AuthenticatorBase.java:614)
	at org.apache.catalina.core.StandardHostValve.invoke(StandardHostValve.java:170)
	at org.apache.catalina.valves.ErrorReportValve.invoke(ErrorReportValve.java:103)
	at org.apache.catalina.valves.AccessLogValve.invoke(AccessLogValve.java:957)
	at org.apache.catalina.core.StandardEngineValve.invoke(StandardEngineValve.java:116)
	at org.apache.catalina.connector.CoyoteAdapter.service(CoyoteAdapter.java:423)
	at org.apache.coyote.http11.AbstractHttp11Processor.process(AbstractHttp11Processor.java:1079)
	at org.apache.coyote.AbstractProtocol$AbstractConnectionHandler.process(AbstractProtocol.java:620)
	at org.apache.tomcat.util.net.JIoEndpoint$SocketProcessor.run(JIoEndpoint.java:318)
	at java.util.concurrent.ThreadPoolExecutor.runWorker(ThreadPoolExecutor.java:1145)
	at java.util.concurrent.ThreadPoolExecutor$Worker.run(ThreadPoolExecutor.java:615)
	at org.apache.tomcat.util.threads.TaskThread$WrappingRunnable.run(TaskThread.java:61)
	at java.lang.Thread.run(Thread.java:745)

juil. 23, 2015 4:55:31 PM org.apache.catalina.core.ApplicationContext log
INFO: Manager: list: Listing contexts for virtual host 'localhost'
juil. 23, 2015 4:55:31 PM org.apache.catalina.core.ApplicationContext log
INFO: Manager: list: Listing contexts for virtual host 'localhost'
juil. 23, 2015 4:55:31 PM org.apache.catalina.core.ApplicationContext log
INFO: Manager: undeploy: Undeploying web application at '/CrudApp'
juil. 23, 2015 4:55:31 PM org.apache.catalina.core.ApplicationContext log
INFO: Manager: install: Installing context configuration at 'file:/C:/Users/cdhouibi/AppData/Local/Temp/context9007532621869158795.xml'
juil. 23, 2015 4:56:43 PM org.apache.catalina.core.ApplicationContext log
INFO: Manager: list: Listing contexts for virtual host 'localhost'
juil. 23, 2015 4:56:43 PM org.apache.catalina.core.ApplicationContext log
INFO: Manager: list: Listing contexts for virtual host 'localhost'
juil. 23, 2015 4:56:43 PM org.apache.catalina.core.ApplicationContext log
INFO: Manager: undeploy: Undeploying web application at '/CrudApp'
juil. 23, 2015 4:56:43 PM org.apache.catalina.core.ApplicationContext log
INFO: Manager: install: Installing context configuration at 'file:/C:/Users/cdhouibi/AppData/Local/Temp/context1298388439491517439.xml'
juil. 23, 2015 4:57:29 PM org.apache.catalina.core.ApplicationContext log
INFO: Manager: list: Listing contexts for virtual host 'localhost'
juil. 23, 2015 4:57:29 PM org.apache.catalina.core.ApplicationContext log
INFO: Manager: list: Listing contexts for virtual host 'localhost'
juil. 23, 2015 4:57:29 PM org.apache.catalina.core.ApplicationContext log
INFO: Manager: undeploy: Undeploying web application at '/CrudApp'
juil. 23, 2015 4:57:29 PM org.apache.catalina.core.ApplicationContext log
INFO: Manager: install: Installing context configuration at 'file:/C:/Users/cdhouibi/AppData/Local/Temp/context7960084303586194479.xml'
juil. 23, 2015 4:57:47 PM org.apache.catalina.core.ApplicationContext log
INFO: Manager: list: Listing contexts for virtual host 'localhost'
juil. 23, 2015 4:57:47 PM org.apache.catalina.core.ApplicationContext log
INFO: Manager: list: Listing contexts for virtual host 'localhost'
juil. 23, 2015 4:57:47 PM org.apache.catalina.core.ApplicationContext log
INFO: Manager: restart: Reloading web application '/CrudApp'
juil. 23, 2015 4:57:47 PM org.apache.catalina.core.ApplicationContext log
SEVERE: Manager: ManagerServlet.reload[/CrudApp]
java.lang.IllegalStateException: Context with name [/CrudApp] has not yet been started
	at org.apache.catalina.core.StandardContext.reload(StandardContext.java:4015)
	at org.apache.catalina.manager.ManagerServlet.reload(ManagerServlet.java:1012)
	at org.apache.catalina.manager.ManagerServlet.doGet(ManagerServlet.java:381)
	at javax.servlet.http.HttpServlet.service(HttpServlet.java:624)
	at javax.servlet.http.HttpServlet.service(HttpServlet.java:731)
	at org.apache.catalina.core.ApplicationFilterChain.internalDoFilter(ApplicationFilterChain.java:303)
	at org.apache.catalina.core.ApplicationFilterChain.doFilter(ApplicationFilterChain.java:208)
	at org.apache.tomcat.websocket.server.WsFilter.doFilter(WsFilter.java:52)
	at org.apache.catalina.core.ApplicationFilterChain.internalDoFilter(ApplicationFilterChain.java:241)
	at org.apache.catalina.core.ApplicationFilterChain.doFilter(ApplicationFilterChain.java:208)
	at org.apache.catalina.filters.SetCharacterEncodingFilter.doFilter(SetCharacterEncodingFilter.java:108)
	at org.apache.catalina.core.ApplicationFilterChain.internalDoFilter(ApplicationFilterChain.java:241)
	at org.apache.catalina.core.ApplicationFilterChain.doFilter(ApplicationFilterChain.java:208)
	at org.apache.catalina.core.StandardWrapperValve.invoke(StandardWrapperValve.java:220)
	at org.apache.catalina.core.StandardContextValve.invoke(StandardContextValve.java:122)
	at org.apache.catalina.authenticator.AuthenticatorBase.invoke(AuthenticatorBase.java:614)
	at org.apache.catalina.core.StandardHostValve.invoke(StandardHostValve.java:170)
	at org.apache.catalina.valves.ErrorReportValve.invoke(ErrorReportValve.java:103)
	at org.apache.catalina.valves.AccessLogValve.invoke(AccessLogValve.java:957)
	at org.apache.catalina.core.StandardEngineValve.invoke(StandardEngineValve.java:116)
	at org.apache.catalina.connector.CoyoteAdapter.service(CoyoteAdapter.java:423)
	at org.apache.coyote.http11.AbstractHttp11Processor.process(AbstractHttp11Processor.java:1079)
	at org.apache.coyote.AbstractProtocol$AbstractConnectionHandler.process(AbstractProtocol.java:620)
	at org.apache.tomcat.util.net.JIoEndpoint$SocketProcessor.run(JIoEndpoint.java:318)
	at java.util.concurrent.ThreadPoolExecutor.runWorker(ThreadPoolExecutor.java:1145)
	at java.util.concurrent.ThreadPoolExecutor$Worker.run(ThreadPoolExecutor.java:615)
	at org.apache.tomcat.util.threads.TaskThread$WrappingRunnable.run(TaskThread.java:61)
	at java.lang.Thread.run(Thread.java:745)

juil. 23, 2015 4:57:53 PM org.apache.catalina.core.ApplicationContext log
INFO: Manager: list: Listing contexts for virtual host 'localhost'
juil. 23, 2015 4:57:53 PM org.apache.catalina.core.ApplicationContext log
INFO: Manager: undeploy: Undeploying web application at '/CrudApp'
juil. 23, 2015 4:58:00 PM org.apache.catalina.core.ApplicationContext log
INFO: Manager: list: Listing contexts for virtual host 'localhost'
juil. 23, 2015 4:58:00 PM org.apache.catalina.core.ApplicationContext log
INFO: Manager: list: Listing contexts for virtual host 'localhost'
juil. 23, 2015 4:58:00 PM org.apache.catalina.core.ApplicationContext log
INFO: Manager: install: Installing context configuration at 'file:/C:/Users/cdhouibi/AppData/Local/Temp/context3062506482334268206.xml'
juil. 23, 2015 4:58:56 PM org.apache.catalina.core.ApplicationContext log
INFO: Manager: list: Listing contexts for virtual host 'localhost'
juil. 23, 2015 4:58:56 PM org.apache.catalina.core.ApplicationContext log
INFO: Manager: list: Listing contexts for virtual host 'localhost'
juil. 23, 2015 4:58:56 PM org.apache.catalina.core.ApplicationContext log
INFO: Manager: undeploy: Undeploying web application at '/CrudApp'
juil. 23, 2015 4:58:56 PM org.apache.catalina.core.ApplicationContext log
INFO: Manager: install: Installing context configuration at 'file:/C:/Users/cdhouibi/AppData/Local/Temp/context3155773979772366089.xml'
juil. 23, 2015 4:58:57 PM org.apache.catalina.core.ApplicationContext log
INFO: Manager: start: Starting web application '/CrudApp'
juil. 23, 2015 4:58:57 PM org.apache.catalina.core.ApplicationContext log
INFO: Manager: list: Listing contexts for virtual host 'localhost'
juil. 23, 2015 4:58:57 PM org.apache.catalina.core.ApplicationContext log
INFO: Manager: restart: Reloading web application '/CrudApp'
juil. 23, 2015 4:58:58 PM org.apache.catalina.core.ApplicationContext log
INFO: Manager: list: Listing contexts for virtual host 'localhost'
juil. 23, 2015 4:58:58 PM org.apache.catalina.core.ApplicationContext log
INFO: Manager: restart: Reloading web application '/CrudApp'
juil. 23, 2015 4:59:04 PM org.apache.catalina.core.ApplicationContext log
INFO: Manager: list: Listing contexts for virtual host 'localhost'
juil. 23, 2015 4:59:04 PM org.apache.catalina.core.ApplicationContext log
INFO: Manager: undeploy: Undeploying web application at '/CrudApp'
juil. 23, 2015 4:59:13 PM org.apache.catalina.core.ApplicationContext log
INFO: Manager: list: Listing contexts for virtual host 'localhost'
juil. 23, 2015 4:59:13 PM org.apache.catalina.core.ApplicationContext log
INFO: Manager: list: Listing contexts for virtual host 'localhost'
juil. 23, 2015 4:59:13 PM org.apache.catalina.core.ApplicationContext log
INFO: Manager: install: Installing context configuration at 'file:/C:/Users/cdhouibi/AppData/Local/Temp/context207539919993313821.xml'
juil. 23, 2015 4:59:14 PM org.apache.catalina.core.ApplicationContext log
INFO: Manager: start: Starting web application '/CrudApp'
