août 06, 2015 10:52:33 AM org.apache.catalina.core.ApplicationContext log
INFO: Manager: list: Listing contexts for virtual host 'localhost'
août 06, 2015 10:52:33 AM org.apache.catalina.core.ApplicationContext log
INFO: Manager: list: Listing contexts for virtual host 'localhost'
août 06, 2015 10:52:33 AM org.apache.catalina.core.ApplicationContext log
INFO: Manager: restart: Reloading web application '/CrudApp'
août 06, 2015 10:56:15 AM org.apache.catalina.core.ApplicationContext log
INFO: Manager: list: Listing contexts for virtual host 'localhost'
août 06, 2015 10:56:15 AM org.apache.catalina.core.ApplicationContext log
INFO: Manager: restart: Reloading web application '/CrudApp'
août 06, 2015 10:58:28 AM org.apache.catalina.core.ApplicationContext log
INFO: Manager: list: Listing contexts for virtual host 'localhost'
août 06, 2015 10:59:26 AM org.apache.catalina.core.ApplicationContext log
INFO: Manager: list: Listing contexts for virtual host 'localhost'
août 06, 2015 11:00:22 AM org.apache.catalina.core.ApplicationContext log
INFO: Manager: list: Listing contexts for virtual host 'localhost'
août 06, 2015 11:00:39 AM org.apache.catalina.core.ApplicationContext log
INFO: Manager: list: Listing contexts for virtual host 'localhost'
août 06, 2015 11:02:00 AM org.apache.catalina.core.ApplicationContext log
INFO: Manager: list: Listing contexts for virtual host 'localhost'
août 06, 2015 11:02:06 AM org.apache.catalina.core.ApplicationContext log
INFO: Manager: list: Listing contexts for virtual host 'localhost'
août 06, 2015 11:02:14 AM org.apache.catalina.core.ApplicationContext log
INFO: Manager: list: Listing contexts for virtual host 'localhost'
août 06, 2015 11:02:24 AM org.apache.catalina.core.ApplicationContext log
INFO: Manager: list: Listing contexts for virtual host 'localhost'
août 06, 2015 11:02:35 AM org.apache.catalina.core.ApplicationContext log
INFO: Manager: list: Listing contexts for virtual host 'localhost'
août 06, 2015 11:03:33 AM org.apache.catalina.core.ApplicationContext log
INFO: Manager: list: Listing contexts for virtual host 'localhost'
août 06, 2015 11:03:41 AM org.apache.catalina.core.ApplicationContext log
INFO: Manager: list: Listing contexts for virtual host 'localhost'
août 06, 2015 11:05:08 AM org.apache.catalina.core.ApplicationContext log
INFO: Manager: list: Listing contexts for virtual host 'localhost'
août 06, 2015 11:05:32 AM org.apache.catalina.core.ApplicationContext log
INFO: Manager: list: Listing contexts for virtual host 'localhost'
août 06, 2015 11:05:46 AM org.apache.catalina.core.ApplicationContext log
INFO: Manager: list: Listing contexts for virtual host 'localhost'
août 06, 2015 11:06:17 AM org.apache.catalina.core.ApplicationContext log
INFO: Manager: list: Listing contexts for virtual host 'localhost'
août 06, 2015 11:07:33 AM org.apache.catalina.core.ApplicationContext log
INFO: Manager: list: Listing contexts for virtual host 'localhost'
août 06, 2015 11:07:57 AM org.apache.catalina.core.ApplicationContext log
INFO: Manager: list: Listing contexts for virtual host 'localhost'
août 06, 2015 11:44:17 AM org.apache.catalina.core.ApplicationContext log
INFO: Manager: list: Listing contexts for virtual host 'localhost'
août 06, 2015 11:44:21 AM org.apache.catalina.core.ApplicationContext log
INFO: Manager: list: Listing contexts for virtual host 'localhost'
août 06, 2015 11:45:00 AM org.apache.catalina.core.ApplicationContext log
INFO: Manager: list: Listing contexts for virtual host 'localhost'
août 06, 2015 11:45:20 AM org.apache.catalina.core.ApplicationContext log
INFO: Manager: list: Listing contexts for virtual host 'localhost'
août 06, 2015 11:45:28 AM org.apache.catalina.core.ApplicationContext log
INFO: Manager: list: Listing contexts for virtual host 'localhost'
août 06, 2015 11:45:37 AM org.apache.catalina.core.ApplicationContext log
INFO: Manager: list: Listing contexts for virtual host 'localhost'
août 06, 2015 11:45:40 AM org.apache.catalina.core.ApplicationContext log
INFO: Manager: list: Listing contexts for virtual host 'localhost'
août 06, 2015 11:46:05 AM org.apache.catalina.core.ApplicationContext log
INFO: Manager: list: Listing contexts for virtual host 'localhost'
août 06, 2015 11:46:43 AM org.apache.catalina.core.ApplicationContext log
INFO: Manager: list: Listing contexts for virtual host 'localhost'
août 06, 2015 11:46:55 AM org.apache.catalina.core.ApplicationContext log
INFO: Manager: list: Listing contexts for virtual host 'localhost'
août 06, 2015 11:48:01 AM org.apache.catalina.core.ApplicationContext log
INFO: Manager: list: Listing contexts for virtual host 'localhost'
août 06, 2015 11:48:11 AM org.apache.catalina.core.ApplicationContext log
INFO: Manager: list: Listing contexts for virtual host 'localhost'
août 06, 2015 11:48:17 AM org.apache.catalina.core.ApplicationContext log
INFO: Manager: list: Listing contexts for virtual host 'localhost'
août 06, 2015 11:48:36 AM org.apache.catalina.core.ApplicationContext log
INFO: Manager: list: Listing contexts for virtual host 'localhost'
août 06, 2015 11:48:50 AM org.apache.catalina.core.ApplicationContext log
INFO: Manager: list: Listing contexts for virtual host 'localhost'
août 06, 2015 11:49:01 AM org.apache.catalina.core.ApplicationContext log
INFO: Manager: list: Listing contexts for virtual host 'localhost'
août 06, 2015 11:49:09 AM org.apache.catalina.core.ApplicationContext log
INFO: Manager: list: Listing contexts for virtual host 'localhost'
août 06, 2015 11:49:22 AM org.apache.catalina.core.ApplicationContext log
INFO: Manager: list: Listing contexts for virtual host 'localhost'
août 06, 2015 11:49:29 AM org.apache.catalina.core.ApplicationContext log
INFO: Manager: list: Listing contexts for virtual host 'localhost'
août 06, 2015 11:49:45 AM org.apache.catalina.core.ApplicationContext log
INFO: Manager: list: Listing contexts for virtual host 'localhost'
août 06, 2015 11:49:49 AM org.apache.catalina.core.ApplicationContext log
INFO: Manager: list: Listing contexts for virtual host 'localhost'
août 06, 2015 11:51:10 AM org.apache.catalina.core.ApplicationContext log
INFO: Manager: list: Listing contexts for virtual host 'localhost'
août 06, 2015 11:52:03 AM org.apache.catalina.core.ApplicationContext log
INFO: Manager: list: Listing contexts for virtual host 'localhost'
août 06, 2015 11:52:44 AM org.apache.catalina.core.ApplicationContext log
INFO: Manager: list: Listing contexts for virtual host 'localhost'
août 06, 2015 11:53:30 AM org.apache.catalina.core.ApplicationContext log
INFO: Manager: list: Listing contexts for virtual host 'localhost'
août 06, 2015 11:55:18 AM org.apache.catalina.core.ApplicationContext log
INFO: Manager: list: Listing contexts for virtual host 'localhost'
août 06, 2015 11:55:28 AM org.apache.catalina.core.ApplicationContext log
INFO: Manager: list: Listing contexts for virtual host 'localhost'
août 06, 2015 11:55:57 AM org.apache.catalina.core.ApplicationContext log
INFO: Manager: list: Listing contexts for virtual host 'localhost'
août 06, 2015 11:59:13 AM org.apache.catalina.core.ApplicationContext log
INFO: Manager: list: Listing contexts for virtual host 'localhost'
août 06, 2015 11:59:31 AM org.apache.catalina.core.ApplicationContext log
INFO: Manager: list: Listing contexts for virtual host 'localhost'
août 06, 2015 11:59:53 AM org.apache.catalina.core.ApplicationContext log
INFO: Manager: list: Listing contexts for virtual host 'localhost'
août 06, 2015 12:00:01 PM org.apache.catalina.core.ApplicationContext log
INFO: Manager: list: Listing contexts for virtual host 'localhost'
août 06, 2015 12:00:21 PM org.apache.catalina.core.ApplicationContext log
INFO: Manager: list: Listing contexts for virtual host 'localhost'
août 06, 2015 12:01:05 PM org.apache.catalina.core.ApplicationContext log
INFO: Manager: list: Listing contexts for virtual host 'localhost'
août 06, 2015 12:01:31 PM org.apache.catalina.core.ApplicationContext log
INFO: Manager: list: Listing contexts for virtual host 'localhost'
août 06, 2015 12:01:49 PM org.apache.catalina.core.ApplicationContext log
INFO: Manager: list: Listing contexts for virtual host 'localhost'
août 06, 2015 12:03:25 PM org.apache.catalina.core.ApplicationContext log
INFO: Manager: list: Listing contexts for virtual host 'localhost'
août 06, 2015 12:03:54 PM org.apache.catalina.core.ApplicationContext log
INFO: Manager: list: Listing contexts for virtual host 'localhost'
août 06, 2015 12:04:03 PM org.apache.catalina.core.ApplicationContext log
INFO: Manager: list: Listing contexts for virtual host 'localhost'
août 06, 2015 12:04:55 PM org.apache.catalina.core.ApplicationContext log
INFO: Manager: list: Listing contexts for virtual host 'localhost'
août 06, 2015 12:05:29 PM org.apache.catalina.core.ApplicationContext log
INFO: Manager: list: Listing contexts for virtual host 'localhost'
août 06, 2015 12:05:45 PM org.apache.catalina.core.ApplicationContext log
INFO: Manager: list: Listing contexts for virtual host 'localhost'
août 06, 2015 12:08:30 PM org.apache.catalina.core.ApplicationContext log
INFO: Manager: list: Listing contexts for virtual host 'localhost'
août 06, 2015 12:08:58 PM org.apache.catalina.core.ApplicationContext log
INFO: Manager: list: Listing contexts for virtual host 'localhost'
août 06, 2015 12:09:13 PM org.apache.catalina.core.ApplicationContext log
INFO: Manager: list: Listing contexts for virtual host 'localhost'
août 06, 2015 12:09:54 PM org.apache.catalina.core.ApplicationContext log
INFO: Manager: list: Listing contexts for virtual host 'localhost'
août 06, 2015 12:10:11 PM org.apache.catalina.core.ApplicationContext log
INFO: Manager: list: Listing contexts for virtual host 'localhost'
août 06, 2015 12:10:18 PM org.apache.catalina.core.ApplicationContext log
INFO: Manager: list: Listing contexts for virtual host 'localhost'
août 06, 2015 12:10:26 PM org.apache.catalina.core.ApplicationContext log
INFO: Manager: list: Listing contexts for virtual host 'localhost'
août 06, 2015 12:10:31 PM org.apache.catalina.core.ApplicationContext log
INFO: Manager: list: Listing contexts for virtual host 'localhost'
août 06, 2015 12:10:33 PM org.apache.catalina.core.ApplicationContext log
INFO: Manager: list: Listing contexts for virtual host 'localhost'
août 06, 2015 12:10:44 PM org.apache.catalina.core.ApplicationContext log
INFO: Manager: list: Listing contexts for virtual host 'localhost'
août 06, 2015 12:11:22 PM org.apache.catalina.core.ApplicationContext log
INFO: Manager: list: Listing contexts for virtual host 'localhost'
août 06, 2015 12:13:08 PM org.apache.catalina.core.ApplicationContext log
INFO: Manager: list: Listing contexts for virtual host 'localhost'
août 06, 2015 12:13:08 PM org.apache.catalina.core.ApplicationContext log
INFO: Manager: restart: Reloading web application '/CrudApp'
août 06, 2015 12:14:27 PM org.apache.catalina.core.ApplicationContext log
INFO: Manager: list: Listing contexts for virtual host 'localhost'
août 06, 2015 12:14:49 PM org.apache.catalina.core.ApplicationContext log
INFO: Manager: list: Listing contexts for virtual host 'localhost'
août 06, 2015 12:14:53 PM org.apache.catalina.core.ApplicationContext log
INFO: Manager: list: Listing contexts for virtual host 'localhost'
août 06, 2015 12:15:15 PM org.apache.catalina.core.ApplicationContext log
INFO: Manager: list: Listing contexts for virtual host 'localhost'
août 06, 2015 12:15:21 PM org.apache.catalina.core.ApplicationContext log
INFO: Manager: list: Listing contexts for virtual host 'localhost'
août 06, 2015 12:15:47 PM org.apache.catalina.core.ApplicationContext log
INFO: Manager: list: Listing contexts for virtual host 'localhost'
août 06, 2015 12:16:05 PM org.apache.catalina.core.ApplicationContext log
INFO: Manager: list: Listing contexts for virtual host 'localhost'
août 06, 2015 12:16:37 PM org.apache.catalina.core.ApplicationContext log
INFO: Manager: list: Listing contexts for virtual host 'localhost'
août 06, 2015 12:16:49 PM org.apache.catalina.core.ApplicationContext log
INFO: Manager: list: Listing contexts for virtual host 'localhost'
août 06, 2015 12:17:21 PM org.apache.catalina.core.ApplicationContext log
INFO: Manager: list: Listing contexts for virtual host 'localhost'
août 06, 2015 12:17:22 PM org.apache.catalina.core.ApplicationContext log
INFO: Manager: restart: Reloading web application '/CrudApp'
août 06, 2015 12:17:44 PM org.apache.catalina.core.ApplicationContext log
INFO: Manager: list: Listing contexts for virtual host 'localhost'
août 06, 2015 12:17:44 PM org.apache.catalina.core.ApplicationContext log
INFO: Manager: restart: Reloading web application '/CrudApp'
août 06, 2015 12:18:14 PM org.apache.catalina.core.ApplicationContext log
INFO: Manager: list: Listing contexts for virtual host 'localhost'
août 06, 2015 12:18:14 PM org.apache.catalina.core.ApplicationContext log
INFO: Manager: restart: Reloading web application '/CrudApp'
août 06, 2015 12:18:32 PM org.apache.catalina.core.ApplicationContext log
INFO: Manager: list: Listing contexts for virtual host 'localhost'
août 06, 2015 12:18:32 PM org.apache.catalina.core.ApplicationContext log
INFO: Manager: restart: Reloading web application '/CrudApp'
août 06, 2015 12:18:33 PM org.apache.catalina.core.ApplicationContext log
INFO: Manager: list: Listing contexts for virtual host 'localhost'
août 06, 2015 12:18:33 PM org.apache.catalina.core.ApplicationContext log
INFO: Manager: restart: Reloading web application '/CrudApp'
août 06, 2015 12:19:51 PM org.apache.catalina.core.ApplicationContext log
INFO: Manager: list: Listing contexts for virtual host 'localhost'
août 06, 2015 12:19:59 PM org.apache.catalina.core.ApplicationContext log
INFO: Manager: list: Listing contexts for virtual host 'localhost'
août 06, 2015 12:20:14 PM org.apache.catalina.core.ApplicationContext log
INFO: Manager: list: Listing contexts for virtual host 'localhost'
août 06, 2015 12:21:35 PM org.apache.catalina.core.ApplicationContext log
INFO: Manager: list: Listing contexts for virtual host 'localhost'
août 06, 2015 12:21:41 PM org.apache.catalina.core.ApplicationContext log
INFO: Manager: list: Listing contexts for virtual host 'localhost'
août 06, 2015 12:22:19 PM org.apache.catalina.core.ApplicationContext log
INFO: Manager: list: Listing contexts for virtual host 'localhost'
août 06, 2015 12:22:51 PM org.apache.catalina.core.ApplicationContext log
INFO: Manager: list: Listing contexts for virtual host 'localhost'
août 06, 2015 12:23:29 PM org.apache.catalina.core.ApplicationContext log
INFO: Manager: list: Listing contexts for virtual host 'localhost'
août 06, 2015 12:24:09 PM org.apache.catalina.core.ApplicationContext log
INFO: Manager: list: Listing contexts for virtual host 'localhost'
août 06, 2015 12:25:36 PM org.apache.catalina.core.ApplicationContext log
INFO: Manager: list: Listing contexts for virtual host 'localhost'
août 06, 2015 12:25:58 PM org.apache.catalina.core.ApplicationContext log
INFO: Manager: list: Listing contexts for virtual host 'localhost'
août 06, 2015 12:26:28 PM org.apache.catalina.core.ApplicationContext log
INFO: Manager: list: Listing contexts for virtual host 'localhost'
août 06, 2015 12:26:54 PM org.apache.catalina.core.ApplicationContext log
INFO: Manager: list: Listing contexts for virtual host 'localhost'
août 06, 2015 12:27:24 PM org.apache.catalina.core.ApplicationContext log
INFO: Manager: list: Listing contexts for virtual host 'localhost'
août 06, 2015 12:27:45 PM org.apache.catalina.core.ApplicationContext log
INFO: Manager: list: Listing contexts for virtual host 'localhost'
août 06, 2015 12:27:58 PM org.apache.catalina.core.ApplicationContext log
INFO: Manager: list: Listing contexts for virtual host 'localhost'
août 06, 2015 12:28:04 PM org.apache.catalina.core.ApplicationContext log
INFO: Manager: list: Listing contexts for virtual host 'localhost'
août 06, 2015 12:29:40 PM org.apache.catalina.core.ApplicationContext log
INFO: Manager: list: Listing contexts for virtual host 'localhost'
août 06, 2015 12:29:55 PM org.apache.catalina.core.ApplicationContext log
INFO: Manager: list: Listing contexts for virtual host 'localhost'
août 06, 2015 12:30:24 PM org.apache.catalina.core.ApplicationContext log
INFO: Manager: list: Listing contexts for virtual host 'localhost'
août 06, 2015 12:30:53 PM org.apache.catalina.core.ApplicationContext log
INFO: Manager: list: Listing contexts for virtual host 'localhost'
août 06, 2015 12:31:31 PM org.apache.catalina.core.ApplicationContext log
INFO: Manager: list: Listing contexts for virtual host 'localhost'
août 06, 2015 12:31:54 PM org.apache.catalina.core.ApplicationContext log
INFO: Manager: list: Listing contexts for virtual host 'localhost'
août 06, 2015 12:32:29 PM org.apache.catalina.core.ApplicationContext log
INFO: Manager: list: Listing contexts for virtual host 'localhost'
août 06, 2015 12:32:52 PM org.apache.catalina.core.ApplicationContext log
INFO: Manager: list: Listing contexts for virtual host 'localhost'
août 06, 2015 12:33:12 PM org.apache.catalina.core.ApplicationContext log
INFO: Manager: list: Listing contexts for virtual host 'localhost'
août 06, 2015 12:33:52 PM org.apache.catalina.core.ApplicationContext log
INFO: Manager: list: Listing contexts for virtual host 'localhost'
août 06, 2015 12:33:59 PM org.apache.catalina.core.ApplicationContext log
INFO: Manager: list: Listing contexts for virtual host 'localhost'
août 06, 2015 12:34:04 PM org.apache.catalina.core.ApplicationContext log
INFO: Manager: list: Listing contexts for virtual host 'localhost'
août 06, 2015 12:34:43 PM org.apache.catalina.core.ApplicationContext log
INFO: Manager: list: Listing contexts for virtual host 'localhost'
août 06, 2015 12:35:03 PM org.apache.catalina.core.ApplicationContext log
INFO: Manager: list: Listing contexts for virtual host 'localhost'
août 06, 2015 12:35:15 PM org.apache.catalina.core.ApplicationContext log
INFO: Manager: list: Listing contexts for virtual host 'localhost'
août 06, 2015 12:36:53 PM org.apache.catalina.core.ApplicationContext log
INFO: Manager: list: Listing contexts for virtual host 'localhost'
août 06, 2015 12:37:09 PM org.apache.catalina.core.ApplicationContext log
INFO: Manager: list: Listing contexts for virtual host 'localhost'
août 06, 2015 12:37:21 PM org.apache.catalina.core.ApplicationContext log
INFO: Manager: list: Listing contexts for virtual host 'localhost'
août 06, 2015 12:37:32 PM org.apache.catalina.core.ApplicationContext log
INFO: Manager: list: Listing contexts for virtual host 'localhost'
août 06, 2015 12:38:04 PM org.apache.catalina.core.ApplicationContext log
INFO: Manager: list: Listing contexts for virtual host 'localhost'
août 06, 2015 12:38:50 PM org.apache.catalina.core.ApplicationContext log
INFO: Manager: list: Listing contexts for virtual host 'localhost'
août 06, 2015 12:39:15 PM org.apache.catalina.core.ApplicationContext log
INFO: Manager: list: Listing contexts for virtual host 'localhost'
août 06, 2015 12:39:20 PM org.apache.catalina.core.ApplicationContext log
INFO: Manager: list: Listing contexts for virtual host 'localhost'
août 06, 2015 12:39:34 PM org.apache.catalina.core.ApplicationContext log
INFO: Manager: list: Listing contexts for virtual host 'localhost'
août 06, 2015 12:40:05 PM org.apache.catalina.core.ApplicationContext log
INFO: Manager: list: Listing contexts for virtual host 'localhost'
août 06, 2015 12:40:19 PM org.apache.catalina.core.ApplicationContext log
INFO: Manager: list: Listing contexts for virtual host 'localhost'
août 06, 2015 12:40:55 PM org.apache.catalina.core.ApplicationContext log
INFO: Manager: list: Listing contexts for virtual host 'localhost'
août 06, 2015 12:46:46 PM org.apache.catalina.core.ApplicationContext log
INFO: Manager: list: Listing contexts for virtual host 'localhost'
août 06, 2015 12:46:55 PM org.apache.catalina.core.ApplicationContext log
INFO: Manager: list: Listing contexts for virtual host 'localhost'
août 06, 2015 12:48:49 PM org.apache.catalina.core.ApplicationContext log
INFO: Manager: list: Listing contexts for virtual host 'localhost'
août 06, 2015 12:49:23 PM org.apache.catalina.core.ApplicationContext log
INFO: Manager: list: Listing contexts for virtual host 'localhost'
août 06, 2015 12:49:59 PM org.apache.catalina.core.ApplicationContext log
INFO: Manager: list: Listing contexts for virtual host 'localhost'
août 06, 2015 12:50:11 PM org.apache.catalina.core.ApplicationContext log
INFO: Manager: list: Listing contexts for virtual host 'localhost'
août 06, 2015 12:50:17 PM org.apache.catalina.core.ApplicationContext log
INFO: Manager: list: Listing contexts for virtual host 'localhost'
août 06, 2015 12:50:38 PM org.apache.catalina.core.ApplicationContext log
INFO: Manager: list: Listing contexts for virtual host 'localhost'
août 06, 2015 12:51:24 PM org.apache.catalina.core.ApplicationContext log
INFO: Manager: list: Listing contexts for virtual host 'localhost'
août 06, 2015 12:51:35 PM org.apache.catalina.core.ApplicationContext log
INFO: Manager: list: Listing contexts for virtual host 'localhost'
août 06, 2015 12:52:09 PM org.apache.catalina.core.ApplicationContext log
INFO: Manager: list: Listing contexts for virtual host 'localhost'
août 06, 2015 12:52:19 PM org.apache.catalina.core.ApplicationContext log
INFO: Manager: list: Listing contexts for virtual host 'localhost'
août 06, 2015 12:53:05 PM org.apache.catalina.core.ApplicationContext log
INFO: Manager: list: Listing contexts for virtual host 'localhost'
août 06, 2015 12:53:16 PM org.apache.catalina.core.ApplicationContext log
INFO: Manager: list: Listing contexts for virtual host 'localhost'
août 06, 2015 12:53:41 PM org.apache.catalina.core.ApplicationContext log
INFO: Manager: list: Listing contexts for virtual host 'localhost'
août 06, 2015 12:53:47 PM org.apache.catalina.core.ApplicationContext log
INFO: Manager: list: Listing contexts for virtual host 'localhost'
août 06, 2015 12:55:49 PM org.apache.catalina.core.ApplicationContext log
INFO: Manager: list: Listing contexts for virtual host 'localhost'
août 06, 2015 12:56:31 PM org.apache.catalina.core.ApplicationContext log
INFO: Manager: list: Listing contexts for virtual host 'localhost'
août 06, 2015 12:57:16 PM org.apache.catalina.core.ApplicationContext log
INFO: Manager: list: Listing contexts for virtual host 'localhost'
août 06, 2015 12:57:27 PM org.apache.catalina.core.ApplicationContext log
INFO: Manager: list: Listing contexts for virtual host 'localhost'
août 06, 2015 12:58:48 PM org.apache.catalina.core.ApplicationContext log
INFO: Manager: list: Listing contexts for virtual host 'localhost'
août 06, 2015 12:59:47 PM org.apache.catalina.core.ApplicationContext log
INFO: Manager: list: Listing contexts for virtual host 'localhost'
août 06, 2015 12:59:53 PM org.apache.catalina.core.ApplicationContext log
INFO: Manager: list: Listing contexts for virtual host 'localhost'
août 06, 2015 1:00:43 PM org.apache.catalina.core.ApplicationContext log
INFO: Manager: list: Listing contexts for virtual host 'localhost'
août 06, 2015 1:01:06 PM org.apache.catalina.core.ApplicationContext log
INFO: Manager: list: Listing contexts for virtual host 'localhost'
août 06, 2015 1:03:13 PM org.apache.catalina.core.ApplicationContext log
INFO: Manager: list: Listing contexts for virtual host 'localhost'
août 06, 2015 1:04:16 PM org.apache.catalina.core.ApplicationContext log
INFO: Manager: list: Listing contexts for virtual host 'localhost'
août 06, 2015 1:05:03 PM org.apache.catalina.core.ApplicationContext log
INFO: Manager: list: Listing contexts for virtual host 'localhost'
août 06, 2015 1:06:28 PM org.apache.catalina.core.ApplicationContext log
INFO: Manager: list: Listing contexts for virtual host 'localhost'
août 06, 2015 1:06:58 PM org.apache.catalina.core.ApplicationContext log
INFO: Manager: list: Listing contexts for virtual host 'localhost'
août 06, 2015 1:08:56 PM org.apache.catalina.core.ApplicationContext log
INFO: Manager: list: Listing contexts for virtual host 'localhost'
août 06, 2015 1:09:02 PM org.apache.catalina.core.ApplicationContext log
INFO: Manager: list: Listing contexts for virtual host 'localhost'
août 06, 2015 1:09:30 PM org.apache.catalina.core.ApplicationContext log
INFO: Manager: list: Listing contexts for virtual host 'localhost'
août 06, 2015 1:10:13 PM org.apache.catalina.core.ApplicationContext log
INFO: Manager: list: Listing contexts for virtual host 'localhost'
août 06, 2015 1:10:47 PM org.apache.catalina.core.ApplicationContext log
INFO: Manager: list: Listing contexts for virtual host 'localhost'
août 06, 2015 1:11:16 PM org.apache.catalina.core.ApplicationContext log
INFO: Manager: list: Listing contexts for virtual host 'localhost'
août 06, 2015 1:11:26 PM org.apache.catalina.core.ApplicationContext log
INFO: Manager: list: Listing contexts for virtual host 'localhost'
août 06, 2015 1:12:07 PM org.apache.catalina.core.ApplicationContext log
INFO: Manager: list: Listing contexts for virtual host 'localhost'
août 06, 2015 1:12:35 PM org.apache.catalina.core.ApplicationContext log
INFO: Manager: list: Listing contexts for virtual host 'localhost'
août 06, 2015 1:12:54 PM org.apache.catalina.core.ApplicationContext log
INFO: Manager: list: Listing contexts for virtual host 'localhost'
août 06, 2015 1:12:56 PM org.apache.catalina.core.ApplicationContext log
INFO: Manager: list: Listing contexts for virtual host 'localhost'
août 06, 2015 1:14:31 PM org.apache.catalina.core.ApplicationContext log
INFO: Manager: list: Listing contexts for virtual host 'localhost'
août 06, 2015 1:14:43 PM org.apache.catalina.core.ApplicationContext log
INFO: Manager: list: Listing contexts for virtual host 'localhost'
août 06, 2015 1:14:54 PM org.apache.catalina.core.ApplicationContext log
INFO: Manager: list: Listing contexts for virtual host 'localhost'
août 06, 2015 1:16:01 PM org.apache.catalina.core.ApplicationContext log
INFO: Manager: list: Listing contexts for virtual host 'localhost'
août 06, 2015 1:16:12 PM org.apache.catalina.core.ApplicationContext log
INFO: Manager: list: Listing contexts for virtual host 'localhost'
août 06, 2015 1:16:32 PM org.apache.catalina.core.ApplicationContext log
INFO: Manager: list: Listing contexts for virtual host 'localhost'
août 06, 2015 1:16:51 PM org.apache.catalina.core.ApplicationContext log
INFO: Manager: list: Listing contexts for virtual host 'localhost'
août 06, 2015 1:16:59 PM org.apache.catalina.core.ApplicationContext log
INFO: Manager: list: Listing contexts for virtual host 'localhost'
août 06, 2015 1:17:29 PM org.apache.catalina.core.ApplicationContext log
INFO: Manager: list: Listing contexts for virtual host 'localhost'
août 06, 2015 1:18:34 PM org.apache.catalina.core.ApplicationContext log
INFO: Manager: list: Listing contexts for virtual host 'localhost'
août 06, 2015 1:18:50 PM org.apache.catalina.core.ApplicationContext log
INFO: Manager: list: Listing contexts for virtual host 'localhost'
août 06, 2015 1:21:11 PM org.apache.catalina.core.ApplicationContext log
INFO: Manager: list: Listing contexts for virtual host 'localhost'
août 06, 2015 1:22:09 PM org.apache.catalina.core.ApplicationContext log
INFO: Manager: list: Listing contexts for virtual host 'localhost'
août 06, 2015 1:22:34 PM org.apache.catalina.core.ApplicationContext log
INFO: Manager: list: Listing contexts for virtual host 'localhost'
août 06, 2015 1:22:37 PM org.apache.catalina.core.ApplicationContext log
INFO: Manager: list: Listing contexts for virtual host 'localhost'
août 06, 2015 1:23:43 PM org.apache.catalina.core.ApplicationContext log
INFO: Manager: list: Listing contexts for virtual host 'localhost'
août 06, 2015 1:23:44 PM org.apache.catalina.core.ApplicationContext log
INFO: Manager: list: Listing contexts for virtual host 'localhost'
août 06, 2015 1:26:44 PM org.apache.catalina.core.ApplicationContext log
INFO: Manager: list: Listing contexts for virtual host 'localhost'
août 06, 2015 1:27:01 PM org.apache.catalina.core.ApplicationContext log
INFO: Manager: list: Listing contexts for virtual host 'localhost'
août 06, 2015 1:27:17 PM org.apache.catalina.core.ApplicationContext log
INFO: Manager: list: Listing contexts for virtual host 'localhost'
août 06, 2015 1:27:24 PM org.apache.catalina.core.ApplicationContext log
INFO: Manager: list: Listing contexts for virtual host 'localhost'
août 06, 2015 1:28:29 PM org.apache.catalina.core.ApplicationContext log
INFO: Manager: list: Listing contexts for virtual host 'localhost'
août 06, 2015 1:29:06 PM org.apache.catalina.core.ApplicationContext log
INFO: Manager: list: Listing contexts for virtual host 'localhost'
août 06, 2015 1:29:13 PM org.apache.catalina.core.ApplicationContext log
INFO: Manager: list: Listing contexts for virtual host 'localhost'
août 06, 2015 1:30:13 PM org.apache.catalina.core.ApplicationContext log
INFO: Manager: list: Listing contexts for virtual host 'localhost'
août 06, 2015 1:30:25 PM org.apache.catalina.core.ApplicationContext log
INFO: Manager: list: Listing contexts for virtual host 'localhost'
août 06, 2015 1:30:51 PM org.apache.catalina.core.ApplicationContext log
INFO: Manager: list: Listing contexts for virtual host 'localhost'
août 06, 2015 1:31:42 PM org.apache.catalina.core.ApplicationContext log
INFO: Manager: list: Listing contexts for virtual host 'localhost'
août 06, 2015 1:32:33 PM org.apache.catalina.core.ApplicationContext log
INFO: Manager: list: Listing contexts for virtual host 'localhost'
août 06, 2015 1:33:23 PM org.apache.catalina.core.ApplicationContext log
INFO: Manager: list: Listing contexts for virtual host 'localhost'
août 06, 2015 1:33:56 PM org.apache.catalina.core.ApplicationContext log
INFO: Manager: list: Listing contexts for virtual host 'localhost'
août 06, 2015 1:34:05 PM org.apache.catalina.core.ApplicationContext log
INFO: Manager: list: Listing contexts for virtual host 'localhost'
août 06, 2015 1:34:13 PM org.apache.catalina.core.ApplicationContext log
INFO: Manager: list: Listing contexts for virtual host 'localhost'
août 06, 2015 1:34:45 PM org.apache.catalina.core.ApplicationContext log
INFO: Manager: list: Listing contexts for virtual host 'localhost'
août 06, 2015 1:35:12 PM org.apache.catalina.core.ApplicationContext log
INFO: Manager: list: Listing contexts for virtual host 'localhost'
août 06, 2015 1:35:38 PM org.apache.catalina.core.ApplicationContext log
INFO: Manager: list: Listing contexts for virtual host 'localhost'
août 06, 2015 1:36:29 PM org.apache.catalina.core.ApplicationContext log
INFO: Manager: list: Listing contexts for virtual host 'localhost'
août 06, 2015 2:23:04 PM org.apache.catalina.core.ApplicationContext log
INFO: Manager: list: Listing contexts for virtual host 'localhost'
août 06, 2015 2:23:44 PM org.apache.catalina.core.ApplicationContext log
INFO: Manager: list: Listing contexts for virtual host 'localhost'
août 06, 2015 2:24:19 PM org.apache.catalina.core.ApplicationContext log
INFO: Manager: list: Listing contexts for virtual host 'localhost'
août 06, 2015 2:25:43 PM org.apache.catalina.core.ApplicationContext log
INFO: Manager: list: Listing contexts for virtual host 'localhost'
août 06, 2015 2:25:52 PM org.apache.catalina.core.ApplicationContext log
INFO: Manager: list: Listing contexts for virtual host 'localhost'
août 06, 2015 2:26:09 PM org.apache.catalina.core.ApplicationContext log
INFO: Manager: list: Listing contexts for virtual host 'localhost'
août 06, 2015 2:26:27 PM org.apache.catalina.core.ApplicationContext log
INFO: Manager: list: Listing contexts for virtual host 'localhost'
août 06, 2015 2:26:42 PM org.apache.catalina.core.ApplicationContext log
INFO: Manager: list: Listing contexts for virtual host 'localhost'
août 06, 2015 2:27:24 PM org.apache.catalina.core.ApplicationContext log
INFO: Manager: list: Listing contexts for virtual host 'localhost'
août 06, 2015 2:27:54 PM org.apache.catalina.core.ApplicationContext log
INFO: Manager: list: Listing contexts for virtual host 'localhost'
août 06, 2015 2:28:45 PM org.apache.catalina.core.ApplicationContext log
INFO: Manager: list: Listing contexts for virtual host 'localhost'
août 06, 2015 2:29:38 PM org.apache.catalina.core.ApplicationContext log
INFO: Manager: list: Listing contexts for virtual host 'localhost'
août 06, 2015 2:29:43 PM org.apache.catalina.core.ApplicationContext log
INFO: Manager: list: Listing contexts for virtual host 'localhost'
août 06, 2015 2:30:24 PM org.apache.catalina.core.ApplicationContext log
INFO: Manager: list: Listing contexts for virtual host 'localhost'
août 06, 2015 2:31:06 PM org.apache.catalina.core.ApplicationContext log
INFO: Manager: list: Listing contexts for virtual host 'localhost'
août 06, 2015 2:31:16 PM org.apache.catalina.core.ApplicationContext log
INFO: Manager: list: Listing contexts for virtual host 'localhost'
août 06, 2015 2:31:23 PM org.apache.catalina.core.ApplicationContext log
INFO: Manager: list: Listing contexts for virtual host 'localhost'
août 06, 2015 2:32:08 PM org.apache.catalina.core.ApplicationContext log
INFO: Manager: list: Listing contexts for virtual host 'localhost'
août 06, 2015 2:32:24 PM org.apache.catalina.core.ApplicationContext log
INFO: Manager: list: Listing contexts for virtual host 'localhost'
août 06, 2015 2:33:02 PM org.apache.catalina.core.ApplicationContext log
INFO: Manager: list: Listing contexts for virtual host 'localhost'
août 06, 2015 2:33:28 PM org.apache.catalina.core.ApplicationContext log
INFO: Manager: list: Listing contexts for virtual host 'localhost'
août 06, 2015 2:33:36 PM org.apache.catalina.core.ApplicationContext log
INFO: Manager: list: Listing contexts for virtual host 'localhost'
août 06, 2015 2:34:38 PM org.apache.catalina.core.ApplicationContext log
INFO: Manager: list: Listing contexts for virtual host 'localhost'
août 06, 2015 2:35:43 PM org.apache.catalina.core.ApplicationContext log
INFO: Manager: list: Listing contexts for virtual host 'localhost'
août 06, 2015 2:36:07 PM org.apache.catalina.core.ApplicationContext log
INFO: Manager: list: Listing contexts for virtual host 'localhost'
août 06, 2015 2:36:34 PM org.apache.catalina.core.ApplicationContext log
INFO: Manager: list: Listing contexts for virtual host 'localhost'
août 06, 2015 2:36:54 PM org.apache.catalina.core.ApplicationContext log
INFO: Manager: list: Listing contexts for virtual host 'localhost'
août 06, 2015 2:37:38 PM org.apache.catalina.core.ApplicationContext log
INFO: Manager: list: Listing contexts for virtual host 'localhost'
août 06, 2015 2:38:01 PM org.apache.catalina.core.ApplicationContext log
INFO: Manager: list: Listing contexts for virtual host 'localhost'
août 06, 2015 2:38:45 PM org.apache.catalina.core.ApplicationContext log
INFO: Manager: list: Listing contexts for virtual host 'localhost'
août 06, 2015 2:38:52 PM org.apache.catalina.core.ApplicationContext log
INFO: Manager: list: Listing contexts for virtual host 'localhost'
août 06, 2015 2:39:10 PM org.apache.catalina.core.ApplicationContext log
INFO: Manager: list: Listing contexts for virtual host 'localhost'
août 06, 2015 2:40:04 PM org.apache.catalina.core.ApplicationContext log
INFO: Manager: list: Listing contexts for virtual host 'localhost'
août 06, 2015 2:40:23 PM org.apache.catalina.core.ApplicationContext log
INFO: Manager: list: Listing contexts for virtual host 'localhost'
août 06, 2015 2:41:19 PM org.apache.catalina.core.ApplicationContext log
INFO: Manager: list: Listing contexts for virtual host 'localhost'
août 06, 2015 2:41:57 PM org.apache.catalina.core.ApplicationContext log
INFO: Manager: list: Listing contexts for virtual host 'localhost'
août 06, 2015 2:42:00 PM org.apache.catalina.core.ApplicationContext log
INFO: Manager: list: Listing contexts for virtual host 'localhost'
août 06, 2015 2:42:32 PM org.apache.catalina.core.ApplicationContext log
INFO: Manager: list: Listing contexts for virtual host 'localhost'
août 06, 2015 2:42:47 PM org.apache.catalina.core.ApplicationContext log
INFO: Manager: list: Listing contexts for virtual host 'localhost'
août 06, 2015 2:43:08 PM org.apache.catalina.core.ApplicationContext log
INFO: Manager: list: Listing contexts for virtual host 'localhost'
août 06, 2015 2:43:14 PM org.apache.catalina.core.ApplicationContext log
INFO: Manager: list: Listing contexts for virtual host 'localhost'
août 06, 2015 2:44:33 PM org.apache.catalina.core.ApplicationContext log
INFO: Manager: list: Listing contexts for virtual host 'localhost'
août 06, 2015 2:44:37 PM org.apache.catalina.core.ApplicationContext log
INFO: Manager: list: Listing contexts for virtual host 'localhost'
août 06, 2015 2:45:06 PM org.apache.catalina.core.ApplicationContext log
INFO: Manager: list: Listing contexts for virtual host 'localhost'
août 06, 2015 2:45:24 PM org.apache.catalina.core.ApplicationContext log
INFO: Manager: list: Listing contexts for virtual host 'localhost'
août 06, 2015 2:46:17 PM org.apache.catalina.core.ApplicationContext log
INFO: Manager: list: Listing contexts for virtual host 'localhost'
août 06, 2015 2:46:32 PM org.apache.catalina.core.ApplicationContext log
INFO: Manager: list: Listing contexts for virtual host 'localhost'
août 06, 2015 2:47:10 PM org.apache.catalina.core.ApplicationContext log
INFO: Manager: list: Listing contexts for virtual host 'localhost'
août 06, 2015 2:47:27 PM org.apache.catalina.core.ApplicationContext log
INFO: Manager: list: Listing contexts for virtual host 'localhost'
août 06, 2015 2:47:48 PM org.apache.catalina.core.ApplicationContext log
INFO: Manager: list: Listing contexts for virtual host 'localhost'
août 06, 2015 2:48:57 PM org.apache.catalina.core.ApplicationContext log
INFO: Manager: list: Listing contexts for virtual host 'localhost'
août 06, 2015 2:49:51 PM org.apache.catalina.core.ApplicationContext log
INFO: Manager: list: Listing contexts for virtual host 'localhost'
août 06, 2015 2:49:58 PM org.apache.catalina.core.ApplicationContext log
INFO: Manager: list: Listing contexts for virtual host 'localhost'
août 06, 2015 2:50:09 PM org.apache.catalina.core.ApplicationContext log
INFO: Manager: list: Listing contexts for virtual host 'localhost'
août 06, 2015 2:50:59 PM org.apache.catalina.core.ApplicationContext log
INFO: Manager: list: Listing contexts for virtual host 'localhost'
août 06, 2015 2:51:16 PM org.apache.catalina.core.ApplicationContext log
INFO: Manager: list: Listing contexts for virtual host 'localhost'
août 06, 2015 2:52:03 PM org.apache.catalina.core.ApplicationContext log
INFO: Manager: list: Listing contexts for virtual host 'localhost'
août 06, 2015 2:52:59 PM org.apache.catalina.core.ApplicationContext log
INFO: Manager: list: Listing contexts for virtual host 'localhost'
août 06, 2015 2:53:38 PM org.apache.catalina.core.ApplicationContext log
INFO: Manager: list: Listing contexts for virtual host 'localhost'
août 06, 2015 2:54:14 PM org.apache.catalina.core.ApplicationContext log
INFO: Manager: list: Listing contexts for virtual host 'localhost'
août 06, 2015 2:54:34 PM org.apache.catalina.core.ApplicationContext log
INFO: Manager: list: Listing contexts for virtual host 'localhost'
août 06, 2015 2:55:21 PM org.apache.catalina.core.ApplicationContext log
INFO: Manager: list: Listing contexts for virtual host 'localhost'
août 06, 2015 2:57:58 PM org.apache.catalina.core.ApplicationContext log
INFO: Manager: list: Listing contexts for virtual host 'localhost'
août 06, 2015 2:58:02 PM org.apache.catalina.core.ApplicationContext log
INFO: Manager: list: Listing contexts for virtual host 'localhost'
août 06, 2015 2:58:17 PM org.apache.catalina.core.ApplicationContext log
INFO: Manager: list: Listing contexts for virtual host 'localhost'
août 06, 2015 2:58:22 PM org.apache.catalina.core.ApplicationContext log
INFO: Manager: list: Listing contexts for virtual host 'localhost'
août 06, 2015 2:59:11 PM org.apache.catalina.core.ApplicationContext log
INFO: Manager: list: Listing contexts for virtual host 'localhost'
août 06, 2015 2:59:29 PM org.apache.catalina.core.ApplicationContext log
INFO: Manager: list: Listing contexts for virtual host 'localhost'
août 06, 2015 2:59:42 PM org.apache.catalina.core.ApplicationContext log
INFO: Manager: list: Listing contexts for virtual host 'localhost'
août 06, 2015 2:59:45 PM org.apache.catalina.core.ApplicationContext log
INFO: Manager: list: Listing contexts for virtual host 'localhost'
août 06, 2015 2:59:47 PM org.apache.catalina.core.ApplicationContext log
INFO: Manager: list: Listing contexts for virtual host 'localhost'
août 06, 2015 3:00:48 PM org.apache.catalina.core.ApplicationContext log
INFO: Manager: list: Listing contexts for virtual host 'localhost'
août 06, 2015 3:00:58 PM org.apache.catalina.core.ApplicationContext log
INFO: Manager: list: Listing contexts for virtual host 'localhost'
août 06, 2015 3:01:47 PM org.apache.catalina.core.ApplicationContext log
INFO: Manager: list: Listing contexts for virtual host 'localhost'
août 06, 2015 3:02:04 PM org.apache.catalina.core.ApplicationContext log
INFO: Manager: list: Listing contexts for virtual host 'localhost'
août 06, 2015 3:02:33 PM org.apache.catalina.core.ApplicationContext log
INFO: Manager: list: Listing contexts for virtual host 'localhost'
août 06, 2015 3:03:32 PM org.apache.catalina.core.ApplicationContext log
INFO: Manager: list: Listing contexts for virtual host 'localhost'
août 06, 2015 3:03:35 PM org.apache.catalina.core.ApplicationContext log
INFO: Manager: list: Listing contexts for virtual host 'localhost'
août 06, 2015 3:04:35 PM org.apache.catalina.core.ApplicationContext log
INFO: Manager: list: Listing contexts for virtual host 'localhost'
août 06, 2015 3:05:21 PM org.apache.catalina.core.ApplicationContext log
INFO: Manager: list: Listing contexts for virtual host 'localhost'
août 06, 2015 3:05:53 PM org.apache.catalina.core.ApplicationContext log
INFO: Manager: list: Listing contexts for virtual host 'localhost'
août 06, 2015 3:05:56 PM org.apache.catalina.core.ApplicationContext log
INFO: Manager: list: Listing contexts for virtual host 'localhost'
août 06, 2015 3:06:24 PM org.apache.catalina.core.ApplicationContext log
INFO: Manager: list: Listing contexts for virtual host 'localhost'
août 06, 2015 5:16:27 PM org.apache.catalina.core.ApplicationContext log
INFO: Manager: list: Listing contexts for virtual host 'localhost'
août 06, 2015 5:16:27 PM org.apache.catalina.core.ApplicationContext log
INFO: Manager: undeploy: Undeploying web application at '/CrudApp'
août 06, 2015 5:43:38 PM org.apache.catalina.core.ApplicationContext log
INFO: Manager: list: Listing contexts for virtual host 'localhost'
août 06, 2015 5:43:38 PM org.apache.catalina.core.ApplicationContext log
INFO: Manager: list: Listing contexts for virtual host 'localhost'
août 06, 2015 5:43:38 PM org.apache.catalina.core.ApplicationContext log
INFO: Manager: install: Installing context configuration at 'file:/C:/Users/cdhouibi/AppData/Local/Temp/context5224400814879702053.xml'
août 06, 2015 5:43:38 PM org.apache.catalina.core.ApplicationContext log
INFO: Manager: start: Starting web application '/CrudApp'
août 06, 2015 5:54:00 PM org.apache.catalina.core.ApplicationContext log
INFO: Manager: list: Listing contexts for virtual host 'localhost'
août 06, 2015 5:54:00 PM org.apache.catalina.core.ApplicationContext log
INFO: Manager: restart: Reloading web application '/CrudApp'
août 06, 2015 5:54:17 PM org.apache.catalina.core.ApplicationContext log
INFO: Manager: list: Listing contexts for virtual host 'localhost'
août 06, 2015 5:54:17 PM org.apache.catalina.core.ApplicationContext log
INFO: Manager: restart: Reloading web application '/CrudApp'
août 06, 2015 5:54:40 PM org.apache.catalina.core.ApplicationContext log
INFO: Manager: list: Listing contexts for virtual host 'localhost'
août 06, 2015 5:54:40 PM org.apache.catalina.core.ApplicationContext log
INFO: Manager: restart: Reloading web application '/CrudApp'
août 06, 2015 5:54:44 PM org.apache.catalina.core.ApplicationContext log
INFO: Manager: list: Listing contexts for virtual host 'localhost'
août 06, 2015 5:54:44 PM org.apache.catalina.core.ApplicationContext log
INFO: Manager: restart: Reloading web application '/CrudApp'
août 06, 2015 5:54:51 PM org.apache.catalina.core.ApplicationContext log
INFO: Manager: list: Listing contexts for virtual host 'localhost'
août 06, 2015 5:54:51 PM org.apache.catalina.core.ApplicationContext log
INFO: Manager: restart: Reloading web application '/CrudApp'
août 06, 2015 5:55:26 PM org.apache.catalina.core.ApplicationContext log
INFO: Manager: list: Listing contexts for virtual host 'localhost'
août 06, 2015 5:55:26 PM org.apache.catalina.core.ApplicationContext log
INFO: Manager: restart: Reloading web application '/CrudApp'
août 06, 2015 5:55:49 PM org.apache.catalina.core.ApplicationContext log
INFO: Manager: list: Listing contexts for virtual host 'localhost'
août 06, 2015 5:55:49 PM org.apache.catalina.core.ApplicationContext log
INFO: Manager: restart: Reloading web application '/CrudApp'
août 06, 2015 5:57:50 PM org.apache.catalina.core.ApplicationContext log
INFO: Manager: list: Listing contexts for virtual host 'localhost'
août 06, 2015 5:57:50 PM org.apache.catalina.core.ApplicationContext log
INFO: Manager: restart: Reloading web application '/CrudApp'
août 06, 2015 5:57:56 PM org.apache.catalina.core.ApplicationContext log
INFO: Manager: list: Listing contexts for virtual host 'localhost'
août 06, 2015 5:57:56 PM org.apache.catalina.core.ApplicationContext log
INFO: Manager: restart: Reloading web application '/CrudApp'
août 06, 2015 5:58:22 PM org.apache.catalina.core.ApplicationContext log
INFO: Manager: list: Listing contexts for virtual host 'localhost'
août 06, 2015 5:58:22 PM org.apache.catalina.core.ApplicationContext log
INFO: Manager: restart: Reloading web application '/CrudApp'
août 06, 2015 5:58:47 PM org.apache.catalina.core.ApplicationContext log
INFO: Manager: list: Listing contexts for virtual host 'localhost'
août 06, 2015 5:58:47 PM org.apache.catalina.core.ApplicationContext log
INFO: Manager: restart: Reloading web application '/CrudApp'
août 06, 2015 5:59:33 PM org.apache.catalina.core.ApplicationContext log
INFO: Manager: list: Listing contexts for virtual host 'localhost'
août 06, 2015 5:59:33 PM org.apache.catalina.core.ApplicationContext log
INFO: Manager: restart: Reloading web application '/CrudApp'
août 06, 2015 6:01:08 PM org.apache.catalina.core.ApplicationContext log
INFO: Manager: list: Listing contexts for virtual host 'localhost'
août 06, 2015 6:01:08 PM org.apache.catalina.core.ApplicationContext log
INFO: Manager: restart: Reloading web application '/CrudApp'
août 06, 2015 6:02:39 PM org.apache.catalina.core.ApplicationContext log
INFO: Manager: list: Listing contexts for virtual host 'localhost'
août 06, 2015 6:02:39 PM org.apache.catalina.core.ApplicationContext log
INFO: Manager: restart: Reloading web application '/CrudApp'
août 06, 2015 6:03:34 PM org.apache.catalina.core.ApplicationContext log
INFO: Manager: list: Listing contexts for virtual host 'localhost'
août 06, 2015 6:03:34 PM org.apache.catalina.core.ApplicationContext log
INFO: Manager: restart: Reloading web application '/CrudApp'
août 06, 2015 6:04:11 PM org.apache.catalina.core.ApplicationContext log
INFO: Manager: list: Listing contexts for virtual host 'localhost'
août 06, 2015 6:04:11 PM org.apache.catalina.core.ApplicationContext log
INFO: Manager: restart: Reloading web application '/CrudApp'
août 06, 2015 6:04:23 PM org.apache.catalina.core.ApplicationContext log
INFO: Manager: list: Listing contexts for virtual host 'localhost'
août 06, 2015 6:04:23 PM org.apache.catalina.core.ApplicationContext log
INFO: Manager: restart: Reloading web application '/CrudApp'
août 06, 2015 6:04:37 PM org.apache.catalina.core.ApplicationContext log
INFO: Manager: list: Listing contexts for virtual host 'localhost'
août 06, 2015 6:04:37 PM org.apache.catalina.core.ApplicationContext log
INFO: Manager: restart: Reloading web application '/CrudApp'
août 06, 2015 6:05:17 PM org.apache.catalina.core.ApplicationContext log
INFO: Manager: list: Listing contexts for virtual host 'localhost'
août 06, 2015 6:05:17 PM org.apache.catalina.core.ApplicationContext log
INFO: Manager: restart: Reloading web application '/CrudApp'
août 06, 2015 6:06:09 PM org.apache.catalina.core.ApplicationContext log
INFO: Manager: list: Listing contexts for virtual host 'localhost'
août 06, 2015 6:06:09 PM org.apache.catalina.core.ApplicationContext log
INFO: Manager: restart: Reloading web application '/CrudApp'
août 06, 2015 6:06:32 PM org.apache.catalina.core.ApplicationContext log
INFO: Manager: list: Listing contexts for virtual host 'localhost'
août 06, 2015 6:06:32 PM org.apache.catalina.core.ApplicationContext log
INFO: Manager: restart: Reloading web application '/CrudApp'
août 06, 2015 6:06:38 PM org.apache.catalina.core.ApplicationContext log
INFO: Manager: list: Listing contexts for virtual host 'localhost'
août 06, 2015 6:06:38 PM org.apache.catalina.core.ApplicationContext log
INFO: Manager: restart: Reloading web application '/CrudApp'
août 06, 2015 6:06:49 PM org.apache.catalina.core.ApplicationContext log
INFO: Manager: list: Listing contexts for virtual host 'localhost'
août 06, 2015 6:06:49 PM org.apache.catalina.core.ApplicationContext log
INFO: Manager: restart: Reloading web application '/CrudApp'
août 06, 2015 6:07:26 PM org.apache.catalina.core.ApplicationContext log
INFO: Manager: list: Listing contexts for virtual host 'localhost'
août 06, 2015 6:07:26 PM org.apache.catalina.core.ApplicationContext log
INFO: Manager: restart: Reloading web application '/CrudApp'
août 06, 2015 6:08:03 PM org.apache.catalina.core.ApplicationContext log
INFO: Manager: list: Listing contexts for virtual host 'localhost'
août 06, 2015 6:08:03 PM org.apache.catalina.core.ApplicationContext log
INFO: Manager: restart: Reloading web application '/CrudApp'
août 06, 2015 6:08:09 PM org.apache.catalina.core.ApplicationContext log
INFO: Manager: list: Listing contexts for virtual host 'localhost'
août 06, 2015 6:08:09 PM org.apache.catalina.core.ApplicationContext log
INFO: Manager: restart: Reloading web application '/CrudApp'
août 06, 2015 6:08:26 PM org.apache.catalina.core.ApplicationContext log
INFO: Manager: list: Listing contexts for virtual host 'localhost'
août 06, 2015 6:08:26 PM org.apache.catalina.core.ApplicationContext log
INFO: Manager: restart: Reloading web application '/CrudApp'
août 06, 2015 6:08:37 PM org.apache.catalina.core.ApplicationContext log
INFO: Manager: list: Listing contexts for virtual host 'localhost'
août 06, 2015 6:08:37 PM org.apache.catalina.core.ApplicationContext log
INFO: Manager: restart: Reloading web application '/CrudApp'
août 06, 2015 6:09:30 PM org.apache.catalina.core.ApplicationContext log
INFO: Manager: list: Listing contexts for virtual host 'localhost'
août 06, 2015 6:09:30 PM org.apache.catalina.core.ApplicationContext log
INFO: Manager: restart: Reloading web application '/NunitToDbRESTful'
août 06, 2015 6:09:32 PM org.apache.catalina.core.ApplicationContext log
INFO: Manager: list: Listing contexts for virtual host 'localhost'
août 06, 2015 6:09:32 PM org.apache.catalina.core.ApplicationContext log
INFO: Manager: restart: Reloading web application '/NunitToDbRESTful'
août 06, 2015 6:09:36 PM org.apache.catalina.core.ApplicationContext log
INFO: Manager: list: Listing contexts for virtual host 'localhost'
août 06, 2015 6:09:36 PM org.apache.catalina.core.ApplicationContext log
INFO: Manager: restart: Reloading web application '/NunitToDbRESTful'
août 06, 2015 6:10:33 PM org.apache.catalina.core.ApplicationContext log
INFO: Manager: list: Listing contexts for virtual host 'localhost'
août 06, 2015 6:10:33 PM org.apache.catalina.core.ApplicationContext log
INFO: Manager: restart: Reloading web application '/NunitToDbRESTful'
août 06, 2015 6:10:36 PM org.apache.catalina.core.ApplicationContext log
INFO: Manager: list: Listing contexts for virtual host 'localhost'
août 06, 2015 6:10:36 PM org.apache.catalina.core.ApplicationContext log
INFO: Manager: restart: Reloading web application '/NunitToDbRESTful'
août 06, 2015 6:11:25 PM org.apache.catalina.core.ApplicationContext log
INFO: Manager: list: Listing contexts for virtual host 'localhost'
août 06, 2015 6:11:25 PM org.apache.catalina.core.ApplicationContext log
INFO: Manager: restart: Reloading web application '/NunitToDbRESTful'
août 06, 2015 6:11:28 PM org.apache.catalina.core.ApplicationContext log
INFO: Manager: list: Listing contexts for virtual host 'localhost'
août 06, 2015 6:11:28 PM org.apache.catalina.core.ApplicationContext log
INFO: Manager: restart: Reloading web application '/NunitToDbRESTful'
août 06, 2015 6:11:30 PM org.apache.catalina.core.ApplicationContext log
INFO: Manager: list: Listing contexts for virtual host 'localhost'
août 06, 2015 6:11:34 PM org.apache.catalina.core.ApplicationContext log
INFO: Manager: list: Listing contexts for virtual host 'localhost'
août 06, 2015 6:11:34 PM org.apache.catalina.core.ApplicationContext log
INFO: Manager: restart: Reloading web application '/NunitToDbRESTful'
août 06, 2015 6:11:36 PM org.apache.catalina.core.ApplicationContext log
INFO: Manager: list: Listing contexts for virtual host 'localhost'
août 06, 2015 6:11:36 PM org.apache.catalina.core.ApplicationContext log
INFO: Manager: restart: Reloading web application '/NunitToDbRESTful'
août 06, 2015 6:12:45 PM org.apache.catalina.core.ApplicationContext log
INFO: Manager: list: Listing contexts for virtual host 'localhost'
août 06, 2015 6:12:45 PM org.apache.catalina.core.ApplicationContext log
INFO: Manager: restart: Reloading web application '/NunitToDbRESTful'
août 06, 2015 6:12:54 PM org.apache.catalina.core.ApplicationContext log
INFO: Manager: list: Listing contexts for virtual host 'localhost'
août 06, 2015 6:12:54 PM org.apache.catalina.core.ApplicationContext log
INFO: Manager: restart: Reloading web application '/NunitToDbRESTful'
août 06, 2015 6:12:59 PM org.apache.catalina.core.ApplicationContext log
INFO: Manager: list: Listing contexts for virtual host 'localhost'
août 06, 2015 6:12:59 PM org.apache.catalina.core.ApplicationContext log
INFO: Manager: restart: Reloading web application '/NunitToDbRESTful'
août 06, 2015 6:13:01 PM org.apache.catalina.core.ApplicationContext log
INFO: Manager: list: Listing contexts for virtual host 'localhost'
août 06, 2015 6:13:01 PM org.apache.catalina.core.ApplicationContext log
INFO: Manager: restart: Reloading web application '/NunitToDbRESTful'
août 06, 2015 6:15:27 PM org.apache.catalina.core.ApplicationContext log
INFO: Manager: list: Listing contexts for virtual host 'localhost'
août 06, 2015 6:15:27 PM org.apache.catalina.core.ApplicationContext log
INFO: Manager: restart: Reloading web application '/NunitToDbRESTful'
août 06, 2015 6:15:33 PM org.apache.catalina.core.ApplicationContext log
INFO: Manager: list: Listing contexts for virtual host 'localhost'
août 06, 2015 6:15:33 PM org.apache.catalina.core.ApplicationContext log
INFO: Manager: restart: Reloading web application '/NunitToDbRESTful'
août 06, 2015 6:15:46 PM org.apache.catalina.core.ApplicationContext log
INFO: Manager: list: Listing contexts for virtual host 'localhost'
août 06, 2015 6:15:46 PM org.apache.catalina.core.ApplicationContext log
INFO: Manager: restart: Reloading web application '/NunitToDbRESTful'
août 06, 2015 6:16:51 PM org.apache.catalina.core.ApplicationContext log
INFO: Manager: list: Listing contexts for virtual host 'localhost'
août 06, 2015 6:16:51 PM org.apache.catalina.core.ApplicationContext log
INFO: Manager: undeploy: Undeploying web application at '/NunitToDbRESTful'
août 06, 2015 6:18:19 PM org.apache.catalina.core.ApplicationContext log
INFO: HTMLManager: init: Associated with Deployer 'Catalina:type=Deployer,host=localhost'
août 06, 2015 6:18:19 PM org.apache.catalina.core.ApplicationContext log
INFO: HTMLManager: init: Global resources are available
août 06, 2015 6:18:19 PM org.apache.catalina.core.ApplicationContext log
INFO: HTMLManager: list: Listing contexts for virtual host 'localhost'
